[0.006s] Invoking command in '/home/ubuntu/turtlebot3_ws/src/ros_tutorials_topic/build/ros_tutorials_topic': CMAKE_PREFIX_PATH=${CMAKE_PREFIX_PATH}:/home/ubuntu/turtlebot3_ws/install/turtlebot3_teleop:/home/ubuntu/turtlebot3_ws/install/turtlebot3_example:/opt/ros/humble /usr/bin/cmake /home/ubuntu/turtlebot3_ws/src/ros_tutorials_topic -DCMAKE_INSTALL_PREFIX=/home/ubuntu/turtlebot3_ws/src/ros_tutorials_topic/install/ros_tutorials_topic
[0.038s] -- The C compiler identification is GNU 11.4.0
[0.070s] -- The CXX compiler identification is GNU 11.4.0
[0.074s] -- Detecting C compiler ABI info
[0.114s] -- Detecting C compiler ABI info - done
[0.117s] -- Check for working C compiler: /usr/bin/cc - skipped
[0.117s] -- Detecting C compile features
[0.117s] -- Detecting C compile features - done
[0.118s] -- Detecting CXX compiler ABI info
[0.167s] -- Detecting CXX compiler ABI info - done
[0.171s] -- Check for working CXX compiler: /usr/bin/c++ - skipped
[0.171s] -- Detecting CXX compile features
[0.172s] -- Detecting CXX compile features - done
[0.173s] -- Found ament_cmake: 1.3.12 (/opt/ros/humble/share/ament_cmake/cmake)
[0.255s] -- Found Python3: /usr/bin/python3 (found version "3.10.12") found components: Interpreter 
[0.301s] -- Found rclcpp: 16.0.15 (/opt/ros/humble/share/rclcpp/cmake)
[0.324s] -- Found rosidl_generator_c: 3.1.7 (/opt/ros/humble/share/rosidl_generator_c/cmake)
[0.326s] -- Found rosidl_adapter: 3.1.7 (/opt/ros/humble/share/rosidl_adapter/cmake)
[0.333s] -- Found rosidl_generator_cpp: 3.1.7 (/opt/ros/humble/share/rosidl_generator_cpp/cmake)
[0.340s] -- Using all available rosidl_typesupport_c: rosidl_typesupport_fastrtps_c;rosidl_typesupport_introspection_c
[0.348s] -- Using all available rosidl_typesupport_cpp: rosidl_typesupport_fastrtps_cpp;rosidl_typesupport_introspection_cpp
[0.371s] -- Found rmw_implementation_cmake: 6.1.2 (/opt/ros/humble/share/rmw_implementation_cmake/cmake)
[0.373s] -- Found rmw_fastrtps_cpp: 6.2.8 (/opt/ros/humble/share/rmw_fastrtps_cpp/cmake)
[0.418s] -- Found OpenSSL: /usr/lib/x86_64-linux-gnu/libcrypto.so (found version "3.0.2")  
[0.435s] -- Found FastRTPS: /opt/ros/humble/include  
[0.459s] -- Using RMW implementation 'rmw_fastrtps_cpp' as default
[0.464s] -- Looking for pthread.h
[0.504s] -- Looking for pthread.h - found
[0.504s] -- Performing Test CMAKE_HAVE_LIBC_PTHREAD
[0.547s] -- Performing Test CMAKE_HAVE_LIBC_PTHREAD - Success
[0.547s] -- Found Threads: TRUE  
[0.576s] -- Found rosidl_default_generators: 1.2.0 (/opt/ros/humble/share/rosidl_default_generators/cmake)
[0.684s] [31mCMake Error at /opt/ros/humble/share/rosidl_cmake/cmake/rosidl_generate_interfaces.cmake:229 (message):
[0.684s]   Packages installing interfaces must include
[0.684s]   '<member_of_group>rosidl_interface_packages</member_of_group>' in their
[0.684s]   package.xml
[0.684s] Call Stack (most recent call first):
[0.684s]   CMakeLists.txt:13 (rosidl_generate_interfaces)
[0.684s] 
[0.684s] [0m
[0.684s] -- Configuring incomplete, errors occurred!
[0.685s] See also "/home/ubuntu/turtlebot3_ws/src/ros_tutorials_topic/build/ros_tutorials_topic/CMakeFiles/CMakeOutput.log".
[0.692s] Invoked command in '/home/ubuntu/turtlebot3_ws/src/ros_tutorials_topic/build/ros_tutorials_topic' returned '1': CMAKE_PREFIX_PATH=${CMAKE_PREFIX_PATH}:/home/ubuntu/turtlebot3_ws/install/turtlebot3_teleop:/home/ubuntu/turtlebot3_ws/install/turtlebot3_example:/opt/ros/humble /usr/bin/cmake /home/ubuntu/turtlebot3_ws/src/ros_tutorials_topic -DCMAKE_INSTALL_PREFIX=/home/ubuntu/turtlebot3_ws/src/ros_tutorials_topic/install/ros_tutorials_topic
