[0.062s] Invoking command in '/home/ubuntu/turtlebot3_ws/build/ros_goal_client': CMAKE_PREFIX_PATH=/home/ubuntu/turtlebot3_ws/install/uart_bridge_cpp:/home/ubuntu/turtlebot3_ws/install/turtlebot3:/home/ubuntu/turtlebot3_ws/install/turtlebot3_bringup:/home/ubuntu/turtlebot3_ws/install/turtlebot3_node:/home/ubuntu/turtlebot3_ws/install/turtlebot3_navigation2:/home/ubuntu/turtlebot3_ws/install/turtlebot3_fake_node:/home/ubuntu/turtlebot3_ws/install/turtlebot3_msgs:/home/ubuntu/turtlebot3_ws/install/turtlebot3_manipulation_gazebo:/home/ubuntu/turtlebot3_ws/install/turtlebot3_description:/home/ubuntu/turtlebot3_ws/install/turtlebot3_cartographer:/home/ubuntu/turtlebot3_ws/install/turtlebot3_teleop:/home/ubuntu/turtlebot3_ws/install/turtlebot3_example:/opt/ros/humble:/home/ubuntu/turtlebot3_ws/install/simple_navigation_goals:/home/ubuntu/turtlebot3_ws/install/ros_tutorials_topic:/home/ubuntu/turtlebot3_ws/install/ros_goal_client:/home/ubuntu/turtlebot3_ws/install/rescue_orchestrator:/home/ubuntu/turtlebot3_ws/install/dynamixel_sdk_examples:/home/ubuntu/turtlebot3_ws/install/dynamixel_sdk_custom_interfaces:/home/ubuntu/turtlebot3_ws/install/dynamixel_sdk:/home/ubuntu/turtlebot3_ws/install/cpp_talker_listener /usr/bin/cmake --build /home/ubuntu/turtlebot3_ws/build/ros_goal_client -- -j4 -l4
[0.341s] [  2%] Built target ros_goal_client__cpp
[0.348s] [ 11%] Built target ros_goal_client__rosidl_generator_c
[0.392s] [ 11%] Built target ament_cmake_python_symlink_ros_goal_client
[0.475s] [ 20%] Built target ros_goal_client__rosidl_typesupport_cpp
[0.495s] [ 28%] Built target ros_goal_client__rosidl_typesupport_introspection_cpp
[0.509s] [ 37%] Built target ros_goal_client__rosidl_typesupport_fastrtps_cpp
[0.582s] [ 45%] Built target ros_goal_client__rosidl_typesupport_fastrtps_c
[0.595s] [ 54%] Built target ros_goal_client__rosidl_typesupport_introspection_c
[0.620s] [ 62%] Built target ros_goal_client__rosidl_typesupport_c
[0.674s] [35m[1mConsolidate compiler generated dependencies of target rosGoalServer[0m
[0.747s] [ 62%] Built target ros_goal_client
[0.765s] [ 68%] Built target rosGoalClient
[0.811s] [ 71%] [32mBuilding CXX object CMakeFiles/rosGoalServer.dir/src/rosGoalServer.cpp.o[0m
[0.879s] [ 74%] Built target ros_goal_client__py
[1.028s] [ 80%] Built target ros_goal_client__rosidl_generator_py
[1.180s] [ 85%] Built target ros_goal_client__rosidl_typesupport_introspection_c__pyext
[1.199s] [ 91%] Built target ros_goal_client__rosidl_typesupport_fastrtps_c__pyext
[1.318s] [ 97%] Built target ros_goal_client__rosidl_typesupport_c__pyext
[1.902s] running egg_info
[1.906s] writing ros_goal_client.egg-info/PKG-INFO
[1.907s] writing dependency_links to ros_goal_client.egg-info/dependency_links.txt
[1.908s] writing top-level names to ros_goal_client.egg-info/top_level.txt
[1.919s] reading manifest file 'ros_goal_client.egg-info/SOURCES.txt'
[1.922s] writing manifest file 'ros_goal_client.egg-info/SOURCES.txt'
[2.064s] [ 97%] Built target ament_cmake_python_build_ros_goal_client_egg
[61.654s] [100%] [32m[1mLinking CXX executable rosGoalServer[0m
[66.026s] [100%] Built target rosGoalServer
[66.078s] Invoked command in '/home/ubuntu/turtlebot3_ws/build/ros_goal_client' returned '0': CMAKE_PREFIX_PATH=/home/ubuntu/turtlebot3_ws/install/uart_bridge_cpp:/home/ubuntu/turtlebot3_ws/install/turtlebot3:/home/ubuntu/turtlebot3_ws/install/turtlebot3_bringup:/home/ubuntu/turtlebot3_ws/install/turtlebot3_node:/home/ubuntu/turtlebot3_ws/install/turtlebot3_navigation2:/home/ubuntu/turtlebot3_ws/install/turtlebot3_fake_node:/home/ubuntu/turtlebot3_ws/install/turtlebot3_msgs:/home/ubuntu/turtlebot3_ws/install/turtlebot3_manipulation_gazebo:/home/ubuntu/turtlebot3_ws/install/turtlebot3_description:/home/ubuntu/turtlebot3_ws/install/turtlebot3_cartographer:/home/ubuntu/turtlebot3_ws/install/turtlebot3_teleop:/home/ubuntu/turtlebot3_ws/install/turtlebot3_example:/opt/ros/humble:/home/ubuntu/turtlebot3_ws/install/simple_navigation_goals:/home/ubuntu/turtlebot3_ws/install/ros_tutorials_topic:/home/ubuntu/turtlebot3_ws/install/ros_goal_client:/home/ubuntu/turtlebot3_ws/install/rescue_orchestrator:/home/ubuntu/turtlebot3_ws/install/dynamixel_sdk_examples:/home/ubuntu/turtlebot3_ws/install/dynamixel_sdk_custom_interfaces:/home/ubuntu/turtlebot3_ws/install/dynamixel_sdk:/home/ubuntu/turtlebot3_ws/install/cpp_talker_listener /usr/bin/cmake --build /home/ubuntu/turtlebot3_ws/build/ros_goal_client -- -j4 -l4
[66.131s] Invoking command in '/home/ubuntu/turtlebot3_ws/build/ros_goal_client': CMAKE_PREFIX_PATH=/home/ubuntu/turtlebot3_ws/install/uart_bridge_cpp:/home/ubuntu/turtlebot3_ws/install/turtlebot3:/home/ubuntu/turtlebot3_ws/install/turtlebot3_bringup:/home/ubuntu/turtlebot3_ws/install/turtlebot3_node:/home/ubuntu/turtlebot3_ws/install/turtlebot3_navigation2:/home/ubuntu/turtlebot3_ws/install/turtlebot3_fake_node:/home/ubuntu/turtlebot3_ws/install/turtlebot3_msgs:/home/ubuntu/turtlebot3_ws/install/turtlebot3_manipulation_gazebo:/home/ubuntu/turtlebot3_ws/install/turtlebot3_description:/home/ubuntu/turtlebot3_ws/install/turtlebot3_cartographer:/home/ubuntu/turtlebot3_ws/install/turtlebot3_teleop:/home/ubuntu/turtlebot3_ws/install/turtlebot3_example:/opt/ros/humble:/home/ubuntu/turtlebot3_ws/install/simple_navigation_goals:/home/ubuntu/turtlebot3_ws/install/ros_tutorials_topic:/home/ubuntu/turtlebot3_ws/install/ros_goal_client:/home/ubuntu/turtlebot3_ws/install/rescue_orchestrator:/home/ubuntu/turtlebot3_ws/install/dynamixel_sdk_examples:/home/ubuntu/turtlebot3_ws/install/dynamixel_sdk_custom_interfaces:/home/ubuntu/turtlebot3_ws/install/dynamixel_sdk:/home/ubuntu/turtlebot3_ws/install/cpp_talker_listener /usr/bin/cmake --install /home/ubuntu/turtlebot3_ws/build/ros_goal_client
[66.169s] -- Install configuration: ""
[66.172s] -- Execute custom install script
[66.174s] -- Up-to-date symlink: /home/ubuntu/turtlebot3_ws/install/ros_goal_client/share/ament_index/resource_index/rosidl_interfaces/ros_goal_client
[66.177s] -- Up-to-date symlink: /home/ubuntu/turtlebot3_ws/install/ros_goal_client/include/ros_goal_client/ros_goal_client/msg/rosidl_generator_c__visibility_control.h
[66.178s] -- Up-to-date symlink: /home/ubuntu/turtlebot3_ws/install/ros_goal_client/include/ros_goal_client/ros_goal_client/srv/bot3_gpio.h
[66.179s] -- Up-to-date symlink: /home/ubuntu/turtlebot3_ws/install/ros_goal_client/include/ros_goal_client/ros_goal_client/srv/detail/bot3_gpio__functions.h
[66.180s] -- Up-to-date symlink: /home/ubuntu/turtlebot3_ws/install/ros_goal_client/include/ros_goal_client/ros_goal_client/srv/detail/bot3_gpio__struct.h
[66.181s] -- Up-to-date symlink: /home/ubuntu/turtlebot3_ws/install/ros_goal_client/include/ros_goal_client/ros_goal_client/srv/detail/bot3_gpio__type_support.h
[66.183s] -- Up-to-date symlink: /home/ubuntu/turtlebot3_ws/install/ros_goal_client/share/ros_goal_client/environment/library_path.sh
[66.184s] -- Up-to-date symlink: /home/ubuntu/turtlebot3_ws/install/ros_goal_client/share/ros_goal_client/environment/library_path.dsv
[66.188s] -- Up-to-date symlink: /home/ubuntu/turtlebot3_ws/install/ros_goal_client/include/ros_goal_client/ros_goal_client/msg/rosidl_typesupport_fastrtps_c__visibility_control.h
[66.189s] -- Up-to-date symlink: /home/ubuntu/turtlebot3_ws/install/ros_goal_client/include/ros_goal_client/ros_goal_client/srv/detail/bot3_gpio__rosidl_typesupport_fastrtps_c.h
[66.192s] -- Up-to-date symlink: /home/ubuntu/turtlebot3_ws/install/ros_goal_client/include/ros_goal_client/ros_goal_client/msg/rosidl_generator_cpp__visibility_control.hpp
[66.193s] -- Up-to-date symlink: /home/ubuntu/turtlebot3_ws/install/ros_goal_client/include/ros_goal_client/ros_goal_client/srv/bot3_gpio.hpp
[66.195s] -- Up-to-date symlink: /home/ubuntu/turtlebot3_ws/install/ros_goal_client/include/ros_goal_client/ros_goal_client/srv/detail/bot3_gpio__builder.hpp
[66.196s] -- Up-to-date symlink: /home/ubuntu/turtlebot3_ws/install/ros_goal_client/include/ros_goal_client/ros_goal_client/srv/detail/bot3_gpio__struct.hpp
[66.197s] -- Up-to-date symlink: /home/ubuntu/turtlebot3_ws/install/ros_goal_client/include/ros_goal_client/ros_goal_client/srv/detail/bot3_gpio__traits.hpp
[66.199s] -- Up-to-date symlink: /home/ubuntu/turtlebot3_ws/install/ros_goal_client/include/ros_goal_client/ros_goal_client/srv/detail/bot3_gpio__type_support.hpp
[66.203s] -- Up-to-date symlink: /home/ubuntu/turtlebot3_ws/install/ros_goal_client/include/ros_goal_client/ros_goal_client/msg/rosidl_typesupport_fastrtps_cpp__visibility_control.h
[66.204s] -- Up-to-date symlink: /home/ubuntu/turtlebot3_ws/install/ros_goal_client/include/ros_goal_client/ros_goal_client/srv/detail/bot3_gpio__rosidl_typesupport_fastrtps_cpp.hpp
[66.207s] -- Up-to-date symlink: /home/ubuntu/turtlebot3_ws/install/ros_goal_client/include/ros_goal_client/ros_goal_client/msg/rosidl_typesupport_introspection_c__visibility_control.h
[66.208s] -- Up-to-date symlink: /home/ubuntu/turtlebot3_ws/install/ros_goal_client/include/ros_goal_client/ros_goal_client/srv/detail/bot3_gpio__rosidl_typesupport_introspection_c.h
[66.211s] -- Up-to-date symlink: /home/ubuntu/turtlebot3_ws/install/ros_goal_client/include/ros_goal_client/ros_goal_client/srv/detail/bot3_gpio__rosidl_typesupport_introspection_cpp.hpp
[66.212s] -- Up-to-date symlink: /home/ubuntu/turtlebot3_ws/install/ros_goal_client/share/ros_goal_client/environment/pythonpath.sh
[66.214s] -- Up-to-date symlink: /home/ubuntu/turtlebot3_ws/install/ros_goal_client/share/ros_goal_client/environment/pythonpath.dsv
[66.216s] -- Up-to-date symlink: /home/ubuntu/turtlebot3_ws/install/ros_goal_client/local/lib/python3.10/dist-packages/ros_goal_client-0.0.0-py3.10.egg-info/PKG-INFO
[66.217s] -- Up-to-date symlink: /home/ubuntu/turtlebot3_ws/install/ros_goal_client/local/lib/python3.10/dist-packages/ros_goal_client-0.0.0-py3.10.egg-info/SOURCES.txt
[66.218s] -- Up-to-date symlink: /home/ubuntu/turtlebot3_ws/install/ros_goal_client/local/lib/python3.10/dist-packages/ros_goal_client-0.0.0-py3.10.egg-info/dependency_links.txt
[66.220s] -- Up-to-date symlink: /home/ubuntu/turtlebot3_ws/install/ros_goal_client/local/lib/python3.10/dist-packages/ros_goal_client-0.0.0-py3.10.egg-info/top_level.txt
[66.225s] -- Up-to-date symlink: /home/ubuntu/turtlebot3_ws/install/ros_goal_client/local/lib/python3.10/dist-packages/ros_goal_client/__init__.py
[66.227s] -- Up-to-date symlink: /home/ubuntu/turtlebot3_ws/install/ros_goal_client/local/lib/python3.10/dist-packages/ros_goal_client/_ros_goal_client_s.ep.rosidl_typesupport_c.c
[66.228s] -- Up-to-date symlink: /home/ubuntu/turtlebot3_ws/install/ros_goal_client/local/lib/python3.10/dist-packages/ros_goal_client/_ros_goal_client_s.ep.rosidl_typesupport_fastrtps_c.c
[66.229s] -- Up-to-date symlink: /home/ubuntu/turtlebot3_ws/install/ros_goal_client/local/lib/python3.10/dist-packages/ros_goal_client/_ros_goal_client_s.ep.rosidl_typesupport_introspection_c.c
[66.230s] -- Up-to-date symlink: /home/ubuntu/turtlebot3_ws/install/ros_goal_client/local/lib/python3.10/dist-packages/ros_goal_client/libros_goal_client__rosidl_generator_py.so
[66.232s] -- Up-to-date symlink: /home/ubuntu/turtlebot3_ws/install/ros_goal_client/local/lib/python3.10/dist-packages/ros_goal_client/ros_goal_client_s__rosidl_typesupport_c.cpython-310-aarch64-linux-gnu.so
[66.232s] -- Up-to-date symlink: /home/ubuntu/turtlebot3_ws/install/ros_goal_client/local/lib/python3.10/dist-packages/ros_goal_client/ros_goal_client_s__rosidl_typesupport_fastrtps_c.cpython-310-aarch64-linux-gnu.so
[66.234s] -- Up-to-date symlink: /home/ubuntu/turtlebot3_ws/install/ros_goal_client/local/lib/python3.10/dist-packages/ros_goal_client/ros_goal_client_s__rosidl_typesupport_introspection_c.cpython-310-aarch64-linux-gnu.so
[66.235s] -- Up-to-date symlink: /home/ubuntu/turtlebot3_ws/install/ros_goal_client/local/lib/python3.10/dist-packages/ros_goal_client/srv/__init__.py
[66.236s] -- Up-to-date symlink: /home/ubuntu/turtlebot3_ws/install/ros_goal_client/local/lib/python3.10/dist-packages/ros_goal_client/srv/_bot3_gpio.py
[66.237s] -- Up-to-date symlink: /home/ubuntu/turtlebot3_ws/install/ros_goal_client/local/lib/python3.10/dist-packages/ros_goal_client/srv/_bot3_gpio_s.c
[66.240s] -- Up-to-date symlink: /home/ubuntu/turtlebot3_ws/install/ros_goal_client/local/lib/python3.10/dist-packages/ros_goal_client/ros_goal_client_s__rosidl_typesupport_fastrtps_c.cpython-310-aarch64-linux-gnu.so
[66.242s] -- Up-to-date symlink: /home/ubuntu/turtlebot3_ws/install/ros_goal_client/local/lib/python3.10/dist-packages/ros_goal_client/ros_goal_client_s__rosidl_typesupport_introspection_c.cpython-310-aarch64-linux-gnu.so
[66.244s] -- Up-to-date symlink: /home/ubuntu/turtlebot3_ws/install/ros_goal_client/local/lib/python3.10/dist-packages/ros_goal_client/ros_goal_client_s__rosidl_typesupport_c.cpython-310-aarch64-linux-gnu.so
[66.245s] -- Up-to-date symlink: /home/ubuntu/turtlebot3_ws/install/ros_goal_client/share/ros_goal_client/srv/Bot3Gpio.idl
[66.246s] -- Up-to-date symlink: /home/ubuntu/turtlebot3_ws/install/ros_goal_client/share/ros_goal_client/srv/Bot3Gpio.srv
[66.247s] -- Up-to-date symlink: /home/ubuntu/turtlebot3_ws/install/ros_goal_client/share/ros_goal_client/srv/Bot3Gpio_Request.msg
[66.249s] -- Up-to-date symlink: /home/ubuntu/turtlebot3_ws/install/ros_goal_client/share/ros_goal_client/srv/Bot3Gpio_Response.msg
[66.251s] -- Up-to-date symlink: /home/ubuntu/turtlebot3_ws/install/ros_goal_client/lib/ros_goal_client/rosGoalServer
[66.252s] -- Up-to-date symlink: /home/ubuntu/turtlebot3_ws/install/ros_goal_client/lib/ros_goal_client/rosGoalClient
[66.253s] -- Up-to-date symlink: /home/ubuntu/turtlebot3_ws/install/ros_goal_client/share/ament_index/resource_index/package_run_dependencies/ros_goal_client
[66.255s] -- Up-to-date symlink: /home/ubuntu/turtlebot3_ws/install/ros_goal_client/share/ament_index/resource_index/parent_prefix_path/ros_goal_client
[66.256s] -- Up-to-date symlink: /home/ubuntu/turtlebot3_ws/install/ros_goal_client/share/ros_goal_client/environment/ament_prefix_path.sh
[66.257s] -- Up-to-date symlink: /home/ubuntu/turtlebot3_ws/install/ros_goal_client/share/ros_goal_client/environment/ament_prefix_path.dsv
[66.258s] -- Up-to-date symlink: /home/ubuntu/turtlebot3_ws/install/ros_goal_client/share/ros_goal_client/environment/path.sh
[66.259s] -- Up-to-date symlink: /home/ubuntu/turtlebot3_ws/install/ros_goal_client/share/ros_goal_client/environment/path.dsv
[66.260s] -- Up-to-date symlink: /home/ubuntu/turtlebot3_ws/install/ros_goal_client/share/ros_goal_client/local_setup.bash
[66.261s] -- Up-to-date symlink: /home/ubuntu/turtlebot3_ws/install/ros_goal_client/share/ros_goal_client/local_setup.sh
[66.262s] -- Up-to-date symlink: /home/ubuntu/turtlebot3_ws/install/ros_goal_client/share/ros_goal_client/local_setup.zsh
[66.263s] -- Up-to-date symlink: /home/ubuntu/turtlebot3_ws/install/ros_goal_client/share/ros_goal_client/local_setup.dsv
[66.264s] -- Symlinking: /home/ubuntu/turtlebot3_ws/install/ros_goal_client/share/ros_goal_client/package.dsv
[66.303s] -- Up-to-date symlink: /home/ubuntu/turtlebot3_ws/install/ros_goal_client/share/ament_index/resource_index/packages/ros_goal_client
[66.304s] -- Up-to-date symlink: /home/ubuntu/turtlebot3_ws/install/ros_goal_client/share/ros_goal_client/cmake/rosidl_cmake-extras.cmake
[66.306s] -- Up-to-date symlink: /home/ubuntu/turtlebot3_ws/install/ros_goal_client/share/ros_goal_client/cmake/ament_cmake_export_dependencies-extras.cmake
[66.307s] -- Up-to-date symlink: /home/ubuntu/turtlebot3_ws/install/ros_goal_client/share/ros_goal_client/cmake/ament_cmake_export_include_directories-extras.cmake
[66.308s] -- Up-to-date symlink: /home/ubuntu/turtlebot3_ws/install/ros_goal_client/share/ros_goal_client/cmake/ament_cmake_export_libraries-extras.cmake
[66.309s] -- Up-to-date symlink: /home/ubuntu/turtlebot3_ws/install/ros_goal_client/share/ros_goal_client/cmake/ament_cmake_export_targets-extras.cmake
[66.311s] -- Up-to-date symlink: /home/ubuntu/turtlebot3_ws/install/ros_goal_client/share/ros_goal_client/cmake/rosidl_cmake_export_typesupport_targets-extras.cmake
[66.312s] -- Up-to-date symlink: /home/ubuntu/turtlebot3_ws/install/ros_goal_client/share/ros_goal_client/cmake/rosidl_cmake_export_typesupport_libraries-extras.cmake
[66.313s] -- Up-to-date symlink: /home/ubuntu/turtlebot3_ws/install/ros_goal_client/share/ros_goal_client/cmake/ros_goal_clientConfig.cmake
[66.314s] -- Up-to-date symlink: /home/ubuntu/turtlebot3_ws/install/ros_goal_client/share/ros_goal_client/cmake/ros_goal_clientConfig-version.cmake
[66.315s] -- Up-to-date symlink: /home/ubuntu/turtlebot3_ws/install/ros_goal_client/share/ros_goal_client/package.xml
[66.317s] -- Up-to-date: /home/ubuntu/turtlebot3_ws/install/ros_goal_client/lib/libros_goal_client__rosidl_generator_c.so
[66.319s] -- Up-to-date: /home/ubuntu/turtlebot3_ws/install/ros_goal_client/lib/libros_goal_client__rosidl_typesupport_fastrtps_c.so
[66.322s] -- Up-to-date: /home/ubuntu/turtlebot3_ws/install/ros_goal_client/lib/libros_goal_client__rosidl_typesupport_fastrtps_cpp.so
[66.324s] -- Up-to-date: /home/ubuntu/turtlebot3_ws/install/ros_goal_client/lib/libros_goal_client__rosidl_typesupport_introspection_c.so
[66.326s] -- Up-to-date: /home/ubuntu/turtlebot3_ws/install/ros_goal_client/lib/libros_goal_client__rosidl_typesupport_c.so
[66.329s] -- Up-to-date: /home/ubuntu/turtlebot3_ws/install/ros_goal_client/lib/libros_goal_client__rosidl_typesupport_introspection_cpp.so
[66.331s] -- Up-to-date: /home/ubuntu/turtlebot3_ws/install/ros_goal_client/lib/libros_goal_client__rosidl_typesupport_cpp.so
[66.519s] Listing '/home/ubuntu/turtlebot3_ws/install/ros_goal_client/local/lib/python3.10/dist-packages/ros_goal_client'...
[66.521s] Listing '/home/ubuntu/turtlebot3_ws/install/ros_goal_client/local/lib/python3.10/dist-packages/ros_goal_client/srv'...
[66.546s] -- Up-to-date: /home/ubuntu/turtlebot3_ws/install/ros_goal_client/lib/libros_goal_client__rosidl_generator_py.so
[66.549s] -- Up-to-date: /home/ubuntu/turtlebot3_ws/install/ros_goal_client/share/ros_goal_client/cmake/export_ros_goal_client__rosidl_generator_cExport.cmake
[66.549s] -- Up-to-date: /home/ubuntu/turtlebot3_ws/install/ros_goal_client/share/ros_goal_client/cmake/export_ros_goal_client__rosidl_generator_cExport-noconfig.cmake
[66.550s] -- Up-to-date: /home/ubuntu/turtlebot3_ws/install/ros_goal_client/share/ros_goal_client/cmake/export_ros_goal_client__rosidl_typesupport_fastrtps_cExport.cmake
[66.551s] -- Up-to-date: /home/ubuntu/turtlebot3_ws/install/ros_goal_client/share/ros_goal_client/cmake/export_ros_goal_client__rosidl_typesupport_fastrtps_cExport-noconfig.cmake
[66.552s] -- Up-to-date: /home/ubuntu/turtlebot3_ws/install/ros_goal_client/share/ros_goal_client/cmake/export_ros_goal_client__rosidl_generator_cppExport.cmake
[66.554s] -- Up-to-date: /home/ubuntu/turtlebot3_ws/install/ros_goal_client/share/ros_goal_client/cmake/export_ros_goal_client__rosidl_typesupport_fastrtps_cppExport.cmake
[66.554s] -- Up-to-date: /home/ubuntu/turtlebot3_ws/install/ros_goal_client/share/ros_goal_client/cmake/export_ros_goal_client__rosidl_typesupport_fastrtps_cppExport-noconfig.cmake
[66.555s] -- Up-to-date: /home/ubuntu/turtlebot3_ws/install/ros_goal_client/share/ros_goal_client/cmake/ros_goal_client__rosidl_typesupport_introspection_cExport.cmake
[66.556s] -- Up-to-date: /home/ubuntu/turtlebot3_ws/install/ros_goal_client/share/ros_goal_client/cmake/ros_goal_client__rosidl_typesupport_introspection_cExport-noconfig.cmake
[66.557s] -- Up-to-date: /home/ubuntu/turtlebot3_ws/install/ros_goal_client/share/ros_goal_client/cmake/ros_goal_client__rosidl_typesupport_cExport.cmake
[66.558s] -- Up-to-date: /home/ubuntu/turtlebot3_ws/install/ros_goal_client/share/ros_goal_client/cmake/ros_goal_client__rosidl_typesupport_cExport-noconfig.cmake
[66.559s] -- Up-to-date: /home/ubuntu/turtlebot3_ws/install/ros_goal_client/share/ros_goal_client/cmake/ros_goal_client__rosidl_typesupport_introspection_cppExport.cmake
[66.559s] -- Up-to-date: /home/ubuntu/turtlebot3_ws/install/ros_goal_client/share/ros_goal_client/cmake/ros_goal_client__rosidl_typesupport_introspection_cppExport-noconfig.cmake
[66.561s] -- Up-to-date: /home/ubuntu/turtlebot3_ws/install/ros_goal_client/share/ros_goal_client/cmake/ros_goal_client__rosidl_typesupport_cppExport.cmake
[66.561s] -- Up-to-date: /home/ubuntu/turtlebot3_ws/install/ros_goal_client/share/ros_goal_client/cmake/ros_goal_client__rosidl_typesupport_cppExport-noconfig.cmake
[66.562s] -- Up-to-date: /home/ubuntu/turtlebot3_ws/install/ros_goal_client/share/ros_goal_client/cmake/export_ros_goal_client__rosidl_generator_pyExport.cmake
[66.563s] -- Up-to-date: /home/ubuntu/turtlebot3_ws/install/ros_goal_client/share/ros_goal_client/cmake/export_ros_goal_client__rosidl_generator_pyExport-noconfig.cmake
[66.571s] Invoked command in '/home/ubuntu/turtlebot3_ws/build/ros_goal_client' returned '0': CMAKE_PREFIX_PATH=/home/ubuntu/turtlebot3_ws/install/uart_bridge_cpp:/home/ubuntu/turtlebot3_ws/install/turtlebot3:/home/ubuntu/turtlebot3_ws/install/turtlebot3_bringup:/home/ubuntu/turtlebot3_ws/install/turtlebot3_node:/home/ubuntu/turtlebot3_ws/install/turtlebot3_navigation2:/home/ubuntu/turtlebot3_ws/install/turtlebot3_fake_node:/home/ubuntu/turtlebot3_ws/install/turtlebot3_msgs:/home/ubuntu/turtlebot3_ws/install/turtlebot3_manipulation_gazebo:/home/ubuntu/turtlebot3_ws/install/turtlebot3_description:/home/ubuntu/turtlebot3_ws/install/turtlebot3_cartographer:/home/ubuntu/turtlebot3_ws/install/turtlebot3_teleop:/home/ubuntu/turtlebot3_ws/install/turtlebot3_example:/opt/ros/humble:/home/ubuntu/turtlebot3_ws/install/simple_navigation_goals:/home/ubuntu/turtlebot3_ws/install/ros_tutorials_topic:/home/ubuntu/turtlebot3_ws/install/ros_goal_client:/home/ubuntu/turtlebot3_ws/install/rescue_orchestrator:/home/ubuntu/turtlebot3_ws/install/dynamixel_sdk_examples:/home/ubuntu/turtlebot3_ws/install/dynamixel_sdk_custom_interfaces:/home/ubuntu/turtlebot3_ws/install/dynamixel_sdk:/home/ubuntu/turtlebot3_ws/install/cpp_talker_listener /usr/bin/cmake --install /home/ubuntu/turtlebot3_ws/build/ros_goal_client
