[0.065s] Invoking command in '/home/ubuntu/turtlebot3_ws/build/ros_goal_client': CMAKE_PREFIX_PATH=/home/ubuntu/turtlebot3_ws/install/uart_bridge_cpp:/home/ubuntu/turtlebot3_ws/install/turtlebot3:/home/ubuntu/turtlebot3_ws/install/turtlebot3_bringup:/home/ubuntu/turtlebot3_ws/install/turtlebot3_node:/home/ubuntu/turtlebot3_ws/install/turtlebot3_navigation2:/home/ubuntu/turtlebot3_ws/install/turtlebot3_fake_node:/home/ubuntu/turtlebot3_ws/install/turtlebot3_msgs:/home/ubuntu/turtlebot3_ws/install/turtlebot3_manipulation_gazebo:/home/ubuntu/turtlebot3_ws/install/turtlebot3_description:/home/ubuntu/turtlebot3_ws/install/turtlebot3_cartographer:/home/ubuntu/turtlebot3_ws/install/turtlebot3_teleop:/home/ubuntu/turtlebot3_ws/install/turtlebot3_example:/opt/ros/humble:/home/ubuntu/turtlebot3_ws/install/simple_navigation_goals:/home/ubuntu/turtlebot3_ws/install/ros_tutorials_topic:/home/ubuntu/turtlebot3_ws/install/ros_goal_client:/home/ubuntu/turtlebot3_ws/install/rescue_orchestrator:/home/ubuntu/turtlebot3_ws/install/dynamixel_sdk_examples:/home/ubuntu/turtlebot3_ws/install/dynamixel_sdk_custom_interfaces:/home/ubuntu/turtlebot3_ws/install/dynamixel_sdk:/home/ubuntu/turtlebot3_ws/install/cpp_talker_listener /usr/bin/cmake --build /home/ubuntu/turtlebot3_ws/build/ros_goal_client -- -j4 -l4
[0.344s] [  2%] Built target ros_goal_client__cpp
[0.350s] [ 11%] Built target ros_goal_client__rosidl_generator_c
[0.380s] [ 11%] Built target ament_cmake_python_symlink_ros_goal_client
[0.465s] [ 20%] Built target ros_goal_client__rosidl_typesupport_cpp
[0.484s] [ 28%] Built target ros_goal_client__rosidl_typesupport_fastrtps_cpp
[0.485s] [ 37%] Built target ros_goal_client__rosidl_typesupport_introspection_cpp
[0.521s] [ 45%] Built target ros_goal_client__rosidl_typesupport_fastrtps_c
[0.584s] [ 54%] Built target ros_goal_client__rosidl_typesupport_introspection_c
[0.600s] [35m[1mConsolidate compiler generated dependencies of target rosGoalServer[0m
[0.613s] [ 62%] Built target ros_goal_client__rosidl_typesupport_c
[0.732s] [ 65%] [32mBuilding CXX object CMakeFiles/rosGoalServer.dir/src/rosGoalServer.cpp.o[0m
[0.746s] [ 71%] Built target rosGoalClient
[0.748s] [ 71%] Built target ros_goal_client
[0.864s] [ 74%] Built target ros_goal_client__py
[0.984s] [ 80%] Built target ros_goal_client__rosidl_generator_py
[1.109s] [ 85%] Built target ros_goal_client__rosidl_typesupport_fastrtps_c__pyext
[1.126s] [ 91%] Built target ros_goal_client__rosidl_typesupport_introspection_c__pyext
[1.230s] [ 97%] Built target ros_goal_client__rosidl_typesupport_c__pyext
[1.852s] running egg_info
[1.853s] writing ros_goal_client.egg-info/PKG-INFO
[1.854s] writing dependency_links to ros_goal_client.egg-info/dependency_links.txt
[1.855s] writing top-level names to ros_goal_client.egg-info/top_level.txt
[1.865s] reading manifest file 'ros_goal_client.egg-info/SOURCES.txt'
[1.868s] writing manifest file 'ros_goal_client.egg-info/SOURCES.txt'
[2.009s] [ 97%] Built target ament_cmake_python_build_ros_goal_client_egg
[67.265s] [100%] [32m[1mLinking CXX executable rosGoalServer[0m
[71.233s] [100%] Built target rosGoalServer
[71.282s] Invoked command in '/home/ubuntu/turtlebot3_ws/build/ros_goal_client' returned '0': CMAKE_PREFIX_PATH=/home/ubuntu/turtlebot3_ws/install/uart_bridge_cpp:/home/ubuntu/turtlebot3_ws/install/turtlebot3:/home/ubuntu/turtlebot3_ws/install/turtlebot3_bringup:/home/ubuntu/turtlebot3_ws/install/turtlebot3_node:/home/ubuntu/turtlebot3_ws/install/turtlebot3_navigation2:/home/ubuntu/turtlebot3_ws/install/turtlebot3_fake_node:/home/ubuntu/turtlebot3_ws/install/turtlebot3_msgs:/home/ubuntu/turtlebot3_ws/install/turtlebot3_manipulation_gazebo:/home/ubuntu/turtlebot3_ws/install/turtlebot3_description:/home/ubuntu/turtlebot3_ws/install/turtlebot3_cartographer:/home/ubuntu/turtlebot3_ws/install/turtlebot3_teleop:/home/ubuntu/turtlebot3_ws/install/turtlebot3_example:/opt/ros/humble:/home/ubuntu/turtlebot3_ws/install/simple_navigation_goals:/home/ubuntu/turtlebot3_ws/install/ros_tutorials_topic:/home/ubuntu/turtlebot3_ws/install/ros_goal_client:/home/ubuntu/turtlebot3_ws/install/rescue_orchestrator:/home/ubuntu/turtlebot3_ws/install/dynamixel_sdk_examples:/home/ubuntu/turtlebot3_ws/install/dynamixel_sdk_custom_interfaces:/home/ubuntu/turtlebot3_ws/install/dynamixel_sdk:/home/ubuntu/turtlebot3_ws/install/cpp_talker_listener /usr/bin/cmake --build /home/ubuntu/turtlebot3_ws/build/ros_goal_client -- -j4 -l4
[71.332s] Invoking command in '/home/ubuntu/turtlebot3_ws/build/ros_goal_client': CMAKE_PREFIX_PATH=/home/ubuntu/turtlebot3_ws/install/uart_bridge_cpp:/home/ubuntu/turtlebot3_ws/install/turtlebot3:/home/ubuntu/turtlebot3_ws/install/turtlebot3_bringup:/home/ubuntu/turtlebot3_ws/install/turtlebot3_node:/home/ubuntu/turtlebot3_ws/install/turtlebot3_navigation2:/home/ubuntu/turtlebot3_ws/install/turtlebot3_fake_node:/home/ubuntu/turtlebot3_ws/install/turtlebot3_msgs:/home/ubuntu/turtlebot3_ws/install/turtlebot3_manipulation_gazebo:/home/ubuntu/turtlebot3_ws/install/turtlebot3_description:/home/ubuntu/turtlebot3_ws/install/turtlebot3_cartographer:/home/ubuntu/turtlebot3_ws/install/turtlebot3_teleop:/home/ubuntu/turtlebot3_ws/install/turtlebot3_example:/opt/ros/humble:/home/ubuntu/turtlebot3_ws/install/simple_navigation_goals:/home/ubuntu/turtlebot3_ws/install/ros_tutorials_topic:/home/ubuntu/turtlebot3_ws/install/ros_goal_client:/home/ubuntu/turtlebot3_ws/install/rescue_orchestrator:/home/ubuntu/turtlebot3_ws/install/dynamixel_sdk_examples:/home/ubuntu/turtlebot3_ws/install/dynamixel_sdk_custom_interfaces:/home/ubuntu/turtlebot3_ws/install/dynamixel_sdk:/home/ubuntu/turtlebot3_ws/install/cpp_talker_listener /usr/bin/cmake --install /home/ubuntu/turtlebot3_ws/build/ros_goal_client
[71.367s] -- Install configuration: ""
[71.369s] -- Execute custom install script
[71.370s] -- Up-to-date symlink: /home/ubuntu/turtlebot3_ws/install/ros_goal_client/share/ament_index/resource_index/rosidl_interfaces/ros_goal_client
[71.373s] -- Up-to-date symlink: /home/ubuntu/turtlebot3_ws/install/ros_goal_client/include/ros_goal_client/ros_goal_client/msg/rosidl_generator_c__visibility_control.h
[71.374s] -- Up-to-date symlink: /home/ubuntu/turtlebot3_ws/install/ros_goal_client/include/ros_goal_client/ros_goal_client/srv/bot3_gpio.h
[71.375s] -- Up-to-date symlink: /home/ubuntu/turtlebot3_ws/install/ros_goal_client/include/ros_goal_client/ros_goal_client/srv/detail/bot3_gpio__functions.h
[71.376s] -- Up-to-date symlink: /home/ubuntu/turtlebot3_ws/install/ros_goal_client/include/ros_goal_client/ros_goal_client/srv/detail/bot3_gpio__struct.h
[71.377s] -- Up-to-date symlink: /home/ubuntu/turtlebot3_ws/install/ros_goal_client/include/ros_goal_client/ros_goal_client/srv/detail/bot3_gpio__type_support.h
[71.378s] -- Up-to-date symlink: /home/ubuntu/turtlebot3_ws/install/ros_goal_client/share/ros_goal_client/environment/library_path.sh
[71.379s] -- Up-to-date symlink: /home/ubuntu/turtlebot3_ws/install/ros_goal_client/share/ros_goal_client/environment/library_path.dsv
[71.382s] -- Up-to-date symlink: /home/ubuntu/turtlebot3_ws/install/ros_goal_client/include/ros_goal_client/ros_goal_client/msg/rosidl_typesupport_fastrtps_c__visibility_control.h
[71.383s] -- Up-to-date symlink: /home/ubuntu/turtlebot3_ws/install/ros_goal_client/include/ros_goal_client/ros_goal_client/srv/detail/bot3_gpio__rosidl_typesupport_fastrtps_c.h
[71.386s] -- Up-to-date symlink: /home/ubuntu/turtlebot3_ws/install/ros_goal_client/include/ros_goal_client/ros_goal_client/msg/rosidl_generator_cpp__visibility_control.hpp
[71.387s] -- Up-to-date symlink: /home/ubuntu/turtlebot3_ws/install/ros_goal_client/include/ros_goal_client/ros_goal_client/srv/bot3_gpio.hpp
[71.387s] -- Up-to-date symlink: /home/ubuntu/turtlebot3_ws/install/ros_goal_client/include/ros_goal_client/ros_goal_client/srv/detail/bot3_gpio__builder.hpp
[71.389s] -- Up-to-date symlink: /home/ubuntu/turtlebot3_ws/install/ros_goal_client/include/ros_goal_client/ros_goal_client/srv/detail/bot3_gpio__struct.hpp
[71.389s] -- Up-to-date symlink: /home/ubuntu/turtlebot3_ws/install/ros_goal_client/include/ros_goal_client/ros_goal_client/srv/detail/bot3_gpio__traits.hpp
[71.390s] -- Up-to-date symlink: /home/ubuntu/turtlebot3_ws/install/ros_goal_client/include/ros_goal_client/ros_goal_client/srv/detail/bot3_gpio__type_support.hpp
[71.394s] -- Up-to-date symlink: /home/ubuntu/turtlebot3_ws/install/ros_goal_client/include/ros_goal_client/ros_goal_client/msg/rosidl_typesupport_fastrtps_cpp__visibility_control.h
[71.395s] -- Up-to-date symlink: /home/ubuntu/turtlebot3_ws/install/ros_goal_client/include/ros_goal_client/ros_goal_client/srv/detail/bot3_gpio__rosidl_typesupport_fastrtps_cpp.hpp
[71.397s] -- Up-to-date symlink: /home/ubuntu/turtlebot3_ws/install/ros_goal_client/include/ros_goal_client/ros_goal_client/msg/rosidl_typesupport_introspection_c__visibility_control.h
[71.398s] -- Up-to-date symlink: /home/ubuntu/turtlebot3_ws/install/ros_goal_client/include/ros_goal_client/ros_goal_client/srv/detail/bot3_gpio__rosidl_typesupport_introspection_c.h
[71.401s] -- Up-to-date symlink: /home/ubuntu/turtlebot3_ws/install/ros_goal_client/include/ros_goal_client/ros_goal_client/srv/detail/bot3_gpio__rosidl_typesupport_introspection_cpp.hpp
[71.402s] -- Up-to-date symlink: /home/ubuntu/turtlebot3_ws/install/ros_goal_client/share/ros_goal_client/environment/pythonpath.sh
[71.403s] -- Up-to-date symlink: /home/ubuntu/turtlebot3_ws/install/ros_goal_client/share/ros_goal_client/environment/pythonpath.dsv
[71.405s] -- Up-to-date symlink: /home/ubuntu/turtlebot3_ws/install/ros_goal_client/local/lib/python3.10/dist-packages/ros_goal_client-0.0.0-py3.10.egg-info/PKG-INFO
[71.406s] -- Up-to-date symlink: /home/ubuntu/turtlebot3_ws/install/ros_goal_client/local/lib/python3.10/dist-packages/ros_goal_client-0.0.0-py3.10.egg-info/SOURCES.txt
[71.407s] -- Up-to-date symlink: /home/ubuntu/turtlebot3_ws/install/ros_goal_client/local/lib/python3.10/dist-packages/ros_goal_client-0.0.0-py3.10.egg-info/dependency_links.txt
[71.408s] -- Up-to-date symlink: /home/ubuntu/turtlebot3_ws/install/ros_goal_client/local/lib/python3.10/dist-packages/ros_goal_client-0.0.0-py3.10.egg-info/top_level.txt
[71.413s] -- Up-to-date symlink: /home/ubuntu/turtlebot3_ws/install/ros_goal_client/local/lib/python3.10/dist-packages/ros_goal_client/__init__.py
[71.413s] -- Up-to-date symlink: /home/ubuntu/turtlebot3_ws/install/ros_goal_client/local/lib/python3.10/dist-packages/ros_goal_client/_ros_goal_client_s.ep.rosidl_typesupport_c.c
[71.414s] -- Up-to-date symlink: /home/ubuntu/turtlebot3_ws/install/ros_goal_client/local/lib/python3.10/dist-packages/ros_goal_client/_ros_goal_client_s.ep.rosidl_typesupport_fastrtps_c.c
[71.415s] -- Up-to-date symlink: /home/ubuntu/turtlebot3_ws/install/ros_goal_client/local/lib/python3.10/dist-packages/ros_goal_client/_ros_goal_client_s.ep.rosidl_typesupport_introspection_c.c
[71.416s] -- Up-to-date symlink: /home/ubuntu/turtlebot3_ws/install/ros_goal_client/local/lib/python3.10/dist-packages/ros_goal_client/libros_goal_client__rosidl_generator_py.so
[71.417s] -- Up-to-date symlink: /home/ubuntu/turtlebot3_ws/install/ros_goal_client/local/lib/python3.10/dist-packages/ros_goal_client/ros_goal_client_s__rosidl_typesupport_c.cpython-310-aarch64-linux-gnu.so
[71.418s] -- Up-to-date symlink: /home/ubuntu/turtlebot3_ws/install/ros_goal_client/local/lib/python3.10/dist-packages/ros_goal_client/ros_goal_client_s__rosidl_typesupport_fastrtps_c.cpython-310-aarch64-linux-gnu.so
[71.419s] -- Up-to-date symlink: /home/ubuntu/turtlebot3_ws/install/ros_goal_client/local/lib/python3.10/dist-packages/ros_goal_client/ros_goal_client_s__rosidl_typesupport_introspection_c.cpython-310-aarch64-linux-gnu.so
[71.420s] -- Up-to-date symlink: /home/ubuntu/turtlebot3_ws/install/ros_goal_client/local/lib/python3.10/dist-packages/ros_goal_client/srv/__init__.py
[71.421s] -- Up-to-date symlink: /home/ubuntu/turtlebot3_ws/install/ros_goal_client/local/lib/python3.10/dist-packages/ros_goal_client/srv/_bot3_gpio.py
[71.423s] -- Up-to-date symlink: /home/ubuntu/turtlebot3_ws/install/ros_goal_client/local/lib/python3.10/dist-packages/ros_goal_client/srv/_bot3_gpio_s.c
[71.424s] -- Up-to-date symlink: /home/ubuntu/turtlebot3_ws/install/ros_goal_client/local/lib/python3.10/dist-packages/ros_goal_client/ros_goal_client_s__rosidl_typesupport_fastrtps_c.cpython-310-aarch64-linux-gnu.so
[71.426s] -- Up-to-date symlink: /home/ubuntu/turtlebot3_ws/install/ros_goal_client/local/lib/python3.10/dist-packages/ros_goal_client/ros_goal_client_s__rosidl_typesupport_introspection_c.cpython-310-aarch64-linux-gnu.so
[71.428s] -- Up-to-date symlink: /home/ubuntu/turtlebot3_ws/install/ros_goal_client/local/lib/python3.10/dist-packages/ros_goal_client/ros_goal_client_s__rosidl_typesupport_c.cpython-310-aarch64-linux-gnu.so
[71.428s] -- Up-to-date symlink: /home/ubuntu/turtlebot3_ws/install/ros_goal_client/share/ros_goal_client/srv/Bot3Gpio.idl
[71.429s] -- Up-to-date symlink: /home/ubuntu/turtlebot3_ws/install/ros_goal_client/share/ros_goal_client/srv/Bot3Gpio.srv
[71.430s] -- Up-to-date symlink: /home/ubuntu/turtlebot3_ws/install/ros_goal_client/share/ros_goal_client/srv/Bot3Gpio_Request.msg
[71.431s] -- Up-to-date symlink: /home/ubuntu/turtlebot3_ws/install/ros_goal_client/share/ros_goal_client/srv/Bot3Gpio_Response.msg
[71.432s] -- Up-to-date symlink: /home/ubuntu/turtlebot3_ws/install/ros_goal_client/lib/ros_goal_client/rosGoalServer
[71.433s] -- Up-to-date symlink: /home/ubuntu/turtlebot3_ws/install/ros_goal_client/lib/ros_goal_client/rosGoalClient
[71.434s] -- Up-to-date symlink: /home/ubuntu/turtlebot3_ws/install/ros_goal_client/share/ament_index/resource_index/package_run_dependencies/ros_goal_client
[71.435s] -- Up-to-date symlink: /home/ubuntu/turtlebot3_ws/install/ros_goal_client/share/ament_index/resource_index/parent_prefix_path/ros_goal_client
[71.437s] -- Up-to-date symlink: /home/ubuntu/turtlebot3_ws/install/ros_goal_client/share/ros_goal_client/environment/ament_prefix_path.sh
[71.437s] -- Up-to-date symlink: /home/ubuntu/turtlebot3_ws/install/ros_goal_client/share/ros_goal_client/environment/ament_prefix_path.dsv
[71.438s] -- Up-to-date symlink: /home/ubuntu/turtlebot3_ws/install/ros_goal_client/share/ros_goal_client/environment/path.sh
[71.439s] -- Up-to-date symlink: /home/ubuntu/turtlebot3_ws/install/ros_goal_client/share/ros_goal_client/environment/path.dsv
[71.440s] -- Up-to-date symlink: /home/ubuntu/turtlebot3_ws/install/ros_goal_client/share/ros_goal_client/local_setup.bash
[71.441s] -- Up-to-date symlink: /home/ubuntu/turtlebot3_ws/install/ros_goal_client/share/ros_goal_client/local_setup.sh
[71.442s] -- Up-to-date symlink: /home/ubuntu/turtlebot3_ws/install/ros_goal_client/share/ros_goal_client/local_setup.zsh
[71.443s] -- Up-to-date symlink: /home/ubuntu/turtlebot3_ws/install/ros_goal_client/share/ros_goal_client/local_setup.dsv
[71.444s] -- Symlinking: /home/ubuntu/turtlebot3_ws/install/ros_goal_client/share/ros_goal_client/package.dsv
[71.483s] -- Up-to-date symlink: /home/ubuntu/turtlebot3_ws/install/ros_goal_client/share/ament_index/resource_index/packages/ros_goal_client
[71.484s] -- Up-to-date symlink: /home/ubuntu/turtlebot3_ws/install/ros_goal_client/share/ros_goal_client/cmake/rosidl_cmake-extras.cmake
[71.485s] -- Up-to-date symlink: /home/ubuntu/turtlebot3_ws/install/ros_goal_client/share/ros_goal_client/cmake/ament_cmake_export_dependencies-extras.cmake
[71.486s] -- Up-to-date symlink: /home/ubuntu/turtlebot3_ws/install/ros_goal_client/share/ros_goal_client/cmake/ament_cmake_export_include_directories-extras.cmake
[71.487s] -- Up-to-date symlink: /home/ubuntu/turtlebot3_ws/install/ros_goal_client/share/ros_goal_client/cmake/ament_cmake_export_libraries-extras.cmake
[71.488s] -- Up-to-date symlink: /home/ubuntu/turtlebot3_ws/install/ros_goal_client/share/ros_goal_client/cmake/ament_cmake_export_targets-extras.cmake
[71.489s] -- Up-to-date symlink: /home/ubuntu/turtlebot3_ws/install/ros_goal_client/share/ros_goal_client/cmake/rosidl_cmake_export_typesupport_targets-extras.cmake
[71.490s] -- Up-to-date symlink: /home/ubuntu/turtlebot3_ws/install/ros_goal_client/share/ros_goal_client/cmake/rosidl_cmake_export_typesupport_libraries-extras.cmake
[71.491s] -- Up-to-date symlink: /home/ubuntu/turtlebot3_ws/install/ros_goal_client/share/ros_goal_client/cmake/ros_goal_clientConfig.cmake
[71.492s] -- Up-to-date symlink: /home/ubuntu/turtlebot3_ws/install/ros_goal_client/share/ros_goal_client/cmake/ros_goal_clientConfig-version.cmake
[71.493s] -- Up-to-date symlink: /home/ubuntu/turtlebot3_ws/install/ros_goal_client/share/ros_goal_client/package.xml
[71.495s] -- Up-to-date: /home/ubuntu/turtlebot3_ws/install/ros_goal_client/lib/libros_goal_client__rosidl_generator_c.so
[71.497s] -- Up-to-date: /home/ubuntu/turtlebot3_ws/install/ros_goal_client/lib/libros_goal_client__rosidl_typesupport_fastrtps_c.so
[71.499s] -- Up-to-date: /home/ubuntu/turtlebot3_ws/install/ros_goal_client/lib/libros_goal_client__rosidl_typesupport_fastrtps_cpp.so
[71.502s] -- Up-to-date: /home/ubuntu/turtlebot3_ws/install/ros_goal_client/lib/libros_goal_client__rosidl_typesupport_introspection_c.so
[71.503s] -- Up-to-date: /home/ubuntu/turtlebot3_ws/install/ros_goal_client/lib/libros_goal_client__rosidl_typesupport_c.so
[71.505s] -- Up-to-date: /home/ubuntu/turtlebot3_ws/install/ros_goal_client/lib/libros_goal_client__rosidl_typesupport_introspection_cpp.so
[71.508s] -- Up-to-date: /home/ubuntu/turtlebot3_ws/install/ros_goal_client/lib/libros_goal_client__rosidl_typesupport_cpp.so
[71.682s] Listing '/home/ubuntu/turtlebot3_ws/install/ros_goal_client/local/lib/python3.10/dist-packages/ros_goal_client'...
[71.683s] Listing '/home/ubuntu/turtlebot3_ws/install/ros_goal_client/local/lib/python3.10/dist-packages/ros_goal_client/srv'...
[71.707s] -- Up-to-date: /home/ubuntu/turtlebot3_ws/install/ros_goal_client/lib/libros_goal_client__rosidl_generator_py.so
[71.710s] -- Up-to-date: /home/ubuntu/turtlebot3_ws/install/ros_goal_client/share/ros_goal_client/cmake/export_ros_goal_client__rosidl_generator_cExport.cmake
[71.710s] -- Up-to-date: /home/ubuntu/turtlebot3_ws/install/ros_goal_client/share/ros_goal_client/cmake/export_ros_goal_client__rosidl_generator_cExport-noconfig.cmake
[71.711s] -- Up-to-date: /home/ubuntu/turtlebot3_ws/install/ros_goal_client/share/ros_goal_client/cmake/export_ros_goal_client__rosidl_typesupport_fastrtps_cExport.cmake
[71.711s] -- Up-to-date: /home/ubuntu/turtlebot3_ws/install/ros_goal_client/share/ros_goal_client/cmake/export_ros_goal_client__rosidl_typesupport_fastrtps_cExport-noconfig.cmake
[71.712s] -- Up-to-date: /home/ubuntu/turtlebot3_ws/install/ros_goal_client/share/ros_goal_client/cmake/export_ros_goal_client__rosidl_generator_cppExport.cmake
[71.714s] -- Up-to-date: /home/ubuntu/turtlebot3_ws/install/ros_goal_client/share/ros_goal_client/cmake/export_ros_goal_client__rosidl_typesupport_fastrtps_cppExport.cmake
[71.714s] -- Up-to-date: /home/ubuntu/turtlebot3_ws/install/ros_goal_client/share/ros_goal_client/cmake/export_ros_goal_client__rosidl_typesupport_fastrtps_cppExport-noconfig.cmake
[71.715s] -- Up-to-date: /home/ubuntu/turtlebot3_ws/install/ros_goal_client/share/ros_goal_client/cmake/ros_goal_client__rosidl_typesupport_introspection_cExport.cmake
[71.716s] -- Up-to-date: /home/ubuntu/turtlebot3_ws/install/ros_goal_client/share/ros_goal_client/cmake/ros_goal_client__rosidl_typesupport_introspection_cExport-noconfig.cmake
[71.717s] -- Up-to-date: /home/ubuntu/turtlebot3_ws/install/ros_goal_client/share/ros_goal_client/cmake/ros_goal_client__rosidl_typesupport_cExport.cmake
[71.717s] -- Up-to-date: /home/ubuntu/turtlebot3_ws/install/ros_goal_client/share/ros_goal_client/cmake/ros_goal_client__rosidl_typesupport_cExport-noconfig.cmake
[71.718s] -- Up-to-date: /home/ubuntu/turtlebot3_ws/install/ros_goal_client/share/ros_goal_client/cmake/ros_goal_client__rosidl_typesupport_introspection_cppExport.cmake
[71.719s] -- Up-to-date: /home/ubuntu/turtlebot3_ws/install/ros_goal_client/share/ros_goal_client/cmake/ros_goal_client__rosidl_typesupport_introspection_cppExport-noconfig.cmake
[71.720s] -- Up-to-date: /home/ubuntu/turtlebot3_ws/install/ros_goal_client/share/ros_goal_client/cmake/ros_goal_client__rosidl_typesupport_cppExport.cmake
[71.720s] -- Up-to-date: /home/ubuntu/turtlebot3_ws/install/ros_goal_client/share/ros_goal_client/cmake/ros_goal_client__rosidl_typesupport_cppExport-noconfig.cmake
[71.721s] -- Up-to-date: /home/ubuntu/turtlebot3_ws/install/ros_goal_client/share/ros_goal_client/cmake/export_ros_goal_client__rosidl_generator_pyExport.cmake
[71.722s] -- Up-to-date: /home/ubuntu/turtlebot3_ws/install/ros_goal_client/share/ros_goal_client/cmake/export_ros_goal_client__rosidl_generator_pyExport-noconfig.cmake
[71.730s] Invoked command in '/home/ubuntu/turtlebot3_ws/build/ros_goal_client' returned '0': CMAKE_PREFIX_PATH=/home/ubuntu/turtlebot3_ws/install/uart_bridge_cpp:/home/ubuntu/turtlebot3_ws/install/turtlebot3:/home/ubuntu/turtlebot3_ws/install/turtlebot3_bringup:/home/ubuntu/turtlebot3_ws/install/turtlebot3_node:/home/ubuntu/turtlebot3_ws/install/turtlebot3_navigation2:/home/ubuntu/turtlebot3_ws/install/turtlebot3_fake_node:/home/ubuntu/turtlebot3_ws/install/turtlebot3_msgs:/home/ubuntu/turtlebot3_ws/install/turtlebot3_manipulation_gazebo:/home/ubuntu/turtlebot3_ws/install/turtlebot3_description:/home/ubuntu/turtlebot3_ws/install/turtlebot3_cartographer:/home/ubuntu/turtlebot3_ws/install/turtlebot3_teleop:/home/ubuntu/turtlebot3_ws/install/turtlebot3_example:/opt/ros/humble:/home/ubuntu/turtlebot3_ws/install/simple_navigation_goals:/home/ubuntu/turtlebot3_ws/install/ros_tutorials_topic:/home/ubuntu/turtlebot3_ws/install/ros_goal_client:/home/ubuntu/turtlebot3_ws/install/rescue_orchestrator:/home/ubuntu/turtlebot3_ws/install/dynamixel_sdk_examples:/home/ubuntu/turtlebot3_ws/install/dynamixel_sdk_custom_interfaces:/home/ubuntu/turtlebot3_ws/install/dynamixel_sdk:/home/ubuntu/turtlebot3_ws/install/cpp_talker_listener /usr/bin/cmake --install /home/ubuntu/turtlebot3_ws/build/ros_goal_client
