[0.128s] Invoking command in '/home/ubuntu/turtlebot3_ws/build/dynamixel_sdk_custom_interfaces': CMAKE_PREFIX_PATH=/home/ubuntu/turtlebot3_ws/install/turtlebot3:/home/ubuntu/turtlebot3_ws/install/turtlebot3_simulations:/home/ubuntu/turtlebot3_ws/install/turtlebot3_fake_node:/home/ubuntu/turtlebot3_ws/install/turtlebot3_manipulation_gazebo:/home/ubuntu/turtlebot3_ws/install/turtlebot3_gazebo:/home/ubuntu/turtlebot3_ws/install/turtlebot3_example:/home/ubuntu/turtlebot3_ws/src/install/turtlebot3_teleop:/home/ubuntu/turtlebot3_ws/src/install/turtlebot3_example:/home/ubuntu/turtlebot3_ws/install/turtlebot3_teleop:/opt/ros/humble:/home/ubuntu/turtlebot3_ws/install/simple_navigation_goals:/home/ubuntu/turtlebot3_ws/install/ros_tutorials_topic:/home/ubuntu/turtlebot3_ws/install/rescue_orchestrator:/home/ubuntu/turtlebot3_ws/install/dynamixel_sdk_examples:/home/ubuntu/turtlebot3_ws/install/cpp_talker_listener:/home/ubuntu/turtlebot3_ws/src/install/uart_bridge_cpp:/home/ubuntu/turtlebot3_ws/src/install/turtlebot3:/home/ubuntu/turtlebot3_ws/src/install/turtlebot3_simulations:/home/ubuntu/turtlebot3_ws/src/install/turtlebot3_bringup:/home/ubuntu/turtlebot3_ws/src/install/turtlebot3_node:/home/ubuntu/turtlebot3_ws/src/install/turtlebot3_navigation2:/home/ubuntu/turtlebot3_ws/src/install/turtlebot3_fake_node:/home/ubuntu/turtlebot3_ws/src/install/turtlebot3_msgs:/home/ubuntu/turtlebot3_ws/src/install/turtlebot3_manipulation_gazebo:/home/ubuntu/turtlebot3_ws/src/install/turtlebot3_gazebo:/home/ubuntu/turtlebot3_ws/src/install/turtlebot3_description:/home/ubuntu/turtlebot3_ws/src/install/turtlebot3_cartographer:/home/ubuntu/turtlebot3_ws/src/install/simple_navigation_goals:/home/ubuntu/turtlebot3_ws/src/install/ros_tutorials_topic:/home/ubuntu/turtlebot3_ws/src/install/ros_goal_client:/home/ubuntu/turtlebot3_ws/src/install/rescue_orchestrator:/home/ubuntu/turtlebot3_ws/src/install/dynamixel_sdk_examples:/home/ubuntu/turtlebot3_ws/src/install/dynamixel_sdk_custom_interfaces:/home/ubuntu/turtlebot3_ws/src/install/dynamixel_sdk:/home/ubuntu/turtlebot3_ws/src/install/cpp_talker_listener:/home/ubuntu/ros2_ws/install/uart_bridge_cpp:/home/ubuntu/turtlebot3_ws/install/uart_bridge_cpp:/home/ubuntu/turtlebot3_ws/install/turtlebot3_bringup:/home/ubuntu/turtlebot3_ws/install/turtlebot3_node:/home/ubuntu/turtlebot3_ws/install/turtlebot3_navigation2:/home/ubuntu/turtlebot3_ws/install/turtlebot3_msgs:/home/ubuntu/turtlebot3_ws/install/turtlebot3_description:/home/ubuntu/turtlebot3_ws/install/turtlebot3_cartographer:/home/ubuntu/turtlebot3_ws/install/ros_goal_client:/home/ubuntu/turtlebot3_ws/install/dynamixel_sdk_custom_interfaces:/home/ubuntu/turtlebot3_ws/install/dynamixel_sdk /usr/bin/cmake --build /home/ubuntu/turtlebot3_ws/build/dynamixel_sdk_custom_interfaces -- -j4 -l4
[0.438s] [35m[1mConsolidate compiler generated dependencies of target dynamixel_sdk_custom_interfaces__rosidl_generator_c[0m
[0.581s] [  2%] Built target dynamixel_sdk_custom_interfaces__cpp
[0.662s] [ 12%] Built target dynamixel_sdk_custom_interfaces__rosidl_generator_c
[0.715s] [ 12%] Built target ament_cmake_python_symlink_dynamixel_sdk_custom_interfaces
[0.785s] [35m[1mConsolidate compiler generated dependencies of target dynamixel_sdk_custom_interfaces__rosidl_typesupport_fastrtps_cpp[0m
[0.793s] [35m[1mConsolidate compiler generated dependencies of target dynamixel_sdk_custom_interfaces__rosidl_typesupport_cpp[0m
[0.838s] [35m[1mConsolidate compiler generated dependencies of target dynamixel_sdk_custom_interfaces__rosidl_typesupport_introspection_cpp[0m
[0.860s] [35m[1mConsolidate compiler generated dependencies of target dynamixel_sdk_custom_interfaces__rosidl_typesupport_fastrtps_c[0m
[1.004s] [ 23%] Built target dynamixel_sdk_custom_interfaces__rosidl_typesupport_fastrtps_cpp
[1.007s] [ 33%] Built target dynamixel_sdk_custom_interfaces__rosidl_typesupport_introspection_cpp
[1.064s] [ 43%] Built target dynamixel_sdk_custom_interfaces__rosidl_typesupport_cpp
[1.075s] [ 53%] Built target dynamixel_sdk_custom_interfaces__rosidl_typesupport_fastrtps_c
[1.113s] [35m[1mConsolidate compiler generated dependencies of target dynamixel_sdk_custom_interfaces__rosidl_typesupport_introspection_c[0m
[1.173s] [35m[1mConsolidate compiler generated dependencies of target dynamixel_sdk_custom_interfaces__rosidl_typesupport_c[0m
[1.217s] [ 64%] Built target dynamixel_sdk_custom_interfaces__rosidl_typesupport_introspection_c
[1.274s] [ 74%] Built target dynamixel_sdk_custom_interfaces__rosidl_typesupport_c
[1.471s] [ 74%] Built target dynamixel_sdk_custom_interfaces
[1.819s] [ 76%] Built target dynamixel_sdk_custom_interfaces__py
[1.995s] [35m[1mConsolidate compiler generated dependencies of target dynamixel_sdk_custom_interfaces__rosidl_generator_py[0m
[2.169s] [ 84%] Built target dynamixel_sdk_custom_interfaces__rosidl_generator_py
[2.320s] [35m[1mConsolidate compiler generated dependencies of target dynamixel_sdk_custom_interfaces__rosidl_typesupport_introspection_c__pyext[0m
[2.332s] [35m[1mConsolidate compiler generated dependencies of target dynamixel_sdk_custom_interfaces__rosidl_typesupport_fastrtps_c__pyext[0m
[2.347s] [35m[1mConsolidate compiler generated dependencies of target dynamixel_sdk_custom_interfaces__rosidl_typesupport_c__pyext[0m
[2.523s] [ 89%] Built target dynamixel_sdk_custom_interfaces__rosidl_typesupport_c__pyext
[2.561s] [ 94%] Built target dynamixel_sdk_custom_interfaces__rosidl_typesupport_introspection_c__pyext
[2.562s] [100%] Built target dynamixel_sdk_custom_interfaces__rosidl_typesupport_fastrtps_c__pyext
[3.368s] running egg_info
[3.374s] writing dynamixel_sdk_custom_interfaces.egg-info/PKG-INFO
[3.377s] writing dependency_links to dynamixel_sdk_custom_interfaces.egg-info/dependency_links.txt
[3.381s] writing top-level names to dynamixel_sdk_custom_interfaces.egg-info/top_level.txt
[3.397s] reading manifest file 'dynamixel_sdk_custom_interfaces.egg-info/SOURCES.txt'
[3.405s] writing manifest file 'dynamixel_sdk_custom_interfaces.egg-info/SOURCES.txt'
[3.623s] [100%] Built target ament_cmake_python_build_dynamixel_sdk_custom_interfaces_egg
[4.392s] Invoked command in '/home/ubuntu/turtlebot3_ws/build/dynamixel_sdk_custom_interfaces' returned '0': CMAKE_PREFIX_PATH=/home/ubuntu/turtlebot3_ws/install/turtlebot3:/home/ubuntu/turtlebot3_ws/install/turtlebot3_simulations:/home/ubuntu/turtlebot3_ws/install/turtlebot3_fake_node:/home/ubuntu/turtlebot3_ws/install/turtlebot3_manipulation_gazebo:/home/ubuntu/turtlebot3_ws/install/turtlebot3_gazebo:/home/ubuntu/turtlebot3_ws/install/turtlebot3_example:/home/ubuntu/turtlebot3_ws/src/install/turtlebot3_teleop:/home/ubuntu/turtlebot3_ws/src/install/turtlebot3_example:/home/ubuntu/turtlebot3_ws/install/turtlebot3_teleop:/opt/ros/humble:/home/ubuntu/turtlebot3_ws/install/simple_navigation_goals:/home/ubuntu/turtlebot3_ws/install/ros_tutorials_topic:/home/ubuntu/turtlebot3_ws/install/rescue_orchestrator:/home/ubuntu/turtlebot3_ws/install/dynamixel_sdk_examples:/home/ubuntu/turtlebot3_ws/install/cpp_talker_listener:/home/ubuntu/turtlebot3_ws/src/install/uart_bridge_cpp:/home/ubuntu/turtlebot3_ws/src/install/turtlebot3:/home/ubuntu/turtlebot3_ws/src/install/turtlebot3_simulations:/home/ubuntu/turtlebot3_ws/src/install/turtlebot3_bringup:/home/ubuntu/turtlebot3_ws/src/install/turtlebot3_node:/home/ubuntu/turtlebot3_ws/src/install/turtlebot3_navigation2:/home/ubuntu/turtlebot3_ws/src/install/turtlebot3_fake_node:/home/ubuntu/turtlebot3_ws/src/install/turtlebot3_msgs:/home/ubuntu/turtlebot3_ws/src/install/turtlebot3_manipulation_gazebo:/home/ubuntu/turtlebot3_ws/src/install/turtlebot3_gazebo:/home/ubuntu/turtlebot3_ws/src/install/turtlebot3_description:/home/ubuntu/turtlebot3_ws/src/install/turtlebot3_cartographer:/home/ubuntu/turtlebot3_ws/src/install/simple_navigation_goals:/home/ubuntu/turtlebot3_ws/src/install/ros_tutorials_topic:/home/ubuntu/turtlebot3_ws/src/install/ros_goal_client:/home/ubuntu/turtlebot3_ws/src/install/rescue_orchestrator:/home/ubuntu/turtlebot3_ws/src/install/dynamixel_sdk_examples:/home/ubuntu/turtlebot3_ws/src/install/dynamixel_sdk_custom_interfaces:/home/ubuntu/turtlebot3_ws/src/install/dynamixel_sdk:/home/ubuntu/turtlebot3_ws/src/install/cpp_talker_listener:/home/ubuntu/ros2_ws/install/uart_bridge_cpp:/home/ubuntu/turtlebot3_ws/install/uart_bridge_cpp:/home/ubuntu/turtlebot3_ws/install/turtlebot3_bringup:/home/ubuntu/turtlebot3_ws/install/turtlebot3_node:/home/ubuntu/turtlebot3_ws/install/turtlebot3_navigation2:/home/ubuntu/turtlebot3_ws/install/turtlebot3_msgs:/home/ubuntu/turtlebot3_ws/install/turtlebot3_description:/home/ubuntu/turtlebot3_ws/install/turtlebot3_cartographer:/home/ubuntu/turtlebot3_ws/install/ros_goal_client:/home/ubuntu/turtlebot3_ws/install/dynamixel_sdk_custom_interfaces:/home/ubuntu/turtlebot3_ws/install/dynamixel_sdk /usr/bin/cmake --build /home/ubuntu/turtlebot3_ws/build/dynamixel_sdk_custom_interfaces -- -j4 -l4
[4.404s] Invoking command in '/home/ubuntu/turtlebot3_ws/build/dynamixel_sdk_custom_interfaces': CMAKE_PREFIX_PATH=/home/ubuntu/turtlebot3_ws/install/turtlebot3:/home/ubuntu/turtlebot3_ws/install/turtlebot3_simulations:/home/ubuntu/turtlebot3_ws/install/turtlebot3_fake_node:/home/ubuntu/turtlebot3_ws/install/turtlebot3_manipulation_gazebo:/home/ubuntu/turtlebot3_ws/install/turtlebot3_gazebo:/home/ubuntu/turtlebot3_ws/install/turtlebot3_example:/home/ubuntu/turtlebot3_ws/src/install/turtlebot3_teleop:/home/ubuntu/turtlebot3_ws/src/install/turtlebot3_example:/home/ubuntu/turtlebot3_ws/install/turtlebot3_teleop:/opt/ros/humble:/home/ubuntu/turtlebot3_ws/install/simple_navigation_goals:/home/ubuntu/turtlebot3_ws/install/ros_tutorials_topic:/home/ubuntu/turtlebot3_ws/install/rescue_orchestrator:/home/ubuntu/turtlebot3_ws/install/dynamixel_sdk_examples:/home/ubuntu/turtlebot3_ws/install/cpp_talker_listener:/home/ubuntu/turtlebot3_ws/src/install/uart_bridge_cpp:/home/ubuntu/turtlebot3_ws/src/install/turtlebot3:/home/ubuntu/turtlebot3_ws/src/install/turtlebot3_simulations:/home/ubuntu/turtlebot3_ws/src/install/turtlebot3_bringup:/home/ubuntu/turtlebot3_ws/src/install/turtlebot3_node:/home/ubuntu/turtlebot3_ws/src/install/turtlebot3_navigation2:/home/ubuntu/turtlebot3_ws/src/install/turtlebot3_fake_node:/home/ubuntu/turtlebot3_ws/src/install/turtlebot3_msgs:/home/ubuntu/turtlebot3_ws/src/install/turtlebot3_manipulation_gazebo:/home/ubuntu/turtlebot3_ws/src/install/turtlebot3_gazebo:/home/ubuntu/turtlebot3_ws/src/install/turtlebot3_description:/home/ubuntu/turtlebot3_ws/src/install/turtlebot3_cartographer:/home/ubuntu/turtlebot3_ws/src/install/simple_navigation_goals:/home/ubuntu/turtlebot3_ws/src/install/ros_tutorials_topic:/home/ubuntu/turtlebot3_ws/src/install/ros_goal_client:/home/ubuntu/turtlebot3_ws/src/install/rescue_orchestrator:/home/ubuntu/turtlebot3_ws/src/install/dynamixel_sdk_examples:/home/ubuntu/turtlebot3_ws/src/install/dynamixel_sdk_custom_interfaces:/home/ubuntu/turtlebot3_ws/src/install/dynamixel_sdk:/home/ubuntu/turtlebot3_ws/src/install/cpp_talker_listener:/home/ubuntu/ros2_ws/install/uart_bridge_cpp:/home/ubuntu/turtlebot3_ws/install/uart_bridge_cpp:/home/ubuntu/turtlebot3_ws/install/turtlebot3_bringup:/home/ubuntu/turtlebot3_ws/install/turtlebot3_node:/home/ubuntu/turtlebot3_ws/install/turtlebot3_navigation2:/home/ubuntu/turtlebot3_ws/install/turtlebot3_msgs:/home/ubuntu/turtlebot3_ws/install/turtlebot3_description:/home/ubuntu/turtlebot3_ws/install/turtlebot3_cartographer:/home/ubuntu/turtlebot3_ws/install/ros_goal_client:/home/ubuntu/turtlebot3_ws/install/dynamixel_sdk_custom_interfaces:/home/ubuntu/turtlebot3_ws/install/dynamixel_sdk /usr/bin/cmake --install /home/ubuntu/turtlebot3_ws/build/dynamixel_sdk_custom_interfaces
[4.508s] -- Install configuration: ""
[4.512s] -- Execute custom install script
[4.523s] -- Up-to-date symlink: /home/ubuntu/turtlebot3_ws/install/dynamixel_sdk_custom_interfaces/share/ament_index/resource_index/rosidl_interfaces/dynamixel_sdk_custom_interfaces
[4.526s] -- Up-to-date symlink: /home/ubuntu/turtlebot3_ws/install/dynamixel_sdk_custom_interfaces/include/dynamixel_sdk_custom_interfaces/dynamixel_sdk_custom_interfaces/msg/detail/set_position__functions.h
[4.540s] -- Up-to-date symlink: /home/ubuntu/turtlebot3_ws/install/dynamixel_sdk_custom_interfaces/include/dynamixel_sdk_custom_interfaces/dynamixel_sdk_custom_interfaces/msg/detail/set_position__struct.h
[4.542s] -- Up-to-date symlink: /home/ubuntu/turtlebot3_ws/install/dynamixel_sdk_custom_interfaces/include/dynamixel_sdk_custom_interfaces/dynamixel_sdk_custom_interfaces/msg/detail/set_position__type_support.h
[4.558s] -- Up-to-date symlink: /home/ubuntu/turtlebot3_ws/install/dynamixel_sdk_custom_interfaces/include/dynamixel_sdk_custom_interfaces/dynamixel_sdk_custom_interfaces/msg/rosidl_generator_c__visibility_control.h
[4.561s] -- Up-to-date symlink: /home/ubuntu/turtlebot3_ws/install/dynamixel_sdk_custom_interfaces/include/dynamixel_sdk_custom_interfaces/dynamixel_sdk_custom_interfaces/msg/set_position.h
[4.563s] -- Up-to-date symlink: /home/ubuntu/turtlebot3_ws/install/dynamixel_sdk_custom_interfaces/include/dynamixel_sdk_custom_interfaces/dynamixel_sdk_custom_interfaces/srv/detail/get_position__functions.h
[4.565s] -- Up-to-date symlink: /home/ubuntu/turtlebot3_ws/install/dynamixel_sdk_custom_interfaces/include/dynamixel_sdk_custom_interfaces/dynamixel_sdk_custom_interfaces/srv/detail/get_position__struct.h
[4.567s] -- Up-to-date symlink: /home/ubuntu/turtlebot3_ws/install/dynamixel_sdk_custom_interfaces/include/dynamixel_sdk_custom_interfaces/dynamixel_sdk_custom_interfaces/srv/detail/get_position__type_support.h
[4.569s] -- Up-to-date symlink: /home/ubuntu/turtlebot3_ws/install/dynamixel_sdk_custom_interfaces/include/dynamixel_sdk_custom_interfaces/dynamixel_sdk_custom_interfaces/srv/get_position.h
[4.569s] -- Up-to-date symlink: /home/ubuntu/turtlebot3_ws/install/dynamixel_sdk_custom_interfaces/share/dynamixel_sdk_custom_interfaces/environment/library_path.sh
[4.570s] -- Up-to-date symlink: /home/ubuntu/turtlebot3_ws/install/dynamixel_sdk_custom_interfaces/share/dynamixel_sdk_custom_interfaces/environment/library_path.dsv
[4.613s] -- Up-to-date symlink: /home/ubuntu/turtlebot3_ws/install/dynamixel_sdk_custom_interfaces/include/dynamixel_sdk_custom_interfaces/dynamixel_sdk_custom_interfaces/msg/detail/set_position__rosidl_typesupport_fastrtps_c.h
[4.615s] -- Up-to-date symlink: /home/ubuntu/turtlebot3_ws/install/dynamixel_sdk_custom_interfaces/include/dynamixel_sdk_custom_interfaces/dynamixel_sdk_custom_interfaces/msg/rosidl_typesupport_fastrtps_c__visibility_control.h
[4.625s] -- Up-to-date symlink: /home/ubuntu/turtlebot3_ws/install/dynamixel_sdk_custom_interfaces/include/dynamixel_sdk_custom_interfaces/dynamixel_sdk_custom_interfaces/srv/detail/get_position__rosidl_typesupport_fastrtps_c.h
[4.650s] -- Up-to-date symlink: /home/ubuntu/turtlebot3_ws/install/dynamixel_sdk_custom_interfaces/include/dynamixel_sdk_custom_interfaces/dynamixel_sdk_custom_interfaces/msg/detail/set_position__builder.hpp
[4.664s] -- Up-to-date symlink: /home/ubuntu/turtlebot3_ws/install/dynamixel_sdk_custom_interfaces/include/dynamixel_sdk_custom_interfaces/dynamixel_sdk_custom_interfaces/msg/detail/set_position__struct.hpp
[4.668s] -- Up-to-date symlink: /home/ubuntu/turtlebot3_ws/install/dynamixel_sdk_custom_interfaces/include/dynamixel_sdk_custom_interfaces/dynamixel_sdk_custom_interfaces/msg/detail/set_position__traits.hpp
[4.671s] -- Up-to-date symlink: /home/ubuntu/turtlebot3_ws/install/dynamixel_sdk_custom_interfaces/include/dynamixel_sdk_custom_interfaces/dynamixel_sdk_custom_interfaces/msg/detail/set_position__type_support.hpp
[4.674s] -- Up-to-date symlink: /home/ubuntu/turtlebot3_ws/install/dynamixel_sdk_custom_interfaces/include/dynamixel_sdk_custom_interfaces/dynamixel_sdk_custom_interfaces/msg/rosidl_generator_cpp__visibility_control.hpp
[4.677s] -- Up-to-date symlink: /home/ubuntu/turtlebot3_ws/install/dynamixel_sdk_custom_interfaces/include/dynamixel_sdk_custom_interfaces/dynamixel_sdk_custom_interfaces/msg/set_position.hpp
[4.679s] -- Up-to-date symlink: /home/ubuntu/turtlebot3_ws/install/dynamixel_sdk_custom_interfaces/include/dynamixel_sdk_custom_interfaces/dynamixel_sdk_custom_interfaces/srv/detail/get_position__builder.hpp
[4.680s] -- Up-to-date symlink: /home/ubuntu/turtlebot3_ws/install/dynamixel_sdk_custom_interfaces/include/dynamixel_sdk_custom_interfaces/dynamixel_sdk_custom_interfaces/srv/detail/get_position__struct.hpp
[4.681s] -- Up-to-date symlink: /home/ubuntu/turtlebot3_ws/install/dynamixel_sdk_custom_interfaces/include/dynamixel_sdk_custom_interfaces/dynamixel_sdk_custom_interfaces/srv/detail/get_position__traits.hpp
[4.684s] -- Up-to-date symlink: /home/ubuntu/turtlebot3_ws/install/dynamixel_sdk_custom_interfaces/include/dynamixel_sdk_custom_interfaces/dynamixel_sdk_custom_interfaces/srv/detail/get_position__type_support.hpp
[4.686s] -- Up-to-date symlink: /home/ubuntu/turtlebot3_ws/install/dynamixel_sdk_custom_interfaces/include/dynamixel_sdk_custom_interfaces/dynamixel_sdk_custom_interfaces/srv/get_position.hpp
[4.712s] -- Up-to-date symlink: /home/ubuntu/turtlebot3_ws/install/dynamixel_sdk_custom_interfaces/include/dynamixel_sdk_custom_interfaces/dynamixel_sdk_custom_interfaces/msg/detail/set_position__rosidl_typesupport_fastrtps_cpp.hpp
[4.714s] -- Up-to-date symlink: /home/ubuntu/turtlebot3_ws/install/dynamixel_sdk_custom_interfaces/include/dynamixel_sdk_custom_interfaces/dynamixel_sdk_custom_interfaces/msg/rosidl_typesupport_fastrtps_cpp__visibility_control.h
[4.714s] -- Up-to-date symlink: /home/ubuntu/turtlebot3_ws/install/dynamixel_sdk_custom_interfaces/include/dynamixel_sdk_custom_interfaces/dynamixel_sdk_custom_interfaces/srv/detail/get_position__rosidl_typesupport_fastrtps_cpp.hpp
[4.730s] -- Up-to-date symlink: /home/ubuntu/turtlebot3_ws/install/dynamixel_sdk_custom_interfaces/include/dynamixel_sdk_custom_interfaces/dynamixel_sdk_custom_interfaces/msg/detail/set_position__rosidl_typesupport_introspection_c.h
[4.731s] -- Up-to-date symlink: /home/ubuntu/turtlebot3_ws/install/dynamixel_sdk_custom_interfaces/include/dynamixel_sdk_custom_interfaces/dynamixel_sdk_custom_interfaces/msg/rosidl_typesupport_introspection_c__visibility_control.h
[4.733s] -- Up-to-date symlink: /home/ubuntu/turtlebot3_ws/install/dynamixel_sdk_custom_interfaces/include/dynamixel_sdk_custom_interfaces/dynamixel_sdk_custom_interfaces/srv/detail/get_position__rosidl_typesupport_introspection_c.h
[4.735s] -- Up-to-date symlink: /home/ubuntu/turtlebot3_ws/install/dynamixel_sdk_custom_interfaces/include/dynamixel_sdk_custom_interfaces/dynamixel_sdk_custom_interfaces/msg/detail/set_position__rosidl_typesupport_introspection_cpp.hpp
[4.736s] -- Up-to-date symlink: /home/ubuntu/turtlebot3_ws/install/dynamixel_sdk_custom_interfaces/include/dynamixel_sdk_custom_interfaces/dynamixel_sdk_custom_interfaces/srv/detail/get_position__rosidl_typesupport_introspection_cpp.hpp
[4.739s] -- Up-to-date symlink: /home/ubuntu/turtlebot3_ws/install/dynamixel_sdk_custom_interfaces/share/dynamixel_sdk_custom_interfaces/environment/pythonpath.sh
[4.743s] -- Up-to-date symlink: /home/ubuntu/turtlebot3_ws/install/dynamixel_sdk_custom_interfaces/share/dynamixel_sdk_custom_interfaces/environment/pythonpath.dsv
[4.747s] -- Up-to-date symlink: /home/ubuntu/turtlebot3_ws/install/dynamixel_sdk_custom_interfaces/local/lib/python3.10/dist-packages/dynamixel_sdk_custom_interfaces-3.8.4-py3.10.egg-info/PKG-INFO
[4.749s] -- Up-to-date symlink: /home/ubuntu/turtlebot3_ws/install/dynamixel_sdk_custom_interfaces/local/lib/python3.10/dist-packages/dynamixel_sdk_custom_interfaces-3.8.4-py3.10.egg-info/SOURCES.txt
[4.750s] -- Up-to-date symlink: /home/ubuntu/turtlebot3_ws/install/dynamixel_sdk_custom_interfaces/local/lib/python3.10/dist-packages/dynamixel_sdk_custom_interfaces-3.8.4-py3.10.egg-info/dependency_links.txt
[4.752s] -- Up-to-date symlink: /home/ubuntu/turtlebot3_ws/install/dynamixel_sdk_custom_interfaces/local/lib/python3.10/dist-packages/dynamixel_sdk_custom_interfaces-3.8.4-py3.10.egg-info/top_level.txt
[4.757s] -- Up-to-date symlink: /home/ubuntu/turtlebot3_ws/install/dynamixel_sdk_custom_interfaces/local/lib/python3.10/dist-packages/dynamixel_sdk_custom_interfaces/__init__.py
[4.759s] -- Up-to-date symlink: /home/ubuntu/turtlebot3_ws/install/dynamixel_sdk_custom_interfaces/local/lib/python3.10/dist-packages/dynamixel_sdk_custom_interfaces/_dynamixel_sdk_custom_interfaces_s.ep.rosidl_typesupport_c.c
[4.760s] -- Up-to-date symlink: /home/ubuntu/turtlebot3_ws/install/dynamixel_sdk_custom_interfaces/local/lib/python3.10/dist-packages/dynamixel_sdk_custom_interfaces/_dynamixel_sdk_custom_interfaces_s.ep.rosidl_typesupport_fastrtps_c.c
[4.763s] -- Up-to-date symlink: /home/ubuntu/turtlebot3_ws/install/dynamixel_sdk_custom_interfaces/local/lib/python3.10/dist-packages/dynamixel_sdk_custom_interfaces/_dynamixel_sdk_custom_interfaces_s.ep.rosidl_typesupport_introspection_c.c
[4.765s] -- Up-to-date symlink: /home/ubuntu/turtlebot3_ws/install/dynamixel_sdk_custom_interfaces/local/lib/python3.10/dist-packages/dynamixel_sdk_custom_interfaces/dynamixel_sdk_custom_interfaces_s__rosidl_typesupport_c.cpython-310-aarch64-linux-gnu.so
[4.767s] -- Up-to-date symlink: /home/ubuntu/turtlebot3_ws/install/dynamixel_sdk_custom_interfaces/local/lib/python3.10/dist-packages/dynamixel_sdk_custom_interfaces/dynamixel_sdk_custom_interfaces_s__rosidl_typesupport_fastrtps_c.cpython-310-aarch64-linux-gnu.so
[4.769s] -- Up-to-date symlink: /home/ubuntu/turtlebot3_ws/install/dynamixel_sdk_custom_interfaces/local/lib/python3.10/dist-packages/dynamixel_sdk_custom_interfaces/dynamixel_sdk_custom_interfaces_s__rosidl_typesupport_introspection_c.cpython-310-aarch64-linux-gnu.so
[4.771s] -- Up-to-date symlink: /home/ubuntu/turtlebot3_ws/install/dynamixel_sdk_custom_interfaces/local/lib/python3.10/dist-packages/dynamixel_sdk_custom_interfaces/libdynamixel_sdk_custom_interfaces__rosidl_generator_py.so
[4.773s] -- Up-to-date symlink: /home/ubuntu/turtlebot3_ws/install/dynamixel_sdk_custom_interfaces/local/lib/python3.10/dist-packages/dynamixel_sdk_custom_interfaces/msg/__init__.py
[4.774s] -- Up-to-date symlink: /home/ubuntu/turtlebot3_ws/install/dynamixel_sdk_custom_interfaces/local/lib/python3.10/dist-packages/dynamixel_sdk_custom_interfaces/msg/_set_position.py
[4.777s] -- Up-to-date symlink: /home/ubuntu/turtlebot3_ws/install/dynamixel_sdk_custom_interfaces/local/lib/python3.10/dist-packages/dynamixel_sdk_custom_interfaces/msg/_set_position_s.c
[4.779s] -- Up-to-date symlink: /home/ubuntu/turtlebot3_ws/install/dynamixel_sdk_custom_interfaces/local/lib/python3.10/dist-packages/dynamixel_sdk_custom_interfaces/srv/__init__.py
[4.780s] -- Up-to-date symlink: /home/ubuntu/turtlebot3_ws/install/dynamixel_sdk_custom_interfaces/local/lib/python3.10/dist-packages/dynamixel_sdk_custom_interfaces/srv/_get_position.py
[4.783s] -- Up-to-date symlink: /home/ubuntu/turtlebot3_ws/install/dynamixel_sdk_custom_interfaces/local/lib/python3.10/dist-packages/dynamixel_sdk_custom_interfaces/srv/_get_position_s.c
[4.786s] -- Up-to-date symlink: /home/ubuntu/turtlebot3_ws/install/dynamixel_sdk_custom_interfaces/local/lib/python3.10/dist-packages/dynamixel_sdk_custom_interfaces/dynamixel_sdk_custom_interfaces_s__rosidl_typesupport_fastrtps_c.cpython-310-aarch64-linux-gnu.so
[4.789s] -- Up-to-date symlink: /home/ubuntu/turtlebot3_ws/install/dynamixel_sdk_custom_interfaces/local/lib/python3.10/dist-packages/dynamixel_sdk_custom_interfaces/dynamixel_sdk_custom_interfaces_s__rosidl_typesupport_introspection_c.cpython-310-aarch64-linux-gnu.so
[4.791s] -- Up-to-date symlink: /home/ubuntu/turtlebot3_ws/install/dynamixel_sdk_custom_interfaces/local/lib/python3.10/dist-packages/dynamixel_sdk_custom_interfaces/dynamixel_sdk_custom_interfaces_s__rosidl_typesupport_c.cpython-310-aarch64-linux-gnu.so
[4.793s] -- Up-to-date symlink: /home/ubuntu/turtlebot3_ws/install/dynamixel_sdk_custom_interfaces/share/dynamixel_sdk_custom_interfaces/msg/SetPosition.idl
[4.793s] -- Up-to-date symlink: /home/ubuntu/turtlebot3_ws/install/dynamixel_sdk_custom_interfaces/share/dynamixel_sdk_custom_interfaces/srv/GetPosition.idl
[4.794s] -- Up-to-date symlink: /home/ubuntu/turtlebot3_ws/install/dynamixel_sdk_custom_interfaces/share/dynamixel_sdk_custom_interfaces/msg/SetPosition.msg
[4.795s] -- Up-to-date symlink: /home/ubuntu/turtlebot3_ws/install/dynamixel_sdk_custom_interfaces/share/dynamixel_sdk_custom_interfaces/srv/GetPosition.srv
[4.797s] -- Up-to-date symlink: /home/ubuntu/turtlebot3_ws/install/dynamixel_sdk_custom_interfaces/share/dynamixel_sdk_custom_interfaces/srv/GetPosition_Request.msg
[4.799s] -- Up-to-date symlink: /home/ubuntu/turtlebot3_ws/install/dynamixel_sdk_custom_interfaces/share/dynamixel_sdk_custom_interfaces/srv/GetPosition_Response.msg
[4.800s] -- Up-to-date symlink: /home/ubuntu/turtlebot3_ws/install/dynamixel_sdk_custom_interfaces/share/ament_index/resource_index/package_run_dependencies/dynamixel_sdk_custom_interfaces
[4.801s] -- Up-to-date symlink: /home/ubuntu/turtlebot3_ws/install/dynamixel_sdk_custom_interfaces/share/ament_index/resource_index/parent_prefix_path/dynamixel_sdk_custom_interfaces
[4.801s] -- Up-to-date symlink: /home/ubuntu/turtlebot3_ws/install/dynamixel_sdk_custom_interfaces/share/dynamixel_sdk_custom_interfaces/environment/ament_prefix_path.sh
[4.802s] -- Up-to-date symlink: /home/ubuntu/turtlebot3_ws/install/dynamixel_sdk_custom_interfaces/share/dynamixel_sdk_custom_interfaces/environment/ament_prefix_path.dsv
[4.803s] -- Up-to-date symlink: /home/ubuntu/turtlebot3_ws/install/dynamixel_sdk_custom_interfaces/share/dynamixel_sdk_custom_interfaces/environment/path.sh
[4.804s] -- Up-to-date symlink: /home/ubuntu/turtlebot3_ws/install/dynamixel_sdk_custom_interfaces/share/dynamixel_sdk_custom_interfaces/environment/path.dsv
[4.804s] -- Up-to-date symlink: /home/ubuntu/turtlebot3_ws/install/dynamixel_sdk_custom_interfaces/share/dynamixel_sdk_custom_interfaces/local_setup.bash
[4.805s] -- Up-to-date symlink: /home/ubuntu/turtlebot3_ws/install/dynamixel_sdk_custom_interfaces/share/dynamixel_sdk_custom_interfaces/local_setup.sh
[4.805s] -- Up-to-date symlink: /home/ubuntu/turtlebot3_ws/install/dynamixel_sdk_custom_interfaces/share/dynamixel_sdk_custom_interfaces/local_setup.zsh
[4.806s] -- Up-to-date symlink: /home/ubuntu/turtlebot3_ws/install/dynamixel_sdk_custom_interfaces/share/dynamixel_sdk_custom_interfaces/local_setup.dsv
[4.807s] -- Symlinking: /home/ubuntu/turtlebot3_ws/install/dynamixel_sdk_custom_interfaces/share/dynamixel_sdk_custom_interfaces/package.dsv
[4.828s] -- Up-to-date symlink: /home/ubuntu/turtlebot3_ws/install/dynamixel_sdk_custom_interfaces/share/ament_index/resource_index/packages/dynamixel_sdk_custom_interfaces
[4.829s] -- Up-to-date symlink: /home/ubuntu/turtlebot3_ws/install/dynamixel_sdk_custom_interfaces/share/dynamixel_sdk_custom_interfaces/cmake/rosidl_cmake-extras.cmake
[4.830s] -- Up-to-date symlink: /home/ubuntu/turtlebot3_ws/install/dynamixel_sdk_custom_interfaces/share/dynamixel_sdk_custom_interfaces/cmake/ament_cmake_export_dependencies-extras.cmake
[4.833s] -- Up-to-date symlink: /home/ubuntu/turtlebot3_ws/install/dynamixel_sdk_custom_interfaces/share/dynamixel_sdk_custom_interfaces/cmake/ament_cmake_export_include_directories-extras.cmake
[4.839s] -- Up-to-date symlink: /home/ubuntu/turtlebot3_ws/install/dynamixel_sdk_custom_interfaces/share/dynamixel_sdk_custom_interfaces/cmake/ament_cmake_export_libraries-extras.cmake
[4.845s] -- Up-to-date symlink: /home/ubuntu/turtlebot3_ws/install/dynamixel_sdk_custom_interfaces/share/dynamixel_sdk_custom_interfaces/cmake/ament_cmake_export_targets-extras.cmake
[4.849s] -- Up-to-date symlink: /home/ubuntu/turtlebot3_ws/install/dynamixel_sdk_custom_interfaces/share/dynamixel_sdk_custom_interfaces/cmake/rosidl_cmake_export_typesupport_targets-extras.cmake
[4.853s] -- Up-to-date symlink: /home/ubuntu/turtlebot3_ws/install/dynamixel_sdk_custom_interfaces/share/dynamixel_sdk_custom_interfaces/cmake/rosidl_cmake_export_typesupport_libraries-extras.cmake
[4.856s] -- Up-to-date symlink: /home/ubuntu/turtlebot3_ws/install/dynamixel_sdk_custom_interfaces/share/dynamixel_sdk_custom_interfaces/cmake/dynamixel_sdk_custom_interfacesConfig.cmake
[4.859s] -- Up-to-date symlink: /home/ubuntu/turtlebot3_ws/install/dynamixel_sdk_custom_interfaces/share/dynamixel_sdk_custom_interfaces/cmake/dynamixel_sdk_custom_interfacesConfig-version.cmake
[4.863s] -- Up-to-date symlink: /home/ubuntu/turtlebot3_ws/install/dynamixel_sdk_custom_interfaces/share/dynamixel_sdk_custom_interfaces/package.xml
[4.867s] -- Up-to-date: /home/ubuntu/turtlebot3_ws/install/dynamixel_sdk_custom_interfaces/lib/libdynamixel_sdk_custom_interfaces__rosidl_generator_c.so
[4.871s] -- Up-to-date: /home/ubuntu/turtlebot3_ws/install/dynamixel_sdk_custom_interfaces/lib/libdynamixel_sdk_custom_interfaces__rosidl_typesupport_fastrtps_c.so
[4.884s] -- Up-to-date: /home/ubuntu/turtlebot3_ws/install/dynamixel_sdk_custom_interfaces/lib/libdynamixel_sdk_custom_interfaces__rosidl_typesupport_fastrtps_cpp.so
[4.885s] -- Up-to-date: /home/ubuntu/turtlebot3_ws/install/dynamixel_sdk_custom_interfaces/lib/libdynamixel_sdk_custom_interfaces__rosidl_typesupport_introspection_c.so
[4.886s] -- Up-to-date: /home/ubuntu/turtlebot3_ws/install/dynamixel_sdk_custom_interfaces/lib/libdynamixel_sdk_custom_interfaces__rosidl_typesupport_c.so
[4.888s] -- Up-to-date: /home/ubuntu/turtlebot3_ws/install/dynamixel_sdk_custom_interfaces/lib/libdynamixel_sdk_custom_interfaces__rosidl_typesupport_introspection_cpp.so
[4.890s] -- Up-to-date: /home/ubuntu/turtlebot3_ws/install/dynamixel_sdk_custom_interfaces/lib/libdynamixel_sdk_custom_interfaces__rosidl_typesupport_cpp.so
[5.119s] Listing '/home/ubuntu/turtlebot3_ws/install/dynamixel_sdk_custom_interfaces/local/lib/python3.10/dist-packages/dynamixel_sdk_custom_interfaces'...
[5.125s] Listing '/home/ubuntu/turtlebot3_ws/install/dynamixel_sdk_custom_interfaces/local/lib/python3.10/dist-packages/dynamixel_sdk_custom_interfaces/msg'...
[5.127s] Listing '/home/ubuntu/turtlebot3_ws/install/dynamixel_sdk_custom_interfaces/local/lib/python3.10/dist-packages/dynamixel_sdk_custom_interfaces/srv'...
[5.160s] -- Up-to-date: /home/ubuntu/turtlebot3_ws/install/dynamixel_sdk_custom_interfaces/lib/libdynamixel_sdk_custom_interfaces__rosidl_generator_py.so
[5.161s] -- Up-to-date: /home/ubuntu/turtlebot3_ws/install/dynamixel_sdk_custom_interfaces/share/dynamixel_sdk_custom_interfaces/cmake/export_dynamixel_sdk_custom_interfaces__rosidl_generator_cExport.cmake
[5.163s] -- Up-to-date: /home/ubuntu/turtlebot3_ws/install/dynamixel_sdk_custom_interfaces/share/dynamixel_sdk_custom_interfaces/cmake/export_dynamixel_sdk_custom_interfaces__rosidl_generator_cExport-noconfig.cmake
[5.165s] -- Up-to-date: /home/ubuntu/turtlebot3_ws/install/dynamixel_sdk_custom_interfaces/share/dynamixel_sdk_custom_interfaces/cmake/export_dynamixel_sdk_custom_interfaces__rosidl_typesupport_fastrtps_cExport.cmake
[5.167s] -- Up-to-date: /home/ubuntu/turtlebot3_ws/install/dynamixel_sdk_custom_interfaces/share/dynamixel_sdk_custom_interfaces/cmake/export_dynamixel_sdk_custom_interfaces__rosidl_typesupport_fastrtps_cExport-noconfig.cmake
[5.168s] -- Up-to-date: /home/ubuntu/turtlebot3_ws/install/dynamixel_sdk_custom_interfaces/share/dynamixel_sdk_custom_interfaces/cmake/export_dynamixel_sdk_custom_interfaces__rosidl_generator_cppExport.cmake
[5.169s] -- Up-to-date: /home/ubuntu/turtlebot3_ws/install/dynamixel_sdk_custom_interfaces/share/dynamixel_sdk_custom_interfaces/cmake/export_dynamixel_sdk_custom_interfaces__rosidl_typesupport_fastrtps_cppExport.cmake
[5.170s] -- Up-to-date: /home/ubuntu/turtlebot3_ws/install/dynamixel_sdk_custom_interfaces/share/dynamixel_sdk_custom_interfaces/cmake/export_dynamixel_sdk_custom_interfaces__rosidl_typesupport_fastrtps_cppExport-noconfig.cmake
[5.173s] -- Up-to-date: /home/ubuntu/turtlebot3_ws/install/dynamixel_sdk_custom_interfaces/share/dynamixel_sdk_custom_interfaces/cmake/dynamixel_sdk_custom_interfaces__rosidl_typesupport_introspection_cExport.cmake
[5.173s] -- Up-to-date: /home/ubuntu/turtlebot3_ws/install/dynamixel_sdk_custom_interfaces/share/dynamixel_sdk_custom_interfaces/cmake/dynamixel_sdk_custom_interfaces__rosidl_typesupport_introspection_cExport-noconfig.cmake
[5.174s] -- Up-to-date: /home/ubuntu/turtlebot3_ws/install/dynamixel_sdk_custom_interfaces/share/dynamixel_sdk_custom_interfaces/cmake/dynamixel_sdk_custom_interfaces__rosidl_typesupport_cExport.cmake
[5.175s] -- Up-to-date: /home/ubuntu/turtlebot3_ws/install/dynamixel_sdk_custom_interfaces/share/dynamixel_sdk_custom_interfaces/cmake/dynamixel_sdk_custom_interfaces__rosidl_typesupport_cExport-noconfig.cmake
[5.177s] -- Up-to-date: /home/ubuntu/turtlebot3_ws/install/dynamixel_sdk_custom_interfaces/share/dynamixel_sdk_custom_interfaces/cmake/dynamixel_sdk_custom_interfaces__rosidl_typesupport_introspection_cppExport.cmake
[5.177s] -- Up-to-date: /home/ubuntu/turtlebot3_ws/install/dynamixel_sdk_custom_interfaces/share/dynamixel_sdk_custom_interfaces/cmake/dynamixel_sdk_custom_interfaces__rosidl_typesupport_introspection_cppExport-noconfig.cmake
[5.179s] -- Up-to-date: /home/ubuntu/turtlebot3_ws/install/dynamixel_sdk_custom_interfaces/share/dynamixel_sdk_custom_interfaces/cmake/dynamixel_sdk_custom_interfaces__rosidl_typesupport_cppExport.cmake
[5.180s] -- Up-to-date: /home/ubuntu/turtlebot3_ws/install/dynamixel_sdk_custom_interfaces/share/dynamixel_sdk_custom_interfaces/cmake/dynamixel_sdk_custom_interfaces__rosidl_typesupport_cppExport-noconfig.cmake
[5.180s] -- Up-to-date: /home/ubuntu/turtlebot3_ws/install/dynamixel_sdk_custom_interfaces/share/dynamixel_sdk_custom_interfaces/cmake/export_dynamixel_sdk_custom_interfaces__rosidl_generator_pyExport.cmake
[5.181s] -- Up-to-date: /home/ubuntu/turtlebot3_ws/install/dynamixel_sdk_custom_interfaces/share/dynamixel_sdk_custom_interfaces/cmake/export_dynamixel_sdk_custom_interfaces__rosidl_generator_pyExport-noconfig.cmake
[5.266s] Invoked command in '/home/ubuntu/turtlebot3_ws/build/dynamixel_sdk_custom_interfaces' returned '0': CMAKE_PREFIX_PATH=/home/ubuntu/turtlebot3_ws/install/turtlebot3:/home/ubuntu/turtlebot3_ws/install/turtlebot3_simulations:/home/ubuntu/turtlebot3_ws/install/turtlebot3_fake_node:/home/ubuntu/turtlebot3_ws/install/turtlebot3_manipulation_gazebo:/home/ubuntu/turtlebot3_ws/install/turtlebot3_gazebo:/home/ubuntu/turtlebot3_ws/install/turtlebot3_example:/home/ubuntu/turtlebot3_ws/src/install/turtlebot3_teleop:/home/ubuntu/turtlebot3_ws/src/install/turtlebot3_example:/home/ubuntu/turtlebot3_ws/install/turtlebot3_teleop:/opt/ros/humble:/home/ubuntu/turtlebot3_ws/install/simple_navigation_goals:/home/ubuntu/turtlebot3_ws/install/ros_tutorials_topic:/home/ubuntu/turtlebot3_ws/install/rescue_orchestrator:/home/ubuntu/turtlebot3_ws/install/dynamixel_sdk_examples:/home/ubuntu/turtlebot3_ws/install/cpp_talker_listener:/home/ubuntu/turtlebot3_ws/src/install/uart_bridge_cpp:/home/ubuntu/turtlebot3_ws/src/install/turtlebot3:/home/ubuntu/turtlebot3_ws/src/install/turtlebot3_simulations:/home/ubuntu/turtlebot3_ws/src/install/turtlebot3_bringup:/home/ubuntu/turtlebot3_ws/src/install/turtlebot3_node:/home/ubuntu/turtlebot3_ws/src/install/turtlebot3_navigation2:/home/ubuntu/turtlebot3_ws/src/install/turtlebot3_fake_node:/home/ubuntu/turtlebot3_ws/src/install/turtlebot3_msgs:/home/ubuntu/turtlebot3_ws/src/install/turtlebot3_manipulation_gazebo:/home/ubuntu/turtlebot3_ws/src/install/turtlebot3_gazebo:/home/ubuntu/turtlebot3_ws/src/install/turtlebot3_description:/home/ubuntu/turtlebot3_ws/src/install/turtlebot3_cartographer:/home/ubuntu/turtlebot3_ws/src/install/simple_navigation_goals:/home/ubuntu/turtlebot3_ws/src/install/ros_tutorials_topic:/home/ubuntu/turtlebot3_ws/src/install/ros_goal_client:/home/ubuntu/turtlebot3_ws/src/install/rescue_orchestrator:/home/ubuntu/turtlebot3_ws/src/install/dynamixel_sdk_examples:/home/ubuntu/turtlebot3_ws/src/install/dynamixel_sdk_custom_interfaces:/home/ubuntu/turtlebot3_ws/src/install/dynamixel_sdk:/home/ubuntu/turtlebot3_ws/src/install/cpp_talker_listener:/home/ubuntu/ros2_ws/install/uart_bridge_cpp:/home/ubuntu/turtlebot3_ws/install/uart_bridge_cpp:/home/ubuntu/turtlebot3_ws/install/turtlebot3_bringup:/home/ubuntu/turtlebot3_ws/install/turtlebot3_node:/home/ubuntu/turtlebot3_ws/install/turtlebot3_navigation2:/home/ubuntu/turtlebot3_ws/install/turtlebot3_msgs:/home/ubuntu/turtlebot3_ws/install/turtlebot3_description:/home/ubuntu/turtlebot3_ws/install/turtlebot3_cartographer:/home/ubuntu/turtlebot3_ws/install/ros_goal_client:/home/ubuntu/turtlebot3_ws/install/dynamixel_sdk_custom_interfaces:/home/ubuntu/turtlebot3_ws/install/dynamixel_sdk /usr/bin/cmake --install /home/ubuntu/turtlebot3_ws/build/dynamixel_sdk_custom_interfaces
