[01m[K/home/ubuntu/turtlebot3_ws/src/ros_goal_client/src/rosGoalServer.cpp:286:1:[m[K [01;31m[Kerror: [m[Kexpected initializer before ‘[01m[Kif[m[K’
  286 | [01;31m[Kif[m[K (reached_flag) reached_flag->store(false);
      | [01;31m[K^~[m[K
[01m[K/home/ubuntu/turtlebot3_ws/src/ros_goal_client/src/rosGoalServer.cpp:287:1:[m[K [01;31m[Kerror: [m[Kexpected unqualified-id before ‘[01m[K{[m[K’ token
  287 | [01;31m[K{[m[K
      | [01;31m[K^[m[K
[01m[K/home/ubuntu/turtlebot3_ws/src/ros_goal_client/src/rosGoalServer.cpp:95:13:[m[K [01;35m[Kwarning: [m[K‘[01m[Kvoid go_to_pose(const PoseStamped&, const string&, const string&, std::atomic<bool>*)[m[K’ declared ‘[01m[Kstatic[m[K’ but never defined [[01;35m[K-Wunused-function[m[K]
   95 | static void [01;35m[Kgo_to_pose[m[K(const geometry_msgs::msg::PoseStamped &pose,
      |             [01;35m[K^~~~~~~~~~[m[K
[01m[K/home/ubuntu/turtlebot3_ws/src/ros_goal_client/src/rosGoalServer.cpp:95:13:[m[K [01;35m[Kwarning: [m[K‘[01m[Kvoid go_to_pose(const PoseStamped&, const string&, const string&, std::atomic<bool>*)[m[K’ used but never defined
[01m[K/home/ubuntu/turtlebot3_ws/src/ros_goal_client/src/rosGoalServer.cpp:258:13:[m[K [01;35m[Kwarning: [m[K‘[01m[Kvoid on_stm_rx(std_msgs::msg::String_<std::allocator<void> >::SharedPtr)[m[K’ defined but not used [[01;35m[K-Wunused-function[m[K]
  258 | static void [01;35m[Kon_stm_rx[m[K(const std_msgs::msg::String::SharedPtr msg)
      |             [01;35m[K^~~~~~~~~[m[K
[01m[K/home/ubuntu/turtlebot3_ws/src/ros_goal_client/src/rosGoalServer.cpp:215:13:[m[K [01;35m[Kwarning: [m[K‘[01m[Kvoid on_uart_rx(std_msgs::msg::String_<std::allocator<void> >::SharedPtr)[m[K’ defined but not used [[01;35m[K-Wunused-function[m[K]
  215 | static void [01;35m[Kon_uart_rx[m[K(const std_msgs::msg::String::SharedPtr msg)
      |             [01;35m[K^~~~~~~~~~[m[K
[01m[K/home/ubuntu/turtlebot3_ws/src/ros_goal_client/src/rosGoalServer.cpp:100:13:[m[K [01;35m[Kwarning: [m[K‘[01m[Kvoid map_cb(nav_msgs::msg::OccupancyGrid_<std::allocator<void> >::SharedPtr)[m[K’ defined but not used [[01;35m[K-Wunused-function[m[K]
  100 | static void [01;35m[Kmap_cb[m[K(const nav_msgs::msg::OccupancyGrid::SharedPtr msg)
      |             [01;35m[K^~~~~~[m[K
gmake[2]: *** [CMakeFiles/rosGoalServer.dir/build.make:76: CMakeFiles/rosGoalServer.dir/src/rosGoalServer.cpp.o] Error 1
gmake[1]: *** [CMakeFiles/Makefile2:595: CMakeFiles/rosGoalServer.dir/all] Error 2
gmake: *** [Makefile:146: all] Error 2
