[0.121s] Invoking command in '/home/ubuntu/turtlebot3_ws/build/dynamixel_sdk': CMAKE_PREFIX_PATH=${CMAKE_PREFIX_PATH}:/home/ubuntu/turtlebot3_ws/install/turtlebot3_example:/home/ubuntu/turtlebot3_ws/src/install/turtlebot3_teleop:/home/ubuntu/turtlebot3_ws/src/install/turtlebot3_example:/home/ubuntu/turtlebot3_ws/install/turtlebot3_teleop:/opt/ros/humble /usr/bin/cmake /home/ubuntu/turtlebot3_ws/src/DynamixelSDK/ros/dynamixel_sdk -DAMENT_CMAKE_SYMLINK_INSTALL=1 -DCMAKE_INSTALL_PREFIX=/home/ubuntu/turtlebot3_ws/install/dynamixel_sdk
[0.542s] -- The C compiler identification is GNU 11.4.0
[1.077s] -- The CXX compiler identification is GNU 11.4.0
[1.166s] -- Detecting C compiler ABI info
[1.751s] -- Detecting C compiler ABI info - done
[1.789s] -- Check for working C compiler: /usr/bin/cc - skipped
[1.790s] -- Detecting C compile features
[1.792s] -- Detecting C compile features - done
[1.806s] -- Detecting CXX compiler ABI info
[2.462s] -- Detecting CXX compiler ABI info - done
[2.523s] -- Check for working CXX compiler: /usr/bin/c++ - skipped
[2.525s] -- Detecting CXX compile features
[2.528s] -- Detecting CXX compile features - done
[2.607s] -- Found ament_cmake: 1.3.12 (/opt/ros/humble/share/ament_cmake/cmake)
[4.378s] -- Found Python3: /usr/bin/python3 (found version "3.10.12") found components: Interpreter 
[4.909s] -- Override CMake install command with custom implementation using symlinks instead of copying resources
[6.937s] -- Configuring done
[7.035s] -- Generating done
[7.053s] -- Build files have been written to: /home/ubuntu/turtlebot3_ws/build/dynamixel_sdk
[7.074s] Invoked command in '/home/ubuntu/turtlebot3_ws/build/dynamixel_sdk' returned '0': CMAKE_PREFIX_PATH=${CMAKE_PREFIX_PATH}:/home/ubuntu/turtlebot3_ws/install/turtlebot3_example:/home/ubuntu/turtlebot3_ws/src/install/turtlebot3_teleop:/home/ubuntu/turtlebot3_ws/src/install/turtlebot3_example:/home/ubuntu/turtlebot3_ws/install/turtlebot3_teleop:/opt/ros/humble /usr/bin/cmake /home/ubuntu/turtlebot3_ws/src/DynamixelSDK/ros/dynamixel_sdk -DAMENT_CMAKE_SYMLINK_INSTALL=1 -DCMAKE_INSTALL_PREFIX=/home/ubuntu/turtlebot3_ws/install/dynamixel_sdk
[7.083s] Invoking command in '/home/ubuntu/turtlebot3_ws/build/dynamixel_sdk': CMAKE_PREFIX_PATH=${CMAKE_PREFIX_PATH}:/home/ubuntu/turtlebot3_ws/install/turtlebot3_example:/home/ubuntu/turtlebot3_ws/src/install/turtlebot3_teleop:/home/ubuntu/turtlebot3_ws/src/install/turtlebot3_example:/home/ubuntu/turtlebot3_ws/install/turtlebot3_teleop:/opt/ros/humble /usr/bin/cmake --build /home/ubuntu/turtlebot3_ws/build/dynamixel_sdk -- -j4 -l4
[7.495s] [  7%] [32mBuilding CXX object CMakeFiles/dynamixel_sdk.dir/src/dynamixel_sdk/packet_handler.cpp.o[0m
[7.537s] [ 15%] [32mBuilding CXX object CMakeFiles/dynamixel_sdk.dir/src/dynamixel_sdk/protocol1_packet_handler.cpp.o[0m
[7.550s] [ 23%] [32mBuilding CXX object CMakeFiles/dynamixel_sdk.dir/src/dynamixel_sdk/protocol2_packet_handler.cpp.o[0m
[7.630s] [ 23%] Built target ament_cmake_python_symlink_dynamixel_sdk
[8.822s] [ 30%] [32mBuilding CXX object CMakeFiles/dynamixel_sdk.dir/src/dynamixel_sdk/group_sync_read.cpp.o[0m
[9.355s] [ 38%] [32mBuilding CXX object CMakeFiles/dynamixel_sdk.dir/src/dynamixel_sdk/group_sync_write.cpp.o[0m
[10.641s] [ 46%] [32mBuilding CXX object CMakeFiles/dynamixel_sdk.dir/src/dynamixel_sdk/group_bulk_read.cpp.o[0m
[11.420s] running egg_info
[11.425s] creating dynamixel_sdk.egg-info
[11.426s] writing dynamixel_sdk.egg-info/PKG-INFO
[11.427s] writing dependency_links to dynamixel_sdk.egg-info/dependency_links.txt
[11.445s] writing top-level names to dynamixel_sdk.egg-info/top_level.txt
[11.446s] writing manifest file 'dynamixel_sdk.egg-info/SOURCES.txt'
[11.477s] reading manifest file 'dynamixel_sdk.egg-info/SOURCES.txt'
[11.489s] writing manifest file 'dynamixel_sdk.egg-info/SOURCES.txt'
[11.897s] [ 46%] Built target ament_cmake_python_build_dynamixel_sdk_egg
[12.022s] [ 53%] [32mBuilding CXX object CMakeFiles/dynamixel_sdk.dir/src/dynamixel_sdk/group_bulk_write.cpp.o[0m
[14.185s] [ 61%] [32mBuilding CXX object CMakeFiles/dynamixel_sdk.dir/src/dynamixel_sdk/group_fast_bulk_read.cpp.o[0m
[14.304s] [ 69%] [32mBuilding CXX object CMakeFiles/dynamixel_sdk.dir/src/dynamixel_sdk/group_fast_sync_read.cpp.o[0m
[16.503s] [ 76%] [32mBuilding CXX object CMakeFiles/dynamixel_sdk.dir/src/dynamixel_sdk/group_handler.cpp.o[0m
[18.515s] [ 84%] [32mBuilding CXX object CMakeFiles/dynamixel_sdk.dir/src/dynamixel_sdk/port_handler.cpp.o[0m
[18.694s] [ 92%] [32mBuilding CXX object CMakeFiles/dynamixel_sdk.dir/src/dynamixel_sdk/port_handler_linux.cpp.o[0m
[19.312s] [100%] [32m[1mLinking CXX shared library libdynamixel_sdk.so[0m
[19.830s] [100%] Built target dynamixel_sdk
[19.913s] Invoked command in '/home/ubuntu/turtlebot3_ws/build/dynamixel_sdk' returned '0': CMAKE_PREFIX_PATH=${CMAKE_PREFIX_PATH}:/home/ubuntu/turtlebot3_ws/install/turtlebot3_example:/home/ubuntu/turtlebot3_ws/src/install/turtlebot3_teleop:/home/ubuntu/turtlebot3_ws/src/install/turtlebot3_example:/home/ubuntu/turtlebot3_ws/install/turtlebot3_teleop:/opt/ros/humble /usr/bin/cmake --build /home/ubuntu/turtlebot3_ws/build/dynamixel_sdk -- -j4 -l4
[19.915s] Invoking command in '/home/ubuntu/turtlebot3_ws/build/dynamixel_sdk': CMAKE_PREFIX_PATH=${CMAKE_PREFIX_PATH}:/home/ubuntu/turtlebot3_ws/install/turtlebot3_example:/home/ubuntu/turtlebot3_ws/src/install/turtlebot3_teleop:/home/ubuntu/turtlebot3_ws/src/install/turtlebot3_example:/home/ubuntu/turtlebot3_ws/install/turtlebot3_teleop:/opt/ros/humble /usr/bin/cmake --install /home/ubuntu/turtlebot3_ws/build/dynamixel_sdk
[19.972s] -- Install configuration: ""
[19.976s] -- Execute custom install script
[19.982s] -- Symlinking: /home/ubuntu/turtlebot3_ws/install/dynamixel_sdk/include//dynamixel_sdk/dynamixel_sdk.h
[20.033s] -- Symlinking: /home/ubuntu/turtlebot3_ws/install/dynamixel_sdk/include//dynamixel_sdk/group_bulk_read.h
[20.154s] -- Symlinking: /home/ubuntu/turtlebot3_ws/install/dynamixel_sdk/include//dynamixel_sdk/group_bulk_write.h
[20.230s] -- Symlinking: /home/ubuntu/turtlebot3_ws/install/dynamixel_sdk/include//dynamixel_sdk/group_fast_bulk_read.h
[20.289s] -- Symlinking: /home/ubuntu/turtlebot3_ws/install/dynamixel_sdk/include//dynamixel_sdk/group_fast_sync_read.h
[20.347s] -- Symlinking: /home/ubuntu/turtlebot3_ws/install/dynamixel_sdk/include//dynamixel_sdk/group_handler.h
[20.422s] -- Symlinking: /home/ubuntu/turtlebot3_ws/install/dynamixel_sdk/include//dynamixel_sdk/group_sync_read.h
[20.491s] -- Symlinking: /home/ubuntu/turtlebot3_ws/install/dynamixel_sdk/include//dynamixel_sdk/group_sync_write.h
[20.549s] -- Symlinking: /home/ubuntu/turtlebot3_ws/install/dynamixel_sdk/include//dynamixel_sdk/packet_handler.h
[20.640s] -- Symlinking: /home/ubuntu/turtlebot3_ws/install/dynamixel_sdk/include//dynamixel_sdk/port_handler.h
[20.722s] -- Symlinking: /home/ubuntu/turtlebot3_ws/install/dynamixel_sdk/include//dynamixel_sdk/port_handler_arduino.h
[20.814s] -- Symlinking: /home/ubuntu/turtlebot3_ws/install/dynamixel_sdk/include//dynamixel_sdk/port_handler_linux.h
[20.881s] -- Symlinking: /home/ubuntu/turtlebot3_ws/install/dynamixel_sdk/include//dynamixel_sdk/port_handler_mac.h
[20.982s] -- Symlinking: /home/ubuntu/turtlebot3_ws/install/dynamixel_sdk/include//dynamixel_sdk/port_handler_windows.h
[21.115s] -- Symlinking: /home/ubuntu/turtlebot3_ws/install/dynamixel_sdk/include//dynamixel_sdk/protocol1_packet_handler.h
[21.185s] -- Symlinking: /home/ubuntu/turtlebot3_ws/install/dynamixel_sdk/include//dynamixel_sdk/protocol2_packet_handler.h
[21.279s] -- Symlinking: /home/ubuntu/turtlebot3_ws/install/dynamixel_sdk/share/dynamixel_sdk/environment/pythonpath.sh
[21.431s] -- Symlinking: /home/ubuntu/turtlebot3_ws/install/dynamixel_sdk/share/dynamixel_sdk/environment/pythonpath.dsv
[21.536s] -- Symlinking: /home/ubuntu/turtlebot3_ws/install/dynamixel_sdk/local/lib/python3.10/dist-packages/dynamixel_sdk-3.8.4-py3.10.egg-info/PKG-INFO
[21.690s] -- Symlinking: /home/ubuntu/turtlebot3_ws/install/dynamixel_sdk/local/lib/python3.10/dist-packages/dynamixel_sdk-3.8.4-py3.10.egg-info/SOURCES.txt
[21.814s] -- Symlinking: /home/ubuntu/turtlebot3_ws/install/dynamixel_sdk/local/lib/python3.10/dist-packages/dynamixel_sdk-3.8.4-py3.10.egg-info/dependency_links.txt
[21.966s] -- Symlinking: /home/ubuntu/turtlebot3_ws/install/dynamixel_sdk/local/lib/python3.10/dist-packages/dynamixel_sdk-3.8.4-py3.10.egg-info/top_level.txt
[22.105s] -- Symlinking: /home/ubuntu/turtlebot3_ws/install/dynamixel_sdk/local/lib/python3.10/dist-packages/dynamixel_sdk/__init__.py
[22.182s] -- Symlinking: /home/ubuntu/turtlebot3_ws/install/dynamixel_sdk/local/lib/python3.10/dist-packages/dynamixel_sdk/group_bulk_read.cpp
[22.326s] -- Symlinking: /home/ubuntu/turtlebot3_ws/install/dynamixel_sdk/local/lib/python3.10/dist-packages/dynamixel_sdk/group_bulk_read.py
[22.422s] -- Symlinking: /home/ubuntu/turtlebot3_ws/install/dynamixel_sdk/local/lib/python3.10/dist-packages/dynamixel_sdk/group_bulk_write.cpp
[22.463s] -- Symlinking: /home/ubuntu/turtlebot3_ws/install/dynamixel_sdk/local/lib/python3.10/dist-packages/dynamixel_sdk/group_bulk_write.py
[22.510s] -- Symlinking: /home/ubuntu/turtlebot3_ws/install/dynamixel_sdk/local/lib/python3.10/dist-packages/dynamixel_sdk/group_fast_bulk_read.cpp
[22.596s] -- Symlinking: /home/ubuntu/turtlebot3_ws/install/dynamixel_sdk/local/lib/python3.10/dist-packages/dynamixel_sdk/group_fast_sync_read.cpp
[22.682s] -- Symlinking: /home/ubuntu/turtlebot3_ws/install/dynamixel_sdk/local/lib/python3.10/dist-packages/dynamixel_sdk/group_handler.cpp
[22.734s] -- Symlinking: /home/ubuntu/turtlebot3_ws/install/dynamixel_sdk/local/lib/python3.10/dist-packages/dynamixel_sdk/group_sync_read.cpp
[22.786s] -- Symlinking: /home/ubuntu/turtlebot3_ws/install/dynamixel_sdk/local/lib/python3.10/dist-packages/dynamixel_sdk/group_sync_read.py
[22.845s] -- Symlinking: /home/ubuntu/turtlebot3_ws/install/dynamixel_sdk/local/lib/python3.10/dist-packages/dynamixel_sdk/group_sync_write.cpp
[22.898s] -- Symlinking: /home/ubuntu/turtlebot3_ws/install/dynamixel_sdk/local/lib/python3.10/dist-packages/dynamixel_sdk/group_sync_write.py
[22.960s] -- Symlinking: /home/ubuntu/turtlebot3_ws/install/dynamixel_sdk/local/lib/python3.10/dist-packages/dynamixel_sdk/packet_handler.cpp
[23.006s] -- Symlinking: /home/ubuntu/turtlebot3_ws/install/dynamixel_sdk/local/lib/python3.10/dist-packages/dynamixel_sdk/packet_handler.py
[23.053s] -- Symlinking: /home/ubuntu/turtlebot3_ws/install/dynamixel_sdk/local/lib/python3.10/dist-packages/dynamixel_sdk/port_handler.cpp
[23.138s] -- Symlinking: /home/ubuntu/turtlebot3_ws/install/dynamixel_sdk/local/lib/python3.10/dist-packages/dynamixel_sdk/port_handler.py
[23.212s] -- Symlinking: /home/ubuntu/turtlebot3_ws/install/dynamixel_sdk/local/lib/python3.10/dist-packages/dynamixel_sdk/port_handler_arduino.cpp
[23.302s] -- Symlinking: /home/ubuntu/turtlebot3_ws/install/dynamixel_sdk/local/lib/python3.10/dist-packages/dynamixel_sdk/port_handler_linux.cpp
[23.399s] -- Symlinking: /home/ubuntu/turtlebot3_ws/install/dynamixel_sdk/local/lib/python3.10/dist-packages/dynamixel_sdk/port_handler_mac.cpp
[23.486s] -- Symlinking: /home/ubuntu/turtlebot3_ws/install/dynamixel_sdk/local/lib/python3.10/dist-packages/dynamixel_sdk/port_handler_windows.cpp
[23.596s] -- Symlinking: /home/ubuntu/turtlebot3_ws/install/dynamixel_sdk/local/lib/python3.10/dist-packages/dynamixel_sdk/protocol1_packet_handler.cpp
[23.705s] -- Symlinking: /home/ubuntu/turtlebot3_ws/install/dynamixel_sdk/local/lib/python3.10/dist-packages/dynamixel_sdk/protocol1_packet_handler.py
[23.859s] -- Symlinking: /home/ubuntu/turtlebot3_ws/install/dynamixel_sdk/local/lib/python3.10/dist-packages/dynamixel_sdk/protocol2_packet_handler.cpp
[23.958s] -- Symlinking: /home/ubuntu/turtlebot3_ws/install/dynamixel_sdk/local/lib/python3.10/dist-packages/dynamixel_sdk/protocol2_packet_handler.py
[24.069s] -- Symlinking: /home/ubuntu/turtlebot3_ws/install/dynamixel_sdk/local/lib/python3.10/dist-packages/dynamixel_sdk/robotis_def.py
[24.195s] -- Symlinking: /home/ubuntu/turtlebot3_ws/install/dynamixel_sdk/share/dynamixel_sdk/environment/library_path.sh
[24.385s] -- Symlinking: /home/ubuntu/turtlebot3_ws/install/dynamixel_sdk/share/dynamixel_sdk/environment/library_path.dsv
[24.503s] -- Symlinking: /home/ubuntu/turtlebot3_ws/install/dynamixel_sdk/share/ament_index/resource_index/package_run_dependencies/dynamixel_sdk
[24.678s] -- Symlinking: /home/ubuntu/turtlebot3_ws/install/dynamixel_sdk/share/ament_index/resource_index/parent_prefix_path/dynamixel_sdk
[24.855s] -- Symlinking: /home/ubuntu/turtlebot3_ws/install/dynamixel_sdk/share/dynamixel_sdk/environment/ament_prefix_path.sh
[25.070s] -- Symlinking: /home/ubuntu/turtlebot3_ws/install/dynamixel_sdk/share/dynamixel_sdk/environment/ament_prefix_path.dsv
[25.235s] -- Symlinking: /home/ubuntu/turtlebot3_ws/install/dynamixel_sdk/share/dynamixel_sdk/environment/path.sh
[25.344s] -- Symlinking: /home/ubuntu/turtlebot3_ws/install/dynamixel_sdk/share/dynamixel_sdk/environment/path.dsv
[25.410s] -- Symlinking: /home/ubuntu/turtlebot3_ws/install/dynamixel_sdk/share/dynamixel_sdk/local_setup.bash
[25.502s] -- Symlinking: /home/ubuntu/turtlebot3_ws/install/dynamixel_sdk/share/dynamixel_sdk/local_setup.sh
[25.603s] -- Symlinking: /home/ubuntu/turtlebot3_ws/install/dynamixel_sdk/share/dynamixel_sdk/local_setup.zsh
[25.714s] -- Symlinking: /home/ubuntu/turtlebot3_ws/install/dynamixel_sdk/share/dynamixel_sdk/local_setup.dsv
[25.827s] -- Symlinking: /home/ubuntu/turtlebot3_ws/install/dynamixel_sdk/share/dynamixel_sdk/package.dsv
[26.011s] -- Symlinking: /home/ubuntu/turtlebot3_ws/install/dynamixel_sdk/share/ament_index/resource_index/packages/dynamixel_sdk
[26.143s] -- Symlinking: /home/ubuntu/turtlebot3_ws/install/dynamixel_sdk/share/dynamixel_sdk/cmake/ament_cmake_export_targets-extras.cmake
[26.295s] -- Symlinking: /home/ubuntu/turtlebot3_ws/install/dynamixel_sdk/share/dynamixel_sdk/cmake/ament_cmake_export_include_directories-extras.cmake
[26.399s] -- Symlinking: /home/ubuntu/turtlebot3_ws/install/dynamixel_sdk/share/dynamixel_sdk/cmake/ament_cmake_export_libraries-extras.cmake
[26.485s] -- Symlinking: /home/ubuntu/turtlebot3_ws/install/dynamixel_sdk/share/dynamixel_sdk/cmake/dynamixel_sdkConfig.cmake
[26.539s] -- Symlinking: /home/ubuntu/turtlebot3_ws/install/dynamixel_sdk/share/dynamixel_sdk/cmake/dynamixel_sdkConfig-version.cmake
[26.822s] -- Symlinking: /home/ubuntu/turtlebot3_ws/install/dynamixel_sdk/share/dynamixel_sdk/package.xml
[26.941s] -- Installing: /home/ubuntu/turtlebot3_ws/install/dynamixel_sdk/lib/libdynamixel_sdk.so
[27.695s] Listing '/home/ubuntu/turtlebot3_ws/install/dynamixel_sdk/local/lib/python3.10/dist-packages/dynamixel_sdk'...
[27.697s] Compiling '/home/ubuntu/turtlebot3_ws/install/dynamixel_sdk/local/lib/python3.10/dist-packages/dynamixel_sdk/__init__.py'...
[27.698s] Compiling '/home/ubuntu/turtlebot3_ws/install/dynamixel_sdk/local/lib/python3.10/dist-packages/dynamixel_sdk/group_bulk_read.py'...
[27.698s] Compiling '/home/ubuntu/turtlebot3_ws/install/dynamixel_sdk/local/lib/python3.10/dist-packages/dynamixel_sdk/group_bulk_write.py'...
[27.699s] Compiling '/home/ubuntu/turtlebot3_ws/install/dynamixel_sdk/local/lib/python3.10/dist-packages/dynamixel_sdk/group_sync_read.py'...
[27.699s] Compiling '/home/ubuntu/turtlebot3_ws/install/dynamixel_sdk/local/lib/python3.10/dist-packages/dynamixel_sdk/group_sync_write.py'...
[27.700s] Compiling '/home/ubuntu/turtlebot3_ws/install/dynamixel_sdk/local/lib/python3.10/dist-packages/dynamixel_sdk/packet_handler.py'...
[27.700s] Compiling '/home/ubuntu/turtlebot3_ws/install/dynamixel_sdk/local/lib/python3.10/dist-packages/dynamixel_sdk/port_handler.py'...
[27.701s] Compiling '/home/ubuntu/turtlebot3_ws/install/dynamixel_sdk/local/lib/python3.10/dist-packages/dynamixel_sdk/protocol1_packet_handler.py'...
[27.701s] Compiling '/home/ubuntu/turtlebot3_ws/install/dynamixel_sdk/local/lib/python3.10/dist-packages/dynamixel_sdk/protocol2_packet_handler.py'...
[27.702s] Compiling '/home/ubuntu/turtlebot3_ws/install/dynamixel_sdk/local/lib/python3.10/dist-packages/dynamixel_sdk/robotis_def.py'...
[27.870s] -- Installing: /home/ubuntu/turtlebot3_ws/install/dynamixel_sdk/share/dynamixel_sdk/cmake/dynamixel_sdkExport.cmake
[27.873s] -- Installing: /home/ubuntu/turtlebot3_ws/install/dynamixel_sdk/share/dynamixel_sdk/cmake/dynamixel_sdkExport-noconfig.cmake
[27.885s] Invoked command in '/home/ubuntu/turtlebot3_ws/build/dynamixel_sdk' returned '0': CMAKE_PREFIX_PATH=${CMAKE_PREFIX_PATH}:/home/ubuntu/turtlebot3_ws/install/turtlebot3_example:/home/ubuntu/turtlebot3_ws/src/install/turtlebot3_teleop:/home/ubuntu/turtlebot3_ws/src/install/turtlebot3_example:/home/ubuntu/turtlebot3_ws/install/turtlebot3_teleop:/opt/ros/humble /usr/bin/cmake --install /home/ubuntu/turtlebot3_ws/build/dynamixel_sdk
