[0.359s] Invoking command in '/home/ubuntu/turtlebot3_ws/build/dynamixel_sdk_examples': CMAKE_PREFIX_PATH=/home/ubuntu/turtlebot3_ws/install/dynamixel_sdk_custom_interfaces:/home/ubuntu/turtlebot3_ws/install/dynamixel_sdk:/home/ubuntu/turtlebot3_ws/install/turtlebot3:/home/ubuntu/turtlebot3_ws/install/turtlebot3_simulations:/home/ubuntu/turtlebot3_ws/install/turtlebot3_fake_node:/home/ubuntu/turtlebot3_ws/install/turtlebot3_manipulation_gazebo:/home/ubuntu/turtlebot3_ws/install/turtlebot3_gazebo:/home/ubuntu/turtlebot3_ws/install/turtlebot3_example:/home/ubuntu/turtlebot3_ws/src/install/turtlebot3_teleop:/home/ubuntu/turtlebot3_ws/src/install/turtlebot3_example:/home/ubuntu/turtlebot3_ws/install/turtlebot3_teleop:/opt/ros/humble:/home/ubuntu/turtlebot3_ws/install/simple_navigation_goals:/home/ubuntu/turtlebot3_ws/install/ros_tutorials_topic:/home/ubuntu/turtlebot3_ws/install/rescue_orchestrator:/home/ubuntu/turtlebot3_ws/install/dynamixel_sdk_examples:/home/ubuntu/turtlebot3_ws/install/cpp_talker_listener:/home/ubuntu/turtlebot3_ws/src/install/uart_bridge_cpp:/home/ubuntu/turtlebot3_ws/src/install/turtlebot3:/home/ubuntu/turtlebot3_ws/src/install/turtlebot3_simulations:/home/ubuntu/turtlebot3_ws/src/install/turtlebot3_bringup:/home/ubuntu/turtlebot3_ws/src/install/turtlebot3_node:/home/ubuntu/turtlebot3_ws/src/install/turtlebot3_navigation2:/home/ubuntu/turtlebot3_ws/src/install/turtlebot3_fake_node:/home/ubuntu/turtlebot3_ws/src/install/turtlebot3_msgs:/home/ubuntu/turtlebot3_ws/src/install/turtlebot3_manipulation_gazebo:/home/ubuntu/turtlebot3_ws/src/install/turtlebot3_gazebo:/home/ubuntu/turtlebot3_ws/src/install/turtlebot3_description:/home/ubuntu/turtlebot3_ws/src/install/turtlebot3_cartographer:/home/ubuntu/turtlebot3_ws/src/install/simple_navigation_goals:/home/ubuntu/turtlebot3_ws/src/install/ros_tutorials_topic:/home/ubuntu/turtlebot3_ws/src/install/ros_goal_client:/home/ubuntu/turtlebot3_ws/src/install/rescue_orchestrator:/home/ubuntu/turtlebot3_ws/src/install/dynamixel_sdk_examples:/home/ubuntu/turtlebot3_ws/src/install/dynamixel_sdk_custom_interfaces:/home/ubuntu/turtlebot3_ws/src/install/dynamixel_sdk:/home/ubuntu/turtlebot3_ws/src/install/cpp_talker_listener:/home/ubuntu/ros2_ws/install/uart_bridge_cpp:/home/ubuntu/turtlebot3_ws/install/uart_bridge_cpp:/home/ubuntu/turtlebot3_ws/install/turtlebot3_bringup:/home/ubuntu/turtlebot3_ws/install/turtlebot3_node:/home/ubuntu/turtlebot3_ws/install/turtlebot3_navigation2:/home/ubuntu/turtlebot3_ws/install/turtlebot3_msgs:/home/ubuntu/turtlebot3_ws/install/turtlebot3_description:/home/ubuntu/turtlebot3_ws/install/turtlebot3_cartographer:/home/ubuntu/turtlebot3_ws/install/ros_goal_client LD_LIBRARY_PATH=/home/ubuntu/turtlebot3_ws/install/dynamixel_sdk_custom_interfaces/lib:/home/ubuntu/turtlebot3_ws/install/dynamixel_sdk/lib:/home/ubuntu/turtlebot3_ws/install/ros_tutorials_topic/lib:/home/ubuntu/turtlebot3_ws/src/install/turtlebot3_msgs/lib:/home/ubuntu/turtlebot3_ws/src/install/ros_tutorials_topic/lib:/home/ubuntu/turtlebot3_ws/src/install/ros_goal_client/lib:/home/ubuntu/turtlebot3_ws/src/install/dynamixel_sdk_custom_interfaces/lib:/home/ubuntu/turtlebot3_ws/src/install/dynamixel_sdk/lib:/home/ubuntu/turtlebot3_ws/install/turtlebot3_msgs/lib:/home/ubuntu/turtlebot3_ws/install/ros_goal_client/lib:/opt/ros/humble/opt/rviz_ogre_vendor/lib:/opt/ros/humble/lib/aarch64-linux-gnu:/opt/ros/humble/lib /usr/bin/cmake /home/ubuntu/turtlebot3_ws/src/DynamixelSDK/ros/dynamixel_sdk_examples -DAMENT_CMAKE_SYMLINK_INSTALL=1 -DCMAKE_INSTALL_PREFIX=/home/ubuntu/turtlebot3_ws/install/dynamixel_sdk_examples
[1.227s] -- The C compiler identification is GNU 11.4.0
[1.962s] -- The CXX compiler identification is GNU 11.4.0
[2.053s] -- Detecting C compiler ABI info
[3.075s] -- Detecting C compiler ABI info - done
[3.112s] -- Check for working C compiler: /usr/bin/cc - skipped
[3.115s] -- Detecting C compile features
[3.118s] -- Detecting C compile features - done
[3.149s] -- Detecting CXX compiler ABI info
[4.363s] -- Detecting CXX compiler ABI info - done
[4.426s] -- Check for working CXX compiler: /usr/bin/c++ - skipped
[4.439s] -- Detecting CXX compile features
[4.443s] -- Detecting CXX compile features - done
[4.537s] -- Found ament_cmake: 1.3.12 (/opt/ros/humble/share/ament_cmake/cmake)
[7.036s] -- Found Python3: /usr/bin/python3 (found version "3.10.12") found components: Interpreter 
[7.651s] -- Override CMake install command with custom implementation using symlinks instead of copying resources
[8.193s] -- Found dynamixel_sdk: 3.8.4 (/home/ubuntu/turtlebot3_ws/install/dynamixel_sdk/share/dynamixel_sdk/cmake)
[8.207s] -- Found dynamixel_sdk_custom_interfaces: 3.8.4 (/home/ubuntu/turtlebot3_ws/install/dynamixel_sdk_custom_interfaces/share/dynamixel_sdk_custom_interfaces/cmake)
[8.890s] -- Found rosidl_generator_c: 3.1.7 (/opt/ros/humble/share/rosidl_generator_c/cmake)
[9.049s] -- Found rosidl_adapter: 3.1.7 (/opt/ros/humble/share/rosidl_adapter/cmake)
[9.186s] -- Found rosidl_generator_cpp: 3.1.7 (/opt/ros/humble/share/rosidl_generator_cpp/cmake)
[9.381s] -- Using all available rosidl_typesupport_c: rosidl_typesupport_fastrtps_c;rosidl_typesupport_introspection_c
[9.676s] -- Using all available rosidl_typesupport_cpp: rosidl_typesupport_fastrtps_cpp;rosidl_typesupport_introspection_cpp
[10.242s] -- Found rclcpp: 16.0.15 (/opt/ros/humble/share/rclcpp/cmake)
[11.193s] -- Found rmw_implementation_cmake: 6.1.2 (/opt/ros/humble/share/rmw_implementation_cmake/cmake)
[11.291s] -- Found rmw_fastrtps_cpp: 6.2.8 (/opt/ros/humble/share/rmw_fastrtps_cpp/cmake)
[12.844s] -- Found OpenSSL: /usr/lib/aarch64-linux-gnu/libcrypto.so (found version "3.0.2")  
[13.491s] -- Found FastRTPS: /opt/ros/humble/include  
[14.612s] -- Using RMW implementation 'rmw_fastrtps_cpp' as default
[14.833s] -- Looking for pthread.h
[15.477s] -- Looking for pthread.h - found
[15.478s] -- Performing Test CMAKE_HAVE_LIBC_PTHREAD
[16.634s] -- Performing Test CMAKE_HAVE_LIBC_PTHREAD - Success
[16.640s] -- Found Threads: TRUE  
[18.039s] -- Found rclpy: 3.3.17 (/opt/ros/humble/share/rclpy/cmake)
[18.209s] -- Found ament_lint_auto: 0.12.14 (/opt/ros/humble/share/ament_lint_auto/cmake)
[20.796s] -- Added test 'copyright' to check source files copyright and LICENSE
[20.896s] -- Added test 'cppcheck' to perform static code analysis on C / C++ code
[20.897s] -- Configured cppcheck include dirs: /home/ubuntu/turtlebot3_ws/src/DynamixelSDK/ros/dynamixel_sdk_examples/include
[20.898s] -- Configured cppcheck exclude dirs and/or files: 
[20.936s] -- Added test 'cpplint' to check C / C++ code against the Google style
[20.936s] -- Configured cpplint exclude dirs and/or files: 
[20.943s] -- Added test 'flake8' to check Python code syntax and style conventions
[20.971s] -- Added test 'lint_cmake' to check CMake code style
[20.994s] -- Added test 'pep257' to check Python code against some of the docstring style conventions in PEP 257
[21.023s] -- Added test 'uncrustify' to check C / C++ code style
[21.040s] -- Configured uncrustify additional arguments: 
[21.047s] -- Added test 'xmllint' to check XML markup files
[21.132s] -- Configuring done
[21.372s] -- Generating done
[21.452s] -- Build files have been written to: /home/ubuntu/turtlebot3_ws/build/dynamixel_sdk_examples
[21.637s] Invoked command in '/home/ubuntu/turtlebot3_ws/build/dynamixel_sdk_examples' returned '0': CMAKE_PREFIX_PATH=/home/ubuntu/turtlebot3_ws/install/dynamixel_sdk_custom_interfaces:/home/ubuntu/turtlebot3_ws/install/dynamixel_sdk:/home/ubuntu/turtlebot3_ws/install/turtlebot3:/home/ubuntu/turtlebot3_ws/install/turtlebot3_simulations:/home/ubuntu/turtlebot3_ws/install/turtlebot3_fake_node:/home/ubuntu/turtlebot3_ws/install/turtlebot3_manipulation_gazebo:/home/ubuntu/turtlebot3_ws/install/turtlebot3_gazebo:/home/ubuntu/turtlebot3_ws/install/turtlebot3_example:/home/ubuntu/turtlebot3_ws/src/install/turtlebot3_teleop:/home/ubuntu/turtlebot3_ws/src/install/turtlebot3_example:/home/ubuntu/turtlebot3_ws/install/turtlebot3_teleop:/opt/ros/humble:/home/ubuntu/turtlebot3_ws/install/simple_navigation_goals:/home/ubuntu/turtlebot3_ws/install/ros_tutorials_topic:/home/ubuntu/turtlebot3_ws/install/rescue_orchestrator:/home/ubuntu/turtlebot3_ws/install/dynamixel_sdk_examples:/home/ubuntu/turtlebot3_ws/install/cpp_talker_listener:/home/ubuntu/turtlebot3_ws/src/install/uart_bridge_cpp:/home/ubuntu/turtlebot3_ws/src/install/turtlebot3:/home/ubuntu/turtlebot3_ws/src/install/turtlebot3_simulations:/home/ubuntu/turtlebot3_ws/src/install/turtlebot3_bringup:/home/ubuntu/turtlebot3_ws/src/install/turtlebot3_node:/home/ubuntu/turtlebot3_ws/src/install/turtlebot3_navigation2:/home/ubuntu/turtlebot3_ws/src/install/turtlebot3_fake_node:/home/ubuntu/turtlebot3_ws/src/install/turtlebot3_msgs:/home/ubuntu/turtlebot3_ws/src/install/turtlebot3_manipulation_gazebo:/home/ubuntu/turtlebot3_ws/src/install/turtlebot3_gazebo:/home/ubuntu/turtlebot3_ws/src/install/turtlebot3_description:/home/ubuntu/turtlebot3_ws/src/install/turtlebot3_cartographer:/home/ubuntu/turtlebot3_ws/src/install/simple_navigation_goals:/home/ubuntu/turtlebot3_ws/src/install/ros_tutorials_topic:/home/ubuntu/turtlebot3_ws/src/install/ros_goal_client:/home/ubuntu/turtlebot3_ws/src/install/rescue_orchestrator:/home/ubuntu/turtlebot3_ws/src/install/dynamixel_sdk_examples:/home/ubuntu/turtlebot3_ws/src/install/dynamixel_sdk_custom_interfaces:/home/ubuntu/turtlebot3_ws/src/install/dynamixel_sdk:/home/ubuntu/turtlebot3_ws/src/install/cpp_talker_listener:/home/ubuntu/ros2_ws/install/uart_bridge_cpp:/home/ubuntu/turtlebot3_ws/install/uart_bridge_cpp:/home/ubuntu/turtlebot3_ws/install/turtlebot3_bringup:/home/ubuntu/turtlebot3_ws/install/turtlebot3_node:/home/ubuntu/turtlebot3_ws/install/turtlebot3_navigation2:/home/ubuntu/turtlebot3_ws/install/turtlebot3_msgs:/home/ubuntu/turtlebot3_ws/install/turtlebot3_description:/home/ubuntu/turtlebot3_ws/install/turtlebot3_cartographer:/home/ubuntu/turtlebot3_ws/install/ros_goal_client LD_LIBRARY_PATH=/home/ubuntu/turtlebot3_ws/install/dynamixel_sdk_custom_interfaces/lib:/home/ubuntu/turtlebot3_ws/install/dynamixel_sdk/lib:/home/ubuntu/turtlebot3_ws/install/ros_tutorials_topic/lib:/home/ubuntu/turtlebot3_ws/src/install/turtlebot3_msgs/lib:/home/ubuntu/turtlebot3_ws/src/install/ros_tutorials_topic/lib:/home/ubuntu/turtlebot3_ws/src/install/ros_goal_client/lib:/home/ubuntu/turtlebot3_ws/src/install/dynamixel_sdk_custom_interfaces/lib:/home/ubuntu/turtlebot3_ws/src/install/dynamixel_sdk/lib:/home/ubuntu/turtlebot3_ws/install/turtlebot3_msgs/lib:/home/ubuntu/turtlebot3_ws/install/ros_goal_client/lib:/opt/ros/humble/opt/rviz_ogre_vendor/lib:/opt/ros/humble/lib/aarch64-linux-gnu:/opt/ros/humble/lib /usr/bin/cmake /home/ubuntu/turtlebot3_ws/src/DynamixelSDK/ros/dynamixel_sdk_examples -DAMENT_CMAKE_SYMLINK_INSTALL=1 -DCMAKE_INSTALL_PREFIX=/home/ubuntu/turtlebot3_ws/install/dynamixel_sdk_examples
[21.640s] Invoking command in '/home/ubuntu/turtlebot3_ws/build/dynamixel_sdk_examples': CMAKE_PREFIX_PATH=/home/ubuntu/turtlebot3_ws/install/dynamixel_sdk_custom_interfaces:/home/ubuntu/turtlebot3_ws/install/dynamixel_sdk:/home/ubuntu/turtlebot3_ws/install/turtlebot3:/home/ubuntu/turtlebot3_ws/install/turtlebot3_simulations:/home/ubuntu/turtlebot3_ws/install/turtlebot3_fake_node:/home/ubuntu/turtlebot3_ws/install/turtlebot3_manipulation_gazebo:/home/ubuntu/turtlebot3_ws/install/turtlebot3_gazebo:/home/ubuntu/turtlebot3_ws/install/turtlebot3_example:/home/ubuntu/turtlebot3_ws/src/install/turtlebot3_teleop:/home/ubuntu/turtlebot3_ws/src/install/turtlebot3_example:/home/ubuntu/turtlebot3_ws/install/turtlebot3_teleop:/opt/ros/humble:/home/ubuntu/turtlebot3_ws/install/simple_navigation_goals:/home/ubuntu/turtlebot3_ws/install/ros_tutorials_topic:/home/ubuntu/turtlebot3_ws/install/rescue_orchestrator:/home/ubuntu/turtlebot3_ws/install/dynamixel_sdk_examples:/home/ubuntu/turtlebot3_ws/install/cpp_talker_listener:/home/ubuntu/turtlebot3_ws/src/install/uart_bridge_cpp:/home/ubuntu/turtlebot3_ws/src/install/turtlebot3:/home/ubuntu/turtlebot3_ws/src/install/turtlebot3_simulations:/home/ubuntu/turtlebot3_ws/src/install/turtlebot3_bringup:/home/ubuntu/turtlebot3_ws/src/install/turtlebot3_node:/home/ubuntu/turtlebot3_ws/src/install/turtlebot3_navigation2:/home/ubuntu/turtlebot3_ws/src/install/turtlebot3_fake_node:/home/ubuntu/turtlebot3_ws/src/install/turtlebot3_msgs:/home/ubuntu/turtlebot3_ws/src/install/turtlebot3_manipulation_gazebo:/home/ubuntu/turtlebot3_ws/src/install/turtlebot3_gazebo:/home/ubuntu/turtlebot3_ws/src/install/turtlebot3_description:/home/ubuntu/turtlebot3_ws/src/install/turtlebot3_cartographer:/home/ubuntu/turtlebot3_ws/src/install/simple_navigation_goals:/home/ubuntu/turtlebot3_ws/src/install/ros_tutorials_topic:/home/ubuntu/turtlebot3_ws/src/install/ros_goal_client:/home/ubuntu/turtlebot3_ws/src/install/rescue_orchestrator:/home/ubuntu/turtlebot3_ws/src/install/dynamixel_sdk_examples:/home/ubuntu/turtlebot3_ws/src/install/dynamixel_sdk_custom_interfaces:/home/ubuntu/turtlebot3_ws/src/install/dynamixel_sdk:/home/ubuntu/turtlebot3_ws/src/install/cpp_talker_listener:/home/ubuntu/ros2_ws/install/uart_bridge_cpp:/home/ubuntu/turtlebot3_ws/install/uart_bridge_cpp:/home/ubuntu/turtlebot3_ws/install/turtlebot3_bringup:/home/ubuntu/turtlebot3_ws/install/turtlebot3_node:/home/ubuntu/turtlebot3_ws/install/turtlebot3_navigation2:/home/ubuntu/turtlebot3_ws/install/turtlebot3_msgs:/home/ubuntu/turtlebot3_ws/install/turtlebot3_description:/home/ubuntu/turtlebot3_ws/install/turtlebot3_cartographer:/home/ubuntu/turtlebot3_ws/install/ros_goal_client LD_LIBRARY_PATH=/home/ubuntu/turtlebot3_ws/install/dynamixel_sdk_custom_interfaces/lib:/home/ubuntu/turtlebot3_ws/install/dynamixel_sdk/lib:/home/ubuntu/turtlebot3_ws/install/ros_tutorials_topic/lib:/home/ubuntu/turtlebot3_ws/src/install/turtlebot3_msgs/lib:/home/ubuntu/turtlebot3_ws/src/install/ros_tutorials_topic/lib:/home/ubuntu/turtlebot3_ws/src/install/ros_goal_client/lib:/home/ubuntu/turtlebot3_ws/src/install/dynamixel_sdk_custom_interfaces/lib:/home/ubuntu/turtlebot3_ws/src/install/dynamixel_sdk/lib:/home/ubuntu/turtlebot3_ws/install/turtlebot3_msgs/lib:/home/ubuntu/turtlebot3_ws/install/ros_goal_client/lib:/opt/ros/humble/opt/rviz_ogre_vendor/lib:/opt/ros/humble/lib/aarch64-linux-gnu:/opt/ros/humble/lib /usr/bin/cmake --build /home/ubuntu/turtlebot3_ws/build/dynamixel_sdk_examples -- -j4 -l4
[22.487s] [ 50%] [32mBuilding CXX object CMakeFiles/read_write_node.dir/src/read_write_node.cpp.o[0m
[88.352s] [100%] [32m[1mLinking CXX executable read_write_node[0m
[90.672s] [100%] Built target read_write_node
