[  2%] Built target ros_goal_client__cpp
[  2%] Built target ament_cmake_python_symlink_ros_goal_client
[ 11%] Built target ros_goal_client__rosidl_generator_c
[ 20%] Built target ros_goal_client__rosidl_typesupport_cpp
[ 28%] Built target ros_goal_client__rosidl_typesupport_fastrtps_cpp
[ 37%] Built target ros_goal_client__rosidl_typesupport_introspection_cpp
[ 45%] Built target ros_goal_client__rosidl_typesupport_introspection_c
[ 54%] Built target ros_goal_client__rosidl_typesupport_c
[ 62%] Built target ros_goal_client__rosidl_typesupport_fastrtps_c
[35m[1mConsolidate compiler generated dependencies of target rosGoalServer[0m
[ 62%] Built target ros_goal_client
[ 65%] Built target ros_goal_client__py
[ 71%] Built target rosGoalClient
[ 74%] [32mBuilding CXX object CMakeFiles/rosGoalServer.dir/src/rosGoalServer.cpp.o[0m
[ 80%] Built target ros_goal_client__rosidl_generator_py
[ 85%] Built target ros_goal_client__rosidl_typesupport_fastrtps_c__pyext
[ 91%] Built target ros_goal_client__rosidl_typesupport_introspection_c__pyext
[ 97%] Built target ros_goal_client__rosidl_typesupport_c__pyext
running egg_info
writing ros_goal_client.egg-info/PKG-INFO
writing dependency_links to ros_goal_client.egg-info/dependency_links.txt
writing top-level names to ros_goal_client.egg-info/top_level.txt
reading manifest file 'ros_goal_client.egg-info/SOURCES.txt'
writing manifest file 'ros_goal_client.egg-info/SOURCES.txt'
[ 97%] Built target ament_cmake_python_build_ros_goal_client_egg
[01m[K/home/ubuntu/turtlebot3_ws/src/ros_goal_client/src/rosGoalServer.cpp:103:19:[m[K [01;31m[Kerror: [m[Kredefinition of ‘[01m[Kstd::mutex g_motion_mutex[m[K’
  103 | static std::mutex [01;31m[Kg_motion_mutex[m[K;
      |                   [01;31m[K^~~~~~~~~~~~~~[m[K
[01m[K/home/ubuntu/turtlebot3_ws/src/ros_goal_client/src/rosGoalServer.cpp:62:19:[m[K [01;36m[Knote: [m[K‘[01m[Kstd::mutex g_motion_mutex[m[K’ previously defined here
   62 | static std::mutex [01;36m[Kg_motion_mutex[m[K;
      |                   [01;36m[K^~~~~~~~~~~~~~[m[K
[01m[K/home/ubuntu/turtlebot3_ws/src/ros_goal_client/src/rosGoalServer.cpp:104:34:[m[K [01;31m[Kerror: [m[Kredefinition of ‘[01m[Kgeometry_msgs::msg::Point g_last_position[m[K’
  104 | static geometry_msgs::msg::Point [01;31m[Kg_last_position[m[K{};
      |                                  [01;31m[K^~~~~~~~~~~~~~~[m[K
[01m[K/home/ubuntu/turtlebot3_ws/src/ros_goal_client/src/rosGoalServer.cpp:63:34:[m[K [01;36m[Knote: [m[K‘[01m[Kgeometry_msgs::msg::Point g_last_position[m[K’ previously declared here
   63 | static geometry_msgs::msg::Point [01;36m[Kg_last_position[m[K{};
      |                                  [01;36m[K^~~~~~~~~~~~~~~[m[K
[01m[K/home/ubuntu/turtlebot3_ws/src/ros_goal_client/src/rosGoalServer.cpp:106:26:[m[K [01;31m[Kerror: [m[Kredefinition of ‘[01m[Kstd::atomic<bool> g_motion_ready[m[K’
  106 | static std::atomic<bool> [01;31m[Kg_motion_ready[m[K{false};
      |                          [01;31m[K^~~~~~~~~~~~~~[m[K
[01m[K/home/ubuntu/turtlebot3_ws/src/ros_goal_client/src/rosGoalServer.cpp:64:26:[m[K [01;36m[Knote: [m[K‘[01m[Kstd::atomic<bool> g_motion_ready[m[K’ previously defined here
   64 | static std::atomic<bool> [01;36m[Kg_motion_ready[m[K{false};
      |                          [01;36m[K^~~~~~~~~~~~~~[m[K
[01m[K/home/ubuntu/turtlebot3_ws/src/ros_goal_client/src/rosGoalServer.cpp:107:26:[m[K [01;31m[Kerror: [m[Kredefinition of ‘[01m[Kstd::atomic<bool> g_idle_watchdog_running[m[K’
  107 | static std::atomic<bool> [01;31m[Kg_idle_watchdog_running[m[K{false};
      |                          [01;31m[K^~~~~~~~~~~~~~~~~~~~~~~[m[K
[01m[K/home/ubuntu/turtlebot3_ws/src/ros_goal_client/src/rosGoalServer.cpp:66:26:[m[K [01;36m[Knote: [m[K‘[01m[Kstd::atomic<bool> g_idle_watchdog_running[m[K’ previously defined here
   66 | static std::atomic<bool> [01;36m[Kg_idle_watchdog_running[m[K{false};
      |                          [01;36m[K^~~~~~~~~~~~~~~~~~~~~~~[m[K
[01m[K/home/ubuntu/turtlebot3_ws/src/ros_goal_client/src/rosGoalServer.cpp:108:26:[m[K [01;31m[Kerror: [m[Kredefinition of ‘[01m[Kstd::atomic<bool> g_idle_watchdog_stop[m[K’
  108 | static std::atomic<bool> [01;31m[Kg_idle_watchdog_stop[m[K{false};
      |                          [01;31m[K^~~~~~~~~~~~~~~~~~~~[m[K
[01m[K/home/ubuntu/turtlebot3_ws/src/ros_goal_client/src/rosGoalServer.cpp:67:26:[m[K [01;36m[Knote: [m[K‘[01m[Kstd::atomic<bool> g_idle_watchdog_stop[m[K’ previously defined here
   67 | static std::atomic<bool> [01;36m[Kg_idle_watchdog_stop[m[K{false};
      |                          [01;36m[K^~~~~~~~~~~~~~~~~~~~[m[K
gmake[2]: *** [CMakeFiles/rosGoalServer.dir/build.make:76: CMakeFiles/rosGoalServer.dir/src/rosGoalServer.cpp.o] Error 1
gmake[1]: *** [CMakeFiles/Makefile2:595: CMakeFiles/rosGoalServer.dir/all] Error 2
gmake: *** [Makefile:146: all] Error 2
