[0.068s] Invoking command in '/home/ubuntu/turtlebot3_ws/build/ros_goal_client': CMAKE_PREFIX_PATH=/home/ubuntu/turtlebot3_ws/install/uart_bridge_cpp:/home/ubuntu/turtlebot3_ws/install/turtlebot3:/home/ubuntu/turtlebot3_ws/install/turtlebot3_bringup:/home/ubuntu/turtlebot3_ws/install/turtlebot3_node:/home/ubuntu/turtlebot3_ws/install/turtlebot3_navigation2:/home/ubuntu/turtlebot3_ws/install/turtlebot3_fake_node:/home/ubuntu/turtlebot3_ws/install/turtlebot3_msgs:/home/ubuntu/turtlebot3_ws/install/turtlebot3_manipulation_gazebo:/home/ubuntu/turtlebot3_ws/install/turtlebot3_description:/home/ubuntu/turtlebot3_ws/install/turtlebot3_cartographer:/home/ubuntu/turtlebot3_ws/install/turtlebot3_teleop:/home/ubuntu/turtlebot3_ws/install/turtlebot3_example:/opt/ros/humble:/home/ubuntu/turtlebot3_ws/install/simple_navigation_goals:/home/ubuntu/turtlebot3_ws/install/ros_tutorials_topic:/home/ubuntu/turtlebot3_ws/install/ros_goal_client:/home/ubuntu/turtlebot3_ws/install/rescue_orchestrator:/home/ubuntu/turtlebot3_ws/install/dynamixel_sdk_examples:/home/ubuntu/turtlebot3_ws/install/dynamixel_sdk_custom_interfaces:/home/ubuntu/turtlebot3_ws/install/dynamixel_sdk:/home/ubuntu/turtlebot3_ws/install/cpp_talker_listener /usr/bin/cmake --build /home/ubuntu/turtlebot3_ws/build/ros_goal_client -- -j4 -l4
[0.355s] [  2%] Built target ros_goal_client__cpp
[0.367s] [ 11%] Built target ros_goal_client__rosidl_generator_c
[0.448s] [ 11%] Built target ament_cmake_python_symlink_ros_goal_client
[0.506s] [ 20%] Built target ros_goal_client__rosidl_typesupport_cpp
[0.517s] [ 28%] Built target ros_goal_client__rosidl_typesupport_introspection_cpp
[0.537s] [ 37%] Built target ros_goal_client__rosidl_typesupport_fastrtps_cpp
[0.618s] [ 45%] Built target ros_goal_client__rosidl_typesupport_fastrtps_c
[0.633s] [ 54%] Built target ros_goal_client__rosidl_typesupport_introspection_c
[0.659s] [ 62%] Built target ros_goal_client__rosidl_typesupport_c
[0.702s] [35m[1mConsolidate compiler generated dependencies of target rosGoalServer[0m
[0.796s] [ 62%] Built target ros_goal_client
[0.864s] [ 68%] Built target rosGoalClient
[0.871s] [ 71%] [32mBuilding CXX object CMakeFiles/rosGoalServer.dir/src/rosGoalServer.cpp.o[0m
[0.975s] [ 74%] Built target ros_goal_client__py
[1.096s] [ 80%] Built target ros_goal_client__rosidl_generator_py
[1.252s] [ 85%] Built target ros_goal_client__rosidl_typesupport_introspection_c__pyext
[1.296s] [ 91%] Built target ros_goal_client__rosidl_typesupport_fastrtps_c__pyext
[1.409s] [ 97%] Built target ros_goal_client__rosidl_typesupport_c__pyext
[2.112s] running egg_info
[2.116s] writing ros_goal_client.egg-info/PKG-INFO
[2.117s] writing dependency_links to ros_goal_client.egg-info/dependency_links.txt
[2.119s] writing top-level names to ros_goal_client.egg-info/top_level.txt
[2.130s] reading manifest file 'ros_goal_client.egg-info/SOURCES.txt'
[2.134s] writing manifest file 'ros_goal_client.egg-info/SOURCES.txt'
[2.289s] [ 97%] Built target ament_cmake_python_build_ros_goal_client_egg
[26.975s] gmake[2]: *** [CMakeFiles/rosGoalServer.dir/build.make:76: CMakeFiles/rosGoalServer.dir/src/rosGoalServer.cpp.o] Interrupt
[26.976s] gmake[1]: *** [CMakeFiles/Makefile2:595: CMakeFiles/rosGoalServer.dir/all] Interrupt
[26.977s] gmake: *** [Makefile:146: all] Interrupt
[27.093s] Invoked command in '/home/ubuntu/turtlebot3_ws/build/ros_goal_client' returned '-2': CMAKE_PREFIX_PATH=/home/ubuntu/turtlebot3_ws/install/uart_bridge_cpp:/home/ubuntu/turtlebot3_ws/install/turtlebot3:/home/ubuntu/turtlebot3_ws/install/turtlebot3_bringup:/home/ubuntu/turtlebot3_ws/install/turtlebot3_node:/home/ubuntu/turtlebot3_ws/install/turtlebot3_navigation2:/home/ubuntu/turtlebot3_ws/install/turtlebot3_fake_node:/home/ubuntu/turtlebot3_ws/install/turtlebot3_msgs:/home/ubuntu/turtlebot3_ws/install/turtlebot3_manipulation_gazebo:/home/ubuntu/turtlebot3_ws/install/turtlebot3_description:/home/ubuntu/turtlebot3_ws/install/turtlebot3_cartographer:/home/ubuntu/turtlebot3_ws/install/turtlebot3_teleop:/home/ubuntu/turtlebot3_ws/install/turtlebot3_example:/opt/ros/humble:/home/ubuntu/turtlebot3_ws/install/simple_navigation_goals:/home/ubuntu/turtlebot3_ws/install/ros_tutorials_topic:/home/ubuntu/turtlebot3_ws/install/ros_goal_client:/home/ubuntu/turtlebot3_ws/install/rescue_orchestrator:/home/ubuntu/turtlebot3_ws/install/dynamixel_sdk_examples:/home/ubuntu/turtlebot3_ws/install/dynamixel_sdk_custom_interfaces:/home/ubuntu/turtlebot3_ws/install/dynamixel_sdk:/home/ubuntu/turtlebot3_ws/install/cpp_talker_listener /usr/bin/cmake --build /home/ubuntu/turtlebot3_ws/build/ros_goal_client -- -j4 -l4
