[0.143s] Invoking command in '/home/ubuntu/turtlebot3_ws/build/dynamixel_sdk': CMAKE_PREFIX_PATH=/home/ubuntu/turtlebot3_ws/install/turtlebot3:/home/ubuntu/turtlebot3_ws/install/turtlebot3_simulations:/home/ubuntu/turtlebot3_ws/install/turtlebot3_fake_node:/home/ubuntu/turtlebot3_ws/install/turtlebot3_manipulation_gazebo:/home/ubuntu/turtlebot3_ws/install/turtlebot3_gazebo:/home/ubuntu/turtlebot3_ws/install/turtlebot3_example:/home/ubuntu/turtlebot3_ws/src/install/turtlebot3_teleop:/home/ubuntu/turtlebot3_ws/src/install/turtlebot3_example:/home/ubuntu/turtlebot3_ws/install/turtlebot3_teleop:/opt/ros/humble:/home/ubuntu/turtlebot3_ws/install/simple_navigation_goals:/home/ubuntu/turtlebot3_ws/install/ros_tutorials_topic:/home/ubuntu/turtlebot3_ws/install/rescue_orchestrator:/home/ubuntu/turtlebot3_ws/install/dynamixel_sdk_examples:/home/ubuntu/turtlebot3_ws/install/cpp_talker_listener:/home/ubuntu/turtlebot3_ws/src/install/uart_bridge_cpp:/home/ubuntu/turtlebot3_ws/src/install/turtlebot3:/home/ubuntu/turtlebot3_ws/src/install/turtlebot3_simulations:/home/ubuntu/turtlebot3_ws/src/install/turtlebot3_bringup:/home/ubuntu/turtlebot3_ws/src/install/turtlebot3_node:/home/ubuntu/turtlebot3_ws/src/install/turtlebot3_navigation2:/home/ubuntu/turtlebot3_ws/src/install/turtlebot3_fake_node:/home/ubuntu/turtlebot3_ws/src/install/turtlebot3_msgs:/home/ubuntu/turtlebot3_ws/src/install/turtlebot3_manipulation_gazebo:/home/ubuntu/turtlebot3_ws/src/install/turtlebot3_gazebo:/home/ubuntu/turtlebot3_ws/src/install/turtlebot3_description:/home/ubuntu/turtlebot3_ws/src/install/turtlebot3_cartographer:/home/ubuntu/turtlebot3_ws/src/install/simple_navigation_goals:/home/ubuntu/turtlebot3_ws/src/install/ros_tutorials_topic:/home/ubuntu/turtlebot3_ws/src/install/ros_goal_client:/home/ubuntu/turtlebot3_ws/src/install/rescue_orchestrator:/home/ubuntu/turtlebot3_ws/src/install/dynamixel_sdk_examples:/home/ubuntu/turtlebot3_ws/src/install/dynamixel_sdk_custom_interfaces:/home/ubuntu/turtlebot3_ws/src/install/dynamixel_sdk:/home/ubuntu/turtlebot3_ws/src/install/cpp_talker_listener:/home/ubuntu/ros2_ws/install/uart_bridge_cpp:/home/ubuntu/turtlebot3_ws/install/uart_bridge_cpp:/home/ubuntu/turtlebot3_ws/install/turtlebot3_bringup:/home/ubuntu/turtlebot3_ws/install/turtlebot3_node:/home/ubuntu/turtlebot3_ws/install/turtlebot3_navigation2:/home/ubuntu/turtlebot3_ws/install/turtlebot3_msgs:/home/ubuntu/turtlebot3_ws/install/turtlebot3_description:/home/ubuntu/turtlebot3_ws/install/turtlebot3_cartographer:/home/ubuntu/turtlebot3_ws/install/ros_goal_client:/home/ubuntu/turtlebot3_ws/install/dynamixel_sdk_custom_interfaces:/home/ubuntu/turtlebot3_ws/install/dynamixel_sdk /usr/bin/cmake --build /home/ubuntu/turtlebot3_ws/build/dynamixel_sdk -- -j4 -l4
[0.426s] [35m[1mConsolidate compiler generated dependencies of target dynamixel_sdk[0m
[0.597s] [  0%] Built target ament_cmake_python_symlink_dynamixel_sdk
[0.676s] [100%] Built target dynamixel_sdk
[3.168s] running egg_info
[3.173s] writing dynamixel_sdk.egg-info/PKG-INFO
[3.175s] writing dependency_links to dynamixel_sdk.egg-info/dependency_links.txt
[3.177s] writing top-level names to dynamixel_sdk.egg-info/top_level.txt
[3.193s] reading manifest file 'dynamixel_sdk.egg-info/SOURCES.txt'
[3.198s] writing manifest file 'dynamixel_sdk.egg-info/SOURCES.txt'
[3.402s] [100%] Built target ament_cmake_python_build_dynamixel_sdk_egg
[4.433s] Invoked command in '/home/ubuntu/turtlebot3_ws/build/dynamixel_sdk' returned '0': CMAKE_PREFIX_PATH=/home/ubuntu/turtlebot3_ws/install/turtlebot3:/home/ubuntu/turtlebot3_ws/install/turtlebot3_simulations:/home/ubuntu/turtlebot3_ws/install/turtlebot3_fake_node:/home/ubuntu/turtlebot3_ws/install/turtlebot3_manipulation_gazebo:/home/ubuntu/turtlebot3_ws/install/turtlebot3_gazebo:/home/ubuntu/turtlebot3_ws/install/turtlebot3_example:/home/ubuntu/turtlebot3_ws/src/install/turtlebot3_teleop:/home/ubuntu/turtlebot3_ws/src/install/turtlebot3_example:/home/ubuntu/turtlebot3_ws/install/turtlebot3_teleop:/opt/ros/humble:/home/ubuntu/turtlebot3_ws/install/simple_navigation_goals:/home/ubuntu/turtlebot3_ws/install/ros_tutorials_topic:/home/ubuntu/turtlebot3_ws/install/rescue_orchestrator:/home/ubuntu/turtlebot3_ws/install/dynamixel_sdk_examples:/home/ubuntu/turtlebot3_ws/install/cpp_talker_listener:/home/ubuntu/turtlebot3_ws/src/install/uart_bridge_cpp:/home/ubuntu/turtlebot3_ws/src/install/turtlebot3:/home/ubuntu/turtlebot3_ws/src/install/turtlebot3_simulations:/home/ubuntu/turtlebot3_ws/src/install/turtlebot3_bringup:/home/ubuntu/turtlebot3_ws/src/install/turtlebot3_node:/home/ubuntu/turtlebot3_ws/src/install/turtlebot3_navigation2:/home/ubuntu/turtlebot3_ws/src/install/turtlebot3_fake_node:/home/ubuntu/turtlebot3_ws/src/install/turtlebot3_msgs:/home/ubuntu/turtlebot3_ws/src/install/turtlebot3_manipulation_gazebo:/home/ubuntu/turtlebot3_ws/src/install/turtlebot3_gazebo:/home/ubuntu/turtlebot3_ws/src/install/turtlebot3_description:/home/ubuntu/turtlebot3_ws/src/install/turtlebot3_cartographer:/home/ubuntu/turtlebot3_ws/src/install/simple_navigation_goals:/home/ubuntu/turtlebot3_ws/src/install/ros_tutorials_topic:/home/ubuntu/turtlebot3_ws/src/install/ros_goal_client:/home/ubuntu/turtlebot3_ws/src/install/rescue_orchestrator:/home/ubuntu/turtlebot3_ws/src/install/dynamixel_sdk_examples:/home/ubuntu/turtlebot3_ws/src/install/dynamixel_sdk_custom_interfaces:/home/ubuntu/turtlebot3_ws/src/install/dynamixel_sdk:/home/ubuntu/turtlebot3_ws/src/install/cpp_talker_listener:/home/ubuntu/ros2_ws/install/uart_bridge_cpp:/home/ubuntu/turtlebot3_ws/install/uart_bridge_cpp:/home/ubuntu/turtlebot3_ws/install/turtlebot3_bringup:/home/ubuntu/turtlebot3_ws/install/turtlebot3_node:/home/ubuntu/turtlebot3_ws/install/turtlebot3_navigation2:/home/ubuntu/turtlebot3_ws/install/turtlebot3_msgs:/home/ubuntu/turtlebot3_ws/install/turtlebot3_description:/home/ubuntu/turtlebot3_ws/install/turtlebot3_cartographer:/home/ubuntu/turtlebot3_ws/install/ros_goal_client:/home/ubuntu/turtlebot3_ws/install/dynamixel_sdk_custom_interfaces:/home/ubuntu/turtlebot3_ws/install/dynamixel_sdk /usr/bin/cmake --build /home/ubuntu/turtlebot3_ws/build/dynamixel_sdk -- -j4 -l4
[4.444s] Invoking command in '/home/ubuntu/turtlebot3_ws/build/dynamixel_sdk': CMAKE_PREFIX_PATH=/home/ubuntu/turtlebot3_ws/install/turtlebot3:/home/ubuntu/turtlebot3_ws/install/turtlebot3_simulations:/home/ubuntu/turtlebot3_ws/install/turtlebot3_fake_node:/home/ubuntu/turtlebot3_ws/install/turtlebot3_manipulation_gazebo:/home/ubuntu/turtlebot3_ws/install/turtlebot3_gazebo:/home/ubuntu/turtlebot3_ws/install/turtlebot3_example:/home/ubuntu/turtlebot3_ws/src/install/turtlebot3_teleop:/home/ubuntu/turtlebot3_ws/src/install/turtlebot3_example:/home/ubuntu/turtlebot3_ws/install/turtlebot3_teleop:/opt/ros/humble:/home/ubuntu/turtlebot3_ws/install/simple_navigation_goals:/home/ubuntu/turtlebot3_ws/install/ros_tutorials_topic:/home/ubuntu/turtlebot3_ws/install/rescue_orchestrator:/home/ubuntu/turtlebot3_ws/install/dynamixel_sdk_examples:/home/ubuntu/turtlebot3_ws/install/cpp_talker_listener:/home/ubuntu/turtlebot3_ws/src/install/uart_bridge_cpp:/home/ubuntu/turtlebot3_ws/src/install/turtlebot3:/home/ubuntu/turtlebot3_ws/src/install/turtlebot3_simulations:/home/ubuntu/turtlebot3_ws/src/install/turtlebot3_bringup:/home/ubuntu/turtlebot3_ws/src/install/turtlebot3_node:/home/ubuntu/turtlebot3_ws/src/install/turtlebot3_navigation2:/home/ubuntu/turtlebot3_ws/src/install/turtlebot3_fake_node:/home/ubuntu/turtlebot3_ws/src/install/turtlebot3_msgs:/home/ubuntu/turtlebot3_ws/src/install/turtlebot3_manipulation_gazebo:/home/ubuntu/turtlebot3_ws/src/install/turtlebot3_gazebo:/home/ubuntu/turtlebot3_ws/src/install/turtlebot3_description:/home/ubuntu/turtlebot3_ws/src/install/turtlebot3_cartographer:/home/ubuntu/turtlebot3_ws/src/install/simple_navigation_goals:/home/ubuntu/turtlebot3_ws/src/install/ros_tutorials_topic:/home/ubuntu/turtlebot3_ws/src/install/ros_goal_client:/home/ubuntu/turtlebot3_ws/src/install/rescue_orchestrator:/home/ubuntu/turtlebot3_ws/src/install/dynamixel_sdk_examples:/home/ubuntu/turtlebot3_ws/src/install/dynamixel_sdk_custom_interfaces:/home/ubuntu/turtlebot3_ws/src/install/dynamixel_sdk:/home/ubuntu/turtlebot3_ws/src/install/cpp_talker_listener:/home/ubuntu/ros2_ws/install/uart_bridge_cpp:/home/ubuntu/turtlebot3_ws/install/uart_bridge_cpp:/home/ubuntu/turtlebot3_ws/install/turtlebot3_bringup:/home/ubuntu/turtlebot3_ws/install/turtlebot3_node:/home/ubuntu/turtlebot3_ws/install/turtlebot3_navigation2:/home/ubuntu/turtlebot3_ws/install/turtlebot3_msgs:/home/ubuntu/turtlebot3_ws/install/turtlebot3_description:/home/ubuntu/turtlebot3_ws/install/turtlebot3_cartographer:/home/ubuntu/turtlebot3_ws/install/ros_goal_client:/home/ubuntu/turtlebot3_ws/install/dynamixel_sdk_custom_interfaces:/home/ubuntu/turtlebot3_ws/install/dynamixel_sdk /usr/bin/cmake --install /home/ubuntu/turtlebot3_ws/build/dynamixel_sdk
[4.480s] -- Install configuration: ""
[4.481s] -- Execute custom install script
[4.484s] -- Up-to-date symlink: /home/ubuntu/turtlebot3_ws/install/dynamixel_sdk/include//dynamixel_sdk/dynamixel_sdk.h
[4.487s] -- Up-to-date symlink: /home/ubuntu/turtlebot3_ws/install/dynamixel_sdk/include//dynamixel_sdk/group_bulk_read.h
[4.490s] -- Up-to-date symlink: /home/ubuntu/turtlebot3_ws/install/dynamixel_sdk/include//dynamixel_sdk/group_bulk_write.h
[4.490s] -- Up-to-date symlink: /home/ubuntu/turtlebot3_ws/install/dynamixel_sdk/include//dynamixel_sdk/group_fast_bulk_read.h
[4.491s] -- Up-to-date symlink: /home/ubuntu/turtlebot3_ws/install/dynamixel_sdk/include//dynamixel_sdk/group_fast_sync_read.h
[4.493s] -- Up-to-date symlink: /home/ubuntu/turtlebot3_ws/install/dynamixel_sdk/include//dynamixel_sdk/group_handler.h
[4.499s] -- Up-to-date symlink: /home/ubuntu/turtlebot3_ws/install/dynamixel_sdk/include//dynamixel_sdk/group_sync_read.h
[4.500s] -- Up-to-date symlink: /home/ubuntu/turtlebot3_ws/install/dynamixel_sdk/include//dynamixel_sdk/group_sync_write.h
[4.501s] -- Up-to-date symlink: /home/ubuntu/turtlebot3_ws/install/dynamixel_sdk/include//dynamixel_sdk/packet_handler.h
[4.501s] -- Up-to-date symlink: /home/ubuntu/turtlebot3_ws/install/dynamixel_sdk/include//dynamixel_sdk/port_handler.h
[4.502s] -- Up-to-date symlink: /home/ubuntu/turtlebot3_ws/install/dynamixel_sdk/include//dynamixel_sdk/port_handler_arduino.h
[4.503s] -- Up-to-date symlink: /home/ubuntu/turtlebot3_ws/install/dynamixel_sdk/include//dynamixel_sdk/port_handler_linux.h
[4.505s] -- Up-to-date symlink: /home/ubuntu/turtlebot3_ws/install/dynamixel_sdk/include//dynamixel_sdk/port_handler_mac.h
[4.507s] -- Up-to-date symlink: /home/ubuntu/turtlebot3_ws/install/dynamixel_sdk/include//dynamixel_sdk/port_handler_windows.h
[4.514s] -- Up-to-date symlink: /home/ubuntu/turtlebot3_ws/install/dynamixel_sdk/include//dynamixel_sdk/protocol1_packet_handler.h
[4.515s] -- Up-to-date symlink: /home/ubuntu/turtlebot3_ws/install/dynamixel_sdk/include//dynamixel_sdk/protocol2_packet_handler.h
[4.516s] -- Up-to-date symlink: /home/ubuntu/turtlebot3_ws/install/dynamixel_sdk/share/dynamixel_sdk/environment/pythonpath.sh
[4.527s] -- Up-to-date symlink: /home/ubuntu/turtlebot3_ws/install/dynamixel_sdk/share/dynamixel_sdk/environment/pythonpath.dsv
[4.529s] -- Up-to-date symlink: /home/ubuntu/turtlebot3_ws/install/dynamixel_sdk/local/lib/python3.10/dist-packages/dynamixel_sdk-3.8.4-py3.10.egg-info/PKG-INFO
[4.531s] -- Up-to-date symlink: /home/ubuntu/turtlebot3_ws/install/dynamixel_sdk/local/lib/python3.10/dist-packages/dynamixel_sdk-3.8.4-py3.10.egg-info/SOURCES.txt
[4.533s] -- Up-to-date symlink: /home/ubuntu/turtlebot3_ws/install/dynamixel_sdk/local/lib/python3.10/dist-packages/dynamixel_sdk-3.8.4-py3.10.egg-info/dependency_links.txt
[4.534s] -- Up-to-date symlink: /home/ubuntu/turtlebot3_ws/install/dynamixel_sdk/local/lib/python3.10/dist-packages/dynamixel_sdk-3.8.4-py3.10.egg-info/top_level.txt
[4.550s] -- Up-to-date symlink: /home/ubuntu/turtlebot3_ws/install/dynamixel_sdk/local/lib/python3.10/dist-packages/dynamixel_sdk/__init__.py
[4.552s] -- Up-to-date symlink: /home/ubuntu/turtlebot3_ws/install/dynamixel_sdk/local/lib/python3.10/dist-packages/dynamixel_sdk/group_bulk_read.cpp
[4.553s] -- Up-to-date symlink: /home/ubuntu/turtlebot3_ws/install/dynamixel_sdk/local/lib/python3.10/dist-packages/dynamixel_sdk/group_bulk_read.py
[4.558s] -- Up-to-date symlink: /home/ubuntu/turtlebot3_ws/install/dynamixel_sdk/local/lib/python3.10/dist-packages/dynamixel_sdk/group_bulk_write.cpp
[4.561s] -- Up-to-date symlink: /home/ubuntu/turtlebot3_ws/install/dynamixel_sdk/local/lib/python3.10/dist-packages/dynamixel_sdk/group_bulk_write.py
[4.574s] -- Up-to-date symlink: /home/ubuntu/turtlebot3_ws/install/dynamixel_sdk/local/lib/python3.10/dist-packages/dynamixel_sdk/group_fast_bulk_read.cpp
[4.576s] -- Up-to-date symlink: /home/ubuntu/turtlebot3_ws/install/dynamixel_sdk/local/lib/python3.10/dist-packages/dynamixel_sdk/group_fast_sync_read.cpp
[4.578s] -- Up-to-date symlink: /home/ubuntu/turtlebot3_ws/install/dynamixel_sdk/local/lib/python3.10/dist-packages/dynamixel_sdk/group_handler.cpp
[4.588s] -- Up-to-date symlink: /home/ubuntu/turtlebot3_ws/install/dynamixel_sdk/local/lib/python3.10/dist-packages/dynamixel_sdk/group_sync_read.cpp
[4.589s] -- Up-to-date symlink: /home/ubuntu/turtlebot3_ws/install/dynamixel_sdk/local/lib/python3.10/dist-packages/dynamixel_sdk/group_sync_read.py
[4.590s] -- Up-to-date symlink: /home/ubuntu/turtlebot3_ws/install/dynamixel_sdk/local/lib/python3.10/dist-packages/dynamixel_sdk/group_sync_write.cpp
[4.591s] -- Up-to-date symlink: /home/ubuntu/turtlebot3_ws/install/dynamixel_sdk/local/lib/python3.10/dist-packages/dynamixel_sdk/group_sync_write.py
[4.591s] -- Up-to-date symlink: /home/ubuntu/turtlebot3_ws/install/dynamixel_sdk/local/lib/python3.10/dist-packages/dynamixel_sdk/packet_handler.cpp
[4.592s] -- Up-to-date symlink: /home/ubuntu/turtlebot3_ws/install/dynamixel_sdk/local/lib/python3.10/dist-packages/dynamixel_sdk/packet_handler.py
[4.592s] -- Up-to-date symlink: /home/ubuntu/turtlebot3_ws/install/dynamixel_sdk/local/lib/python3.10/dist-packages/dynamixel_sdk/port_handler.cpp
[4.594s] -- Up-to-date symlink: /home/ubuntu/turtlebot3_ws/install/dynamixel_sdk/local/lib/python3.10/dist-packages/dynamixel_sdk/port_handler.py
[4.597s] -- Up-to-date symlink: /home/ubuntu/turtlebot3_ws/install/dynamixel_sdk/local/lib/python3.10/dist-packages/dynamixel_sdk/port_handler_arduino.cpp
[4.599s] -- Up-to-date symlink: /home/ubuntu/turtlebot3_ws/install/dynamixel_sdk/local/lib/python3.10/dist-packages/dynamixel_sdk/port_handler_linux.cpp
[4.606s] -- Up-to-date symlink: /home/ubuntu/turtlebot3_ws/install/dynamixel_sdk/local/lib/python3.10/dist-packages/dynamixel_sdk/port_handler_mac.cpp
[4.609s] -- Up-to-date symlink: /home/ubuntu/turtlebot3_ws/install/dynamixel_sdk/local/lib/python3.10/dist-packages/dynamixel_sdk/port_handler_windows.cpp
[4.610s] -- Up-to-date symlink: /home/ubuntu/turtlebot3_ws/install/dynamixel_sdk/local/lib/python3.10/dist-packages/dynamixel_sdk/protocol1_packet_handler.cpp
[4.623s] -- Up-to-date symlink: /home/ubuntu/turtlebot3_ws/install/dynamixel_sdk/local/lib/python3.10/dist-packages/dynamixel_sdk/protocol1_packet_handler.py
[4.624s] -- Up-to-date symlink: /home/ubuntu/turtlebot3_ws/install/dynamixel_sdk/local/lib/python3.10/dist-packages/dynamixel_sdk/protocol2_packet_handler.cpp
[4.626s] -- Up-to-date symlink: /home/ubuntu/turtlebot3_ws/install/dynamixel_sdk/local/lib/python3.10/dist-packages/dynamixel_sdk/protocol2_packet_handler.py
[4.628s] -- Up-to-date symlink: /home/ubuntu/turtlebot3_ws/install/dynamixel_sdk/local/lib/python3.10/dist-packages/dynamixel_sdk/robotis_def.py
[4.631s] -- Up-to-date symlink: /home/ubuntu/turtlebot3_ws/install/dynamixel_sdk/share/dynamixel_sdk/environment/library_path.sh
[4.635s] -- Up-to-date symlink: /home/ubuntu/turtlebot3_ws/install/dynamixel_sdk/share/dynamixel_sdk/environment/library_path.dsv
[4.644s] -- Up-to-date symlink: /home/ubuntu/turtlebot3_ws/install/dynamixel_sdk/share/ament_index/resource_index/package_run_dependencies/dynamixel_sdk
[4.645s] -- Up-to-date symlink: /home/ubuntu/turtlebot3_ws/install/dynamixel_sdk/share/ament_index/resource_index/parent_prefix_path/dynamixel_sdk
[4.657s] -- Up-to-date symlink: /home/ubuntu/turtlebot3_ws/install/dynamixel_sdk/share/dynamixel_sdk/environment/ament_prefix_path.sh
[4.659s] -- Up-to-date symlink: /home/ubuntu/turtlebot3_ws/install/dynamixel_sdk/share/dynamixel_sdk/environment/ament_prefix_path.dsv
[4.660s] -- Up-to-date symlink: /home/ubuntu/turtlebot3_ws/install/dynamixel_sdk/share/dynamixel_sdk/environment/path.sh
[4.662s] -- Up-to-date symlink: /home/ubuntu/turtlebot3_ws/install/dynamixel_sdk/share/dynamixel_sdk/environment/path.dsv
[4.669s] -- Up-to-date symlink: /home/ubuntu/turtlebot3_ws/install/dynamixel_sdk/share/dynamixel_sdk/local_setup.bash
[4.676s] -- Up-to-date symlink: /home/ubuntu/turtlebot3_ws/install/dynamixel_sdk/share/dynamixel_sdk/local_setup.sh
[4.686s] -- Up-to-date symlink: /home/ubuntu/turtlebot3_ws/install/dynamixel_sdk/share/dynamixel_sdk/local_setup.zsh
[4.692s] -- Up-to-date symlink: /home/ubuntu/turtlebot3_ws/install/dynamixel_sdk/share/dynamixel_sdk/local_setup.dsv
[4.693s] -- Symlinking: /home/ubuntu/turtlebot3_ws/install/dynamixel_sdk/share/dynamixel_sdk/package.dsv
[4.780s] -- Up-to-date symlink: /home/ubuntu/turtlebot3_ws/install/dynamixel_sdk/share/ament_index/resource_index/packages/dynamixel_sdk
[4.788s] -- Up-to-date symlink: /home/ubuntu/turtlebot3_ws/install/dynamixel_sdk/share/dynamixel_sdk/cmake/ament_cmake_export_targets-extras.cmake
[4.790s] -- Up-to-date symlink: /home/ubuntu/turtlebot3_ws/install/dynamixel_sdk/share/dynamixel_sdk/cmake/ament_cmake_export_include_directories-extras.cmake
[4.791s] -- Up-to-date symlink: /home/ubuntu/turtlebot3_ws/install/dynamixel_sdk/share/dynamixel_sdk/cmake/ament_cmake_export_libraries-extras.cmake
[4.793s] -- Up-to-date symlink: /home/ubuntu/turtlebot3_ws/install/dynamixel_sdk/share/dynamixel_sdk/cmake/dynamixel_sdkConfig.cmake
[4.793s] -- Up-to-date symlink: /home/ubuntu/turtlebot3_ws/install/dynamixel_sdk/share/dynamixel_sdk/cmake/dynamixel_sdkConfig-version.cmake
[4.795s] -- Up-to-date symlink: /home/ubuntu/turtlebot3_ws/install/dynamixel_sdk/share/dynamixel_sdk/package.xml
[4.796s] -- Up-to-date: /home/ubuntu/turtlebot3_ws/install/dynamixel_sdk/lib/libdynamixel_sdk.so
[4.901s] Listing '/home/ubuntu/turtlebot3_ws/install/dynamixel_sdk/local/lib/python3.10/dist-packages/dynamixel_sdk'...
[4.940s] -- Up-to-date: /home/ubuntu/turtlebot3_ws/install/dynamixel_sdk/share/dynamixel_sdk/cmake/dynamixel_sdkExport.cmake
[4.940s] -- Up-to-date: /home/ubuntu/turtlebot3_ws/install/dynamixel_sdk/share/dynamixel_sdk/cmake/dynamixel_sdkExport-noconfig.cmake
[4.950s] Invoked command in '/home/ubuntu/turtlebot3_ws/build/dynamixel_sdk' returned '0': CMAKE_PREFIX_PATH=/home/ubuntu/turtlebot3_ws/install/turtlebot3:/home/ubuntu/turtlebot3_ws/install/turtlebot3_simulations:/home/ubuntu/turtlebot3_ws/install/turtlebot3_fake_node:/home/ubuntu/turtlebot3_ws/install/turtlebot3_manipulation_gazebo:/home/ubuntu/turtlebot3_ws/install/turtlebot3_gazebo:/home/ubuntu/turtlebot3_ws/install/turtlebot3_example:/home/ubuntu/turtlebot3_ws/src/install/turtlebot3_teleop:/home/ubuntu/turtlebot3_ws/src/install/turtlebot3_example:/home/ubuntu/turtlebot3_ws/install/turtlebot3_teleop:/opt/ros/humble:/home/ubuntu/turtlebot3_ws/install/simple_navigation_goals:/home/ubuntu/turtlebot3_ws/install/ros_tutorials_topic:/home/ubuntu/turtlebot3_ws/install/rescue_orchestrator:/home/ubuntu/turtlebot3_ws/install/dynamixel_sdk_examples:/home/ubuntu/turtlebot3_ws/install/cpp_talker_listener:/home/ubuntu/turtlebot3_ws/src/install/uart_bridge_cpp:/home/ubuntu/turtlebot3_ws/src/install/turtlebot3:/home/ubuntu/turtlebot3_ws/src/install/turtlebot3_simulations:/home/ubuntu/turtlebot3_ws/src/install/turtlebot3_bringup:/home/ubuntu/turtlebot3_ws/src/install/turtlebot3_node:/home/ubuntu/turtlebot3_ws/src/install/turtlebot3_navigation2:/home/ubuntu/turtlebot3_ws/src/install/turtlebot3_fake_node:/home/ubuntu/turtlebot3_ws/src/install/turtlebot3_msgs:/home/ubuntu/turtlebot3_ws/src/install/turtlebot3_manipulation_gazebo:/home/ubuntu/turtlebot3_ws/src/install/turtlebot3_gazebo:/home/ubuntu/turtlebot3_ws/src/install/turtlebot3_description:/home/ubuntu/turtlebot3_ws/src/install/turtlebot3_cartographer:/home/ubuntu/turtlebot3_ws/src/install/simple_navigation_goals:/home/ubuntu/turtlebot3_ws/src/install/ros_tutorials_topic:/home/ubuntu/turtlebot3_ws/src/install/ros_goal_client:/home/ubuntu/turtlebot3_ws/src/install/rescue_orchestrator:/home/ubuntu/turtlebot3_ws/src/install/dynamixel_sdk_examples:/home/ubuntu/turtlebot3_ws/src/install/dynamixel_sdk_custom_interfaces:/home/ubuntu/turtlebot3_ws/src/install/dynamixel_sdk:/home/ubuntu/turtlebot3_ws/src/install/cpp_talker_listener:/home/ubuntu/ros2_ws/install/uart_bridge_cpp:/home/ubuntu/turtlebot3_ws/install/uart_bridge_cpp:/home/ubuntu/turtlebot3_ws/install/turtlebot3_bringup:/home/ubuntu/turtlebot3_ws/install/turtlebot3_node:/home/ubuntu/turtlebot3_ws/install/turtlebot3_navigation2:/home/ubuntu/turtlebot3_ws/install/turtlebot3_msgs:/home/ubuntu/turtlebot3_ws/install/turtlebot3_description:/home/ubuntu/turtlebot3_ws/install/turtlebot3_cartographer:/home/ubuntu/turtlebot3_ws/install/ros_goal_client:/home/ubuntu/turtlebot3_ws/install/dynamixel_sdk_custom_interfaces:/home/ubuntu/turtlebot3_ws/install/dynamixel_sdk /usr/bin/cmake --install /home/ubuntu/turtlebot3_ws/build/dynamixel_sdk
