[0.418s] DEBUG:colcon:Command line arguments: ['/usr/bin/colcon', 'build', '--packages-select', 'uart_bridge_cpp']
[0.419s] DEBUG:colcon:Parsed command line arguments: Namespace(log_base=None, log_level=None, verb_name='build', build_base='build', install_base='install', merge_install=False, symlink_install=False, test_result_base=None, continue_on_error=False, executor='parallel', parallel_workers=4, event_handlers=None, ignore_user_meta=False, metas=['./colcon.meta'], base_paths=['.'], packages_ignore=None, packages_ignore_regex=None, paths=None, packages_up_to=None, packages_up_to_regex=None, packages_above=None, packages_above_and_dependencies=None, packages_above_depth=None, packages_select_by_dep=None, packages_skip_by_dep=None, packages_skip_up_to=None, packages_select_build_failed=False, packages_skip_build_finished=False, packages_select_test_failures=False, packages_skip_test_passed=False, packages_select=['uart_bridge_cpp'], packages_skip=None, packages_select_regex=None, packages_skip_regex=None, packages_start=None, packages_end=None, allow_overriding=[], cmake_args=None, cmake_target=None, cmake_target_skip_unavailable=False, cmake_clean_cache=False, cmake_clean_first=False, cmake_force_configure=False, ament_cmake_args=None, catkin_cmake_args=None, catkin_skip_building_tests=False, verb_parser=<colcon_defaults.argument_parser.defaults.DefaultArgumentsDecorator object at 0xffffbd103460>, verb_extension=<colcon_core.verb.build.BuildVerb object at 0xffffbd248910>, main=<bound method BuildVerb.main of <colcon_core.verb.build.BuildVerb object at 0xffffbd248910>>)
[1.139s] Level 1:colcon.colcon_core.package_discovery:discover_packages(colcon_meta) check parameters
[1.140s] Level 1:colcon.colcon_core.package_discovery:discover_packages(recursive) check parameters
[1.140s] Level 1:colcon.colcon_core.package_discovery:discover_packages(ignore) check parameters
[1.140s] Level 1:colcon.colcon_core.package_discovery:discover_packages(path) check parameters
[1.140s] Level 1:colcon.colcon_core.package_discovery:discover_packages(colcon_meta) discover
[1.140s] Level 1:colcon.colcon_core.package_discovery:discover_packages(recursive) discover
[1.141s] INFO:colcon.colcon_core.package_discovery:Crawling recursively for packages in '/home/ubuntu/ros2_ws'
[1.141s] Level 1:colcon.colcon_core.package_identification:_identify(.) by extensions ['ignore', 'ignore_ament_install']
[1.141s] Level 1:colcon.colcon_core.package_identification:_identify(.) by extension 'ignore'
[1.142s] Level 1:colcon.colcon_core.package_identification:_identify(.) by extension 'ignore_ament_install'
[1.142s] Level 1:colcon.colcon_core.package_identification:_identify(.) by extensions ['colcon_pkg']
[1.142s] Level 1:colcon.colcon_core.package_identification:_identify(.) by extension 'colcon_pkg'
[1.142s] Level 1:colcon.colcon_core.package_identification:_identify(.) by extensions ['colcon_meta']
[1.142s] Level 1:colcon.colcon_core.package_identification:_identify(.) by extension 'colcon_meta'
[1.142s] Level 1:colcon.colcon_core.package_identification:_identify(.) by extensions ['ros']
[1.142s] Level 1:colcon.colcon_core.package_identification:_identify(.) by extension 'ros'
[1.190s] Level 1:colcon.colcon_core.package_identification:_identify(.) by extensions ['cmake', 'python']
[1.190s] Level 1:colcon.colcon_core.package_identification:_identify(.) by extension 'cmake'
[1.190s] Level 1:colcon.colcon_core.package_identification:_identify(.) by extension 'python'
[1.190s] Level 1:colcon.colcon_core.package_identification:_identify(.) by extensions ['python_setup_py']
[1.190s] Level 1:colcon.colcon_core.package_identification:_identify(.) by extension 'python_setup_py'
[1.191s] Level 1:colcon.colcon_core.package_identification:_identify(build) by extensions ['ignore', 'ignore_ament_install']
[1.191s] Level 1:colcon.colcon_core.package_identification:_identify(build) by extension 'ignore'
[1.191s] Level 1:colcon.colcon_core.package_identification:_identify(build) ignored
[1.192s] Level 1:colcon.colcon_core.package_identification:_identify(install) by extensions ['ignore', 'ignore_ament_install']
[1.192s] Level 1:colcon.colcon_core.package_identification:_identify(install) by extension 'ignore'
[1.192s] Level 1:colcon.colcon_core.package_identification:_identify(install) ignored
[1.193s] Level 1:colcon.colcon_core.package_identification:_identify(log) by extensions ['ignore', 'ignore_ament_install']
[1.193s] Level 1:colcon.colcon_core.package_identification:_identify(log) by extension 'ignore'
[1.193s] Level 1:colcon.colcon_core.package_identification:_identify(log) ignored
[1.194s] Level 1:colcon.colcon_core.package_identification:_identify(src) by extensions ['ignore', 'ignore_ament_install']
[1.194s] Level 1:colcon.colcon_core.package_identification:_identify(src) by extension 'ignore'
[1.194s] Level 1:colcon.colcon_core.package_identification:_identify(src) by extension 'ignore_ament_install'
[1.194s] Level 1:colcon.colcon_core.package_identification:_identify(src) by extensions ['colcon_pkg']
[1.195s] Level 1:colcon.colcon_core.package_identification:_identify(src) by extension 'colcon_pkg'
[1.195s] Level 1:colcon.colcon_core.package_identification:_identify(src) by extensions ['colcon_meta']
[1.195s] Level 1:colcon.colcon_core.package_identification:_identify(src) by extension 'colcon_meta'
[1.195s] Level 1:colcon.colcon_core.package_identification:_identify(src) by extensions ['ros']
[1.195s] Level 1:colcon.colcon_core.package_identification:_identify(src) by extension 'ros'
[1.195s] Level 1:colcon.colcon_core.package_identification:_identify(src) by extensions ['cmake', 'python']
[1.196s] Level 1:colcon.colcon_core.package_identification:_identify(src) by extension 'cmake'
[1.196s] Level 1:colcon.colcon_core.package_identification:_identify(src) by extension 'python'
[1.196s] Level 1:colcon.colcon_core.package_identification:_identify(src) by extensions ['python_setup_py']
[1.196s] Level 1:colcon.colcon_core.package_identification:_identify(src) by extension 'python_setup_py'
[1.196s] Level 1:colcon.colcon_core.package_identification:_identify(src/socket_server_pkg) by extensions ['ignore', 'ignore_ament_install']
[1.197s] Level 1:colcon.colcon_core.package_identification:_identify(src/socket_server_pkg) by extension 'ignore'
[1.197s] Level 1:colcon.colcon_core.package_identification:_identify(src/socket_server_pkg) by extension 'ignore_ament_install'
[1.197s] Level 1:colcon.colcon_core.package_identification:_identify(src/socket_server_pkg) by extensions ['colcon_pkg']
[1.197s] Level 1:colcon.colcon_core.package_identification:_identify(src/socket_server_pkg) by extension 'colcon_pkg'
[1.197s] Level 1:colcon.colcon_core.package_identification:_identify(src/socket_server_pkg) by extensions ['colcon_meta']
[1.197s] Level 1:colcon.colcon_core.package_identification:_identify(src/socket_server_pkg) by extension 'colcon_meta'
[1.198s] Level 1:colcon.colcon_core.package_identification:_identify(src/socket_server_pkg) by extensions ['ros']
[1.198s] Level 1:colcon.colcon_core.package_identification:_identify(src/socket_server_pkg) by extension 'ros'
[1.206s] DEBUG:colcon.colcon_core.package_identification:Package 'src/socket_server_pkg' with type 'ros.ament_cmake' and name 'socket_server_pkg'
[1.207s] Level 1:colcon.colcon_core.package_identification:_identify(src/uart_bridge_cpp) by extensions ['ignore', 'ignore_ament_install']
[1.207s] Level 1:colcon.colcon_core.package_identification:_identify(src/uart_bridge_cpp) by extension 'ignore'
[1.208s] Level 1:colcon.colcon_core.package_identification:_identify(src/uart_bridge_cpp) by extension 'ignore_ament_install'
[1.208s] Level 1:colcon.colcon_core.package_identification:_identify(src/uart_bridge_cpp) by extensions ['colcon_pkg']
[1.208s] Level 1:colcon.colcon_core.package_identification:_identify(src/uart_bridge_cpp) by extension 'colcon_pkg'
[1.208s] Level 1:colcon.colcon_core.package_identification:_identify(src/uart_bridge_cpp) by extensions ['colcon_meta']
[1.208s] Level 1:colcon.colcon_core.package_identification:_identify(src/uart_bridge_cpp) by extension 'colcon_meta'
[1.208s] Level 1:colcon.colcon_core.package_identification:_identify(src/uart_bridge_cpp) by extensions ['ros']
[1.208s] Level 1:colcon.colcon_core.package_identification:_identify(src/uart_bridge_cpp) by extension 'ros'
[1.211s] DEBUG:colcon.colcon_core.package_identification:Package 'src/uart_bridge_cpp' with type 'ros.ament_cmake' and name 'uart_bridge_cpp'
[1.211s] Level 1:colcon.colcon_core.package_discovery:discover_packages(recursive) using defaults
[1.211s] Level 1:colcon.colcon_core.package_discovery:discover_packages(ignore) discover
[1.212s] Level 1:colcon.colcon_core.package_discovery:discover_packages(ignore) using defaults
[1.212s] Level 1:colcon.colcon_core.package_discovery:discover_packages(path) discover
[1.212s] Level 1:colcon.colcon_core.package_discovery:discover_packages(path) using defaults
[1.284s] INFO:colcon.colcon_core.package_selection:Skipping not selected package 'socket_server_pkg' in 'src/socket_server_pkg'
[1.285s] Level 1:colcon.colcon_core.package_discovery:discover_packages(prefix_path) check parameters
[1.286s] Level 1:colcon.colcon_core.package_discovery:discover_packages(prefix_path) discover
[1.295s] DEBUG:colcon.colcon_installed_package_information.package_discovery:Found 3 installed packages in /home/ubuntu/ros2_ws/install
[1.296s] DEBUG:colcon.colcon_installed_package_information.package_discovery:Found 0 installed packages in /home/ubuntu/turtlebot3_ws/install
[1.307s] DEBUG:colcon.colcon_installed_package_information.package_discovery:Found 356 installed packages in /opt/ros/humble
[1.352s] Level 1:colcon.colcon_core.package_discovery:discover_packages(prefix_path) using defaults
[1.543s] Level 5:colcon.colcon_core.verb:set package 'uart_bridge_cpp' build argument 'cmake_args' from command line to 'None'
[1.543s] Level 5:colcon.colcon_core.verb:set package 'uart_bridge_cpp' build argument 'cmake_target' from command line to 'None'
[1.543s] Level 5:colcon.colcon_core.verb:set package 'uart_bridge_cpp' build argument 'cmake_target_skip_unavailable' from command line to 'False'
[1.543s] Level 5:colcon.colcon_core.verb:set package 'uart_bridge_cpp' build argument 'cmake_clean_cache' from command line to 'False'
[1.543s] Level 5:colcon.colcon_core.verb:set package 'uart_bridge_cpp' build argument 'cmake_clean_first' from command line to 'False'
[1.543s] Level 5:colcon.colcon_core.verb:set package 'uart_bridge_cpp' build argument 'cmake_force_configure' from command line to 'False'
[1.544s] Level 5:colcon.colcon_core.verb:set package 'uart_bridge_cpp' build argument 'ament_cmake_args' from command line to 'None'
[1.544s] Level 5:colcon.colcon_core.verb:set package 'uart_bridge_cpp' build argument 'catkin_cmake_args' from command line to 'None'
[1.544s] Level 5:colcon.colcon_core.verb:set package 'uart_bridge_cpp' build argument 'catkin_skip_building_tests' from command line to 'False'
[1.544s] DEBUG:colcon.colcon_core.verb:Building package 'uart_bridge_cpp' with the following arguments: {'ament_cmake_args': None, 'build_base': '/home/ubuntu/ros2_ws/build/uart_bridge_cpp', 'catkin_cmake_args': None, 'catkin_skip_building_tests': False, 'cmake_args': None, 'cmake_clean_cache': False, 'cmake_clean_first': False, 'cmake_force_configure': False, 'cmake_target': None, 'cmake_target_skip_unavailable': False, 'install_base': '/home/ubuntu/ros2_ws/install/uart_bridge_cpp', 'merge_install': False, 'path': '/home/ubuntu/ros2_ws/src/uart_bridge_cpp', 'symlink_install': False, 'test_result_base': None}
[1.544s] INFO:colcon.colcon_core.executor:Executing jobs using 'parallel' executor
[1.547s] DEBUG:colcon.colcon_parallel_executor.executor.parallel:run_until_complete
[1.548s] INFO:colcon.colcon_ros.task.ament_cmake.build:Building ROS package in '/home/ubuntu/ros2_ws/src/uart_bridge_cpp' with build type 'ament_cmake'
[1.549s] INFO:colcon.colcon_cmake.task.cmake.build:Building CMake package in '/home/ubuntu/ros2_ws/src/uart_bridge_cpp'
[1.557s] INFO:colcon.colcon_core.plugin_system:Skipping extension 'colcon_core.shell.bat': Not used on non-Windows systems
[1.558s] INFO:colcon.colcon_core.shell:Skip shell extension 'powershell' for command environment: Not usable outside of PowerShell
[1.558s] DEBUG:colcon.colcon_core.shell:Skip shell extension 'dsv' for command environment
[1.600s] DEBUG:colcon.colcon_core.event_handler.log_command:Invoking command in '/home/ubuntu/ros2_ws/build/uart_bridge_cpp': CMAKE_PREFIX_PATH=${CMAKE_PREFIX_PATH}:/opt/ros/humble /usr/bin/cmake --build /home/ubuntu/ros2_ws/build/uart_bridge_cpp -- -j4 -l4
[35.790s] DEBUG:colcon.colcon_core.event_handler.log_command:Invoked command in '/home/ubuntu/ros2_ws/build/uart_bridge_cpp' returned '0': CMAKE_PREFIX_PATH=${CMAKE_PREFIX_PATH}:/opt/ros/humble /usr/bin/cmake --build /home/ubuntu/ros2_ws/build/uart_bridge_cpp -- -j4 -l4
[35.829s] DEBUG:colcon.colcon_core.event_handler.log_command:Invoking command in '/home/ubuntu/ros2_ws/build/uart_bridge_cpp': CMAKE_PREFIX_PATH=${CMAKE_PREFIX_PATH}:/opt/ros/humble /usr/bin/cmake --install /home/ubuntu/ros2_ws/build/uart_bridge_cpp
[35.900s] Level 1:colcon.colcon_core.environment:create_environment_scripts_only(uart_bridge_cpp)
[35.903s] DEBUG:colcon.colcon_core.event_handler.log_command:Invoked command in '/home/ubuntu/ros2_ws/build/uart_bridge_cpp' returned '0': CMAKE_PREFIX_PATH=${CMAKE_PREFIX_PATH}:/opt/ros/humble /usr/bin/cmake --install /home/ubuntu/ros2_ws/build/uart_bridge_cpp
[35.916s] Level 1:colcon.colcon_core.environment:checking '/home/ubuntu/ros2_ws/install/uart_bridge_cpp' for CMake module files
[35.919s] Level 1:colcon.colcon_core.environment:checking '/home/ubuntu/ros2_ws/install/uart_bridge_cpp' for CMake config files
[35.921s] Level 1:colcon.colcon_core.shell:create_environment_hook('uart_bridge_cpp', 'cmake_prefix_path')
[35.922s] INFO:colcon.colcon_core.shell:Creating environment hook '/home/ubuntu/ros2_ws/install/uart_bridge_cpp/share/uart_bridge_cpp/hook/cmake_prefix_path.ps1'
[35.925s] INFO:colcon.colcon_core.shell:Creating environment descriptor '/home/ubuntu/ros2_ws/install/uart_bridge_cpp/share/uart_bridge_cpp/hook/cmake_prefix_path.dsv'
[35.927s] INFO:colcon.colcon_core.shell:Creating environment hook '/home/ubuntu/ros2_ws/install/uart_bridge_cpp/share/uart_bridge_cpp/hook/cmake_prefix_path.sh'
[35.931s] Level 1:colcon.colcon_core.environment:checking '/home/ubuntu/ros2_ws/install/uart_bridge_cpp/lib'
[35.932s] Level 1:colcon.colcon_core.environment:checking '/home/ubuntu/ros2_ws/install/uart_bridge_cpp/bin'
[35.933s] Level 1:colcon.colcon_core.environment:checking '/home/ubuntu/ros2_ws/install/uart_bridge_cpp/lib/pkgconfig/uart_bridge_cpp.pc'
[35.934s] Level 1:colcon.colcon_core.environment:checking '/home/ubuntu/ros2_ws/install/uart_bridge_cpp/lib/python3.10/site-packages'
[35.935s] Level 1:colcon.colcon_core.environment:checking '/home/ubuntu/ros2_ws/install/uart_bridge_cpp/bin'
[35.936s] INFO:colcon.colcon_core.shell:Creating package script '/home/ubuntu/ros2_ws/install/uart_bridge_cpp/share/uart_bridge_cpp/package.ps1'
[35.940s] INFO:colcon.colcon_core.shell:Creating package descriptor '/home/ubuntu/ros2_ws/install/uart_bridge_cpp/share/uart_bridge_cpp/package.dsv'
[35.943s] INFO:colcon.colcon_core.shell:Creating package script '/home/ubuntu/ros2_ws/install/uart_bridge_cpp/share/uart_bridge_cpp/package.sh'
[35.946s] INFO:colcon.colcon_core.shell:Creating package script '/home/ubuntu/ros2_ws/install/uart_bridge_cpp/share/uart_bridge_cpp/package.bash'
[35.950s] INFO:colcon.colcon_core.shell:Creating package script '/home/ubuntu/ros2_ws/install/uart_bridge_cpp/share/uart_bridge_cpp/package.zsh'
[35.954s] Level 1:colcon.colcon_core.environment:create_file_with_runtime_dependencies(/home/ubuntu/ros2_ws/install/uart_bridge_cpp/share/colcon-core/packages/uart_bridge_cpp)
[35.957s] Level 1:colcon.colcon_core.environment:create_environment_scripts_only(uart_bridge_cpp)
[35.958s] Level 1:colcon.colcon_core.environment:checking '/home/ubuntu/ros2_ws/install/uart_bridge_cpp' for CMake module files
[35.961s] Level 1:colcon.colcon_core.environment:checking '/home/ubuntu/ros2_ws/install/uart_bridge_cpp' for CMake config files
[35.963s] Level 1:colcon.colcon_core.shell:create_environment_hook('uart_bridge_cpp', 'cmake_prefix_path')
[35.964s] INFO:colcon.colcon_core.shell:Creating environment hook '/home/ubuntu/ros2_ws/install/uart_bridge_cpp/share/uart_bridge_cpp/hook/cmake_prefix_path.ps1'
[35.966s] INFO:colcon.colcon_core.shell:Creating environment descriptor '/home/ubuntu/ros2_ws/install/uart_bridge_cpp/share/uart_bridge_cpp/hook/cmake_prefix_path.dsv'
[35.968s] INFO:colcon.colcon_core.shell:Creating environment hook '/home/ubuntu/ros2_ws/install/uart_bridge_cpp/share/uart_bridge_cpp/hook/cmake_prefix_path.sh'
[35.971s] Level 1:colcon.colcon_core.environment:checking '/home/ubuntu/ros2_ws/install/uart_bridge_cpp/lib'
[35.972s] Level 1:colcon.colcon_core.environment:checking '/home/ubuntu/ros2_ws/install/uart_bridge_cpp/bin'
[35.972s] Level 1:colcon.colcon_core.environment:checking '/home/ubuntu/ros2_ws/install/uart_bridge_cpp/lib/pkgconfig/uart_bridge_cpp.pc'
[35.973s] Level 1:colcon.colcon_core.environment:checking '/home/ubuntu/ros2_ws/install/uart_bridge_cpp/lib/python3.10/site-packages'
[35.974s] Level 1:colcon.colcon_core.environment:checking '/home/ubuntu/ros2_ws/install/uart_bridge_cpp/bin'
[35.976s] INFO:colcon.colcon_core.shell:Creating package script '/home/ubuntu/ros2_ws/install/uart_bridge_cpp/share/uart_bridge_cpp/package.ps1'
[35.978s] INFO:colcon.colcon_core.shell:Creating package descriptor '/home/ubuntu/ros2_ws/install/uart_bridge_cpp/share/uart_bridge_cpp/package.dsv'
[35.981s] INFO:colcon.colcon_core.shell:Creating package script '/home/ubuntu/ros2_ws/install/uart_bridge_cpp/share/uart_bridge_cpp/package.sh'
[35.984s] INFO:colcon.colcon_core.shell:Creating package script '/home/ubuntu/ros2_ws/install/uart_bridge_cpp/share/uart_bridge_cpp/package.bash'
[35.986s] INFO:colcon.colcon_core.shell:Creating package script '/home/ubuntu/ros2_ws/install/uart_bridge_cpp/share/uart_bridge_cpp/package.zsh'
[35.988s] Level 1:colcon.colcon_core.environment:create_file_with_runtime_dependencies(/home/ubuntu/ros2_ws/install/uart_bridge_cpp/share/colcon-core/packages/uart_bridge_cpp)
[35.990s] DEBUG:colcon.colcon_parallel_executor.executor.parallel:closing loop
[35.991s] DEBUG:colcon.colcon_parallel_executor.executor.parallel:loop closed
[35.991s] DEBUG:colcon.colcon_parallel_executor.executor.parallel:run_until_complete finished with '0'
[35.991s] DEBUG:colcon.colcon_core.event_reactor:joining thread
[36.013s] INFO:colcon.colcon_core.plugin_system:Skipping extension 'colcon_notification.desktop_notification.notify_send': Could not find 'notify-send'
[36.013s] INFO:colcon.colcon_core.plugin_system:Skipping extension 'colcon_notification.desktop_notification.terminal_notifier': Not used on non-Darwin systems
[36.014s] INFO:colcon.colcon_core.plugin_system:Skipping extension 'colcon_notification.desktop_notification.win32': Not used on non-Windows systems
[36.014s] INFO:colcon.colcon_notification.desktop_notification:Sending desktop notification using 'notify2'
[36.017s] DEBUG:colcon.colcon_notification.desktop_notification.notify2:Failed to initialize notify2: org.freedesktop.DBus.Error.ServiceUnknown: The name org.freedesktop.Notifications was not provided by any .service files
[36.018s] DEBUG:colcon.colcon_core.event_reactor:joined thread
[36.019s] INFO:colcon.colcon_core.shell:Creating prefix script '/home/ubuntu/ros2_ws/install/local_setup.ps1'
[36.023s] INFO:colcon.colcon_core.shell:Creating prefix util module '/home/ubuntu/ros2_ws/install/_local_setup_util_ps1.py'
[36.029s] INFO:colcon.colcon_core.shell:Creating prefix chain script '/home/ubuntu/ros2_ws/install/setup.ps1'
[36.035s] INFO:colcon.colcon_core.shell:Creating prefix script '/home/ubuntu/ros2_ws/install/local_setup.sh'
[36.039s] INFO:colcon.colcon_core.shell:Creating prefix util module '/home/ubuntu/ros2_ws/install/_local_setup_util_sh.py'
[36.041s] INFO:colcon.colcon_core.shell:Creating prefix chain script '/home/ubuntu/ros2_ws/install/setup.sh'
[36.048s] INFO:colcon.colcon_core.shell:Creating prefix script '/home/ubuntu/ros2_ws/install/local_setup.bash'
[36.051s] INFO:colcon.colcon_core.shell:Creating prefix chain script '/home/ubuntu/ros2_ws/install/setup.bash'
[36.056s] INFO:colcon.colcon_core.shell:Creating prefix script '/home/ubuntu/ros2_ws/install/local_setup.zsh'
[36.059s] INFO:colcon.colcon_core.shell:Creating prefix chain script '/home/ubuntu/ros2_ws/install/setup.zsh'
