[35m[1mConsolidate compiler generated dependencies of target socket_server_node[0m
[ 50%] [32mBuilding CXX object CMakeFiles/socket_server_node.dir/src/socket_server_node.cpp.o[0m
[100%] [32m[1mLinking CXX executable socket_server_node[0m
[100%] Built target socket_server_node
-- Install configuration: ""
-- Installing: /home/ubuntu/ros2_ws/install/socket_server_pkg/lib/socket_server_pkg/socket_server_node
-- Set runtime path of "/home/ubuntu/ros2_ws/install/socket_server_pkg/lib/socket_server_pkg/socket_server_node" to ""
-- Up-to-date: /home/ubuntu/ros2_ws/install/socket_server_pkg/include
-- Up-to-date: /home/ubuntu/ros2_ws/install/socket_server_pkg/include/socket_server_pkg
-- Up-to-date: /home/ubuntu/ros2_ws/install/socket_server_pkg/include/socket_server_pkg/socket_server_node.hpp
-- Up-to-date: /home/ubuntu/ros2_ws/install/socket_server_pkg/share/socket_server_pkg/launch
-- Up-to-date: /home/ubuntu/ros2_ws/install/socket_server_pkg/share/socket_server_pkg/launch/socket_server.launch.py
-- Up-to-date: /home/ubuntu/ros2_ws/install/socket_server_pkg/share/ament_index/resource_index/package_run_dependencies/socket_server_pkg
-- Up-to-date: /home/ubuntu/ros2_ws/install/socket_server_pkg/share/ament_index/resource_index/parent_prefix_path/socket_server_pkg
-- Up-to-date: /home/ubuntu/ros2_ws/install/socket_server_pkg/share/socket_server_pkg/environment/ament_prefix_path.sh
-- Up-to-date: /home/ubuntu/ros2_ws/install/socket_server_pkg/share/socket_server_pkg/environment/ament_prefix_path.dsv
-- Up-to-date: /home/ubuntu/ros2_ws/install/socket_server_pkg/share/socket_server_pkg/environment/path.sh
-- Up-to-date: /home/ubuntu/ros2_ws/install/socket_server_pkg/share/socket_server_pkg/environment/path.dsv
-- Up-to-date: /home/ubuntu/ros2_ws/install/socket_server_pkg/share/socket_server_pkg/local_setup.bash
-- Up-to-date: /home/ubuntu/ros2_ws/install/socket_server_pkg/share/socket_server_pkg/local_setup.sh
-- Up-to-date: /home/ubuntu/ros2_ws/install/socket_server_pkg/share/socket_server_pkg/local_setup.zsh
-- Up-to-date: /home/ubuntu/ros2_ws/install/socket_server_pkg/share/socket_server_pkg/local_setup.dsv
-- Installing: /home/ubuntu/ros2_ws/install/socket_server_pkg/share/socket_server_pkg/package.dsv
-- Up-to-date: /home/ubuntu/ros2_ws/install/socket_server_pkg/share/ament_index/resource_index/packages/socket_server_pkg
-- Up-to-date: /home/ubuntu/ros2_ws/install/socket_server_pkg/share/socket_server_pkg/cmake/socket_server_pkgConfig.cmake
-- Up-to-date: /home/ubuntu/ros2_ws/install/socket_server_pkg/share/socket_server_pkg/cmake/socket_server_pkgConfig-version.cmake
-- Up-to-date: /home/ubuntu/ros2_ws/install/socket_server_pkg/share/socket_server_pkg/package.xml
