[0.055s] Invoking command in '/home/ubuntu/ros2_ws/build/socket_server_pkg': CMAKE_PREFIX_PATH=${CMAKE_PREFIX_PATH}:/home/ubuntu/turtlebot3_ws/install/turtlebot3_teleop:/home/ubuntu/turtlebot3_ws/install/turtlebot3_example:/opt/ros/humble /usr/bin/cmake --build /home/ubuntu/ros2_ws/build/socket_server_pkg -- -j4 -l4
[0.238s] [35m[1mConsolidate compiler generated dependencies of target socket_server_node[0m
[0.330s] [ 50%] [32mBuilding CXX object CMakeFiles/socket_server_node.dir/src/socket_server_node.cpp.o[0m
[34.764s] [100%] [32m[1mLinking CXX executable socket_server_node[0m
[36.450s] [100%] Built target socket_server_node
[36.488s] Invoked command in '/home/ubuntu/ros2_ws/build/socket_server_pkg' returned '0': CMAKE_PREFIX_PATH=${CMAKE_PREFIX_PATH}:/home/ubuntu/turtlebot3_ws/install/turtlebot3_teleop:/home/ubuntu/turtlebot3_ws/install/turtlebot3_example:/opt/ros/humble /usr/bin/cmake --build /home/ubuntu/ros2_ws/build/socket_server_pkg -- -j4 -l4
[36.532s] Invoking command in '/home/ubuntu/ros2_ws/build/socket_server_pkg': CMAKE_PREFIX_PATH=${CMAKE_PREFIX_PATH}:/home/ubuntu/turtlebot3_ws/install/turtlebot3_teleop:/home/ubuntu/turtlebot3_ws/install/turtlebot3_example:/opt/ros/humble /usr/bin/cmake --install /home/ubuntu/ros2_ws/build/socket_server_pkg
[36.560s] -- Install configuration: ""
[36.561s] -- Installing: /home/ubuntu/ros2_ws/install/socket_server_pkg/lib/socket_server_pkg/socket_server_node
[36.590s] -- Set runtime path of "/home/ubuntu/ros2_ws/install/socket_server_pkg/lib/socket_server_pkg/socket_server_node" to ""
[36.590s] -- Up-to-date: /home/ubuntu/ros2_ws/install/socket_server_pkg/include
[36.591s] -- Up-to-date: /home/ubuntu/ros2_ws/install/socket_server_pkg/include/socket_server_pkg
[36.591s] -- Up-to-date: /home/ubuntu/ros2_ws/install/socket_server_pkg/include/socket_server_pkg/socket_server_node.hpp
[36.591s] -- Up-to-date: /home/ubuntu/ros2_ws/install/socket_server_pkg/share/socket_server_pkg/launch
[36.592s] -- Up-to-date: /home/ubuntu/ros2_ws/install/socket_server_pkg/share/socket_server_pkg/launch/socket_server.launch.py
[36.592s] -- Up-to-date: /home/ubuntu/ros2_ws/install/socket_server_pkg/share/ament_index/resource_index/package_run_dependencies/socket_server_pkg
[36.592s] -- Up-to-date: /home/ubuntu/ros2_ws/install/socket_server_pkg/share/ament_index/resource_index/parent_prefix_path/socket_server_pkg
[36.593s] -- Up-to-date: /home/ubuntu/ros2_ws/install/socket_server_pkg/share/socket_server_pkg/environment/ament_prefix_path.sh
[36.593s] -- Up-to-date: /home/ubuntu/ros2_ws/install/socket_server_pkg/share/socket_server_pkg/environment/ament_prefix_path.dsv
[36.594s] -- Up-to-date: /home/ubuntu/ros2_ws/install/socket_server_pkg/share/socket_server_pkg/environment/path.sh
[36.595s] -- Up-to-date: /home/ubuntu/ros2_ws/install/socket_server_pkg/share/socket_server_pkg/environment/path.dsv
[36.595s] -- Up-to-date: /home/ubuntu/ros2_ws/install/socket_server_pkg/share/socket_server_pkg/local_setup.bash
[36.596s] -- Up-to-date: /home/ubuntu/ros2_ws/install/socket_server_pkg/share/socket_server_pkg/local_setup.sh
[36.596s] -- Up-to-date: /home/ubuntu/ros2_ws/install/socket_server_pkg/share/socket_server_pkg/local_setup.zsh
[36.596s] -- Up-to-date: /home/ubuntu/ros2_ws/install/socket_server_pkg/share/socket_server_pkg/local_setup.dsv
[36.596s] -- Installing: /home/ubuntu/ros2_ws/install/socket_server_pkg/share/socket_server_pkg/package.dsv
[36.597s] -- Up-to-date: /home/ubuntu/ros2_ws/install/socket_server_pkg/share/ament_index/resource_index/packages/socket_server_pkg
[36.597s] -- Up-to-date: /home/ubuntu/ros2_ws/install/socket_server_pkg/share/socket_server_pkg/cmake/socket_server_pkgConfig.cmake
[36.598s] -- Up-to-date: /home/ubuntu/ros2_ws/install/socket_server_pkg/share/socket_server_pkg/cmake/socket_server_pkgConfig-version.cmake
[36.598s] -- Up-to-date: /home/ubuntu/ros2_ws/install/socket_server_pkg/share/socket_server_pkg/package.xml
[36.603s] Invoked command in '/home/ubuntu/ros2_ws/build/socket_server_pkg' returned '0': CMAKE_PREFIX_PATH=${CMAKE_PREFIX_PATH}:/home/ubuntu/turtlebot3_ws/install/turtlebot3_teleop:/home/ubuntu/turtlebot3_ws/install/turtlebot3_example:/opt/ros/humble /usr/bin/cmake --install /home/ubuntu/ros2_ws/build/socket_server_pkg
