[0.220s] Invoking command in '/home/ubuntu/turtlebot3_ws/build/turtlebot3_node': CMAKE_PREFIX_PATH=/home/ubuntu/turtlebot3_ws/install/turtlebot3_msgs:/home/ubuntu/turtlebot3_ws/install/dynamixel_sdk:/home/ubuntu/turtlebot3_ws/install/turtlebot3:/home/ubuntu/turtlebot3_ws/install/turtlebot3_simulations:/home/ubuntu/turtlebot3_ws/install/turtlebot3_fake_node:/home/ubuntu/turtlebot3_ws/install/turtlebot3_manipulation_gazebo:/home/ubuntu/turtlebot3_ws/install/turtlebot3_gazebo:/home/ubuntu/turtlebot3_ws/install/turtlebot3_example:/home/ubuntu/turtlebot3_ws/src/install/turtlebot3_teleop:/home/ubuntu/turtlebot3_ws/src/install/turtlebot3_example:/home/ubuntu/turtlebot3_ws/install/turtlebot3_teleop:/opt/ros/humble:/home/ubuntu/turtlebot3_ws/install/simple_navigation_goals:/home/ubuntu/turtlebot3_ws/install/ros_tutorials_topic:/home/ubuntu/turtlebot3_ws/install/rescue_orchestrator:/home/ubuntu/turtlebot3_ws/install/dynamixel_sdk_examples:/home/ubuntu/turtlebot3_ws/install/cpp_talker_listener:/home/ubuntu/turtlebot3_ws/src/install/uart_bridge_cpp:/home/ubuntu/turtlebot3_ws/src/install/turtlebot3:/home/ubuntu/turtlebot3_ws/src/install/turtlebot3_simulations:/home/ubuntu/turtlebot3_ws/src/install/turtlebot3_bringup:/home/ubuntu/turtlebot3_ws/src/install/turtlebot3_node:/home/ubuntu/turtlebot3_ws/src/install/turtlebot3_navigation2:/home/ubuntu/turtlebot3_ws/src/install/turtlebot3_fake_node:/home/ubuntu/turtlebot3_ws/src/install/turtlebot3_msgs:/home/ubuntu/turtlebot3_ws/src/install/turtlebot3_manipulation_gazebo:/home/ubuntu/turtlebot3_ws/src/install/turtlebot3_gazebo:/home/ubuntu/turtlebot3_ws/src/install/turtlebot3_description:/home/ubuntu/turtlebot3_ws/src/install/turtlebot3_cartographer:/home/ubuntu/turtlebot3_ws/src/install/simple_navigation_goals:/home/ubuntu/turtlebot3_ws/src/install/ros_tutorials_topic:/home/ubuntu/turtlebot3_ws/src/install/ros_goal_client:/home/ubuntu/turtlebot3_ws/src/install/rescue_orchestrator:/home/ubuntu/turtlebot3_ws/src/install/dynamixel_sdk_examples:/home/ubuntu/turtlebot3_ws/src/install/dynamixel_sdk_custom_interfaces:/home/ubuntu/turtlebot3_ws/src/install/dynamixel_sdk:/home/ubuntu/turtlebot3_ws/src/install/cpp_talker_listener:/home/ubuntu/ros2_ws/install/uart_bridge_cpp:/home/ubuntu/turtlebot3_ws/install/uart_bridge_cpp:/home/ubuntu/turtlebot3_ws/install/turtlebot3_bringup:/home/ubuntu/turtlebot3_ws/install/turtlebot3_node:/home/ubuntu/turtlebot3_ws/install/turtlebot3_navigation2:/home/ubuntu/turtlebot3_ws/install/turtlebot3_description:/home/ubuntu/turtlebot3_ws/install/turtlebot3_cartographer:/home/ubuntu/turtlebot3_ws/install/ros_goal_client:/home/ubuntu/turtlebot3_ws/install/dynamixel_sdk_custom_interfaces LD_LIBRARY_PATH=/home/ubuntu/turtlebot3_ws/install/turtlebot3_msgs/lib:/home/ubuntu/turtlebot3_ws/install/dynamixel_sdk/lib:/home/ubuntu/turtlebot3_ws/install/ros_tutorials_topic/lib:/home/ubuntu/turtlebot3_ws/src/install/turtlebot3_msgs/lib:/home/ubuntu/turtlebot3_ws/src/install/ros_tutorials_topic/lib:/home/ubuntu/turtlebot3_ws/src/install/ros_goal_client/lib:/home/ubuntu/turtlebot3_ws/src/install/dynamixel_sdk_custom_interfaces/lib:/home/ubuntu/turtlebot3_ws/src/install/dynamixel_sdk/lib:/home/ubuntu/turtlebot3_ws/install/ros_goal_client/lib:/home/ubuntu/turtlebot3_ws/install/dynamixel_sdk_custom_interfaces/lib:/opt/ros/humble/opt/rviz_ogre_vendor/lib:/opt/ros/humble/lib/aarch64-linux-gnu:/opt/ros/humble/lib /usr/bin/cmake /home/ubuntu/turtlebot3_ws/src/turtlebot3/turtlebot3_node -DAMENT_CMAKE_SYMLINK_INSTALL=1 -DCMAKE_INSTALL_PREFIX=/home/ubuntu/turtlebot3_ws/install/turtlebot3_node
[0.593s] -- The C compiler identification is GNU 11.4.0
[0.915s] -- The CXX compiler identification is GNU 11.4.0
[0.954s] -- Detecting C compiler ABI info
[1.422s] -- Detecting C compiler ABI info - done
[1.448s] -- Check for working C compiler: /usr/bin/cc - skipped
[1.449s] -- Detecting C compile features
[1.450s] -- Detecting C compile features - done
[1.463s] -- Detecting CXX compiler ABI info
[1.915s] -- Detecting CXX compiler ABI info - done
[1.946s] -- Check for working CXX compiler: /usr/bin/c++ - skipped
[1.953s] -- Detecting CXX compile features
[1.955s] -- Detecting CXX compile features - done
[2.000s] -- Found ament_cmake: 1.3.12 (/opt/ros/humble/share/ament_cmake/cmake)
[3.122s] -- Found Python3: /usr/bin/python3 (found version "3.10.12") found components: Interpreter 
[3.636s] -- Override CMake install command with custom implementation using symlinks instead of copying resources
[4.556s] -- Found dynamixel_sdk: 3.8.4 (/home/ubuntu/turtlebot3_ws/install/dynamixel_sdk/share/dynamixel_sdk/cmake)
[4.651s] -- Found geometry_msgs: 4.9.0 (/opt/ros/humble/share/geometry_msgs/cmake)
[5.632s] -- Found rosidl_generator_c: 3.1.7 (/opt/ros/humble/share/rosidl_generator_c/cmake)
[5.950s] -- Found rosidl_adapter: 3.1.7 (/opt/ros/humble/share/rosidl_adapter/cmake)
[6.321s] -- Found rosidl_generator_cpp: 3.1.7 (/opt/ros/humble/share/rosidl_generator_cpp/cmake)
[6.767s] -- Using all available rosidl_typesupport_c: rosidl_typesupport_fastrtps_c;rosidl_typesupport_introspection_c
[7.054s] -- Using all available rosidl_typesupport_cpp: rosidl_typesupport_fastrtps_cpp;rosidl_typesupport_introspection_cpp
[7.730s] -- Found message_filters: 4.3.8 (/opt/ros/humble/share/message_filters/cmake)
[8.701s] -- Found rmw_implementation_cmake: 6.1.2 (/opt/ros/humble/share/rmw_implementation_cmake/cmake)
[8.842s] -- Found rmw_fastrtps_cpp: 6.2.8 (/opt/ros/humble/share/rmw_fastrtps_cpp/cmake)
[10.744s] -- Found OpenSSL: /usr/lib/aarch64-linux-gnu/libcrypto.so (found version "3.0.2")  
[11.350s] -- Found FastRTPS: /opt/ros/humble/include  
[11.986s] -- Using RMW implementation 'rmw_fastrtps_cpp' as default
[12.236s] -- Looking for pthread.h
[13.237s] -- Looking for pthread.h - found
[13.245s] -- Performing Test CMAKE_HAVE_LIBC_PTHREAD
[14.622s] -- Performing Test CMAKE_HAVE_LIBC_PTHREAD - Success
[14.628s] -- Found Threads: TRUE  
[15.186s] -- Found nav_msgs: 4.9.0 (/opt/ros/humble/share/nav_msgs/cmake)
[15.362s] -- Found sensor_msgs: 4.9.0 (/opt/ros/humble/share/sensor_msgs/cmake)
[15.592s] -- Found std_srvs: 4.9.0 (/opt/ros/humble/share/std_srvs/cmake)
[15.713s] -- Found tf2: 0.25.16 (/opt/ros/humble/share/tf2/cmake)
[15.936s] -- Found tf2_ros: 0.25.16 (/opt/ros/humble/share/tf2_ros/cmake)
[17.140s] -- Found turtlebot3_msgs: 2.4.0 (/home/ubuntu/turtlebot3_ws/install/turtlebot3_msgs/share/turtlebot3_msgs/cmake)
[17.788s] -- Configuring done
[18.046s] -- Generating done
[18.093s] -- Build files have been written to: /home/ubuntu/turtlebot3_ws/build/turtlebot3_node
[18.162s] Invoked command in '/home/ubuntu/turtlebot3_ws/build/turtlebot3_node' returned '0': CMAKE_PREFIX_PATH=/home/ubuntu/turtlebot3_ws/install/turtlebot3_msgs:/home/ubuntu/turtlebot3_ws/install/dynamixel_sdk:/home/ubuntu/turtlebot3_ws/install/turtlebot3:/home/ubuntu/turtlebot3_ws/install/turtlebot3_simulations:/home/ubuntu/turtlebot3_ws/install/turtlebot3_fake_node:/home/ubuntu/turtlebot3_ws/install/turtlebot3_manipulation_gazebo:/home/ubuntu/turtlebot3_ws/install/turtlebot3_gazebo:/home/ubuntu/turtlebot3_ws/install/turtlebot3_example:/home/ubuntu/turtlebot3_ws/src/install/turtlebot3_teleop:/home/ubuntu/turtlebot3_ws/src/install/turtlebot3_example:/home/ubuntu/turtlebot3_ws/install/turtlebot3_teleop:/opt/ros/humble:/home/ubuntu/turtlebot3_ws/install/simple_navigation_goals:/home/ubuntu/turtlebot3_ws/install/ros_tutorials_topic:/home/ubuntu/turtlebot3_ws/install/rescue_orchestrator:/home/ubuntu/turtlebot3_ws/install/dynamixel_sdk_examples:/home/ubuntu/turtlebot3_ws/install/cpp_talker_listener:/home/ubuntu/turtlebot3_ws/src/install/uart_bridge_cpp:/home/ubuntu/turtlebot3_ws/src/install/turtlebot3:/home/ubuntu/turtlebot3_ws/src/install/turtlebot3_simulations:/home/ubuntu/turtlebot3_ws/src/install/turtlebot3_bringup:/home/ubuntu/turtlebot3_ws/src/install/turtlebot3_node:/home/ubuntu/turtlebot3_ws/src/install/turtlebot3_navigation2:/home/ubuntu/turtlebot3_ws/src/install/turtlebot3_fake_node:/home/ubuntu/turtlebot3_ws/src/install/turtlebot3_msgs:/home/ubuntu/turtlebot3_ws/src/install/turtlebot3_manipulation_gazebo:/home/ubuntu/turtlebot3_ws/src/install/turtlebot3_gazebo:/home/ubuntu/turtlebot3_ws/src/install/turtlebot3_description:/home/ubuntu/turtlebot3_ws/src/install/turtlebot3_cartographer:/home/ubuntu/turtlebot3_ws/src/install/simple_navigation_goals:/home/ubuntu/turtlebot3_ws/src/install/ros_tutorials_topic:/home/ubuntu/turtlebot3_ws/src/install/ros_goal_client:/home/ubuntu/turtlebot3_ws/src/install/rescue_orchestrator:/home/ubuntu/turtlebot3_ws/src/install/dynamixel_sdk_examples:/home/ubuntu/turtlebot3_ws/src/install/dynamixel_sdk_custom_interfaces:/home/ubuntu/turtlebot3_ws/src/install/dynamixel_sdk:/home/ubuntu/turtlebot3_ws/src/install/cpp_talker_listener:/home/ubuntu/ros2_ws/install/uart_bridge_cpp:/home/ubuntu/turtlebot3_ws/install/uart_bridge_cpp:/home/ubuntu/turtlebot3_ws/install/turtlebot3_bringup:/home/ubuntu/turtlebot3_ws/install/turtlebot3_node:/home/ubuntu/turtlebot3_ws/install/turtlebot3_navigation2:/home/ubuntu/turtlebot3_ws/install/turtlebot3_description:/home/ubuntu/turtlebot3_ws/install/turtlebot3_cartographer:/home/ubuntu/turtlebot3_ws/install/ros_goal_client:/home/ubuntu/turtlebot3_ws/install/dynamixel_sdk_custom_interfaces LD_LIBRARY_PATH=/home/ubuntu/turtlebot3_ws/install/turtlebot3_msgs/lib:/home/ubuntu/turtlebot3_ws/install/dynamixel_sdk/lib:/home/ubuntu/turtlebot3_ws/install/ros_tutorials_topic/lib:/home/ubuntu/turtlebot3_ws/src/install/turtlebot3_msgs/lib:/home/ubuntu/turtlebot3_ws/src/install/ros_tutorials_topic/lib:/home/ubuntu/turtlebot3_ws/src/install/ros_goal_client/lib:/home/ubuntu/turtlebot3_ws/src/install/dynamixel_sdk_custom_interfaces/lib:/home/ubuntu/turtlebot3_ws/src/install/dynamixel_sdk/lib:/home/ubuntu/turtlebot3_ws/install/ros_goal_client/lib:/home/ubuntu/turtlebot3_ws/install/dynamixel_sdk_custom_interfaces/lib:/opt/ros/humble/opt/rviz_ogre_vendor/lib:/opt/ros/humble/lib/aarch64-linux-gnu:/opt/ros/humble/lib /usr/bin/cmake /home/ubuntu/turtlebot3_ws/src/turtlebot3/turtlebot3_node -DAMENT_CMAKE_SYMLINK_INSTALL=1 -DCMAKE_INSTALL_PREFIX=/home/ubuntu/turtlebot3_ws/install/turtlebot3_node
[18.164s] Invoking command in '/home/ubuntu/turtlebot3_ws/build/turtlebot3_node': CMAKE_PREFIX_PATH=/home/ubuntu/turtlebot3_ws/install/turtlebot3_msgs:/home/ubuntu/turtlebot3_ws/install/dynamixel_sdk:/home/ubuntu/turtlebot3_ws/install/turtlebot3:/home/ubuntu/turtlebot3_ws/install/turtlebot3_simulations:/home/ubuntu/turtlebot3_ws/install/turtlebot3_fake_node:/home/ubuntu/turtlebot3_ws/install/turtlebot3_manipulation_gazebo:/home/ubuntu/turtlebot3_ws/install/turtlebot3_gazebo:/home/ubuntu/turtlebot3_ws/install/turtlebot3_example:/home/ubuntu/turtlebot3_ws/src/install/turtlebot3_teleop:/home/ubuntu/turtlebot3_ws/src/install/turtlebot3_example:/home/ubuntu/turtlebot3_ws/install/turtlebot3_teleop:/opt/ros/humble:/home/ubuntu/turtlebot3_ws/install/simple_navigation_goals:/home/ubuntu/turtlebot3_ws/install/ros_tutorials_topic:/home/ubuntu/turtlebot3_ws/install/rescue_orchestrator:/home/ubuntu/turtlebot3_ws/install/dynamixel_sdk_examples:/home/ubuntu/turtlebot3_ws/install/cpp_talker_listener:/home/ubuntu/turtlebot3_ws/src/install/uart_bridge_cpp:/home/ubuntu/turtlebot3_ws/src/install/turtlebot3:/home/ubuntu/turtlebot3_ws/src/install/turtlebot3_simulations:/home/ubuntu/turtlebot3_ws/src/install/turtlebot3_bringup:/home/ubuntu/turtlebot3_ws/src/install/turtlebot3_node:/home/ubuntu/turtlebot3_ws/src/install/turtlebot3_navigation2:/home/ubuntu/turtlebot3_ws/src/install/turtlebot3_fake_node:/home/ubuntu/turtlebot3_ws/src/install/turtlebot3_msgs:/home/ubuntu/turtlebot3_ws/src/install/turtlebot3_manipulation_gazebo:/home/ubuntu/turtlebot3_ws/src/install/turtlebot3_gazebo:/home/ubuntu/turtlebot3_ws/src/install/turtlebot3_description:/home/ubuntu/turtlebot3_ws/src/install/turtlebot3_cartographer:/home/ubuntu/turtlebot3_ws/src/install/simple_navigation_goals:/home/ubuntu/turtlebot3_ws/src/install/ros_tutorials_topic:/home/ubuntu/turtlebot3_ws/src/install/ros_goal_client:/home/ubuntu/turtlebot3_ws/src/install/rescue_orchestrator:/home/ubuntu/turtlebot3_ws/src/install/dynamixel_sdk_examples:/home/ubuntu/turtlebot3_ws/src/install/dynamixel_sdk_custom_interfaces:/home/ubuntu/turtlebot3_ws/src/install/dynamixel_sdk:/home/ubuntu/turtlebot3_ws/src/install/cpp_talker_listener:/home/ubuntu/ros2_ws/install/uart_bridge_cpp:/home/ubuntu/turtlebot3_ws/install/uart_bridge_cpp:/home/ubuntu/turtlebot3_ws/install/turtlebot3_bringup:/home/ubuntu/turtlebot3_ws/install/turtlebot3_node:/home/ubuntu/turtlebot3_ws/install/turtlebot3_navigation2:/home/ubuntu/turtlebot3_ws/install/turtlebot3_description:/home/ubuntu/turtlebot3_ws/install/turtlebot3_cartographer:/home/ubuntu/turtlebot3_ws/install/ros_goal_client:/home/ubuntu/turtlebot3_ws/install/dynamixel_sdk_custom_interfaces LD_LIBRARY_PATH=/home/ubuntu/turtlebot3_ws/install/turtlebot3_msgs/lib:/home/ubuntu/turtlebot3_ws/install/dynamixel_sdk/lib:/home/ubuntu/turtlebot3_ws/install/ros_tutorials_topic/lib:/home/ubuntu/turtlebot3_ws/src/install/turtlebot3_msgs/lib:/home/ubuntu/turtlebot3_ws/src/install/ros_tutorials_topic/lib:/home/ubuntu/turtlebot3_ws/src/install/ros_goal_client/lib:/home/ubuntu/turtlebot3_ws/src/install/dynamixel_sdk_custom_interfaces/lib:/home/ubuntu/turtlebot3_ws/src/install/dynamixel_sdk/lib:/home/ubuntu/turtlebot3_ws/install/ros_goal_client/lib:/home/ubuntu/turtlebot3_ws/install/dynamixel_sdk_custom_interfaces/lib:/opt/ros/humble/opt/rviz_ogre_vendor/lib:/opt/ros/humble/lib/aarch64-linux-gnu:/opt/ros/humble/lib /usr/bin/cmake --build /home/ubuntu/turtlebot3_ws/build/turtlebot3_node -- -j4 -l4
[18.664s] [  6%] [32mBuilding CXX object CMakeFiles/turtlebot3_node_lib.dir/src/devices/motor_power.cpp.o[0m
[18.732s] [ 12%] [32mBuilding CXX object CMakeFiles/turtlebot3_node_lib.dir/src/devices/reset.cpp.o[0m
[18.749s] [ 18%] [32mBuilding CXX object CMakeFiles/turtlebot3_node_lib.dir/src/diff_drive_controller.cpp.o[0m
[18.765s] [ 25%] [32mBuilding CXX object CMakeFiles/turtlebot3_node_lib.dir/src/devices/sound.cpp.o[0m
[65.896s] [ 31%] [32mBuilding CXX object CMakeFiles/turtlebot3_node_lib.dir/src/turtlebot3.cpp.o[0m
[155.841s] [ 37%] [32mBuilding CXX object CMakeFiles/turtlebot3_node_lib.dir/src/sensors/battery_state.cpp.o[0m
[159.899s] [ 43%] [32mBuilding CXX object CMakeFiles/turtlebot3_node_lib.dir/src/sensors/imu.cpp.o[0m
[160.958s] [ 50%] [32mBuilding CXX object CMakeFiles/turtlebot3_node_lib.dir/src/odometry.cpp.o[0m
[162.047s] [ 56%] [32mBuilding CXX object CMakeFiles/turtlebot3_node_lib.dir/src/dynamixel_sdk_wrapper.cpp.o[0m
[169.675s] [ 62%] [32mBuilding CXX object CMakeFiles/turtlebot3_node_lib.dir/src/sensors/joint_state.cpp.o[0m
[188.591s] [ 68%] [32mBuilding CXX object CMakeFiles/turtlebot3_node_lib.dir/src/sensors/sensor_state.cpp.o[0m
[238.453s] [ 75%] [32m[1mLinking CXX static library libturtlebot3_node_lib.a[0m
[245.254s] [ 75%] Built target turtlebot3_node_lib
[246.252s] [ 81%] [32mBuilding CXX object CMakeFiles/turtlebot3_ros.dir/src/node_main.cpp.o[0m
[246.257s] [ 87%] [32mBuilding CXX object CMakeFiles/turtlebot3_dc_motor_node.dir/src/dc_motor_node.cpp.o[0m
[263.705s] [ 93%] [32m[1mLinking CXX executable turtlebot3_ros[0m
[273.669s] [ 93%] Built target turtlebot3_ros
[285.217s] [100%] [32m[1mLinking CXX executable turtlebot3_dc_motor_node[0m
[287.716s] [100%] Built target turtlebot3_dc_motor_node
