-- The C compiler identification is GNU 11.4.0
-- The CXX compiler identification is GNU 11.4.0
-- Detecting C compiler ABI info
-- Detecting C compiler ABI info - done
-- Check for working C compiler: /usr/bin/cc - skipped
-- Detecting C compile features
-- Detecting C compile features - done
-- Detecting CXX compiler ABI info
-- Detecting CXX compiler ABI info - done
-- Check for working CXX compiler: /usr/bin/c++ - skipped
-- Detecting CXX compile features
-- Detecting CXX compile features - done
-- Found ament_cmake: 1.3.12 (/opt/ros/humble/share/ament_cmake/cmake)
-- Found Python3: /usr/bin/python3 (found version "3.10.12") found components: Interpreter 
-- Override CMake install command with custom implementation using symlinks instead of copying resources
-- Found rclcpp: 16.0.15 (/opt/ros/humble/share/rclcpp/cmake)
-- Found rosidl_generator_c: 3.1.7 (/opt/ros/humble/share/rosidl_generator_c/cmake)
-- Found rosidl_adapter: 3.1.7 (/opt/ros/humble/share/rosidl_adapter/cmake)
-- Found rosidl_generator_cpp: 3.1.7 (/opt/ros/humble/share/rosidl_generator_cpp/cmake)
-- Using all available rosidl_typesupport_c: rosidl_typesupport_fastrtps_c;rosidl_typesupport_introspection_c
-- Using all available rosidl_typesupport_cpp: rosidl_typesupport_fastrtps_cpp;rosidl_typesupport_introspection_cpp
-- Found rmw_implementation_cmake: 6.1.2 (/opt/ros/humble/share/rmw_implementation_cmake/cmake)
-- Found rmw_fastrtps_cpp: 6.2.8 (/opt/ros/humble/share/rmw_fastrtps_cpp/cmake)
-- Found OpenSSL: /usr/lib/aarch64-linux-gnu/libcrypto.so (found version "3.0.2")  
-- Found FastRTPS: /opt/ros/humble/include  
-- Using RMW implementation 'rmw_fastrtps_cpp' as default
-- Looking for pthread.h
-- Looking for pthread.h - found
-- Performing Test CMAKE_HAVE_LIBC_PTHREAD
-- Performing Test CMAKE_HAVE_LIBC_PTHREAD - Success
-- Found Threads: TRUE  
-- Found geometry_msgs: 4.9.0 (/opt/ros/humble/share/geometry_msgs/cmake)
-- Configuring done
-- Generating done
-- Build files have been written to: /home/ubuntu/ros2_ws/build/uart_bridge
[ 25%] [32mBuilding CXX object CMakeFiles/uart_bridge_tx.dir/src/uart_bridge_tx.cpp.o[0m
[ 50%] [32mBuilding CXX object CMakeFiles/uart_bridge_rx.dir/src/uart_bridge_rx.cpp.o[0m
[ 75%] [32m[1mLinking CXX executable uart_bridge_rx[0m
[ 75%] Built target uart_bridge_rx
[100%] [32m[1mLinking CXX executable uart_bridge_tx[0m
[100%] Built target uart_bridge_tx
-- Install configuration: ""
-- Execute custom install script
-- Symlinking: /home/ubuntu/ros2_ws/install/uart_bridge/lib/uart_bridge/uart_bridge_tx
-- Symlinking: /home/ubuntu/ros2_ws/install/uart_bridge/lib/uart_bridge/uart_bridge_rx
-- Symlinking: /home/ubuntu/ros2_ws/install/uart_bridge/share/uart_bridge//launch/uart_bridge.launch.py
-- Symlinking: /home/ubuntu/ros2_ws/install/uart_bridge/share/ament_index/resource_index/package_run_dependencies/uart_bridge
-- Symlinking: /home/ubuntu/ros2_ws/install/uart_bridge/share/ament_index/resource_index/parent_prefix_path/uart_bridge
-- Symlinking: /home/ubuntu/ros2_ws/install/uart_bridge/share/uart_bridge/environment/ament_prefix_path.sh
-- Symlinking: /home/ubuntu/ros2_ws/install/uart_bridge/share/uart_bridge/environment/ament_prefix_path.dsv
-- Symlinking: /home/ubuntu/ros2_ws/install/uart_bridge/share/uart_bridge/environment/path.sh
-- Symlinking: /home/ubuntu/ros2_ws/install/uart_bridge/share/uart_bridge/environment/path.dsv
-- Symlinking: /home/ubuntu/ros2_ws/install/uart_bridge/share/uart_bridge/local_setup.bash
-- Symlinking: /home/ubuntu/ros2_ws/install/uart_bridge/share/uart_bridge/local_setup.sh
-- Symlinking: /home/ubuntu/ros2_ws/install/uart_bridge/share/uart_bridge/local_setup.zsh
-- Symlinking: /home/ubuntu/ros2_ws/install/uart_bridge/share/uart_bridge/local_setup.dsv
-- Symlinking: /home/ubuntu/ros2_ws/install/uart_bridge/share/uart_bridge/package.dsv
-- Symlinking: /home/ubuntu/ros2_ws/install/uart_bridge/share/ament_index/resource_index/packages/uart_bridge
-- Symlinking: /home/ubuntu/ros2_ws/install/uart_bridge/share/uart_bridge/cmake/uart_bridgeConfig.cmake
-- Symlinking: /home/ubuntu/ros2_ws/install/uart_bridge/share/uart_bridge/cmake/uart_bridgeConfig-version.cmake
-- Symlinking: /home/ubuntu/ros2_ws/install/uart_bridge/share/uart_bridge/package.xml
