[0.093s] Invoking command in '/home/ubuntu/ros2_ws/build/uart_bridge': CMAKE_PREFIX_PATH=${CMAKE_PREFIX_PATH}:/home/ubuntu/turtlebot3_ws/install/turtlebot3_teleop:/home/ubuntu/turtlebot3_ws/install/turtlebot3_example:/opt/ros/humble /usr/bin/cmake /home/ubuntu/ros2_ws/src/uart_bridge -DAMENT_CMAKE_SYMLINK_INSTALL=1 -DCMAKE_INSTALL_PREFIX=/home/ubuntu/ros2_ws/install/uart_bridge
[1.290s] -- The C compiler identification is GNU 11.4.0
[2.023s] -- The CXX compiler identification is GNU 11.4.0
[2.073s] -- Detecting C compiler ABI info
[2.473s] -- Detecting C compiler ABI info - done
[2.500s] -- Check for working C compiler: /usr/bin/cc - skipped
[2.505s] -- Detecting C compile features
[2.508s] -- Detecting C compile features - done
[2.524s] -- Detecting CXX compiler ABI info
[2.902s] -- Detecting CXX compiler ABI info - done
[2.928s] -- Check for working CXX compiler: /usr/bin/c++ - skipped
[2.929s] -- Detecting CXX compile features
[2.931s] -- Detecting CXX compile features - done
[2.987s] -- Found ament_cmake: 1.3.12 (/opt/ros/humble/share/ament_cmake/cmake)
[3.784s] -- Found Python3: /usr/bin/python3 (found version "3.10.12") found components: Interpreter 
[4.307s] -- Override CMake install command with custom implementation using symlinks instead of copying resources
[4.755s] -- Found rclcpp: 16.0.15 (/opt/ros/humble/share/rclcpp/cmake)
[5.243s] -- Found rosidl_generator_c: 3.1.7 (/opt/ros/humble/share/rosidl_generator_c/cmake)
[5.313s] -- Found rosidl_adapter: 3.1.7 (/opt/ros/humble/share/rosidl_adapter/cmake)
[5.407s] -- Found rosidl_generator_cpp: 3.1.7 (/opt/ros/humble/share/rosidl_generator_cpp/cmake)
[5.530s] -- Using all available rosidl_typesupport_c: rosidl_typesupport_fastrtps_c;rosidl_typesupport_introspection_c
[5.688s] -- Using all available rosidl_typesupport_cpp: rosidl_typesupport_fastrtps_cpp;rosidl_typesupport_introspection_cpp
[6.147s] -- Found rmw_implementation_cmake: 6.1.2 (/opt/ros/humble/share/rmw_implementation_cmake/cmake)
[6.184s] -- Found rmw_fastrtps_cpp: 6.2.8 (/opt/ros/humble/share/rmw_fastrtps_cpp/cmake)
[6.770s] -- Found OpenSSL: /usr/lib/aarch64-linux-gnu/libcrypto.so (found version "3.0.2")  
[6.913s] -- Found FastRTPS: /opt/ros/humble/include  
[7.132s] -- Using RMW implementation 'rmw_fastrtps_cpp' as default
[7.244s] -- Looking for pthread.h
[7.637s] -- Looking for pthread.h - found
[7.639s] -- Performing Test CMAKE_HAVE_LIBC_PTHREAD
[8.001s] -- Performing Test CMAKE_HAVE_LIBC_PTHREAD - Success
[8.006s] -- Found Threads: TRUE  
[8.415s] -- Found geometry_msgs: 4.9.0 (/opt/ros/humble/share/geometry_msgs/cmake)
[9.037s] -- Configuring done
[9.112s] -- Generating done
[9.175s] -- Build files have been written to: /home/ubuntu/ros2_ws/build/uart_bridge
[9.207s] Invoked command in '/home/ubuntu/ros2_ws/build/uart_bridge' returned '0': CMAKE_PREFIX_PATH=${CMAKE_PREFIX_PATH}:/home/ubuntu/turtlebot3_ws/install/turtlebot3_teleop:/home/ubuntu/turtlebot3_ws/install/turtlebot3_example:/opt/ros/humble /usr/bin/cmake /home/ubuntu/ros2_ws/src/uart_bridge -DAMENT_CMAKE_SYMLINK_INSTALL=1 -DCMAKE_INSTALL_PREFIX=/home/ubuntu/ros2_ws/install/uart_bridge
[9.216s] Invoking command in '/home/ubuntu/ros2_ws/build/uart_bridge': CMAKE_PREFIX_PATH=${CMAKE_PREFIX_PATH}:/home/ubuntu/turtlebot3_ws/install/turtlebot3_teleop:/home/ubuntu/turtlebot3_ws/install/turtlebot3_example:/opt/ros/humble /usr/bin/cmake --build /home/ubuntu/ros2_ws/build/uart_bridge -- -j4 -l4
[9.453s] [ 25%] [32mBuilding CXX object CMakeFiles/uart_bridge_tx.dir/src/uart_bridge_tx.cpp.o[0m
[9.458s] [ 50%] [32mBuilding CXX object CMakeFiles/uart_bridge_rx.dir/src/uart_bridge_rx.cpp.o[0m
[30.504s] [ 75%] [32m[1mLinking CXX executable uart_bridge_rx[0m
[31.549s] [ 75%] Built target uart_bridge_rx
[46.111s] [100%] [32m[1mLinking CXX executable uart_bridge_tx[0m
[47.904s] [100%] Built target uart_bridge_tx
[47.942s] Invoked command in '/home/ubuntu/ros2_ws/build/uart_bridge' returned '0': CMAKE_PREFIX_PATH=${CMAKE_PREFIX_PATH}:/home/ubuntu/turtlebot3_ws/install/turtlebot3_teleop:/home/ubuntu/turtlebot3_ws/install/turtlebot3_example:/opt/ros/humble /usr/bin/cmake --build /home/ubuntu/ros2_ws/build/uart_bridge -- -j4 -l4
[47.984s] Invoking command in '/home/ubuntu/ros2_ws/build/uart_bridge': CMAKE_PREFIX_PATH=${CMAKE_PREFIX_PATH}:/home/ubuntu/turtlebot3_ws/install/turtlebot3_teleop:/home/ubuntu/turtlebot3_ws/install/turtlebot3_example:/opt/ros/humble /usr/bin/cmake --install /home/ubuntu/ros2_ws/build/uart_bridge
[48.011s] -- Install configuration: ""
[48.012s] -- Execute custom install script
[48.014s] -- Symlinking: /home/ubuntu/ros2_ws/install/uart_bridge/lib/uart_bridge/uart_bridge_tx
[48.046s] -- Symlinking: /home/ubuntu/ros2_ws/install/uart_bridge/lib/uart_bridge/uart_bridge_rx
[48.080s] -- Symlinking: /home/ubuntu/ros2_ws/install/uart_bridge/share/uart_bridge//launch/uart_bridge.launch.py
[48.114s] -- Symlinking: /home/ubuntu/ros2_ws/install/uart_bridge/share/ament_index/resource_index/package_run_dependencies/uart_bridge
[48.149s] -- Symlinking: /home/ubuntu/ros2_ws/install/uart_bridge/share/ament_index/resource_index/parent_prefix_path/uart_bridge
[48.183s] -- Symlinking: /home/ubuntu/ros2_ws/install/uart_bridge/share/uart_bridge/environment/ament_prefix_path.sh
[48.215s] -- Symlinking: /home/ubuntu/ros2_ws/install/uart_bridge/share/uart_bridge/environment/ament_prefix_path.dsv
[48.248s] -- Symlinking: /home/ubuntu/ros2_ws/install/uart_bridge/share/uart_bridge/environment/path.sh
[48.282s] -- Symlinking: /home/ubuntu/ros2_ws/install/uart_bridge/share/uart_bridge/environment/path.dsv
[48.315s] -- Symlinking: /home/ubuntu/ros2_ws/install/uart_bridge/share/uart_bridge/local_setup.bash
[48.348s] -- Symlinking: /home/ubuntu/ros2_ws/install/uart_bridge/share/uart_bridge/local_setup.sh
[48.380s] -- Symlinking: /home/ubuntu/ros2_ws/install/uart_bridge/share/uart_bridge/local_setup.zsh
[48.414s] -- Symlinking: /home/ubuntu/ros2_ws/install/uart_bridge/share/uart_bridge/local_setup.dsv
[48.445s] -- Symlinking: /home/ubuntu/ros2_ws/install/uart_bridge/share/uart_bridge/package.dsv
[48.477s] -- Symlinking: /home/ubuntu/ros2_ws/install/uart_bridge/share/ament_index/resource_index/packages/uart_bridge
[48.510s] -- Symlinking: /home/ubuntu/ros2_ws/install/uart_bridge/share/uart_bridge/cmake/uart_bridgeConfig.cmake
[48.543s] -- Symlinking: /home/ubuntu/ros2_ws/install/uart_bridge/share/uart_bridge/cmake/uart_bridgeConfig-version.cmake
[48.576s] -- Symlinking: /home/ubuntu/ros2_ws/install/uart_bridge/share/uart_bridge/package.xml
[48.613s] Invoked command in '/home/ubuntu/ros2_ws/build/uart_bridge' returned '0': CMAKE_PREFIX_PATH=${CMAKE_PREFIX_PATH}:/home/ubuntu/turtlebot3_ws/install/turtlebot3_teleop:/home/ubuntu/turtlebot3_ws/install/turtlebot3_example:/opt/ros/humble /usr/bin/cmake --install /home/ubuntu/ros2_ws/build/uart_bridge
