[0.076s] Invoking command in '/home/ubuntu/ros2_ws/build/uart_bridge': CMAKE_PREFIX_PATH=${CMAKE_PREFIX_PATH}:/opt/ros/humble /usr/bin/cmake --build /home/ubuntu/ros2_ws/build/uart_bridge -- -j4 -l4
[0.848s] [ 50%] Built target uart_bridge_rx
[0.850s] [100%] Built target uart_bridge_tx
[0.888s] Invoked command in '/home/ubuntu/ros2_ws/build/uart_bridge' returned '0': CMAKE_PREFIX_PATH=${CMAKE_PREFIX_PATH}:/opt/ros/humble /usr/bin/cmake --build /home/ubuntu/ros2_ws/build/uart_bridge -- -j4 -l4
[0.934s] Invoking command in '/home/ubuntu/ros2_ws/build/uart_bridge': CMAKE_PREFIX_PATH=${CMAKE_PREFIX_PATH}:/opt/ros/humble /usr/bin/cmake --install /home/ubuntu/ros2_ws/build/uart_bridge
[0.968s] -- Install configuration: ""
[0.973s] -- Execute custom install script
[0.976s] -- Up-to-date symlink: /home/ubuntu/ros2_ws/install/uart_bridge/lib/uart_bridge/uart_bridge_tx
[0.977s] -- Up-to-date symlink: /home/ubuntu/ros2_ws/install/uart_bridge/lib/uart_bridge/uart_bridge_rx
[0.987s] -- Up-to-date symlink: /home/ubuntu/ros2_ws/install/uart_bridge/share/uart_bridge//launch/uart_bridge.launch.py
[0.989s] -- Up-to-date symlink: /home/ubuntu/ros2_ws/install/uart_bridge/share/ament_index/resource_index/package_run_dependencies/uart_bridge
[0.992s] -- Up-to-date symlink: /home/ubuntu/ros2_ws/install/uart_bridge/share/ament_index/resource_index/parent_prefix_path/uart_bridge
[0.995s] -- Up-to-date symlink: /home/ubuntu/ros2_ws/install/uart_bridge/share/uart_bridge/environment/ament_prefix_path.sh
[0.996s] -- Up-to-date symlink: /home/ubuntu/ros2_ws/install/uart_bridge/share/uart_bridge/environment/ament_prefix_path.dsv
[0.999s] -- Up-to-date symlink: /home/ubuntu/ros2_ws/install/uart_bridge/share/uart_bridge/environment/path.sh
[1.000s] -- Up-to-date symlink: /home/ubuntu/ros2_ws/install/uart_bridge/share/uart_bridge/environment/path.dsv
[1.002s] -- Up-to-date symlink: /home/ubuntu/ros2_ws/install/uart_bridge/share/uart_bridge/local_setup.bash
[1.004s] -- Up-to-date symlink: /home/ubuntu/ros2_ws/install/uart_bridge/share/uart_bridge/local_setup.sh
[1.006s] -- Up-to-date symlink: /home/ubuntu/ros2_ws/install/uart_bridge/share/uart_bridge/local_setup.zsh
[1.008s] -- Up-to-date symlink: /home/ubuntu/ros2_ws/install/uart_bridge/share/uart_bridge/local_setup.dsv
[1.008s] -- Symlinking: /home/ubuntu/ros2_ws/install/uart_bridge/share/uart_bridge/package.dsv
[1.042s] -- Up-to-date symlink: /home/ubuntu/ros2_ws/install/uart_bridge/share/ament_index/resource_index/packages/uart_bridge
[1.046s] -- Up-to-date symlink: /home/ubuntu/ros2_ws/install/uart_bridge/share/uart_bridge/cmake/uart_bridgeConfig.cmake
[1.048s] -- Up-to-date symlink: /home/ubuntu/ros2_ws/install/uart_bridge/share/uart_bridge/cmake/uart_bridgeConfig-version.cmake
[1.049s] -- Up-to-date symlink: /home/ubuntu/ros2_ws/install/uart_bridge/share/uart_bridge/package.xml
[1.056s] Invoked command in '/home/ubuntu/ros2_ws/build/uart_bridge' returned '0': CMAKE_PREFIX_PATH=${CMAKE_PREFIX_PATH}:/opt/ros/humble /usr/bin/cmake --install /home/ubuntu/ros2_ws/build/uart_bridge
