[33mCMake Warning:
  Manually-specified variables were not used by the project:

    CATKIN_INSTALL_INTO_PREFIX_ROOT
    CATKIN_SYMLINK_INSTALL

[0m
In file included from [01m[K/opt/ros/humble/include/rclcpp/rclcpp/logging.hpp:24[m[K,
                 from [01m[K/opt/ros/humble/include/rclcpp/rclcpp/client.hpp:40[m[K,
                 from [01m[K/opt/ros/humble/include/rclcpp/rclcpp/callback_group.hpp:24[m[K,
                 from [01m[K/opt/ros/humble/include/rclcpp/rclcpp/any_executable.hpp:20[m[K,
                 from [01m[K/opt/ros/humble/include/rclcpp/rclcpp/memory_strategy.hpp:25[m[K,
                 from [01m[K/opt/ros/humble/include/rclcpp/rclcpp/memory_strategies.hpp:18[m[K,
                 from [01m[K/opt/ros/humble/include/rclcpp/rclcpp/executor_options.hpp:20[m[K,
                 from [01m[K/opt/ros/humble/include/rclcpp/rclcpp/executor.hpp:37[m[K,
                 from [01m[K/opt/ros/humble/include/rclcpp/rclcpp/executors/multi_threaded_executor.hpp:25[m[K,
                 from [01m[K/opt/ros/humble/include/rclcpp/rclcpp/executors.hpp:21[m[K,
                 from [01m[K/opt/ros/humble/include/rclcpp/rclcpp/rclcpp.hpp:155[m[K,
                 from [01m[K/home/ubuntu/turtlebot3_ws/src/simple_navigation_goals/src/simple_navigation_goals.cpp:6[m[K:
[01m[K/home/ubuntu/turtlebot3_ws/src/simple_navigation_goals/src/simple_navigation_goals.cpp:[m[K In lambda function:
[01m[K/home/ubuntu/turtlebot3_ws/src/simple_navigation_goals/src/simple_navigation_goals.cpp:46:30:[m[K [01;35m[Kwarning: [m[Kformat ‘[01m[K%ld[m[K’ expects argument of type ‘[01m[Klong int[m[K’, but argument 6 has type ‘[01m[Kint[m[K’ [[01;35m[K-Wformat=[m[K]
   46 |                              [01;35m[K"feedback: dist_remain=%.2f  eta=%ld"[m[K,
      |                              [01;35m[K^~~~~~~~~~~~~~~~~~~~~~~~~~~~~~~~~~~~~[m[K
   47 |                              fb->distance_remaining,
   48 |                              [32m[Kfb->estimated_time_remaining.sec[m[K);
      |                              [32m[K~~~~~~~~~~~~~~~~~~~~~~~~~~~~~~~~[m[K
      |                                                           [32m[K|[m[K
      |                                                           [32m[Kint[m[K
[01m[K/home/ubuntu/turtlebot3_ws/src/simple_navigation_goals/src/simple_navigation_goals.cpp:46:65:[m[K [01;36m[Knote: [m[Kformat string is defined here
   46 |                              "feedback: dist_remain=%.2f  eta=[01;36m[K%ld[m[K",
      |                                                               [01;36m[K~~^[m[K
      |                                                                 [01;36m[K|[m[K
      |                                                                 [01;36m[Klong int[m[K
      |                                                               [32m[K%d[m[K
