-- The C compiler identification is GNU 11.4.0
-- The CXX compiler identification is GNU 11.4.0
-- Detecting C compiler ABI info
-- Detecting C compiler ABI info - done
-- Check for working C compiler: /usr/bin/cc - skipped
-- Detecting C compile features
-- Detecting C compile features - done
-- Detecting CXX compiler ABI info
-- Detecting CXX compiler ABI info - done
-- Check for working CXX compiler: /usr/bin/c++ - skipped
-- Detecting CXX compile features
-- Detecting CXX compile features - done
-- Found ament_cmake: 1.3.12 (/opt/ros/humble/share/ament_cmake/cmake)
-- Found Python3: /usr/bin/python3 (found version "3.10.12") found components: Interpreter 
-- Found rclcpp: 16.0.15 (/opt/ros/humble/share/rclcpp/cmake)
-- Found rosidl_generator_c: 3.1.7 (/opt/ros/humble/share/rosidl_generator_c/cmake)
-- Found rosidl_adapter: 3.1.7 (/opt/ros/humble/share/rosidl_adapter/cmake)
-- Found rosidl_generator_cpp: 3.1.7 (/opt/ros/humble/share/rosidl_generator_cpp/cmake)
-- Using all available rosidl_typesupport_c: rosidl_typesupport_fastrtps_c;rosidl_typesupport_introspection_c
-- Using all available rosidl_typesupport_cpp: rosidl_typesupport_fastrtps_cpp;rosidl_typesupport_introspection_cpp
-- Found rmw_implementation_cmake: 6.1.2 (/opt/ros/humble/share/rmw_implementation_cmake/cmake)
-- Found rmw_fastrtps_cpp: 6.2.8 (/opt/ros/humble/share/rmw_fastrtps_cpp/cmake)
-- Found OpenSSL: /usr/lib/aarch64-linux-gnu/libcrypto.so (found version "3.0.2")  
-- Found FastRTPS: /opt/ros/humble/include  
-- Using RMW implementation 'rmw_fastrtps_cpp' as default
-- Looking for pthread.h
-- Looking for pthread.h - found
-- Performing Test CMAKE_HAVE_LIBC_PTHREAD
-- Performing Test CMAKE_HAVE_LIBC_PTHREAD - Success
-- Found Threads: TRUE  
-- Found rclcpp_action: 16.0.15 (/opt/ros/humble/share/rclcpp_action/cmake)
-- Found nav2_msgs: 1.1.18 (/opt/ros/humble/share/nav2_msgs/cmake)
-- Configuring done
-- Generating done
[33mCMake Warning:
  Manually-specified variables were not used by the project:

    CATKIN_INSTALL_INTO_PREFIX_ROOT
    CATKIN_SYMLINK_INSTALL

[0m
-- Build files have been written to: /home/ubuntu/turtlebot3_ws/build/simple_navigation_goals
[ 50%] [32mBuilding CXX object CMakeFiles/simple_navigation_goals.dir/src/simple_navigation_goals.cpp.o[0m
In file included from [01m[K/opt/ros/humble/include/rclcpp/rclcpp/logging.hpp:24[m[K,
                 from [01m[K/opt/ros/humble/include/rclcpp/rclcpp/client.hpp:40[m[K,
                 from [01m[K/opt/ros/humble/include/rclcpp/rclcpp/callback_group.hpp:24[m[K,
                 from [01m[K/opt/ros/humble/include/rclcpp/rclcpp/any_executable.hpp:20[m[K,
                 from [01m[K/opt/ros/humble/include/rclcpp/rclcpp/memory_strategy.hpp:25[m[K,
                 from [01m[K/opt/ros/humble/include/rclcpp/rclcpp/memory_strategies.hpp:18[m[K,
                 from [01m[K/opt/ros/humble/include/rclcpp/rclcpp/executor_options.hpp:20[m[K,
                 from [01m[K/opt/ros/humble/include/rclcpp/rclcpp/executor.hpp:37[m[K,
                 from [01m[K/opt/ros/humble/include/rclcpp/rclcpp/executors/multi_threaded_executor.hpp:25[m[K,
                 from [01m[K/opt/ros/humble/include/rclcpp/rclcpp/executors.hpp:21[m[K,
                 from [01m[K/opt/ros/humble/include/rclcpp/rclcpp/rclcpp.hpp:155[m[K,
                 from [01m[K/home/ubuntu/turtlebot3_ws/src/simple_navigation_goals/src/simple_navigation_goals.cpp:6[m[K:
[01m[K/home/ubuntu/turtlebot3_ws/src/simple_navigation_goals/src/simple_navigation_goals.cpp:[m[K In lambda function:
[01m[K/home/ubuntu/turtlebot3_ws/src/simple_navigation_goals/src/simple_navigation_goals.cpp:46:30:[m[K [01;35m[Kwarning: [m[Kformat ‘[01m[K%ld[m[K’ expects argument of type ‘[01m[Klong int[m[K’, but argument 6 has type ‘[01m[Kint[m[K’ [[01;35m[K-Wformat=[m[K]
   46 |                              [01;35m[K"feedback: dist_remain=%.2f  eta=%ld"[m[K,
      |                              [01;35m[K^~~~~~~~~~~~~~~~~~~~~~~~~~~~~~~~~~~~~[m[K
   47 |                              fb->distance_remaining,
   48 |                              [32m[Kfb->estimated_time_remaining.sec[m[K);
      |                              [32m[K~~~~~~~~~~~~~~~~~~~~~~~~~~~~~~~~[m[K
      |                                                           [32m[K|[m[K
      |                                                           [32m[Kint[m[K
[01m[K/home/ubuntu/turtlebot3_ws/src/simple_navigation_goals/src/simple_navigation_goals.cpp:46:65:[m[K [01;36m[Knote: [m[Kformat string is defined here
   46 |                              "feedback: dist_remain=%.2f  eta=[01;36m[K%ld[m[K",
      |                                                               [01;36m[K~~^[m[K
      |                                                                 [01;36m[K|[m[K
      |                                                                 [01;36m[Klong int[m[K
      |                                                               [32m[K%d[m[K
[100%] [32m[1mLinking CXX executable simple_navigation_goals[0m
[100%] Built target simple_navigation_goals
-- Install configuration: ""
-- Installing: /home/ubuntu/turtlebot3_ws/install/simple_navigation_goals/lib/simple_navigation_goals/simple_navigation_goals
-- Set runtime path of "/home/ubuntu/turtlebot3_ws/install/simple_navigation_goals/lib/simple_navigation_goals/simple_navigation_goals" to ""
-- Installing: /home/ubuntu/turtlebot3_ws/install/simple_navigation_goals/share/ament_index/resource_index/package_run_dependencies/simple_navigation_goals
-- Installing: /home/ubuntu/turtlebot3_ws/install/simple_navigation_goals/share/ament_index/resource_index/parent_prefix_path/simple_navigation_goals
-- Installing: /home/ubuntu/turtlebot3_ws/install/simple_navigation_goals/share/simple_navigation_goals/environment/ament_prefix_path.sh
-- Installing: /home/ubuntu/turtlebot3_ws/install/simple_navigation_goals/share/simple_navigation_goals/environment/ament_prefix_path.dsv
-- Installing: /home/ubuntu/turtlebot3_ws/install/simple_navigation_goals/share/simple_navigation_goals/environment/path.sh
-- Installing: /home/ubuntu/turtlebot3_ws/install/simple_navigation_goals/share/simple_navigation_goals/environment/path.dsv
-- Installing: /home/ubuntu/turtlebot3_ws/install/simple_navigation_goals/share/simple_navigation_goals/local_setup.bash
-- Installing: /home/ubuntu/turtlebot3_ws/install/simple_navigation_goals/share/simple_navigation_goals/local_setup.sh
-- Installing: /home/ubuntu/turtlebot3_ws/install/simple_navigation_goals/share/simple_navigation_goals/local_setup.zsh
-- Installing: /home/ubuntu/turtlebot3_ws/install/simple_navigation_goals/share/simple_navigation_goals/local_setup.dsv
-- Installing: /home/ubuntu/turtlebot3_ws/install/simple_navigation_goals/share/simple_navigation_goals/package.dsv
-- Installing: /home/ubuntu/turtlebot3_ws/install/simple_navigation_goals/share/ament_index/resource_index/packages/simple_navigation_goals
-- Installing: /home/ubuntu/turtlebot3_ws/install/simple_navigation_goals/share/simple_navigation_goals/cmake/simple_navigation_goalsConfig.cmake
-- Installing: /home/ubuntu/turtlebot3_ws/install/simple_navigation_goals/share/simple_navigation_goals/cmake/simple_navigation_goalsConfig-version.cmake
-- Installing: /home/ubuntu/turtlebot3_ws/install/simple_navigation_goals/share/simple_navigation_goals/package.xml
