[0.070s] Invoking command in '/home/ubuntu/turtlebot3_ws/build/ros_goal_client': CMAKE_PREFIX_PATH=/home/ubuntu/turtlebot3_ws/install/uart_bridge_cpp:/home/ubuntu/turtlebot3_ws/install/turtlebot3:/home/ubuntu/turtlebot3_ws/install/turtlebot3_bringup:/home/ubuntu/turtlebot3_ws/install/turtlebot3_node:/home/ubuntu/turtlebot3_ws/install/turtlebot3_navigation2:/home/ubuntu/turtlebot3_ws/install/turtlebot3_fake_node:/home/ubuntu/turtlebot3_ws/install/turtlebot3_msgs:/home/ubuntu/turtlebot3_ws/install/turtlebot3_manipulation_gazebo:/home/ubuntu/turtlebot3_ws/install/turtlebot3_description:/home/ubuntu/turtlebot3_ws/install/turtlebot3_cartographer:/home/ubuntu/turtlebot3_ws/install/turtlebot3_teleop:/home/ubuntu/turtlebot3_ws/install/turtlebot3_example:/opt/ros/humble:/home/ubuntu/turtlebot3_ws/install/simple_navigation_goals:/home/ubuntu/turtlebot3_ws/install/ros_tutorials_topic:/home/ubuntu/turtlebot3_ws/install/ros_goal_client:/home/ubuntu/turtlebot3_ws/install/rescue_orchestrator:/home/ubuntu/turtlebot3_ws/install/dynamixel_sdk_examples:/home/ubuntu/turtlebot3_ws/install/dynamixel_sdk_custom_interfaces:/home/ubuntu/turtlebot3_ws/install/dynamixel_sdk:/home/ubuntu/turtlebot3_ws/install/cpp_talker_listener /usr/bin/cmake --build /home/ubuntu/turtlebot3_ws/build/ros_goal_client -- -j4 -l4
[0.345s] [  2%] Built target ros_goal_client__cpp
[0.367s] [ 11%] Built target ros_goal_client__rosidl_generator_c
[0.403s] [ 11%] Built target ament_cmake_python_symlink_ros_goal_client
[0.477s] [ 20%] Built target ros_goal_client__rosidl_typesupport_cpp
[0.490s] [ 28%] Built target ros_goal_client__rosidl_typesupport_fastrtps_cpp
[0.555s] [ 37%] Built target ros_goal_client__rosidl_typesupport_introspection_cpp
[0.557s] [ 45%] Built target ros_goal_client__rosidl_typesupport_fastrtps_c
[0.628s] [ 54%] Built target ros_goal_client__rosidl_typesupport_introspection_c
[0.638s] [35m[1mConsolidate compiler generated dependencies of target rosGoalServer[0m
[0.644s] [ 62%] Built target ros_goal_client__rosidl_typesupport_c
[0.791s] [ 65%] [32mBuilding CXX object CMakeFiles/rosGoalServer.dir/src/rosGoalServer.cpp.o[0m
[0.794s] [ 65%] Built target ros_goal_client
[0.840s] [ 71%] Built target rosGoalClient
[0.940s] [ 74%] Built target ros_goal_client__py
[1.082s] [ 80%] Built target ros_goal_client__rosidl_generator_py
[1.241s] [ 85%] Built target ros_goal_client__rosidl_typesupport_fastrtps_c__pyext
[1.276s] [ 91%] Built target ros_goal_client__rosidl_typesupport_introspection_c__pyext
[1.370s] [ 97%] Built target ros_goal_client__rosidl_typesupport_c__pyext
[2.187s] running egg_info
[2.191s] writing ros_goal_client.egg-info/PKG-INFO
[2.192s] writing dependency_links to ros_goal_client.egg-info/dependency_links.txt
[2.193s] writing top-level names to ros_goal_client.egg-info/top_level.txt
[2.205s] reading manifest file 'ros_goal_client.egg-info/SOURCES.txt'
[2.209s] writing manifest file 'ros_goal_client.egg-info/SOURCES.txt'
[2.368s] [ 97%] Built target ament_cmake_python_build_ros_goal_client_egg
[50.350s] [100%] [32m[1mLinking CXX executable rosGoalServer[0m
[53.582s] [100%] Built target rosGoalServer
[53.638s] Invoked command in '/home/ubuntu/turtlebot3_ws/build/ros_goal_client' returned '0': CMAKE_PREFIX_PATH=/home/ubuntu/turtlebot3_ws/install/uart_bridge_cpp:/home/ubuntu/turtlebot3_ws/install/turtlebot3:/home/ubuntu/turtlebot3_ws/install/turtlebot3_bringup:/home/ubuntu/turtlebot3_ws/install/turtlebot3_node:/home/ubuntu/turtlebot3_ws/install/turtlebot3_navigation2:/home/ubuntu/turtlebot3_ws/install/turtlebot3_fake_node:/home/ubuntu/turtlebot3_ws/install/turtlebot3_msgs:/home/ubuntu/turtlebot3_ws/install/turtlebot3_manipulation_gazebo:/home/ubuntu/turtlebot3_ws/install/turtlebot3_description:/home/ubuntu/turtlebot3_ws/install/turtlebot3_cartographer:/home/ubuntu/turtlebot3_ws/install/turtlebot3_teleop:/home/ubuntu/turtlebot3_ws/install/turtlebot3_example:/opt/ros/humble:/home/ubuntu/turtlebot3_ws/install/simple_navigation_goals:/home/ubuntu/turtlebot3_ws/install/ros_tutorials_topic:/home/ubuntu/turtlebot3_ws/install/ros_goal_client:/home/ubuntu/turtlebot3_ws/install/rescue_orchestrator:/home/ubuntu/turtlebot3_ws/install/dynamixel_sdk_examples:/home/ubuntu/turtlebot3_ws/install/dynamixel_sdk_custom_interfaces:/home/ubuntu/turtlebot3_ws/install/dynamixel_sdk:/home/ubuntu/turtlebot3_ws/install/cpp_talker_listener /usr/bin/cmake --build /home/ubuntu/turtlebot3_ws/build/ros_goal_client -- -j4 -l4
[53.685s] Invoking command in '/home/ubuntu/turtlebot3_ws/build/ros_goal_client': CMAKE_PREFIX_PATH=/home/ubuntu/turtlebot3_ws/install/uart_bridge_cpp:/home/ubuntu/turtlebot3_ws/install/turtlebot3:/home/ubuntu/turtlebot3_ws/install/turtlebot3_bringup:/home/ubuntu/turtlebot3_ws/install/turtlebot3_node:/home/ubuntu/turtlebot3_ws/install/turtlebot3_navigation2:/home/ubuntu/turtlebot3_ws/install/turtlebot3_fake_node:/home/ubuntu/turtlebot3_ws/install/turtlebot3_msgs:/home/ubuntu/turtlebot3_ws/install/turtlebot3_manipulation_gazebo:/home/ubuntu/turtlebot3_ws/install/turtlebot3_description:/home/ubuntu/turtlebot3_ws/install/turtlebot3_cartographer:/home/ubuntu/turtlebot3_ws/install/turtlebot3_teleop:/home/ubuntu/turtlebot3_ws/install/turtlebot3_example:/opt/ros/humble:/home/ubuntu/turtlebot3_ws/install/simple_navigation_goals:/home/ubuntu/turtlebot3_ws/install/ros_tutorials_topic:/home/ubuntu/turtlebot3_ws/install/ros_goal_client:/home/ubuntu/turtlebot3_ws/install/rescue_orchestrator:/home/ubuntu/turtlebot3_ws/install/dynamixel_sdk_examples:/home/ubuntu/turtlebot3_ws/install/dynamixel_sdk_custom_interfaces:/home/ubuntu/turtlebot3_ws/install/dynamixel_sdk:/home/ubuntu/turtlebot3_ws/install/cpp_talker_listener /usr/bin/cmake --install /home/ubuntu/turtlebot3_ws/build/ros_goal_client
[53.723s] -- Install configuration: ""
[53.725s] -- Execute custom install script
[53.727s] -- Up-to-date symlink: /home/ubuntu/turtlebot3_ws/install/ros_goal_client/share/ament_index/resource_index/rosidl_interfaces/ros_goal_client
[53.729s] -- Up-to-date symlink: /home/ubuntu/turtlebot3_ws/install/ros_goal_client/include/ros_goal_client/ros_goal_client/msg/rosidl_generator_c__visibility_control.h
[53.731s] -- Up-to-date symlink: /home/ubuntu/turtlebot3_ws/install/ros_goal_client/include/ros_goal_client/ros_goal_client/srv/bot3_gpio.h
[53.732s] -- Up-to-date symlink: /home/ubuntu/turtlebot3_ws/install/ros_goal_client/include/ros_goal_client/ros_goal_client/srv/detail/bot3_gpio__functions.h
[53.733s] -- Up-to-date symlink: /home/ubuntu/turtlebot3_ws/install/ros_goal_client/include/ros_goal_client/ros_goal_client/srv/detail/bot3_gpio__struct.h
[53.734s] -- Up-to-date symlink: /home/ubuntu/turtlebot3_ws/install/ros_goal_client/include/ros_goal_client/ros_goal_client/srv/detail/bot3_gpio__type_support.h
[53.735s] -- Up-to-date symlink: /home/ubuntu/turtlebot3_ws/install/ros_goal_client/share/ros_goal_client/environment/library_path.sh
[53.736s] -- Up-to-date symlink: /home/ubuntu/turtlebot3_ws/install/ros_goal_client/share/ros_goal_client/environment/library_path.dsv
[53.739s] -- Up-to-date symlink: /home/ubuntu/turtlebot3_ws/install/ros_goal_client/include/ros_goal_client/ros_goal_client/msg/rosidl_typesupport_fastrtps_c__visibility_control.h
[53.740s] -- Up-to-date symlink: /home/ubuntu/turtlebot3_ws/install/ros_goal_client/include/ros_goal_client/ros_goal_client/srv/detail/bot3_gpio__rosidl_typesupport_fastrtps_c.h
[53.742s] -- Up-to-date symlink: /home/ubuntu/turtlebot3_ws/install/ros_goal_client/include/ros_goal_client/ros_goal_client/msg/rosidl_generator_cpp__visibility_control.hpp
[53.743s] -- Up-to-date symlink: /home/ubuntu/turtlebot3_ws/install/ros_goal_client/include/ros_goal_client/ros_goal_client/srv/bot3_gpio.hpp
[53.744s] -- Up-to-date symlink: /home/ubuntu/turtlebot3_ws/install/ros_goal_client/include/ros_goal_client/ros_goal_client/srv/detail/bot3_gpio__builder.hpp
[53.745s] -- Up-to-date symlink: /home/ubuntu/turtlebot3_ws/install/ros_goal_client/include/ros_goal_client/ros_goal_client/srv/detail/bot3_gpio__struct.hpp
[53.746s] -- Up-to-date symlink: /home/ubuntu/turtlebot3_ws/install/ros_goal_client/include/ros_goal_client/ros_goal_client/srv/detail/bot3_gpio__traits.hpp
[53.747s] -- Up-to-date symlink: /home/ubuntu/turtlebot3_ws/install/ros_goal_client/include/ros_goal_client/ros_goal_client/srv/detail/bot3_gpio__type_support.hpp
[53.750s] -- Up-to-date symlink: /home/ubuntu/turtlebot3_ws/install/ros_goal_client/include/ros_goal_client/ros_goal_client/msg/rosidl_typesupport_fastrtps_cpp__visibility_control.h
[53.751s] -- Up-to-date symlink: /home/ubuntu/turtlebot3_ws/install/ros_goal_client/include/ros_goal_client/ros_goal_client/srv/detail/bot3_gpio__rosidl_typesupport_fastrtps_cpp.hpp
[53.754s] -- Up-to-date symlink: /home/ubuntu/turtlebot3_ws/install/ros_goal_client/include/ros_goal_client/ros_goal_client/msg/rosidl_typesupport_introspection_c__visibility_control.h
[53.755s] -- Up-to-date symlink: /home/ubuntu/turtlebot3_ws/install/ros_goal_client/include/ros_goal_client/ros_goal_client/srv/detail/bot3_gpio__rosidl_typesupport_introspection_c.h
[53.757s] -- Up-to-date symlink: /home/ubuntu/turtlebot3_ws/install/ros_goal_client/include/ros_goal_client/ros_goal_client/srv/detail/bot3_gpio__rosidl_typesupport_introspection_cpp.hpp
[53.758s] -- Up-to-date symlink: /home/ubuntu/turtlebot3_ws/install/ros_goal_client/share/ros_goal_client/environment/pythonpath.sh
[53.759s] -- Up-to-date symlink: /home/ubuntu/turtlebot3_ws/install/ros_goal_client/share/ros_goal_client/environment/pythonpath.dsv
[53.761s] -- Up-to-date symlink: /home/ubuntu/turtlebot3_ws/install/ros_goal_client/local/lib/python3.10/dist-packages/ros_goal_client-0.0.0-py3.10.egg-info/PKG-INFO
[53.763s] -- Up-to-date symlink: /home/ubuntu/turtlebot3_ws/install/ros_goal_client/local/lib/python3.10/dist-packages/ros_goal_client-0.0.0-py3.10.egg-info/SOURCES.txt
[53.763s] -- Up-to-date symlink: /home/ubuntu/turtlebot3_ws/install/ros_goal_client/local/lib/python3.10/dist-packages/ros_goal_client-0.0.0-py3.10.egg-info/dependency_links.txt
[53.764s] -- Up-to-date symlink: /home/ubuntu/turtlebot3_ws/install/ros_goal_client/local/lib/python3.10/dist-packages/ros_goal_client-0.0.0-py3.10.egg-info/top_level.txt
[53.769s] -- Up-to-date symlink: /home/ubuntu/turtlebot3_ws/install/ros_goal_client/local/lib/python3.10/dist-packages/ros_goal_client/__init__.py
[53.769s] -- Up-to-date symlink: /home/ubuntu/turtlebot3_ws/install/ros_goal_client/local/lib/python3.10/dist-packages/ros_goal_client/_ros_goal_client_s.ep.rosidl_typesupport_c.c
[53.770s] -- Up-to-date symlink: /home/ubuntu/turtlebot3_ws/install/ros_goal_client/local/lib/python3.10/dist-packages/ros_goal_client/_ros_goal_client_s.ep.rosidl_typesupport_fastrtps_c.c
[53.771s] -- Up-to-date symlink: /home/ubuntu/turtlebot3_ws/install/ros_goal_client/local/lib/python3.10/dist-packages/ros_goal_client/_ros_goal_client_s.ep.rosidl_typesupport_introspection_c.c
[53.772s] -- Up-to-date symlink: /home/ubuntu/turtlebot3_ws/install/ros_goal_client/local/lib/python3.10/dist-packages/ros_goal_client/libros_goal_client__rosidl_generator_py.so
[53.773s] -- Up-to-date symlink: /home/ubuntu/turtlebot3_ws/install/ros_goal_client/local/lib/python3.10/dist-packages/ros_goal_client/ros_goal_client_s__rosidl_typesupport_c.cpython-310-aarch64-linux-gnu.so
[53.774s] -- Up-to-date symlink: /home/ubuntu/turtlebot3_ws/install/ros_goal_client/local/lib/python3.10/dist-packages/ros_goal_client/ros_goal_client_s__rosidl_typesupport_fastrtps_c.cpython-310-aarch64-linux-gnu.so
[53.775s] -- Up-to-date symlink: /home/ubuntu/turtlebot3_ws/install/ros_goal_client/local/lib/python3.10/dist-packages/ros_goal_client/ros_goal_client_s__rosidl_typesupport_introspection_c.cpython-310-aarch64-linux-gnu.so
[53.776s] -- Up-to-date symlink: /home/ubuntu/turtlebot3_ws/install/ros_goal_client/local/lib/python3.10/dist-packages/ros_goal_client/srv/__init__.py
[53.777s] -- Up-to-date symlink: /home/ubuntu/turtlebot3_ws/install/ros_goal_client/local/lib/python3.10/dist-packages/ros_goal_client/srv/_bot3_gpio.py
[53.778s] -- Up-to-date symlink: /home/ubuntu/turtlebot3_ws/install/ros_goal_client/local/lib/python3.10/dist-packages/ros_goal_client/srv/_bot3_gpio_s.c
[53.779s] -- Up-to-date symlink: /home/ubuntu/turtlebot3_ws/install/ros_goal_client/local/lib/python3.10/dist-packages/ros_goal_client/ros_goal_client_s__rosidl_typesupport_fastrtps_c.cpython-310-aarch64-linux-gnu.so
[53.781s] -- Up-to-date symlink: /home/ubuntu/turtlebot3_ws/install/ros_goal_client/local/lib/python3.10/dist-packages/ros_goal_client/ros_goal_client_s__rosidl_typesupport_introspection_c.cpython-310-aarch64-linux-gnu.so
[53.783s] -- Up-to-date symlink: /home/ubuntu/turtlebot3_ws/install/ros_goal_client/local/lib/python3.10/dist-packages/ros_goal_client/ros_goal_client_s__rosidl_typesupport_c.cpython-310-aarch64-linux-gnu.so
[53.783s] -- Up-to-date symlink: /home/ubuntu/turtlebot3_ws/install/ros_goal_client/share/ros_goal_client/srv/Bot3Gpio.idl
[53.784s] -- Up-to-date symlink: /home/ubuntu/turtlebot3_ws/install/ros_goal_client/share/ros_goal_client/srv/Bot3Gpio.srv
[53.785s] -- Up-to-date symlink: /home/ubuntu/turtlebot3_ws/install/ros_goal_client/share/ros_goal_client/srv/Bot3Gpio_Request.msg
[53.786s] -- Up-to-date symlink: /home/ubuntu/turtlebot3_ws/install/ros_goal_client/share/ros_goal_client/srv/Bot3Gpio_Response.msg
[53.787s] -- Up-to-date symlink: /home/ubuntu/turtlebot3_ws/install/ros_goal_client/lib/ros_goal_client/rosGoalServer
[53.789s] -- Up-to-date symlink: /home/ubuntu/turtlebot3_ws/install/ros_goal_client/lib/ros_goal_client/rosGoalClient
[53.790s] -- Up-to-date symlink: /home/ubuntu/turtlebot3_ws/install/ros_goal_client/share/ament_index/resource_index/package_run_dependencies/ros_goal_client
[53.791s] -- Up-to-date symlink: /home/ubuntu/turtlebot3_ws/install/ros_goal_client/share/ament_index/resource_index/parent_prefix_path/ros_goal_client
[53.792s] -- Up-to-date symlink: /home/ubuntu/turtlebot3_ws/install/ros_goal_client/share/ros_goal_client/environment/ament_prefix_path.sh
[53.793s] -- Up-to-date symlink: /home/ubuntu/turtlebot3_ws/install/ros_goal_client/share/ros_goal_client/environment/ament_prefix_path.dsv
[53.794s] -- Up-to-date symlink: /home/ubuntu/turtlebot3_ws/install/ros_goal_client/share/ros_goal_client/environment/path.sh
[53.795s] -- Up-to-date symlink: /home/ubuntu/turtlebot3_ws/install/ros_goal_client/share/ros_goal_client/environment/path.dsv
[53.796s] -- Up-to-date symlink: /home/ubuntu/turtlebot3_ws/install/ros_goal_client/share/ros_goal_client/local_setup.bash
[53.797s] -- Up-to-date symlink: /home/ubuntu/turtlebot3_ws/install/ros_goal_client/share/ros_goal_client/local_setup.sh
[53.797s] -- Up-to-date symlink: /home/ubuntu/turtlebot3_ws/install/ros_goal_client/share/ros_goal_client/local_setup.zsh
[53.799s] -- Up-to-date symlink: /home/ubuntu/turtlebot3_ws/install/ros_goal_client/share/ros_goal_client/local_setup.dsv
[53.799s] -- Symlinking: /home/ubuntu/turtlebot3_ws/install/ros_goal_client/share/ros_goal_client/package.dsv
[53.839s] -- Up-to-date symlink: /home/ubuntu/turtlebot3_ws/install/ros_goal_client/share/ament_index/resource_index/packages/ros_goal_client
[53.840s] -- Up-to-date symlink: /home/ubuntu/turtlebot3_ws/install/ros_goal_client/share/ros_goal_client/cmake/rosidl_cmake-extras.cmake
[53.841s] -- Up-to-date symlink: /home/ubuntu/turtlebot3_ws/install/ros_goal_client/share/ros_goal_client/cmake/ament_cmake_export_dependencies-extras.cmake
[53.842s] -- Up-to-date symlink: /home/ubuntu/turtlebot3_ws/install/ros_goal_client/share/ros_goal_client/cmake/ament_cmake_export_include_directories-extras.cmake
[53.843s] -- Up-to-date symlink: /home/ubuntu/turtlebot3_ws/install/ros_goal_client/share/ros_goal_client/cmake/ament_cmake_export_libraries-extras.cmake
[53.844s] -- Up-to-date symlink: /home/ubuntu/turtlebot3_ws/install/ros_goal_client/share/ros_goal_client/cmake/ament_cmake_export_targets-extras.cmake
[53.845s] -- Up-to-date symlink: /home/ubuntu/turtlebot3_ws/install/ros_goal_client/share/ros_goal_client/cmake/rosidl_cmake_export_typesupport_targets-extras.cmake
[53.846s] -- Up-to-date symlink: /home/ubuntu/turtlebot3_ws/install/ros_goal_client/share/ros_goal_client/cmake/rosidl_cmake_export_typesupport_libraries-extras.cmake
[53.847s] -- Up-to-date symlink: /home/ubuntu/turtlebot3_ws/install/ros_goal_client/share/ros_goal_client/cmake/ros_goal_clientConfig.cmake
[53.848s] -- Up-to-date symlink: /home/ubuntu/turtlebot3_ws/install/ros_goal_client/share/ros_goal_client/cmake/ros_goal_clientConfig-version.cmake
[53.849s] -- Up-to-date symlink: /home/ubuntu/turtlebot3_ws/install/ros_goal_client/share/ros_goal_client/package.xml
[53.850s] -- Up-to-date: /home/ubuntu/turtlebot3_ws/install/ros_goal_client/lib/libros_goal_client__rosidl_generator_c.so
[53.853s] -- Up-to-date: /home/ubuntu/turtlebot3_ws/install/ros_goal_client/lib/libros_goal_client__rosidl_typesupport_fastrtps_c.so
[53.856s] -- Up-to-date: /home/ubuntu/turtlebot3_ws/install/ros_goal_client/lib/libros_goal_client__rosidl_typesupport_fastrtps_cpp.so
[53.858s] -- Up-to-date: /home/ubuntu/turtlebot3_ws/install/ros_goal_client/lib/libros_goal_client__rosidl_typesupport_introspection_c.so
[53.860s] -- Up-to-date: /home/ubuntu/turtlebot3_ws/install/ros_goal_client/lib/libros_goal_client__rosidl_typesupport_c.so
[53.863s] -- Up-to-date: /home/ubuntu/turtlebot3_ws/install/ros_goal_client/lib/libros_goal_client__rosidl_typesupport_introspection_cpp.so
[53.866s] -- Up-to-date: /home/ubuntu/turtlebot3_ws/install/ros_goal_client/lib/libros_goal_client__rosidl_typesupport_cpp.so
[54.058s] Listing '/home/ubuntu/turtlebot3_ws/install/ros_goal_client/local/lib/python3.10/dist-packages/ros_goal_client'...
[54.059s] Listing '/home/ubuntu/turtlebot3_ws/install/ros_goal_client/local/lib/python3.10/dist-packages/ros_goal_client/srv'...
[54.086s] -- Up-to-date: /home/ubuntu/turtlebot3_ws/install/ros_goal_client/lib/libros_goal_client__rosidl_generator_py.so
[54.088s] -- Up-to-date: /home/ubuntu/turtlebot3_ws/install/ros_goal_client/share/ros_goal_client/cmake/export_ros_goal_client__rosidl_generator_cExport.cmake
[54.089s] -- Up-to-date: /home/ubuntu/turtlebot3_ws/install/ros_goal_client/share/ros_goal_client/cmake/export_ros_goal_client__rosidl_generator_cExport-noconfig.cmake
[54.090s] -- Up-to-date: /home/ubuntu/turtlebot3_ws/install/ros_goal_client/share/ros_goal_client/cmake/export_ros_goal_client__rosidl_typesupport_fastrtps_cExport.cmake
[54.090s] -- Up-to-date: /home/ubuntu/turtlebot3_ws/install/ros_goal_client/share/ros_goal_client/cmake/export_ros_goal_client__rosidl_typesupport_fastrtps_cExport-noconfig.cmake
[54.091s] -- Up-to-date: /home/ubuntu/turtlebot3_ws/install/ros_goal_client/share/ros_goal_client/cmake/export_ros_goal_client__rosidl_generator_cppExport.cmake
[54.092s] -- Up-to-date: /home/ubuntu/turtlebot3_ws/install/ros_goal_client/share/ros_goal_client/cmake/export_ros_goal_client__rosidl_typesupport_fastrtps_cppExport.cmake
[54.093s] -- Up-to-date: /home/ubuntu/turtlebot3_ws/install/ros_goal_client/share/ros_goal_client/cmake/export_ros_goal_client__rosidl_typesupport_fastrtps_cppExport-noconfig.cmake
[54.094s] -- Up-to-date: /home/ubuntu/turtlebot3_ws/install/ros_goal_client/share/ros_goal_client/cmake/ros_goal_client__rosidl_typesupport_introspection_cExport.cmake
[54.095s] -- Up-to-date: /home/ubuntu/turtlebot3_ws/install/ros_goal_client/share/ros_goal_client/cmake/ros_goal_client__rosidl_typesupport_introspection_cExport-noconfig.cmake
[54.095s] -- Up-to-date: /home/ubuntu/turtlebot3_ws/install/ros_goal_client/share/ros_goal_client/cmake/ros_goal_client__rosidl_typesupport_cExport.cmake
[54.096s] -- Up-to-date: /home/ubuntu/turtlebot3_ws/install/ros_goal_client/share/ros_goal_client/cmake/ros_goal_client__rosidl_typesupport_cExport-noconfig.cmake
[54.097s] -- Up-to-date: /home/ubuntu/turtlebot3_ws/install/ros_goal_client/share/ros_goal_client/cmake/ros_goal_client__rosidl_typesupport_introspection_cppExport.cmake
[54.098s] -- Up-to-date: /home/ubuntu/turtlebot3_ws/install/ros_goal_client/share/ros_goal_client/cmake/ros_goal_client__rosidl_typesupport_introspection_cppExport-noconfig.cmake
[54.098s] -- Up-to-date: /home/ubuntu/turtlebot3_ws/install/ros_goal_client/share/ros_goal_client/cmake/ros_goal_client__rosidl_typesupport_cppExport.cmake
[54.099s] -- Up-to-date: /home/ubuntu/turtlebot3_ws/install/ros_goal_client/share/ros_goal_client/cmake/ros_goal_client__rosidl_typesupport_cppExport-noconfig.cmake
[54.100s] -- Up-to-date: /home/ubuntu/turtlebot3_ws/install/ros_goal_client/share/ros_goal_client/cmake/export_ros_goal_client__rosidl_generator_pyExport.cmake
[54.101s] -- Up-to-date: /home/ubuntu/turtlebot3_ws/install/ros_goal_client/share/ros_goal_client/cmake/export_ros_goal_client__rosidl_generator_pyExport-noconfig.cmake
[54.126s] Invoked command in '/home/ubuntu/turtlebot3_ws/build/ros_goal_client' returned '0': CMAKE_PREFIX_PATH=/home/ubuntu/turtlebot3_ws/install/uart_bridge_cpp:/home/ubuntu/turtlebot3_ws/install/turtlebot3:/home/ubuntu/turtlebot3_ws/install/turtlebot3_bringup:/home/ubuntu/turtlebot3_ws/install/turtlebot3_node:/home/ubuntu/turtlebot3_ws/install/turtlebot3_navigation2:/home/ubuntu/turtlebot3_ws/install/turtlebot3_fake_node:/home/ubuntu/turtlebot3_ws/install/turtlebot3_msgs:/home/ubuntu/turtlebot3_ws/install/turtlebot3_manipulation_gazebo:/home/ubuntu/turtlebot3_ws/install/turtlebot3_description:/home/ubuntu/turtlebot3_ws/install/turtlebot3_cartographer:/home/ubuntu/turtlebot3_ws/install/turtlebot3_teleop:/home/ubuntu/turtlebot3_ws/install/turtlebot3_example:/opt/ros/humble:/home/ubuntu/turtlebot3_ws/install/simple_navigation_goals:/home/ubuntu/turtlebot3_ws/install/ros_tutorials_topic:/home/ubuntu/turtlebot3_ws/install/ros_goal_client:/home/ubuntu/turtlebot3_ws/install/rescue_orchestrator:/home/ubuntu/turtlebot3_ws/install/dynamixel_sdk_examples:/home/ubuntu/turtlebot3_ws/install/dynamixel_sdk_custom_interfaces:/home/ubuntu/turtlebot3_ws/install/dynamixel_sdk:/home/ubuntu/turtlebot3_ws/install/cpp_talker_listener /usr/bin/cmake --install /home/ubuntu/turtlebot3_ws/build/ros_goal_client
