[0.120s] Invoking command in '/home/ubuntu/ros2_ws/build/turtlebot3_cartographer': CMAKE_PREFIX_PATH=${CMAKE_PREFIX_PATH}:/home/ubuntu/turtlebot3_ws/install/turtlebot3_teleop:/opt/ros/humble /usr/bin/cmake /home/ubuntu/ros2_ws/src/turtlebot3/src/turtlebot3/turtlebot3_cartographer -DAMENT_CMAKE_SYMLINK_INSTALL=1 -DCMAKE_INSTALL_PREFIX=/home/ubuntu/ros2_ws/install/turtlebot3_cartographer
[0.785s] -- The C compiler identification is GNU 11.4.0
[1.563s] -- The CXX compiler identification is GNU 11.4.0
[1.639s] -- Detecting C compiler ABI info
[2.667s] -- Detecting C compiler ABI info - done
[2.738s] -- Check for working C compiler: /usr/bin/cc - skipped
[2.745s] -- Detecting C compile features
[2.749s] -- Detecting C compile features - done
[2.788s] -- Detecting CXX compiler ABI info
[4.099s] -- Detecting CXX compiler ABI info - done
[4.161s] -- Check for working CXX compiler: /usr/bin/c++ - skipped
[4.162s] -- Detecting CXX compile features
[4.164s] -- Detecting CXX compile features - done
[4.254s] -- Found ament_cmake: 1.3.12 (/opt/ros/humble/share/ament_cmake/cmake)
[5.565s] -- Found Python3: /usr/bin/python3 (found version "3.10.12") found components: Interpreter 
[6.058s] -- Override CMake install command with custom implementation using symlinks instead of copying resources
[7.161s] -- Configuring done
[7.197s] -- Generating done
[7.209s] -- Build files have been written to: /home/ubuntu/ros2_ws/build/turtlebot3_cartographer
[7.233s] Invoked command in '/home/ubuntu/ros2_ws/build/turtlebot3_cartographer' returned '0': CMAKE_PREFIX_PATH=${CMAKE_PREFIX_PATH}:/home/ubuntu/turtlebot3_ws/install/turtlebot3_teleop:/opt/ros/humble /usr/bin/cmake /home/ubuntu/ros2_ws/src/turtlebot3/src/turtlebot3/turtlebot3_cartographer -DAMENT_CMAKE_SYMLINK_INSTALL=1 -DCMAKE_INSTALL_PREFIX=/home/ubuntu/ros2_ws/install/turtlebot3_cartographer
[7.237s] Invoking command in '/home/ubuntu/ros2_ws/build/turtlebot3_cartographer': CMAKE_PREFIX_PATH=${CMAKE_PREFIX_PATH}:/home/ubuntu/turtlebot3_ws/install/turtlebot3_teleop:/opt/ros/humble /usr/bin/cmake --build /home/ubuntu/ros2_ws/build/turtlebot3_cartographer -- -j4 -l4
[7.584s] Invoked command in '/home/ubuntu/ros2_ws/build/turtlebot3_cartographer' returned '0': CMAKE_PREFIX_PATH=${CMAKE_PREFIX_PATH}:/home/ubuntu/turtlebot3_ws/install/turtlebot3_teleop:/opt/ros/humble /usr/bin/cmake --build /home/ubuntu/ros2_ws/build/turtlebot3_cartographer -- -j4 -l4
[7.599s] Invoking command in '/home/ubuntu/ros2_ws/build/turtlebot3_cartographer': CMAKE_PREFIX_PATH=${CMAKE_PREFIX_PATH}:/home/ubuntu/turtlebot3_ws/install/turtlebot3_teleop:/opt/ros/humble /usr/bin/cmake --install /home/ubuntu/ros2_ws/build/turtlebot3_cartographer
[7.702s] -- Install configuration: ""
[7.704s] -- Execute custom install script
[7.711s] -- Symlinking: /home/ubuntu/ros2_ws/install/turtlebot3_cartographer/share/turtlebot3_cartographer/config/turtlebot3_lds_2d.lua
[7.827s] -- Symlinking: /home/ubuntu/ros2_ws/install/turtlebot3_cartographer/share/turtlebot3_cartographer/launch/cartographer.launch.py
[7.945s] -- Symlinking: /home/ubuntu/ros2_ws/install/turtlebot3_cartographer/share/turtlebot3_cartographer/launch/occupancy_grid.launch.py
[8.063s] -- Symlinking: /home/ubuntu/ros2_ws/install/turtlebot3_cartographer/share/turtlebot3_cartographer/rviz/tb3_cartographer.rviz
[8.182s] -- Symlinking: /home/ubuntu/ros2_ws/install/turtlebot3_cartographer/share/ament_index/resource_index/package_run_dependencies/turtlebot3_cartographer
[8.285s] -- Symlinking: /home/ubuntu/ros2_ws/install/turtlebot3_cartographer/share/ament_index/resource_index/parent_prefix_path/turtlebot3_cartographer
[8.397s] -- Symlinking: /home/ubuntu/ros2_ws/install/turtlebot3_cartographer/share/turtlebot3_cartographer/environment/ament_prefix_path.sh
[8.476s] -- Symlinking: /home/ubuntu/ros2_ws/install/turtlebot3_cartographer/share/turtlebot3_cartographer/environment/ament_prefix_path.dsv
[8.525s] -- Symlinking: /home/ubuntu/ros2_ws/install/turtlebot3_cartographer/share/turtlebot3_cartographer/environment/path.sh
[8.574s] -- Symlinking: /home/ubuntu/ros2_ws/install/turtlebot3_cartographer/share/turtlebot3_cartographer/environment/path.dsv
[8.623s] -- Symlinking: /home/ubuntu/ros2_ws/install/turtlebot3_cartographer/share/turtlebot3_cartographer/local_setup.bash
[8.699s] -- Symlinking: /home/ubuntu/ros2_ws/install/turtlebot3_cartographer/share/turtlebot3_cartographer/local_setup.sh
[8.746s] -- Symlinking: /home/ubuntu/ros2_ws/install/turtlebot3_cartographer/share/turtlebot3_cartographer/local_setup.zsh
[8.822s] -- Symlinking: /home/ubuntu/ros2_ws/install/turtlebot3_cartographer/share/turtlebot3_cartographer/local_setup.dsv
[8.917s] -- Symlinking: /home/ubuntu/ros2_ws/install/turtlebot3_cartographer/share/turtlebot3_cartographer/package.dsv
[9.076s] -- Symlinking: /home/ubuntu/ros2_ws/install/turtlebot3_cartographer/share/ament_index/resource_index/packages/turtlebot3_cartographer
[9.168s] -- Symlinking: /home/ubuntu/ros2_ws/install/turtlebot3_cartographer/share/turtlebot3_cartographer/cmake/turtlebot3_cartographerConfig.cmake
[9.239s] -- Symlinking: /home/ubuntu/ros2_ws/install/turtlebot3_cartographer/share/turtlebot3_cartographer/cmake/turtlebot3_cartographerConfig-version.cmake
[9.344s] -- Symlinking: /home/ubuntu/ros2_ws/install/turtlebot3_cartographer/share/turtlebot3_cartographer/package.xml
[9.442s] Invoked command in '/home/ubuntu/ros2_ws/build/turtlebot3_cartographer' returned '0': CMAKE_PREFIX_PATH=${CMAKE_PREFIX_PATH}:/home/ubuntu/turtlebot3_ws/install/turtlebot3_teleop:/opt/ros/humble /usr/bin/cmake --install /home/ubuntu/ros2_ws/build/turtlebot3_cartographer
