[0.090s] Invoking command in '/home/ubuntu/turtlebot3_ws/build/uart_bridge_cpp': CMAKE_PREFIX_PATH=/home/ubuntu/turtlebot3_ws/install/uart_bridge_cpp:/home/ubuntu/turtlebot3_ws/install/turtlebot3:/home/ubuntu/turtlebot3_ws/install/turtlebot3_bringup:/home/ubuntu/turtlebot3_ws/install/turtlebot3_node:/home/ubuntu/turtlebot3_ws/install/turtlebot3_navigation2:/home/ubuntu/turtlebot3_ws/install/turtlebot3_fake_node:/home/ubuntu/turtlebot3_ws/install/turtlebot3_msgs:/home/ubuntu/turtlebot3_ws/install/turtlebot3_manipulation_gazebo:/home/ubuntu/turtlebot3_ws/install/turtlebot3_description:/home/ubuntu/turtlebot3_ws/install/turtlebot3_cartographer:/home/ubuntu/turtlebot3_ws/install/turtlebot3_teleop:/home/ubuntu/turtlebot3_ws/install/turtlebot3_example:/opt/ros/humble:/home/ubuntu/turtlebot3_ws/install/simple_navigation_goals:/home/ubuntu/turtlebot3_ws/install/ros_tutorials_topic:/home/ubuntu/turtlebot3_ws/install/ros_goal_client:/home/ubuntu/turtlebot3_ws/install/rescue_orchestrator:/home/ubuntu/turtlebot3_ws/install/dynamixel_sdk_examples:/home/ubuntu/turtlebot3_ws/install/dynamixel_sdk_custom_interfaces:/home/ubuntu/turtlebot3_ws/install/dynamixel_sdk:/home/ubuntu/turtlebot3_ws/install/cpp_talker_listener /usr/bin/cmake --build /home/ubuntu/turtlebot3_ws/build/uart_bridge_cpp -- -j4 -l4
[0.753s] [35m[1mConsolidate compiler generated dependencies of target uart_bridge_ama1_node[0m
[0.941s] [ 75%] [32mBuilding CXX object CMakeFiles/uart_bridge_ama1_node.dir/src/uart_bridge_ama1_node.cpp.o[0m
[0.942s] [ 75%] Built target uart_bridge_node
[37.118s] [100%] [32m[1mLinking CXX executable uart_bridge_ama1_node[0m
[39.250s] [100%] Built target uart_bridge_ama1_node
[39.296s] Invoked command in '/home/ubuntu/turtlebot3_ws/build/uart_bridge_cpp' returned '0': CMAKE_PREFIX_PATH=/home/ubuntu/turtlebot3_ws/install/uart_bridge_cpp:/home/ubuntu/turtlebot3_ws/install/turtlebot3:/home/ubuntu/turtlebot3_ws/install/turtlebot3_bringup:/home/ubuntu/turtlebot3_ws/install/turtlebot3_node:/home/ubuntu/turtlebot3_ws/install/turtlebot3_navigation2:/home/ubuntu/turtlebot3_ws/install/turtlebot3_fake_node:/home/ubuntu/turtlebot3_ws/install/turtlebot3_msgs:/home/ubuntu/turtlebot3_ws/install/turtlebot3_manipulation_gazebo:/home/ubuntu/turtlebot3_ws/install/turtlebot3_description:/home/ubuntu/turtlebot3_ws/install/turtlebot3_cartographer:/home/ubuntu/turtlebot3_ws/install/turtlebot3_teleop:/home/ubuntu/turtlebot3_ws/install/turtlebot3_example:/opt/ros/humble:/home/ubuntu/turtlebot3_ws/install/simple_navigation_goals:/home/ubuntu/turtlebot3_ws/install/ros_tutorials_topic:/home/ubuntu/turtlebot3_ws/install/ros_goal_client:/home/ubuntu/turtlebot3_ws/install/rescue_orchestrator:/home/ubuntu/turtlebot3_ws/install/dynamixel_sdk_examples:/home/ubuntu/turtlebot3_ws/install/dynamixel_sdk_custom_interfaces:/home/ubuntu/turtlebot3_ws/install/dynamixel_sdk:/home/ubuntu/turtlebot3_ws/install/cpp_talker_listener /usr/bin/cmake --build /home/ubuntu/turtlebot3_ws/build/uart_bridge_cpp -- -j4 -l4
[39.353s] Invoking command in '/home/ubuntu/turtlebot3_ws/build/uart_bridge_cpp': CMAKE_PREFIX_PATH=/home/ubuntu/turtlebot3_ws/install/uart_bridge_cpp:/home/ubuntu/turtlebot3_ws/install/turtlebot3:/home/ubuntu/turtlebot3_ws/install/turtlebot3_bringup:/home/ubuntu/turtlebot3_ws/install/turtlebot3_node:/home/ubuntu/turtlebot3_ws/install/turtlebot3_navigation2:/home/ubuntu/turtlebot3_ws/install/turtlebot3_fake_node:/home/ubuntu/turtlebot3_ws/install/turtlebot3_msgs:/home/ubuntu/turtlebot3_ws/install/turtlebot3_manipulation_gazebo:/home/ubuntu/turtlebot3_ws/install/turtlebot3_description:/home/ubuntu/turtlebot3_ws/install/turtlebot3_cartographer:/home/ubuntu/turtlebot3_ws/install/turtlebot3_teleop:/home/ubuntu/turtlebot3_ws/install/turtlebot3_example:/opt/ros/humble:/home/ubuntu/turtlebot3_ws/install/simple_navigation_goals:/home/ubuntu/turtlebot3_ws/install/ros_tutorials_topic:/home/ubuntu/turtlebot3_ws/install/ros_goal_client:/home/ubuntu/turtlebot3_ws/install/rescue_orchestrator:/home/ubuntu/turtlebot3_ws/install/dynamixel_sdk_examples:/home/ubuntu/turtlebot3_ws/install/dynamixel_sdk_custom_interfaces:/home/ubuntu/turtlebot3_ws/install/dynamixel_sdk:/home/ubuntu/turtlebot3_ws/install/cpp_talker_listener /usr/bin/cmake --install /home/ubuntu/turtlebot3_ws/build/uart_bridge_cpp
[39.389s] -- Install configuration: ""
[39.393s] -- Execute custom install script
[39.399s] -- Up-to-date symlink: /home/ubuntu/turtlebot3_ws/install/uart_bridge_cpp/lib/uart_bridge_cpp/uart_bridge_node
[39.401s] -- Up-to-date symlink: /home/ubuntu/turtlebot3_ws/install/uart_bridge_cpp/lib/uart_bridge_cpp/uart_bridge_ama1_node
[39.410s] -- Up-to-date symlink: /home/ubuntu/turtlebot3_ws/install/uart_bridge_cpp/share/uart_bridge_cpp/launch/multi_uart.launch.py
[39.412s] -- Up-to-date symlink: /home/ubuntu/turtlebot3_ws/install/uart_bridge_cpp/share/uart_bridge_cpp/launch/uart_bridge.launch.py
[39.413s] -- Up-to-date symlink: /home/ubuntu/turtlebot3_ws/install/uart_bridge_cpp/share/uart_bridge_cpp/launch/uart_bridge_ama1.launch.py
[39.415s] -- Up-to-date symlink: /home/ubuntu/turtlebot3_ws/install/uart_bridge_cpp/share/ament_index/resource_index/package_run_dependencies/uart_bridge_cpp
[39.418s] -- Up-to-date symlink: /home/ubuntu/turtlebot3_ws/install/uart_bridge_cpp/share/ament_index/resource_index/parent_prefix_path/uart_bridge_cpp
[39.419s] -- Up-to-date symlink: /home/ubuntu/turtlebot3_ws/install/uart_bridge_cpp/share/uart_bridge_cpp/environment/ament_prefix_path.sh
[39.421s] -- Up-to-date symlink: /home/ubuntu/turtlebot3_ws/install/uart_bridge_cpp/share/uart_bridge_cpp/environment/ament_prefix_path.dsv
[39.423s] -- Up-to-date symlink: /home/ubuntu/turtlebot3_ws/install/uart_bridge_cpp/share/uart_bridge_cpp/environment/path.sh
[39.425s] -- Up-to-date symlink: /home/ubuntu/turtlebot3_ws/install/uart_bridge_cpp/share/uart_bridge_cpp/environment/path.dsv
[39.427s] -- Up-to-date symlink: /home/ubuntu/turtlebot3_ws/install/uart_bridge_cpp/share/uart_bridge_cpp/local_setup.bash
[39.428s] -- Up-to-date symlink: /home/ubuntu/turtlebot3_ws/install/uart_bridge_cpp/share/uart_bridge_cpp/local_setup.sh
[39.430s] -- Up-to-date symlink: /home/ubuntu/turtlebot3_ws/install/uart_bridge_cpp/share/uart_bridge_cpp/local_setup.zsh
[39.431s] -- Up-to-date symlink: /home/ubuntu/turtlebot3_ws/install/uart_bridge_cpp/share/uart_bridge_cpp/local_setup.dsv
[39.432s] -- Symlinking: /home/ubuntu/turtlebot3_ws/install/uart_bridge_cpp/share/uart_bridge_cpp/package.dsv
[39.481s] -- Up-to-date symlink: /home/ubuntu/turtlebot3_ws/install/uart_bridge_cpp/share/ament_index/resource_index/packages/uart_bridge_cpp
[39.483s] -- Up-to-date symlink: /home/ubuntu/turtlebot3_ws/install/uart_bridge_cpp/share/uart_bridge_cpp/cmake/uart_bridge_cppConfig.cmake
[39.484s] -- Up-to-date symlink: /home/ubuntu/turtlebot3_ws/install/uart_bridge_cpp/share/uart_bridge_cpp/cmake/uart_bridge_cppConfig-version.cmake
[39.485s] -- Up-to-date symlink: /home/ubuntu/turtlebot3_ws/install/uart_bridge_cpp/share/uart_bridge_cpp/package.xml
[39.493s] Invoked command in '/home/ubuntu/turtlebot3_ws/build/uart_bridge_cpp' returned '0': CMAKE_PREFIX_PATH=/home/ubuntu/turtlebot3_ws/install/uart_bridge_cpp:/home/ubuntu/turtlebot3_ws/install/turtlebot3:/home/ubuntu/turtlebot3_ws/install/turtlebot3_bringup:/home/ubuntu/turtlebot3_ws/install/turtlebot3_node:/home/ubuntu/turtlebot3_ws/install/turtlebot3_navigation2:/home/ubuntu/turtlebot3_ws/install/turtlebot3_fake_node:/home/ubuntu/turtlebot3_ws/install/turtlebot3_msgs:/home/ubuntu/turtlebot3_ws/install/turtlebot3_manipulation_gazebo:/home/ubuntu/turtlebot3_ws/install/turtlebot3_description:/home/ubuntu/turtlebot3_ws/install/turtlebot3_cartographer:/home/ubuntu/turtlebot3_ws/install/turtlebot3_teleop:/home/ubuntu/turtlebot3_ws/install/turtlebot3_example:/opt/ros/humble:/home/ubuntu/turtlebot3_ws/install/simple_navigation_goals:/home/ubuntu/turtlebot3_ws/install/ros_tutorials_topic:/home/ubuntu/turtlebot3_ws/install/ros_goal_client:/home/ubuntu/turtlebot3_ws/install/rescue_orchestrator:/home/ubuntu/turtlebot3_ws/install/dynamixel_sdk_examples:/home/ubuntu/turtlebot3_ws/install/dynamixel_sdk_custom_interfaces:/home/ubuntu/turtlebot3_ws/install/dynamixel_sdk:/home/ubuntu/turtlebot3_ws/install/cpp_talker_listener /usr/bin/cmake --install /home/ubuntu/turtlebot3_ws/build/uart_bridge_cpp
