[0.194s] Invoking command in '/home/ubuntu/ros2_ws/build/turtlebot3_gazebo': CMAKE_PREFIX_PATH=${CMAKE_PREFIX_PATH}:/home/ubuntu/turtlebot3_ws/install/turtlebot3_teleop:/opt/ros/humble /usr/bin/cmake /home/ubuntu/ros2_ws/src/turtlebot3/src/turtlebot3_simulations/turtlebot3_gazebo -DAMENT_CMAKE_SYMLINK_INSTALL=1 -DCMAKE_INSTALL_PREFIX=/home/ubuntu/ros2_ws/install/turtlebot3_gazebo
[1.059s] -- The C compiler identification is GNU 11.4.0
[2.437s] -- The CXX compiler identification is GNU 11.4.0
[2.587s] -- Detecting C compiler ABI info
[4.448s] -- Detecting C compiler ABI info - done
[4.522s] -- Check for working C compiler: /usr/bin/cc - skipped
[4.531s] -- Detecting C compile features
[4.538s] -- Detecting C compile features - done
[4.588s] -- Detecting CXX compiler ABI info
[5.808s] -- Detecting CXX compiler ABI info - done
[5.896s] -- Check for working CXX compiler: /usr/bin/c++ - skipped
[5.898s] -- Detecting CXX compile features
[5.904s] -- Detecting CXX compile features - done
[6.055s] -- Found ament_cmake: 1.3.12 (/opt/ros/humble/share/ament_cmake/cmake)
[8.897s] -- Found Python3: /usr/bin/python3 (found version "3.10.12") found components: Interpreter 
[9.334s] -- Override CMake install command with custom implementation using symlinks instead of copying resources
[10.465s] [31mCMake Error at CMakeLists.txt:23 (find_package):
[10.466s]   By not providing "Findgazebo.cmake" in CMAKE_MODULE_PATH this project has
[10.467s]   asked CMake to find a package configuration file provided by "gazebo", but
[10.468s]   CMake did not find one.
[10.469s] 
[10.470s]   Could not find a package configuration file provided by "gazebo" with any
[10.471s]   of the following names:
[10.472s] 
[10.474s]     gazeboConfig.cmake
[10.475s]     gazebo-config.cmake
[10.475s] 
[10.476s]   Add the installation prefix of "gazebo" to CMAKE_PREFIX_PATH or set
[10.484s]   "gazebo_DIR" to a directory containing one of the above files.  If "gazebo"
[10.505s]   provides a separate development package or SDK, be sure it has been
[10.505s]   installed.
[10.506s] 
[10.507s] [0m
[10.508s] -- Configuring incomplete, errors occurred!
[10.508s] See also "/home/ubuntu/ros2_ws/build/turtlebot3_gazebo/CMakeFiles/CMakeOutput.log".
[10.509s] Invoked command in '/home/ubuntu/ros2_ws/build/turtlebot3_gazebo' returned '1': CMAKE_PREFIX_PATH=${CMAKE_PREFIX_PATH}:/home/ubuntu/turtlebot3_ws/install/turtlebot3_teleop:/opt/ros/humble /usr/bin/cmake /home/ubuntu/ros2_ws/src/turtlebot3/src/turtlebot3_simulations/turtlebot3_gazebo -DAMENT_CMAKE_SYMLINK_INSTALL=1 -DCMAKE_INSTALL_PREFIX=/home/ubuntu/ros2_ws/install/turtlebot3_gazebo
