[0.060s] Invoking command in '/home/ubuntu/ros2_ws/build/uart_bridge_cpp': CMAKE_PREFIX_PATH=${CMAKE_PREFIX_PATH}:/home/ubuntu/turtlebot3_ws/install/turtlebot3_teleop:/opt/ros/humble /usr/bin/cmake --build /home/ubuntu/ros2_ws/build/uart_bridge_cpp -- -j4 -l4
[0.264s] [35m[1mConsolidate compiler generated dependencies of target uart_bridge_node[0m
[0.265s] [35m[1mConsolidate compiler generated dependencies of target uart_bridge_ama1_node[0m
[0.364s] [ 50%] Built target uart_bridge_node
[0.366s] [100%] Built target uart_bridge_ama1_node
[0.411s] Invoked command in '/home/ubuntu/ros2_ws/build/uart_bridge_cpp' returned '0': CMAKE_PREFIX_PATH=${CMAKE_PREFIX_PATH}:/home/ubuntu/turtlebot3_ws/install/turtlebot3_teleop:/opt/ros/humble /usr/bin/cmake --build /home/ubuntu/ros2_ws/build/uart_bridge_cpp -- -j4 -l4
[0.458s] Invoking command in '/home/ubuntu/ros2_ws/build/uart_bridge_cpp': CMAKE_PREFIX_PATH=${CMAKE_PREFIX_PATH}:/home/ubuntu/turtlebot3_ws/install/turtlebot3_teleop:/opt/ros/humble /usr/bin/cmake --install /home/ubuntu/ros2_ws/build/uart_bridge_cpp
[0.491s] -- Install configuration: ""
[0.492s] -- Execute custom install script
[0.494s] -- Up-to-date symlink: /home/ubuntu/ros2_ws/install/uart_bridge_cpp/lib/uart_bridge_cpp/uart_bridge_node
[0.495s] -- Up-to-date symlink: /home/ubuntu/ros2_ws/install/uart_bridge_cpp/lib/uart_bridge_cpp/uart_bridge_ama1_node
[0.497s] -- Up-to-date symlink: /home/ubuntu/ros2_ws/install/uart_bridge_cpp/share/uart_bridge_cpp/launch/multi_uart.launch.py
[0.497s] -- Up-to-date symlink: /home/ubuntu/ros2_ws/install/uart_bridge_cpp/share/uart_bridge_cpp/launch/uart_bridge.launch.py
[0.498s] -- Symlinking: /home/ubuntu/ros2_ws/install/uart_bridge_cpp/share/uart_bridge_cpp/launch/uart_bridge_ama1.launch.py
[0.536s] -- Up-to-date symlink: /home/ubuntu/ros2_ws/install/uart_bridge_cpp/share/ament_index/resource_index/package_run_dependencies/uart_bridge_cpp
[0.537s] -- Up-to-date symlink: /home/ubuntu/ros2_ws/install/uart_bridge_cpp/share/ament_index/resource_index/parent_prefix_path/uart_bridge_cpp
[0.538s] -- Up-to-date symlink: /home/ubuntu/ros2_ws/install/uart_bridge_cpp/share/uart_bridge_cpp/environment/ament_prefix_path.sh
[0.539s] -- Up-to-date symlink: /home/ubuntu/ros2_ws/install/uart_bridge_cpp/share/uart_bridge_cpp/environment/ament_prefix_path.dsv
[0.540s] -- Up-to-date symlink: /home/ubuntu/ros2_ws/install/uart_bridge_cpp/share/uart_bridge_cpp/environment/path.sh
[0.541s] -- Up-to-date symlink: /home/ubuntu/ros2_ws/install/uart_bridge_cpp/share/uart_bridge_cpp/environment/path.dsv
[0.542s] -- Up-to-date symlink: /home/ubuntu/ros2_ws/install/uart_bridge_cpp/share/uart_bridge_cpp/local_setup.bash
[0.543s] -- Up-to-date symlink: /home/ubuntu/ros2_ws/install/uart_bridge_cpp/share/uart_bridge_cpp/local_setup.sh
[0.544s] -- Up-to-date symlink: /home/ubuntu/ros2_ws/install/uart_bridge_cpp/share/uart_bridge_cpp/local_setup.zsh
[0.545s] -- Up-to-date symlink: /home/ubuntu/ros2_ws/install/uart_bridge_cpp/share/uart_bridge_cpp/local_setup.dsv
[0.546s] -- Symlinking: /home/ubuntu/ros2_ws/install/uart_bridge_cpp/share/uart_bridge_cpp/package.dsv
[0.583s] -- Up-to-date symlink: /home/ubuntu/ros2_ws/install/uart_bridge_cpp/share/ament_index/resource_index/packages/uart_bridge_cpp
[0.584s] -- Up-to-date symlink: /home/ubuntu/ros2_ws/install/uart_bridge_cpp/share/uart_bridge_cpp/cmake/uart_bridge_cppConfig.cmake
[0.584s] -- Up-to-date symlink: /home/ubuntu/ros2_ws/install/uart_bridge_cpp/share/uart_bridge_cpp/cmake/uart_bridge_cppConfig-version.cmake
[0.585s] -- Up-to-date symlink: /home/ubuntu/ros2_ws/install/uart_bridge_cpp/share/uart_bridge_cpp/package.xml
[0.591s] Invoked command in '/home/ubuntu/ros2_ws/build/uart_bridge_cpp' returned '0': CMAKE_PREFIX_PATH=${CMAKE_PREFIX_PATH}:/home/ubuntu/turtlebot3_ws/install/turtlebot3_teleop:/opt/ros/humble /usr/bin/cmake --install /home/ubuntu/ros2_ws/build/uart_bridge_cpp
