[0.092s] Invoking command in '/home/ubuntu/ros2_ws/build/socket_server_pkg': CMAKE_PREFIX_PATH=${CMAKE_PREFIX_PATH}:/home/ubuntu/turtlebot3_ws/install/turtlebot3_teleop:/home/ubuntu/turtlebot3_ws/install/turtlebot3_example:/opt/ros/humble /usr/bin/cmake /home/ubuntu/ros2_ws/src/socket_server_pkg -DCMAKE_INSTALL_PREFIX=/home/ubuntu/ros2_ws/install/socket_server_pkg
[1.270s] -- The C compiler identification is GNU 11.4.0
[1.982s] -- The CXX compiler identification is GNU 11.4.0
[2.034s] -- Detecting C compiler ABI info
[2.414s] -- Detecting C compiler ABI info - done
[2.439s] -- Check for working C compiler: /usr/bin/cc - skipped
[2.444s] -- Detecting C compile features
[2.447s] -- Detecting C compile features - done
[2.463s] -- Detecting CXX compiler ABI info
[2.835s] -- Detecting CXX compiler ABI info - done
[2.861s] -- Check for working CXX compiler: /usr/bin/c++ - skipped
[2.862s] -- Detecting CXX compile features
[2.864s] -- Detecting CXX compile features - done
[2.916s] -- Found ament_cmake: 1.3.12 (/opt/ros/humble/share/ament_cmake/cmake)
[3.786s] -- Found Python3: /usr/bin/python3 (found version "3.10.12") found components: Interpreter 
[4.589s] -- Found rclcpp: 16.0.15 (/opt/ros/humble/share/rclcpp/cmake)
[5.089s] -- Found rosidl_generator_c: 3.1.7 (/opt/ros/humble/share/rosidl_generator_c/cmake)
[5.158s] -- Found rosidl_adapter: 3.1.7 (/opt/ros/humble/share/rosidl_adapter/cmake)
[5.257s] -- Found rosidl_generator_cpp: 3.1.7 (/opt/ros/humble/share/rosidl_generator_cpp/cmake)
[5.377s] -- Using all available rosidl_typesupport_c: rosidl_typesupport_fastrtps_c;rosidl_typesupport_introspection_c
[5.536s] -- Using all available rosidl_typesupport_cpp: rosidl_typesupport_fastrtps_cpp;rosidl_typesupport_introspection_cpp
[5.996s] -- Found rmw_implementation_cmake: 6.1.2 (/opt/ros/humble/share/rmw_implementation_cmake/cmake)
[6.034s] -- Found rmw_fastrtps_cpp: 6.2.8 (/opt/ros/humble/share/rmw_fastrtps_cpp/cmake)
[6.613s] -- Found OpenSSL: /usr/lib/aarch64-linux-gnu/libcrypto.so (found version "3.0.2")  
[6.753s] -- Found FastRTPS: /opt/ros/humble/include  
[6.973s] -- Using RMW implementation 'rmw_fastrtps_cpp' as default
[7.085s] -- Looking for pthread.h
[7.458s] -- Looking for pthread.h - found
[7.460s] -- Performing Test CMAKE_HAVE_LIBC_PTHREAD
[7.806s] -- Performing Test CMAKE_HAVE_LIBC_PTHREAD - Success
[7.810s] -- Found Threads: TRUE  
[8.529s] -- Configuring done
[8.587s] -- Generating done
[8.610s] -- Build files have been written to: /home/ubuntu/ros2_ws/build/socket_server_pkg
[8.640s] Invoked command in '/home/ubuntu/ros2_ws/build/socket_server_pkg' returned '0': CMAKE_PREFIX_PATH=${CMAKE_PREFIX_PATH}:/home/ubuntu/turtlebot3_ws/install/turtlebot3_teleop:/home/ubuntu/turtlebot3_ws/install/turtlebot3_example:/opt/ros/humble /usr/bin/cmake /home/ubuntu/ros2_ws/src/socket_server_pkg -DCMAKE_INSTALL_PREFIX=/home/ubuntu/ros2_ws/install/socket_server_pkg
[8.650s] Invoking command in '/home/ubuntu/ros2_ws/build/socket_server_pkg': CMAKE_PREFIX_PATH=${CMAKE_PREFIX_PATH}:/home/ubuntu/turtlebot3_ws/install/turtlebot3_teleop:/home/ubuntu/turtlebot3_ws/install/turtlebot3_example:/opt/ros/humble /usr/bin/cmake --build /home/ubuntu/ros2_ws/build/socket_server_pkg -- -j4 -l4
[8.856s] [ 50%] [32mBuilding CXX object CMakeFiles/socket_server_node.dir/src/socket_server_node.cpp.o[0m
[43.792s] [100%] [32m[1mLinking CXX executable socket_server_node[0m
[45.688s] [100%] Built target socket_server_node
[45.727s] Invoked command in '/home/ubuntu/ros2_ws/build/socket_server_pkg' returned '0': CMAKE_PREFIX_PATH=${CMAKE_PREFIX_PATH}:/home/ubuntu/turtlebot3_ws/install/turtlebot3_teleop:/home/ubuntu/turtlebot3_ws/install/turtlebot3_example:/opt/ros/humble /usr/bin/cmake --build /home/ubuntu/ros2_ws/build/socket_server_pkg -- -j4 -l4
[45.771s] Invoking command in '/home/ubuntu/ros2_ws/build/socket_server_pkg': CMAKE_PREFIX_PATH=${CMAKE_PREFIX_PATH}:/home/ubuntu/turtlebot3_ws/install/turtlebot3_teleop:/home/ubuntu/turtlebot3_ws/install/turtlebot3_example:/opt/ros/humble /usr/bin/cmake --install /home/ubuntu/ros2_ws/build/socket_server_pkg
[45.798s] -- Install configuration: ""
[45.799s] -- Installing: /home/ubuntu/ros2_ws/install/socket_server_pkg/lib/socket_server_pkg/socket_server_node
[45.827s] -- Set runtime path of "/home/ubuntu/ros2_ws/install/socket_server_pkg/lib/socket_server_pkg/socket_server_node" to ""
[45.828s] -- Installing: /home/ubuntu/ros2_ws/install/socket_server_pkg/include
[45.828s] -- Installing: /home/ubuntu/ros2_ws/install/socket_server_pkg/include/socket_server_pkg
[45.828s] -- Installing: /home/ubuntu/ros2_ws/install/socket_server_pkg/include/socket_server_pkg/socket_server_node.hpp
[45.830s] -- Installing: /home/ubuntu/ros2_ws/install/socket_server_pkg/share/socket_server_pkg/launch
[45.830s] -- Installing: /home/ubuntu/ros2_ws/install/socket_server_pkg/share/socket_server_pkg/launch/socket_server.launch.py
[45.832s] -- Installing: /home/ubuntu/ros2_ws/install/socket_server_pkg/share/ament_index/resource_index/package_run_dependencies/socket_server_pkg
[45.834s] -- Installing: /home/ubuntu/ros2_ws/install/socket_server_pkg/share/ament_index/resource_index/parent_prefix_path/socket_server_pkg
[45.835s] -- Installing: /home/ubuntu/ros2_ws/install/socket_server_pkg/share/socket_server_pkg/environment/ament_prefix_path.sh
[45.836s] -- Installing: /home/ubuntu/ros2_ws/install/socket_server_pkg/share/socket_server_pkg/environment/ament_prefix_path.dsv
[45.838s] -- Installing: /home/ubuntu/ros2_ws/install/socket_server_pkg/share/socket_server_pkg/environment/path.sh
[45.839s] -- Installing: /home/ubuntu/ros2_ws/install/socket_server_pkg/share/socket_server_pkg/environment/path.dsv
[45.840s] -- Installing: /home/ubuntu/ros2_ws/install/socket_server_pkg/share/socket_server_pkg/local_setup.bash
[45.841s] -- Installing: /home/ubuntu/ros2_ws/install/socket_server_pkg/share/socket_server_pkg/local_setup.sh
[45.842s] -- Installing: /home/ubuntu/ros2_ws/install/socket_server_pkg/share/socket_server_pkg/local_setup.zsh
[45.843s] -- Installing: /home/ubuntu/ros2_ws/install/socket_server_pkg/share/socket_server_pkg/local_setup.dsv
[45.844s] -- Installing: /home/ubuntu/ros2_ws/install/socket_server_pkg/share/socket_server_pkg/package.dsv
[45.846s] -- Installing: /home/ubuntu/ros2_ws/install/socket_server_pkg/share/ament_index/resource_index/packages/socket_server_pkg
[45.847s] -- Installing: /home/ubuntu/ros2_ws/install/socket_server_pkg/share/socket_server_pkg/cmake/socket_server_pkgConfig.cmake
[45.848s] -- Installing: /home/ubuntu/ros2_ws/install/socket_server_pkg/share/socket_server_pkg/cmake/socket_server_pkgConfig-version.cmake
[45.850s] -- Installing: /home/ubuntu/ros2_ws/install/socket_server_pkg/share/socket_server_pkg/package.xml
[45.856s] Invoked command in '/home/ubuntu/ros2_ws/build/socket_server_pkg' returned '0': CMAKE_PREFIX_PATH=${CMAKE_PREFIX_PATH}:/home/ubuntu/turtlebot3_ws/install/turtlebot3_teleop:/home/ubuntu/turtlebot3_ws/install/turtlebot3_example:/opt/ros/humble /usr/bin/cmake --install /home/ubuntu/ros2_ws/build/socket_server_pkg
