-- Found ament_cmake: 1.3.12 (/opt/ros/humble/share/ament_cmake/cmake)
-- Override CMake install command with custom implementation using symlinks instead of copying resources
-- Found rclcpp: 16.0.15 (/opt/ros/humble/share/rclcpp/cmake)
-- Found rosidl_generator_c: 3.1.7 (/opt/ros/humble/share/rosidl_generator_c/cmake)
-- Found rosidl_adapter: 3.1.7 (/opt/ros/humble/share/rosidl_adapter/cmake)
-- Found rosidl_generator_cpp: 3.1.7 (/opt/ros/humble/share/rosidl_generator_cpp/cmake)
-- Using all available rosidl_typesupport_c: rosidl_typesupport_fastrtps_c;rosidl_typesupport_introspection_c
-- Using all available rosidl_typesupport_cpp: rosidl_typesupport_fastrtps_cpp;rosidl_typesupport_introspection_cpp
-- Found rmw_implementation_cmake: 6.1.2 (/opt/ros/humble/share/rmw_implementation_cmake/cmake)
-- Found rmw_fastrtps_cpp: 6.2.8 (/opt/ros/humble/share/rmw_fastrtps_cpp/cmake)
-- Using RMW implementation 'rmw_fastrtps_cpp' as default
-- Found geometry_msgs: 4.9.0 (/opt/ros/humble/share/geometry_msgs/cmake)
-- Configuring done
-- Generating done
-- Build files have been written to: /home/ubuntu/ros2_ws/build/uart_bridge
[35m[1mConsolidate compiler generated dependencies of target uart_bridge_tx[0m
[35m[1mConsolidate compiler generated dependencies of target uart_bridge_rx[0m
[ 50%] [32mBuilding CXX object CMakeFiles/uart_bridge_tx.dir/src/uart_bridge_tx.cpp.o[0m
[ 50%] [32mBuilding CXX object CMakeFiles/uart_bridge_rx.dir/src/uart_bridge_rx.cpp.o[0m
[ 75%] [32m[1mLinking CXX executable uart_bridge_rx[0m
[ 75%] Built target uart_bridge_rx
[100%] [32m[1mLinking CXX executable uart_bridge_tx[0m
[100%] Built target uart_bridge_tx
-- Install configuration: ""
-- Execute custom install script
-- Up-to-date symlink: /home/ubuntu/ros2_ws/install/uart_bridge/lib/uart_bridge/uart_bridge_tx
-- Up-to-date symlink: /home/ubuntu/ros2_ws/install/uart_bridge/lib/uart_bridge/uart_bridge_rx
-- Up-to-date symlink: /home/ubuntu/ros2_ws/install/uart_bridge/share/uart_bridge//launch/uart_bridge.launch.py
-- Up-to-date symlink: /home/ubuntu/ros2_ws/install/uart_bridge/share/ament_index/resource_index/package_run_dependencies/uart_bridge
-- Up-to-date symlink: /home/ubuntu/ros2_ws/install/uart_bridge/share/ament_index/resource_index/parent_prefix_path/uart_bridge
-- Up-to-date symlink: /home/ubuntu/ros2_ws/install/uart_bridge/share/uart_bridge/environment/ament_prefix_path.sh
-- Up-to-date symlink: /home/ubuntu/ros2_ws/install/uart_bridge/share/uart_bridge/environment/ament_prefix_path.dsv
-- Up-to-date symlink: /home/ubuntu/ros2_ws/install/uart_bridge/share/uart_bridge/environment/path.sh
-- Up-to-date symlink: /home/ubuntu/ros2_ws/install/uart_bridge/share/uart_bridge/environment/path.dsv
-- Up-to-date symlink: /home/ubuntu/ros2_ws/install/uart_bridge/share/uart_bridge/local_setup.bash
-- Up-to-date symlink: /home/ubuntu/ros2_ws/install/uart_bridge/share/uart_bridge/local_setup.sh
-- Up-to-date symlink: /home/ubuntu/ros2_ws/install/uart_bridge/share/uart_bridge/local_setup.zsh
-- Up-to-date symlink: /home/ubuntu/ros2_ws/install/uart_bridge/share/uart_bridge/local_setup.dsv
-- Symlinking: /home/ubuntu/ros2_ws/install/uart_bridge/share/uart_bridge/package.dsv
-- Up-to-date symlink: /home/ubuntu/ros2_ws/install/uart_bridge/share/ament_index/resource_index/packages/uart_bridge
-- Up-to-date symlink: /home/ubuntu/ros2_ws/install/uart_bridge/share/uart_bridge/cmake/uart_bridgeConfig.cmake
-- Up-to-date symlink: /home/ubuntu/ros2_ws/install/uart_bridge/share/uart_bridge/cmake/uart_bridgeConfig-version.cmake
-- Up-to-date symlink: /home/ubuntu/ros2_ws/install/uart_bridge/share/uart_bridge/package.xml
