[0.066s] Invoking command in '/home/ubuntu/ros2_ws/build/uart_bridge': CMAKE_PREFIX_PATH=${CMAKE_PREFIX_PATH}:/opt/ros/humble /usr/bin/cmake --build /home/ubuntu/ros2_ws/build/uart_bridge -- -j4 -l4
[0.188s] -- Found ament_cmake: 1.3.12 (/opt/ros/humble/share/ament_cmake/cmake)
[0.806s] -- Override CMake install command with custom implementation using symlinks instead of copying resources
[0.884s] -- Found rclcpp: 16.0.15 (/opt/ros/humble/share/rclcpp/cmake)
[1.116s] -- Found rosidl_generator_c: 3.1.7 (/opt/ros/humble/share/rosidl_generator_c/cmake)
[1.134s] -- Found rosidl_adapter: 3.1.7 (/opt/ros/humble/share/rosidl_adapter/cmake)
[1.177s] -- Found rosidl_generator_cpp: 3.1.7 (/opt/ros/humble/share/rosidl_generator_cpp/cmake)
[1.235s] -- Using all available rosidl_typesupport_c: rosidl_typesupport_fastrtps_c;rosidl_typesupport_introspection_c
[1.313s] -- Using all available rosidl_typesupport_cpp: rosidl_typesupport_fastrtps_cpp;rosidl_typesupport_introspection_cpp
[1.505s] -- Found rmw_implementation_cmake: 6.1.2 (/opt/ros/humble/share/rmw_implementation_cmake/cmake)
[1.517s] -- Found rmw_fastrtps_cpp: 6.2.8 (/opt/ros/humble/share/rmw_fastrtps_cpp/cmake)
[2.490s] -- Using RMW implementation 'rmw_fastrtps_cpp' as default
[2.772s] -- Found geometry_msgs: 4.9.0 (/opt/ros/humble/share/geometry_msgs/cmake)
[3.151s] -- Configuring done
[3.238s] -- Generating done
[3.260s] -- Build files have been written to: /home/ubuntu/ros2_ws/build/uart_bridge
[3.366s] [35m[1mConsolidate compiler generated dependencies of target uart_bridge_tx[0m
[3.367s] [35m[1mConsolidate compiler generated dependencies of target uart_bridge_rx[0m
[3.459s] [ 50%] [32mBuilding CXX object CMakeFiles/uart_bridge_tx.dir/src/uart_bridge_tx.cpp.o[0m
[3.460s] [ 50%] [32mBuilding CXX object CMakeFiles/uart_bridge_rx.dir/src/uart_bridge_rx.cpp.o[0m
[24.413s] [ 75%] [32m[1mLinking CXX executable uart_bridge_rx[0m
[25.535s] [ 75%] Built target uart_bridge_rx
[38.571s] [100%] [32m[1mLinking CXX executable uart_bridge_tx[0m
[40.368s] [100%] Built target uart_bridge_tx
[40.404s] Invoked command in '/home/ubuntu/ros2_ws/build/uart_bridge' returned '0': CMAKE_PREFIX_PATH=${CMAKE_PREFIX_PATH}:/opt/ros/humble /usr/bin/cmake --build /home/ubuntu/ros2_ws/build/uart_bridge -- -j4 -l4
[40.412s] Invoking command in '/home/ubuntu/ros2_ws/build/uart_bridge': CMAKE_PREFIX_PATH=${CMAKE_PREFIX_PATH}:/opt/ros/humble /usr/bin/cmake --install /home/ubuntu/ros2_ws/build/uart_bridge
[40.439s] -- Install configuration: ""
[40.441s] -- Execute custom install script
[40.442s] -- Up-to-date symlink: /home/ubuntu/ros2_ws/install/uart_bridge/lib/uart_bridge/uart_bridge_tx
[40.443s] -- Up-to-date symlink: /home/ubuntu/ros2_ws/install/uart_bridge/lib/uart_bridge/uart_bridge_rx
[40.445s] -- Up-to-date symlink: /home/ubuntu/ros2_ws/install/uart_bridge/share/uart_bridge//launch/uart_bridge.launch.py
[40.446s] -- Up-to-date symlink: /home/ubuntu/ros2_ws/install/uart_bridge/share/ament_index/resource_index/package_run_dependencies/uart_bridge
[40.447s] -- Up-to-date symlink: /home/ubuntu/ros2_ws/install/uart_bridge/share/ament_index/resource_index/parent_prefix_path/uart_bridge
[40.448s] -- Up-to-date symlink: /home/ubuntu/ros2_ws/install/uart_bridge/share/uart_bridge/environment/ament_prefix_path.sh
[40.449s] -- Up-to-date symlink: /home/ubuntu/ros2_ws/install/uart_bridge/share/uart_bridge/environment/ament_prefix_path.dsv
[40.449s] -- Up-to-date symlink: /home/ubuntu/ros2_ws/install/uart_bridge/share/uart_bridge/environment/path.sh
[40.450s] -- Up-to-date symlink: /home/ubuntu/ros2_ws/install/uart_bridge/share/uart_bridge/environment/path.dsv
[40.451s] -- Up-to-date symlink: /home/ubuntu/ros2_ws/install/uart_bridge/share/uart_bridge/local_setup.bash
[40.452s] -- Up-to-date symlink: /home/ubuntu/ros2_ws/install/uart_bridge/share/uart_bridge/local_setup.sh
[40.453s] -- Up-to-date symlink: /home/ubuntu/ros2_ws/install/uart_bridge/share/uart_bridge/local_setup.zsh
[40.453s] -- Up-to-date symlink: /home/ubuntu/ros2_ws/install/uart_bridge/share/uart_bridge/local_setup.dsv
[40.454s] -- Symlinking: /home/ubuntu/ros2_ws/install/uart_bridge/share/uart_bridge/package.dsv
[40.486s] -- Up-to-date symlink: /home/ubuntu/ros2_ws/install/uart_bridge/share/ament_index/resource_index/packages/uart_bridge
[40.486s] -- Up-to-date symlink: /home/ubuntu/ros2_ws/install/uart_bridge/share/uart_bridge/cmake/uart_bridgeConfig.cmake
[40.487s] -- Up-to-date symlink: /home/ubuntu/ros2_ws/install/uart_bridge/share/uart_bridge/cmake/uart_bridgeConfig-version.cmake
[40.488s] -- Up-to-date symlink: /home/ubuntu/ros2_ws/install/uart_bridge/share/uart_bridge/package.xml
[40.496s] Invoked command in '/home/ubuntu/ros2_ws/build/uart_bridge' returned '0': CMAKE_PREFIX_PATH=${CMAKE_PREFIX_PATH}:/opt/ros/humble /usr/bin/cmake --install /home/ubuntu/ros2_ws/build/uart_bridge
