-- The C compiler identification is GNU 11.4.0
-- The CXX compiler identification is GNU 11.4.0
-- Detecting C compiler ABI info
-- Detecting C compiler ABI info - done
-- Check for working C compiler: /usr/bin/cc - skipped
-- Detecting C compile features
-- Detecting C compile features - done
-- Detecting CXX compiler ABI info
-- Detecting CXX compiler ABI info - done
-- Check for working CXX compiler: /usr/bin/c++ - skipped
-- Detecting CXX compile features
-- Detecting CXX compile features - done
-- Found ament_cmake: 1.3.12 (/opt/ros/humble/share/ament_cmake/cmake)
-- Found Python3: /usr/bin/python3 (found version "3.10.12") found components: Interpreter 
-- Override CMake install command with custom implementation using symlinks instead of copying resources
-- Found rclcpp: 16.0.15 (/opt/ros/humble/share/rclcpp/cmake)
-- Found rosidl_generator_c: 3.1.7 (/opt/ros/humble/share/rosidl_generator_c/cmake)
-- Found rosidl_adapter: 3.1.7 (/opt/ros/humble/share/rosidl_adapter/cmake)
-- Found rosidl_generator_cpp: 3.1.7 (/opt/ros/humble/share/rosidl_generator_cpp/cmake)
-- Using all available rosidl_typesupport_c: rosidl_typesupport_fastrtps_c;rosidl_typesupport_introspection_c
-- Using all available rosidl_typesupport_cpp: rosidl_typesupport_fastrtps_cpp;rosidl_typesupport_introspection_cpp
-- Found rmw_implementation_cmake: 6.1.2 (/opt/ros/humble/share/rmw_implementation_cmake/cmake)
-- Found rmw_fastrtps_cpp: 6.2.8 (/opt/ros/humble/share/rmw_fastrtps_cpp/cmake)
-- Found OpenSSL: /usr/lib/aarch64-linux-gnu/libcrypto.so (found version "3.0.2")  
-- Found FastRTPS: /opt/ros/humble/include  
-- Using RMW implementation 'rmw_fastrtps_cpp' as default
-- Looking for pthread.h
-- Looking for pthread.h - found
-- Performing Test CMAKE_HAVE_LIBC_PTHREAD
-- Performing Test CMAKE_HAVE_LIBC_PTHREAD - Success
-- Found Threads: TRUE  
-- Found rosidl_default_generators: 1.2.0 (/opt/ros/humble/share/rosidl_default_generators/cmake)
-- Found ament_cmake_ros: 0.10.0 (/opt/ros/humble/share/ament_cmake_ros/cmake)
-- Using all available rosidl_typesupport_c: rosidl_typesupport_fastrtps_c;rosidl_typesupport_introspection_c
-- Using all available rosidl_typesupport_cpp: rosidl_typesupport_fastrtps_cpp;rosidl_typesupport_introspection_cpp
-- Found PythonInterp: /usr/bin/python3 (found suitable version "3.10.12", minimum required is "3.6") 
-- Found python_cmake_module: 0.10.0 (/opt/ros/humble/share/python_cmake_module/cmake)
-- Found PythonLibs: /usr/lib/aarch64-linux-gnu/libpython3.10.so (found suitable version "3.10.12", minimum required is "3.5") 
-- Using PYTHON_EXECUTABLE: /usr/bin/python3
-- Using PYTHON_INCLUDE_DIRS: /usr/include/python3.10
-- Using PYTHON_LIBRARIES: /usr/lib/aarch64-linux-gnu/libpython3.10.so
-- Found PythonExtra: .so  
[0mCMake Deprecation Warning at /opt/ros/humble/share/rosidl_cmake/cmake/rosidl_target_interfaces.cmake:32 (message):
  Use rosidl_get_typesupport_target() and target_link_libraries() instead of
  rosidl_target_interfaces()
Call Stack (most recent call first):
  CMakeLists.txt:26 (rosidl_target_interfaces)

[0m
[0mCMake Deprecation Warning at /opt/ros/humble/share/rosidl_cmake/cmake/rosidl_target_interfaces.cmake:32 (message):
  Use rosidl_get_typesupport_target() and target_link_libraries() instead of
  rosidl_target_interfaces()
Call Stack (most recent call first):
  CMakeLists.txt:27 (rosidl_target_interfaces)

[0m
-- Configuring done
-- Generating done
-- Build files have been written to: /home/ubuntu/turtlebot3_ws/build/ros_tutorials_topic
[  2%] [34m[1mGenerating C++ code for ROS interfaces[0m
[  2%] Built target ros_tutorials_topic__cpp
[  2%] Built target ament_cmake_python_symlink_ros_tutorials_topic
[  5%] [34m[1mGenerating C++ type support for eProsima Fast-RTPS[0m
[  8%] [32mBuilding CXX object CMakeFiles/ros_tutorials_topic__rosidl_typesupport_fastrtps_cpp.dir/rosidl_typesupport_fastrtps_cpp/ros_tutorials_topic/msg/detail/dds_fastrtps/msg_tutorial__type_support.cpp.o[0m
[ 11%] [32m[1mLinking CXX shared library libros_tutorials_topic__rosidl_typesupport_fastrtps_cpp.so[0m
[ 11%] Built target ros_tutorials_topic__rosidl_typesupport_fastrtps_cpp
[ 14%] [34m[1mGenerating C++ introspection for ROS interfaces[0m
[ 17%] [32mBuilding CXX object CMakeFiles/ros_tutorials_topic__rosidl_typesupport_introspection_cpp.dir/rosidl_typesupport_introspection_cpp/ros_tutorials_topic/msg/detail/msg_tutorial__type_support.cpp.o[0m
[ 20%] [32m[1mLinking CXX shared library libros_tutorials_topic__rosidl_typesupport_introspection_cpp.so[0m
[ 20%] Built target ros_tutorials_topic__rosidl_typesupport_introspection_cpp
running egg_info
creating ros_tutorials_topic.egg-info
writing ros_tutorials_topic.egg-info/PKG-INFO
writing dependency_links to ros_tutorials_topic.egg-info/dependency_links.txt
writing top-level names to ros_tutorials_topic.egg-info/top_level.txt
writing manifest file 'ros_tutorials_topic.egg-info/SOURCES.txt'
reading manifest file 'ros_tutorials_topic.egg-info/SOURCES.txt'
writing manifest file 'ros_tutorials_topic.egg-info/SOURCES.txt'
[ 20%] Built target ament_cmake_python_build_ros_tutorials_topic_egg
[ 22%] [34m[1mGenerating C++ type support dispatch for ROS interfaces[0m
[ 25%] [32mBuilding CXX object CMakeFiles/ros_tutorials_topic__rosidl_typesupport_cpp.dir/rosidl_typesupport_cpp/ros_tutorials_topic/msg/msg_tutorial__type_support.cpp.o[0m
[ 28%] [32m[1mLinking CXX shared library libros_tutorials_topic__rosidl_typesupport_cpp.so[0m
[ 28%] Built target ros_tutorials_topic__rosidl_typesupport_cpp
[ 31%] [34m[1mGenerating C code for ROS interfaces[0m
[ 34%] [32mBuilding C object CMakeFiles/ros_tutorials_topic__rosidl_generator_c.dir/rosidl_generator_c/ros_tutorials_topic/msg/detail/msg_tutorial__functions.c.o[0m
[ 37%] [32m[1mLinking C shared library libros_tutorials_topic__rosidl_generator_c.so[0m
[ 37%] Built target ros_tutorials_topic__rosidl_generator_c
[ 40%] [34m[1mGenerating C type support for eProsima Fast-RTPS[0m
[ 42%] [32mBuilding CXX object CMakeFiles/ros_tutorials_topic__rosidl_typesupport_fastrtps_c.dir/rosidl_typesupport_fastrtps_c/ros_tutorials_topic/msg/detail/msg_tutorial__type_support_c.cpp.o[0m
[ 45%] [32m[1mLinking CXX shared library libros_tutorials_topic__rosidl_typesupport_fastrtps_c.so[0m
[ 45%] Built target ros_tutorials_topic__rosidl_typesupport_fastrtps_c
[ 48%] [34m[1mGenerating C type support dispatch for ROS interfaces[0m
[ 51%] [32mBuilding CXX object CMakeFiles/ros_tutorials_topic__rosidl_typesupport_c.dir/rosidl_typesupport_c/ros_tutorials_topic/msg/msg_tutorial__type_support.cpp.o[0m
[ 54%] [32m[1mLinking CXX shared library libros_tutorials_topic__rosidl_typesupport_c.so[0m
[ 54%] Built target ros_tutorials_topic__rosidl_typesupport_c
[ 57%] [34m[1mGenerating C introspection for ROS interfaces[0m
[ 60%] [32mBuilding C object CMakeFiles/ros_tutorials_topic__rosidl_typesupport_introspection_c.dir/rosidl_typesupport_introspection_c/ros_tutorials_topic/msg/detail/msg_tutorial__type_support.c.o[0m
[ 62%] [32m[1mLinking C shared library libros_tutorials_topic__rosidl_typesupport_introspection_c.so[0m
[ 62%] Built target ros_tutorials_topic__rosidl_typesupport_introspection_c
[ 62%] Built target ros_tutorials_topic
[ 65%] [34m[1mGenerating Python code for ROS interfaces[0m
[ 65%] Built target ros_tutorials_topic__py
[ 68%] [32mBuilding CXX object CMakeFiles/topic_subscriber.dir/src/topic_subscriber.cpp.o[0m
[ 71%] [32m[1mLinking CXX executable topic_subscriber[0m
[ 71%] Built target topic_subscriber
[ 74%] [32mBuilding C object CMakeFiles/ros_tutorials_topic__rosidl_generator_py.dir/rosidl_generator_py/ros_tutorials_topic/msg/_msg_tutorial_s.c.o[0m
[ 77%] [32m[1mLinking C shared library rosidl_generator_py/ros_tutorials_topic/libros_tutorials_topic__rosidl_generator_py.so[0m
[ 77%] Built target ros_tutorials_topic__rosidl_generator_py
[ 80%] [32mBuilding CXX object CMakeFiles/topic_publisher.dir/src/topic_publisher.cpp.o[0m
[ 82%] [32m[1mLinking CXX executable topic_publisher[0m
[ 82%] Built target topic_publisher
[ 85%] [32mBuilding C object CMakeFiles/ros_tutorials_topic__rosidl_typesupport_c__pyext.dir/rosidl_generator_py/ros_tutorials_topic/_ros_tutorials_topic_s.ep.rosidl_typesupport_c.c.o[0m
[ 88%] [32m[1mLinking C shared library rosidl_generator_py/ros_tutorials_topic/ros_tutorials_topic_s__rosidl_typesupport_c.cpython-310-aarch64-linux-gnu.so[0m
[ 88%] Built target ros_tutorials_topic__rosidl_typesupport_c__pyext
[ 91%] [32mBuilding C object CMakeFiles/ros_tutorials_topic__rosidl_typesupport_introspection_c__pyext.dir/rosidl_generator_py/ros_tutorials_topic/_ros_tutorials_topic_s.ep.rosidl_typesupport_introspection_c.c.o[0m
[ 94%] [32m[1mLinking C shared library rosidl_generator_py/ros_tutorials_topic/ros_tutorials_topic_s__rosidl_typesupport_introspection_c.cpython-310-aarch64-linux-gnu.so[0m
[ 94%] Built target ros_tutorials_topic__rosidl_typesupport_introspection_c__pyext
[ 97%] [32mBuilding C object CMakeFiles/ros_tutorials_topic__rosidl_typesupport_fastrtps_c__pyext.dir/rosidl_generator_py/ros_tutorials_topic/_ros_tutorials_topic_s.ep.rosidl_typesupport_fastrtps_c.c.o[0m
[100%] [32m[1mLinking C shared library rosidl_generator_py/ros_tutorials_topic/ros_tutorials_topic_s__rosidl_typesupport_fastrtps_c.cpython-310-aarch64-linux-gnu.so[0m
[100%] Built target ros_tutorials_topic__rosidl_typesupport_fastrtps_c__pyext
