[0.067s] Invoking command in '/home/ubuntu/turtlebot3_ws/build/ros_goal_client': CMAKE_PREFIX_PATH=/home/ubuntu/turtlebot3_ws/install/uart_bridge_cpp:/home/ubuntu/turtlebot3_ws/install/turtlebot3:/home/ubuntu/turtlebot3_ws/install/turtlebot3_bringup:/home/ubuntu/turtlebot3_ws/install/turtlebot3_node:/home/ubuntu/turtlebot3_ws/install/turtlebot3_navigation2:/home/ubuntu/turtlebot3_ws/install/turtlebot3_fake_node:/home/ubuntu/turtlebot3_ws/install/turtlebot3_msgs:/home/ubuntu/turtlebot3_ws/install/turtlebot3_manipulation_gazebo:/home/ubuntu/turtlebot3_ws/install/turtlebot3_description:/home/ubuntu/turtlebot3_ws/install/turtlebot3_cartographer:/home/ubuntu/turtlebot3_ws/install/turtlebot3_teleop:/home/ubuntu/turtlebot3_ws/install/turtlebot3_example:/opt/ros/humble:/home/ubuntu/turtlebot3_ws/install/simple_navigation_goals:/home/ubuntu/turtlebot3_ws/install/ros_tutorials_topic:/home/ubuntu/turtlebot3_ws/install/ros_goal_client:/home/ubuntu/turtlebot3_ws/install/rescue_orchestrator:/home/ubuntu/turtlebot3_ws/install/dynamixel_sdk_examples:/home/ubuntu/turtlebot3_ws/install/dynamixel_sdk_custom_interfaces:/home/ubuntu/turtlebot3_ws/install/dynamixel_sdk:/home/ubuntu/turtlebot3_ws/install/cpp_talker_listener /usr/bin/cmake --build /home/ubuntu/turtlebot3_ws/build/ros_goal_client -- -j4 -l4
[0.344s] [  2%] Built target ros_goal_client__cpp
[0.373s] [ 11%] Built target ros_goal_client__rosidl_generator_c
[0.414s] [ 11%] Built target ament_cmake_python_symlink_ros_goal_client
[0.513s] [ 20%] Built target ros_goal_client__rosidl_typesupport_cpp
[0.537s] [ 28%] Built target ros_goal_client__rosidl_typesupport_fastrtps_cpp
[0.582s] [ 45%] Built target ros_goal_client__rosidl_typesupport_fastrtps_c
[0.586s] [ 45%] Built target ros_goal_client__rosidl_typesupport_introspection_cpp
[0.678s] [ 54%] Built target ros_goal_client__rosidl_typesupport_c
[0.686s] [35m[1mConsolidate compiler generated dependencies of target rosGoalServer[0m
[0.730s] [ 62%] Built target ros_goal_client__rosidl_typesupport_introspection_c
[0.874s] [ 62%] Built target ros_goal_client
[0.901s] [ 68%] Built target rosGoalServer
[0.945s] [ 74%] Built target rosGoalClient
[1.011s] [ 77%] Built target ros_goal_client__py
[1.145s] [ 82%] Built target ros_goal_client__rosidl_generator_py
[1.287s] [ 88%] Built target ros_goal_client__rosidl_typesupport_fastrtps_c__pyext
[1.313s] [ 94%] Built target ros_goal_client__rosidl_typesupport_introspection_c__pyext
[1.358s] [100%] Built target ros_goal_client__rosidl_typesupport_c__pyext
[2.343s] running egg_info
[2.347s] writing ros_goal_client.egg-info/PKG-INFO
[2.349s] writing dependency_links to ros_goal_client.egg-info/dependency_links.txt
[2.350s] writing top-level names to ros_goal_client.egg-info/top_level.txt
[2.363s] reading manifest file 'ros_goal_client.egg-info/SOURCES.txt'
[2.366s] writing manifest file 'ros_goal_client.egg-info/SOURCES.txt'
[2.527s] [100%] Built target ament_cmake_python_build_ros_goal_client_egg
[2.584s] Invoked command in '/home/ubuntu/turtlebot3_ws/build/ros_goal_client' returned '0': CMAKE_PREFIX_PATH=/home/ubuntu/turtlebot3_ws/install/uart_bridge_cpp:/home/ubuntu/turtlebot3_ws/install/turtlebot3:/home/ubuntu/turtlebot3_ws/install/turtlebot3_bringup:/home/ubuntu/turtlebot3_ws/install/turtlebot3_node:/home/ubuntu/turtlebot3_ws/install/turtlebot3_navigation2:/home/ubuntu/turtlebot3_ws/install/turtlebot3_fake_node:/home/ubuntu/turtlebot3_ws/install/turtlebot3_msgs:/home/ubuntu/turtlebot3_ws/install/turtlebot3_manipulation_gazebo:/home/ubuntu/turtlebot3_ws/install/turtlebot3_description:/home/ubuntu/turtlebot3_ws/install/turtlebot3_cartographer:/home/ubuntu/turtlebot3_ws/install/turtlebot3_teleop:/home/ubuntu/turtlebot3_ws/install/turtlebot3_example:/opt/ros/humble:/home/ubuntu/turtlebot3_ws/install/simple_navigation_goals:/home/ubuntu/turtlebot3_ws/install/ros_tutorials_topic:/home/ubuntu/turtlebot3_ws/install/ros_goal_client:/home/ubuntu/turtlebot3_ws/install/rescue_orchestrator:/home/ubuntu/turtlebot3_ws/install/dynamixel_sdk_examples:/home/ubuntu/turtlebot3_ws/install/dynamixel_sdk_custom_interfaces:/home/ubuntu/turtlebot3_ws/install/dynamixel_sdk:/home/ubuntu/turtlebot3_ws/install/cpp_talker_listener /usr/bin/cmake --build /home/ubuntu/turtlebot3_ws/build/ros_goal_client -- -j4 -l4
[2.633s] Invoking command in '/home/ubuntu/turtlebot3_ws/build/ros_goal_client': CMAKE_PREFIX_PATH=/home/ubuntu/turtlebot3_ws/install/uart_bridge_cpp:/home/ubuntu/turtlebot3_ws/install/turtlebot3:/home/ubuntu/turtlebot3_ws/install/turtlebot3_bringup:/home/ubuntu/turtlebot3_ws/install/turtlebot3_node:/home/ubuntu/turtlebot3_ws/install/turtlebot3_navigation2:/home/ubuntu/turtlebot3_ws/install/turtlebot3_fake_node:/home/ubuntu/turtlebot3_ws/install/turtlebot3_msgs:/home/ubuntu/turtlebot3_ws/install/turtlebot3_manipulation_gazebo:/home/ubuntu/turtlebot3_ws/install/turtlebot3_description:/home/ubuntu/turtlebot3_ws/install/turtlebot3_cartographer:/home/ubuntu/turtlebot3_ws/install/turtlebot3_teleop:/home/ubuntu/turtlebot3_ws/install/turtlebot3_example:/opt/ros/humble:/home/ubuntu/turtlebot3_ws/install/simple_navigation_goals:/home/ubuntu/turtlebot3_ws/install/ros_tutorials_topic:/home/ubuntu/turtlebot3_ws/install/ros_goal_client:/home/ubuntu/turtlebot3_ws/install/rescue_orchestrator:/home/ubuntu/turtlebot3_ws/install/dynamixel_sdk_examples:/home/ubuntu/turtlebot3_ws/install/dynamixel_sdk_custom_interfaces:/home/ubuntu/turtlebot3_ws/install/dynamixel_sdk:/home/ubuntu/turtlebot3_ws/install/cpp_talker_listener /usr/bin/cmake --install /home/ubuntu/turtlebot3_ws/build/ros_goal_client
[2.665s] -- Install configuration: ""
[2.667s] -- Execute custom install script
[2.668s] -- Up-to-date symlink: /home/ubuntu/turtlebot3_ws/install/ros_goal_client/share/ament_index/resource_index/rosidl_interfaces/ros_goal_client
[2.671s] -- Up-to-date symlink: /home/ubuntu/turtlebot3_ws/install/ros_goal_client/include/ros_goal_client/ros_goal_client/msg/rosidl_generator_c__visibility_control.h
[2.673s] -- Up-to-date symlink: /home/ubuntu/turtlebot3_ws/install/ros_goal_client/include/ros_goal_client/ros_goal_client/srv/bot3_gpio.h
[2.674s] -- Up-to-date symlink: /home/ubuntu/turtlebot3_ws/install/ros_goal_client/include/ros_goal_client/ros_goal_client/srv/detail/bot3_gpio__functions.h
[2.675s] -- Up-to-date symlink: /home/ubuntu/turtlebot3_ws/install/ros_goal_client/include/ros_goal_client/ros_goal_client/srv/detail/bot3_gpio__struct.h
[2.676s] -- Up-to-date symlink: /home/ubuntu/turtlebot3_ws/install/ros_goal_client/include/ros_goal_client/ros_goal_client/srv/detail/bot3_gpio__type_support.h
[2.677s] -- Up-to-date symlink: /home/ubuntu/turtlebot3_ws/install/ros_goal_client/share/ros_goal_client/environment/library_path.sh
[2.678s] -- Up-to-date symlink: /home/ubuntu/turtlebot3_ws/install/ros_goal_client/share/ros_goal_client/environment/library_path.dsv
[2.682s] -- Up-to-date symlink: /home/ubuntu/turtlebot3_ws/install/ros_goal_client/include/ros_goal_client/ros_goal_client/msg/rosidl_typesupport_fastrtps_c__visibility_control.h
[2.683s] -- Up-to-date symlink: /home/ubuntu/turtlebot3_ws/install/ros_goal_client/include/ros_goal_client/ros_goal_client/srv/detail/bot3_gpio__rosidl_typesupport_fastrtps_c.h
[2.686s] -- Up-to-date symlink: /home/ubuntu/turtlebot3_ws/install/ros_goal_client/include/ros_goal_client/ros_goal_client/msg/rosidl_generator_cpp__visibility_control.hpp
[2.687s] -- Up-to-date symlink: /home/ubuntu/turtlebot3_ws/install/ros_goal_client/include/ros_goal_client/ros_goal_client/srv/bot3_gpio.hpp
[2.688s] -- Up-to-date symlink: /home/ubuntu/turtlebot3_ws/install/ros_goal_client/include/ros_goal_client/ros_goal_client/srv/detail/bot3_gpio__builder.hpp
[2.689s] -- Up-to-date symlink: /home/ubuntu/turtlebot3_ws/install/ros_goal_client/include/ros_goal_client/ros_goal_client/srv/detail/bot3_gpio__struct.hpp
[2.690s] -- Up-to-date symlink: /home/ubuntu/turtlebot3_ws/install/ros_goal_client/include/ros_goal_client/ros_goal_client/srv/detail/bot3_gpio__traits.hpp
[2.691s] -- Up-to-date symlink: /home/ubuntu/turtlebot3_ws/install/ros_goal_client/include/ros_goal_client/ros_goal_client/srv/detail/bot3_gpio__type_support.hpp
[2.695s] -- Up-to-date symlink: /home/ubuntu/turtlebot3_ws/install/ros_goal_client/include/ros_goal_client/ros_goal_client/msg/rosidl_typesupport_fastrtps_cpp__visibility_control.h
[2.696s] -- Up-to-date symlink: /home/ubuntu/turtlebot3_ws/install/ros_goal_client/include/ros_goal_client/ros_goal_client/srv/detail/bot3_gpio__rosidl_typesupport_fastrtps_cpp.hpp
[2.699s] -- Up-to-date symlink: /home/ubuntu/turtlebot3_ws/install/ros_goal_client/include/ros_goal_client/ros_goal_client/msg/rosidl_typesupport_introspection_c__visibility_control.h
[2.700s] -- Up-to-date symlink: /home/ubuntu/turtlebot3_ws/install/ros_goal_client/include/ros_goal_client/ros_goal_client/srv/detail/bot3_gpio__rosidl_typesupport_introspection_c.h
[2.702s] -- Up-to-date symlink: /home/ubuntu/turtlebot3_ws/install/ros_goal_client/include/ros_goal_client/ros_goal_client/srv/detail/bot3_gpio__rosidl_typesupport_introspection_cpp.hpp
[2.703s] -- Up-to-date symlink: /home/ubuntu/turtlebot3_ws/install/ros_goal_client/share/ros_goal_client/environment/pythonpath.sh
[2.705s] -- Up-to-date symlink: /home/ubuntu/turtlebot3_ws/install/ros_goal_client/share/ros_goal_client/environment/pythonpath.dsv
[2.707s] -- Up-to-date symlink: /home/ubuntu/turtlebot3_ws/install/ros_goal_client/local/lib/python3.10/dist-packages/ros_goal_client-0.0.0-py3.10.egg-info/PKG-INFO
[2.708s] -- Up-to-date symlink: /home/ubuntu/turtlebot3_ws/install/ros_goal_client/local/lib/python3.10/dist-packages/ros_goal_client-0.0.0-py3.10.egg-info/SOURCES.txt
[2.709s] -- Up-to-date symlink: /home/ubuntu/turtlebot3_ws/install/ros_goal_client/local/lib/python3.10/dist-packages/ros_goal_client-0.0.0-py3.10.egg-info/dependency_links.txt
[2.710s] -- Up-to-date symlink: /home/ubuntu/turtlebot3_ws/install/ros_goal_client/local/lib/python3.10/dist-packages/ros_goal_client-0.0.0-py3.10.egg-info/top_level.txt
[2.715s] -- Up-to-date symlink: /home/ubuntu/turtlebot3_ws/install/ros_goal_client/local/lib/python3.10/dist-packages/ros_goal_client/__init__.py
[2.716s] -- Up-to-date symlink: /home/ubuntu/turtlebot3_ws/install/ros_goal_client/local/lib/python3.10/dist-packages/ros_goal_client/_ros_goal_client_s.ep.rosidl_typesupport_c.c
[2.717s] -- Up-to-date symlink: /home/ubuntu/turtlebot3_ws/install/ros_goal_client/local/lib/python3.10/dist-packages/ros_goal_client/_ros_goal_client_s.ep.rosidl_typesupport_fastrtps_c.c
[2.718s] -- Up-to-date symlink: /home/ubuntu/turtlebot3_ws/install/ros_goal_client/local/lib/python3.10/dist-packages/ros_goal_client/_ros_goal_client_s.ep.rosidl_typesupport_introspection_c.c
[2.720s] -- Up-to-date symlink: /home/ubuntu/turtlebot3_ws/install/ros_goal_client/local/lib/python3.10/dist-packages/ros_goal_client/libros_goal_client__rosidl_generator_py.so
[2.721s] -- Up-to-date symlink: /home/ubuntu/turtlebot3_ws/install/ros_goal_client/local/lib/python3.10/dist-packages/ros_goal_client/ros_goal_client_s__rosidl_typesupport_c.cpython-310-aarch64-linux-gnu.so
[2.722s] -- Up-to-date symlink: /home/ubuntu/turtlebot3_ws/install/ros_goal_client/local/lib/python3.10/dist-packages/ros_goal_client/ros_goal_client_s__rosidl_typesupport_fastrtps_c.cpython-310-aarch64-linux-gnu.so
[2.723s] -- Up-to-date symlink: /home/ubuntu/turtlebot3_ws/install/ros_goal_client/local/lib/python3.10/dist-packages/ros_goal_client/ros_goal_client_s__rosidl_typesupport_introspection_c.cpython-310-aarch64-linux-gnu.so
[2.724s] -- Up-to-date symlink: /home/ubuntu/turtlebot3_ws/install/ros_goal_client/local/lib/python3.10/dist-packages/ros_goal_client/srv/__init__.py
[2.725s] -- Up-to-date symlink: /home/ubuntu/turtlebot3_ws/install/ros_goal_client/local/lib/python3.10/dist-packages/ros_goal_client/srv/_bot3_gpio.py
[2.726s] -- Up-to-date symlink: /home/ubuntu/turtlebot3_ws/install/ros_goal_client/local/lib/python3.10/dist-packages/ros_goal_client/srv/_bot3_gpio_s.c
[2.728s] -- Up-to-date symlink: /home/ubuntu/turtlebot3_ws/install/ros_goal_client/local/lib/python3.10/dist-packages/ros_goal_client/ros_goal_client_s__rosidl_typesupport_fastrtps_c.cpython-310-aarch64-linux-gnu.so
[2.730s] -- Up-to-date symlink: /home/ubuntu/turtlebot3_ws/install/ros_goal_client/local/lib/python3.10/dist-packages/ros_goal_client/ros_goal_client_s__rosidl_typesupport_introspection_c.cpython-310-aarch64-linux-gnu.so
[2.732s] -- Up-to-date symlink: /home/ubuntu/turtlebot3_ws/install/ros_goal_client/local/lib/python3.10/dist-packages/ros_goal_client/ros_goal_client_s__rosidl_typesupport_c.cpython-310-aarch64-linux-gnu.so
[2.733s] -- Up-to-date symlink: /home/ubuntu/turtlebot3_ws/install/ros_goal_client/share/ros_goal_client/srv/Bot3Gpio.idl
[2.734s] -- Up-to-date symlink: /home/ubuntu/turtlebot3_ws/install/ros_goal_client/share/ros_goal_client/srv/Bot3Gpio.srv
[2.735s] -- Up-to-date symlink: /home/ubuntu/turtlebot3_ws/install/ros_goal_client/share/ros_goal_client/srv/Bot3Gpio_Request.msg
[2.736s] -- Up-to-date symlink: /home/ubuntu/turtlebot3_ws/install/ros_goal_client/share/ros_goal_client/srv/Bot3Gpio_Response.msg
[2.738s] -- Up-to-date symlink: /home/ubuntu/turtlebot3_ws/install/ros_goal_client/lib/ros_goal_client/rosGoalServer
[2.738s] -- Up-to-date symlink: /home/ubuntu/turtlebot3_ws/install/ros_goal_client/lib/ros_goal_client/rosGoalClient
[2.740s] -- Up-to-date symlink: /home/ubuntu/turtlebot3_ws/install/ros_goal_client/share/ament_index/resource_index/package_run_dependencies/ros_goal_client
[2.741s] -- Up-to-date symlink: /home/ubuntu/turtlebot3_ws/install/ros_goal_client/share/ament_index/resource_index/parent_prefix_path/ros_goal_client
[2.742s] -- Up-to-date symlink: /home/ubuntu/turtlebot3_ws/install/ros_goal_client/share/ros_goal_client/environment/ament_prefix_path.sh
[2.743s] -- Up-to-date symlink: /home/ubuntu/turtlebot3_ws/install/ros_goal_client/share/ros_goal_client/environment/ament_prefix_path.dsv
[2.745s] -- Up-to-date symlink: /home/ubuntu/turtlebot3_ws/install/ros_goal_client/share/ros_goal_client/environment/path.sh
[2.746s] -- Up-to-date symlink: /home/ubuntu/turtlebot3_ws/install/ros_goal_client/share/ros_goal_client/environment/path.dsv
[2.747s] -- Up-to-date symlink: /home/ubuntu/turtlebot3_ws/install/ros_goal_client/share/ros_goal_client/local_setup.bash
[2.748s] -- Up-to-date symlink: /home/ubuntu/turtlebot3_ws/install/ros_goal_client/share/ros_goal_client/local_setup.sh
[2.749s] -- Up-to-date symlink: /home/ubuntu/turtlebot3_ws/install/ros_goal_client/share/ros_goal_client/local_setup.zsh
[2.750s] -- Up-to-date symlink: /home/ubuntu/turtlebot3_ws/install/ros_goal_client/share/ros_goal_client/local_setup.dsv
[2.751s] -- Symlinking: /home/ubuntu/turtlebot3_ws/install/ros_goal_client/share/ros_goal_client/package.dsv
[2.795s] -- Up-to-date symlink: /home/ubuntu/turtlebot3_ws/install/ros_goal_client/share/ament_index/resource_index/packages/ros_goal_client
[2.796s] -- Up-to-date symlink: /home/ubuntu/turtlebot3_ws/install/ros_goal_client/share/ros_goal_client/cmake/rosidl_cmake-extras.cmake
[2.797s] -- Up-to-date symlink: /home/ubuntu/turtlebot3_ws/install/ros_goal_client/share/ros_goal_client/cmake/ament_cmake_export_dependencies-extras.cmake
[2.798s] -- Up-to-date symlink: /home/ubuntu/turtlebot3_ws/install/ros_goal_client/share/ros_goal_client/cmake/ament_cmake_export_include_directories-extras.cmake
[2.799s] -- Up-to-date symlink: /home/ubuntu/turtlebot3_ws/install/ros_goal_client/share/ros_goal_client/cmake/ament_cmake_export_libraries-extras.cmake
[2.800s] -- Up-to-date symlink: /home/ubuntu/turtlebot3_ws/install/ros_goal_client/share/ros_goal_client/cmake/ament_cmake_export_targets-extras.cmake
[2.801s] -- Up-to-date symlink: /home/ubuntu/turtlebot3_ws/install/ros_goal_client/share/ros_goal_client/cmake/rosidl_cmake_export_typesupport_targets-extras.cmake
[2.803s] -- Up-to-date symlink: /home/ubuntu/turtlebot3_ws/install/ros_goal_client/share/ros_goal_client/cmake/rosidl_cmake_export_typesupport_libraries-extras.cmake
[2.803s] -- Up-to-date symlink: /home/ubuntu/turtlebot3_ws/install/ros_goal_client/share/ros_goal_client/cmake/ros_goal_clientConfig.cmake
[2.805s] -- Up-to-date symlink: /home/ubuntu/turtlebot3_ws/install/ros_goal_client/share/ros_goal_client/cmake/ros_goal_clientConfig-version.cmake
[2.805s] -- Up-to-date symlink: /home/ubuntu/turtlebot3_ws/install/ros_goal_client/share/ros_goal_client/package.xml
[2.807s] -- Up-to-date: /home/ubuntu/turtlebot3_ws/install/ros_goal_client/lib/libros_goal_client__rosidl_generator_c.so
[2.809s] -- Up-to-date: /home/ubuntu/turtlebot3_ws/install/ros_goal_client/lib/libros_goal_client__rosidl_typesupport_fastrtps_c.so
[2.812s] -- Up-to-date: /home/ubuntu/turtlebot3_ws/install/ros_goal_client/lib/libros_goal_client__rosidl_typesupport_fastrtps_cpp.so
[2.814s] -- Up-to-date: /home/ubuntu/turtlebot3_ws/install/ros_goal_client/lib/libros_goal_client__rosidl_typesupport_introspection_c.so
[2.816s] -- Up-to-date: /home/ubuntu/turtlebot3_ws/install/ros_goal_client/lib/libros_goal_client__rosidl_typesupport_c.so
[2.818s] -- Up-to-date: /home/ubuntu/turtlebot3_ws/install/ros_goal_client/lib/libros_goal_client__rosidl_typesupport_introspection_cpp.so
[2.821s] -- Up-to-date: /home/ubuntu/turtlebot3_ws/install/ros_goal_client/lib/libros_goal_client__rosidl_typesupport_cpp.so
[3.015s] Listing '/home/ubuntu/turtlebot3_ws/install/ros_goal_client/local/lib/python3.10/dist-packages/ros_goal_client'...
[3.017s] Listing '/home/ubuntu/turtlebot3_ws/install/ros_goal_client/local/lib/python3.10/dist-packages/ros_goal_client/srv'...
[3.042s] -- Up-to-date: /home/ubuntu/turtlebot3_ws/install/ros_goal_client/lib/libros_goal_client__rosidl_generator_py.so
[3.044s] -- Up-to-date: /home/ubuntu/turtlebot3_ws/install/ros_goal_client/share/ros_goal_client/cmake/export_ros_goal_client__rosidl_generator_cExport.cmake
[3.044s] -- Up-to-date: /home/ubuntu/turtlebot3_ws/install/ros_goal_client/share/ros_goal_client/cmake/export_ros_goal_client__rosidl_generator_cExport-noconfig.cmake
[3.045s] -- Up-to-date: /home/ubuntu/turtlebot3_ws/install/ros_goal_client/share/ros_goal_client/cmake/export_ros_goal_client__rosidl_typesupport_fastrtps_cExport.cmake
[3.046s] -- Up-to-date: /home/ubuntu/turtlebot3_ws/install/ros_goal_client/share/ros_goal_client/cmake/export_ros_goal_client__rosidl_typesupport_fastrtps_cExport-noconfig.cmake
[3.047s] -- Up-to-date: /home/ubuntu/turtlebot3_ws/install/ros_goal_client/share/ros_goal_client/cmake/export_ros_goal_client__rosidl_generator_cppExport.cmake
[3.048s] -- Up-to-date: /home/ubuntu/turtlebot3_ws/install/ros_goal_client/share/ros_goal_client/cmake/export_ros_goal_client__rosidl_typesupport_fastrtps_cppExport.cmake
[3.049s] -- Up-to-date: /home/ubuntu/turtlebot3_ws/install/ros_goal_client/share/ros_goal_client/cmake/export_ros_goal_client__rosidl_typesupport_fastrtps_cppExport-noconfig.cmake
[3.050s] -- Up-to-date: /home/ubuntu/turtlebot3_ws/install/ros_goal_client/share/ros_goal_client/cmake/ros_goal_client__rosidl_typesupport_introspection_cExport.cmake
[3.050s] -- Up-to-date: /home/ubuntu/turtlebot3_ws/install/ros_goal_client/share/ros_goal_client/cmake/ros_goal_client__rosidl_typesupport_introspection_cExport-noconfig.cmake
[3.051s] -- Up-to-date: /home/ubuntu/turtlebot3_ws/install/ros_goal_client/share/ros_goal_client/cmake/ros_goal_client__rosidl_typesupport_cExport.cmake
[3.052s] -- Up-to-date: /home/ubuntu/turtlebot3_ws/install/ros_goal_client/share/ros_goal_client/cmake/ros_goal_client__rosidl_typesupport_cExport-noconfig.cmake
[3.053s] -- Up-to-date: /home/ubuntu/turtlebot3_ws/install/ros_goal_client/share/ros_goal_client/cmake/ros_goal_client__rosidl_typesupport_introspection_cppExport.cmake
[3.053s] -- Up-to-date: /home/ubuntu/turtlebot3_ws/install/ros_goal_client/share/ros_goal_client/cmake/ros_goal_client__rosidl_typesupport_introspection_cppExport-noconfig.cmake
[3.054s] -- Up-to-date: /home/ubuntu/turtlebot3_ws/install/ros_goal_client/share/ros_goal_client/cmake/ros_goal_client__rosidl_typesupport_cppExport.cmake
[3.055s] -- Up-to-date: /home/ubuntu/turtlebot3_ws/install/ros_goal_client/share/ros_goal_client/cmake/ros_goal_client__rosidl_typesupport_cppExport-noconfig.cmake
[3.055s] -- Up-to-date: /home/ubuntu/turtlebot3_ws/install/ros_goal_client/share/ros_goal_client/cmake/export_ros_goal_client__rosidl_generator_pyExport.cmake
[3.057s] -- Up-to-date: /home/ubuntu/turtlebot3_ws/install/ros_goal_client/share/ros_goal_client/cmake/export_ros_goal_client__rosidl_generator_pyExport-noconfig.cmake
[3.064s] Invoked command in '/home/ubuntu/turtlebot3_ws/build/ros_goal_client' returned '0': CMAKE_PREFIX_PATH=/home/ubuntu/turtlebot3_ws/install/uart_bridge_cpp:/home/ubuntu/turtlebot3_ws/install/turtlebot3:/home/ubuntu/turtlebot3_ws/install/turtlebot3_bringup:/home/ubuntu/turtlebot3_ws/install/turtlebot3_node:/home/ubuntu/turtlebot3_ws/install/turtlebot3_navigation2:/home/ubuntu/turtlebot3_ws/install/turtlebot3_fake_node:/home/ubuntu/turtlebot3_ws/install/turtlebot3_msgs:/home/ubuntu/turtlebot3_ws/install/turtlebot3_manipulation_gazebo:/home/ubuntu/turtlebot3_ws/install/turtlebot3_description:/home/ubuntu/turtlebot3_ws/install/turtlebot3_cartographer:/home/ubuntu/turtlebot3_ws/install/turtlebot3_teleop:/home/ubuntu/turtlebot3_ws/install/turtlebot3_example:/opt/ros/humble:/home/ubuntu/turtlebot3_ws/install/simple_navigation_goals:/home/ubuntu/turtlebot3_ws/install/ros_tutorials_topic:/home/ubuntu/turtlebot3_ws/install/ros_goal_client:/home/ubuntu/turtlebot3_ws/install/rescue_orchestrator:/home/ubuntu/turtlebot3_ws/install/dynamixel_sdk_examples:/home/ubuntu/turtlebot3_ws/install/dynamixel_sdk_custom_interfaces:/home/ubuntu/turtlebot3_ws/install/dynamixel_sdk:/home/ubuntu/turtlebot3_ws/install/cpp_talker_listener /usr/bin/cmake --install /home/ubuntu/turtlebot3_ws/build/ros_goal_client
