[0.077s] Invoking command in '/home/ubuntu/turtlebot3_ws/build/ros_tutorials_topic': CMAKE_PREFIX_PATH=/home/ubuntu/turtlebot3_ws/install/turtlebot3:/home/ubuntu/turtlebot3_ws/install/turtlebot3_simulations:/home/ubuntu/turtlebot3_ws/install/turtlebot3_fake_node:/home/ubuntu/turtlebot3_ws/install/turtlebot3_manipulation_gazebo:/home/ubuntu/turtlebot3_ws/install/turtlebot3_gazebo:/home/ubuntu/turtlebot3_ws/install/turtlebot3_example:/home/ubuntu/turtlebot3_ws/src/install/turtlebot3_teleop:/home/ubuntu/turtlebot3_ws/src/install/turtlebot3_example:/home/ubuntu/turtlebot3_ws/install/turtlebot3_teleop:/opt/ros/humble:/home/ubuntu/turtlebot3_ws/install/simple_navigation_goals:/home/ubuntu/turtlebot3_ws/install/ros_tutorials_topic:/home/ubuntu/turtlebot3_ws/install/rescue_orchestrator:/home/ubuntu/turtlebot3_ws/install/dynamixel_sdk_examples:/home/ubuntu/turtlebot3_ws/install/cpp_talker_listener:/home/ubuntu/turtlebot3_ws/src/install/uart_bridge_cpp:/home/ubuntu/turtlebot3_ws/src/install/turtlebot3:/home/ubuntu/turtlebot3_ws/src/install/turtlebot3_simulations:/home/ubuntu/turtlebot3_ws/src/install/turtlebot3_bringup:/home/ubuntu/turtlebot3_ws/src/install/turtlebot3_node:/home/ubuntu/turtlebot3_ws/src/install/turtlebot3_navigation2:/home/ubuntu/turtlebot3_ws/src/install/turtlebot3_fake_node:/home/ubuntu/turtlebot3_ws/src/install/turtlebot3_msgs:/home/ubuntu/turtlebot3_ws/src/install/turtlebot3_manipulation_gazebo:/home/ubuntu/turtlebot3_ws/src/install/turtlebot3_gazebo:/home/ubuntu/turtlebot3_ws/src/install/turtlebot3_description:/home/ubuntu/turtlebot3_ws/src/install/turtlebot3_cartographer:/home/ubuntu/turtlebot3_ws/src/install/simple_navigation_goals:/home/ubuntu/turtlebot3_ws/src/install/ros_tutorials_topic:/home/ubuntu/turtlebot3_ws/src/install/ros_goal_client:/home/ubuntu/turtlebot3_ws/src/install/rescue_orchestrator:/home/ubuntu/turtlebot3_ws/src/install/dynamixel_sdk_examples:/home/ubuntu/turtlebot3_ws/src/install/dynamixel_sdk_custom_interfaces:/home/ubuntu/turtlebot3_ws/src/install/dynamixel_sdk:/home/ubuntu/turtlebot3_ws/src/install/cpp_talker_listener:/home/ubuntu/ros2_ws/install/uart_bridge_cpp:/home/ubuntu/turtlebot3_ws/install/uart_bridge_cpp:/home/ubuntu/turtlebot3_ws/install/turtlebot3_bringup:/home/ubuntu/turtlebot3_ws/install/turtlebot3_node:/home/ubuntu/turtlebot3_ws/install/turtlebot3_navigation2:/home/ubuntu/turtlebot3_ws/install/turtlebot3_msgs:/home/ubuntu/turtlebot3_ws/install/turtlebot3_description:/home/ubuntu/turtlebot3_ws/install/turtlebot3_cartographer:/home/ubuntu/turtlebot3_ws/install/ros_goal_client:/home/ubuntu/turtlebot3_ws/install/dynamixel_sdk_custom_interfaces:/home/ubuntu/turtlebot3_ws/install/dynamixel_sdk /usr/bin/cmake --build /home/ubuntu/turtlebot3_ws/build/ros_tutorials_topic -- -j4 -l4
[0.542s] [  2%] Built target ros_tutorials_topic__cpp
[0.628s] [ 11%] Built target ros_tutorials_topic__rosidl_generator_c
[0.714s] [ 11%] Built target ament_cmake_python_symlink_ros_tutorials_topic
[0.834s] [ 20%] Built target ros_tutorials_topic__rosidl_typesupport_cpp
[0.876s] [ 28%] Built target ros_tutorials_topic__rosidl_typesupport_fastrtps_cpp
[1.037s] [ 37%] Built target ros_tutorials_topic__rosidl_typesupport_introspection_cpp
[1.072s] [ 45%] Built target ros_tutorials_topic__rosidl_typesupport_fastrtps_c
[1.174s] [ 54%] Built target ros_tutorials_topic__rosidl_typesupport_introspection_c
[1.329s] [ 62%] Built target ros_tutorials_topic__rosidl_typesupport_c
[1.581s] [ 62%] Built target ros_tutorials_topic
[1.830s] [ 65%] Built target ros_tutorials_topic__py
[2.151s] [ 71%] Built target topic_subscriber
[2.314s] [ 77%] Built target topic_publisher
[2.343s] [ 82%] Built target ros_tutorials_topic__rosidl_generator_py
[2.700s] [ 88%] Built target ros_tutorials_topic__rosidl_typesupport_fastrtps_c__pyext
[2.748s] [ 94%] Built target ros_tutorials_topic__rosidl_typesupport_introspection_c__pyext
[2.775s] [100%] Built target ros_tutorials_topic__rosidl_typesupport_c__pyext
[3.853s] running egg_info
[3.876s] writing ros_tutorials_topic.egg-info/PKG-INFO
[3.878s] writing dependency_links to ros_tutorials_topic.egg-info/dependency_links.txt
[3.881s] writing top-level names to ros_tutorials_topic.egg-info/top_level.txt
[3.920s] reading manifest file 'ros_tutorials_topic.egg-info/SOURCES.txt'
[3.927s] writing manifest file 'ros_tutorials_topic.egg-info/SOURCES.txt'
[4.131s] [100%] Built target ament_cmake_python_build_ros_tutorials_topic_egg
[4.250s] Invoked command in '/home/ubuntu/turtlebot3_ws/build/ros_tutorials_topic' returned '0': CMAKE_PREFIX_PATH=/home/ubuntu/turtlebot3_ws/install/turtlebot3:/home/ubuntu/turtlebot3_ws/install/turtlebot3_simulations:/home/ubuntu/turtlebot3_ws/install/turtlebot3_fake_node:/home/ubuntu/turtlebot3_ws/install/turtlebot3_manipulation_gazebo:/home/ubuntu/turtlebot3_ws/install/turtlebot3_gazebo:/home/ubuntu/turtlebot3_ws/install/turtlebot3_example:/home/ubuntu/turtlebot3_ws/src/install/turtlebot3_teleop:/home/ubuntu/turtlebot3_ws/src/install/turtlebot3_example:/home/ubuntu/turtlebot3_ws/install/turtlebot3_teleop:/opt/ros/humble:/home/ubuntu/turtlebot3_ws/install/simple_navigation_goals:/home/ubuntu/turtlebot3_ws/install/ros_tutorials_topic:/home/ubuntu/turtlebot3_ws/install/rescue_orchestrator:/home/ubuntu/turtlebot3_ws/install/dynamixel_sdk_examples:/home/ubuntu/turtlebot3_ws/install/cpp_talker_listener:/home/ubuntu/turtlebot3_ws/src/install/uart_bridge_cpp:/home/ubuntu/turtlebot3_ws/src/install/turtlebot3:/home/ubuntu/turtlebot3_ws/src/install/turtlebot3_simulations:/home/ubuntu/turtlebot3_ws/src/install/turtlebot3_bringup:/home/ubuntu/turtlebot3_ws/src/install/turtlebot3_node:/home/ubuntu/turtlebot3_ws/src/install/turtlebot3_navigation2:/home/ubuntu/turtlebot3_ws/src/install/turtlebot3_fake_node:/home/ubuntu/turtlebot3_ws/src/install/turtlebot3_msgs:/home/ubuntu/turtlebot3_ws/src/install/turtlebot3_manipulation_gazebo:/home/ubuntu/turtlebot3_ws/src/install/turtlebot3_gazebo:/home/ubuntu/turtlebot3_ws/src/install/turtlebot3_description:/home/ubuntu/turtlebot3_ws/src/install/turtlebot3_cartographer:/home/ubuntu/turtlebot3_ws/src/install/simple_navigation_goals:/home/ubuntu/turtlebot3_ws/src/install/ros_tutorials_topic:/home/ubuntu/turtlebot3_ws/src/install/ros_goal_client:/home/ubuntu/turtlebot3_ws/src/install/rescue_orchestrator:/home/ubuntu/turtlebot3_ws/src/install/dynamixel_sdk_examples:/home/ubuntu/turtlebot3_ws/src/install/dynamixel_sdk_custom_interfaces:/home/ubuntu/turtlebot3_ws/src/install/dynamixel_sdk:/home/ubuntu/turtlebot3_ws/src/install/cpp_talker_listener:/home/ubuntu/ros2_ws/install/uart_bridge_cpp:/home/ubuntu/turtlebot3_ws/install/uart_bridge_cpp:/home/ubuntu/turtlebot3_ws/install/turtlebot3_bringup:/home/ubuntu/turtlebot3_ws/install/turtlebot3_node:/home/ubuntu/turtlebot3_ws/install/turtlebot3_navigation2:/home/ubuntu/turtlebot3_ws/install/turtlebot3_msgs:/home/ubuntu/turtlebot3_ws/install/turtlebot3_description:/home/ubuntu/turtlebot3_ws/install/turtlebot3_cartographer:/home/ubuntu/turtlebot3_ws/install/ros_goal_client:/home/ubuntu/turtlebot3_ws/install/dynamixel_sdk_custom_interfaces:/home/ubuntu/turtlebot3_ws/install/dynamixel_sdk /usr/bin/cmake --build /home/ubuntu/turtlebot3_ws/build/ros_tutorials_topic -- -j4 -l4
[4.253s] Invoking command in '/home/ubuntu/turtlebot3_ws/build/ros_tutorials_topic': CMAKE_PREFIX_PATH=/home/ubuntu/turtlebot3_ws/install/turtlebot3:/home/ubuntu/turtlebot3_ws/install/turtlebot3_simulations:/home/ubuntu/turtlebot3_ws/install/turtlebot3_fake_node:/home/ubuntu/turtlebot3_ws/install/turtlebot3_manipulation_gazebo:/home/ubuntu/turtlebot3_ws/install/turtlebot3_gazebo:/home/ubuntu/turtlebot3_ws/install/turtlebot3_example:/home/ubuntu/turtlebot3_ws/src/install/turtlebot3_teleop:/home/ubuntu/turtlebot3_ws/src/install/turtlebot3_example:/home/ubuntu/turtlebot3_ws/install/turtlebot3_teleop:/opt/ros/humble:/home/ubuntu/turtlebot3_ws/install/simple_navigation_goals:/home/ubuntu/turtlebot3_ws/install/ros_tutorials_topic:/home/ubuntu/turtlebot3_ws/install/rescue_orchestrator:/home/ubuntu/turtlebot3_ws/install/dynamixel_sdk_examples:/home/ubuntu/turtlebot3_ws/install/cpp_talker_listener:/home/ubuntu/turtlebot3_ws/src/install/uart_bridge_cpp:/home/ubuntu/turtlebot3_ws/src/install/turtlebot3:/home/ubuntu/turtlebot3_ws/src/install/turtlebot3_simulations:/home/ubuntu/turtlebot3_ws/src/install/turtlebot3_bringup:/home/ubuntu/turtlebot3_ws/src/install/turtlebot3_node:/home/ubuntu/turtlebot3_ws/src/install/turtlebot3_navigation2:/home/ubuntu/turtlebot3_ws/src/install/turtlebot3_fake_node:/home/ubuntu/turtlebot3_ws/src/install/turtlebot3_msgs:/home/ubuntu/turtlebot3_ws/src/install/turtlebot3_manipulation_gazebo:/home/ubuntu/turtlebot3_ws/src/install/turtlebot3_gazebo:/home/ubuntu/turtlebot3_ws/src/install/turtlebot3_description:/home/ubuntu/turtlebot3_ws/src/install/turtlebot3_cartographer:/home/ubuntu/turtlebot3_ws/src/install/simple_navigation_goals:/home/ubuntu/turtlebot3_ws/src/install/ros_tutorials_topic:/home/ubuntu/turtlebot3_ws/src/install/ros_goal_client:/home/ubuntu/turtlebot3_ws/src/install/rescue_orchestrator:/home/ubuntu/turtlebot3_ws/src/install/dynamixel_sdk_examples:/home/ubuntu/turtlebot3_ws/src/install/dynamixel_sdk_custom_interfaces:/home/ubuntu/turtlebot3_ws/src/install/dynamixel_sdk:/home/ubuntu/turtlebot3_ws/src/install/cpp_talker_listener:/home/ubuntu/ros2_ws/install/uart_bridge_cpp:/home/ubuntu/turtlebot3_ws/install/uart_bridge_cpp:/home/ubuntu/turtlebot3_ws/install/turtlebot3_bringup:/home/ubuntu/turtlebot3_ws/install/turtlebot3_node:/home/ubuntu/turtlebot3_ws/install/turtlebot3_navigation2:/home/ubuntu/turtlebot3_ws/install/turtlebot3_msgs:/home/ubuntu/turtlebot3_ws/install/turtlebot3_description:/home/ubuntu/turtlebot3_ws/install/turtlebot3_cartographer:/home/ubuntu/turtlebot3_ws/install/ros_goal_client:/home/ubuntu/turtlebot3_ws/install/dynamixel_sdk_custom_interfaces:/home/ubuntu/turtlebot3_ws/install/dynamixel_sdk /usr/bin/cmake --install /home/ubuntu/turtlebot3_ws/build/ros_tutorials_topic
[4.311s] -- Install configuration: ""
[4.318s] -- Execute custom install script
[4.333s] -- Up-to-date symlink: /home/ubuntu/turtlebot3_ws/install/ros_tutorials_topic/share/ament_index/resource_index/rosidl_interfaces/ros_tutorials_topic
[4.340s] -- Up-to-date symlink: /home/ubuntu/turtlebot3_ws/install/ros_tutorials_topic/include/ros_tutorials_topic/ros_tutorials_topic/msg/detail/msg_tutorial__functions.h
[4.344s] -- Up-to-date symlink: /home/ubuntu/turtlebot3_ws/install/ros_tutorials_topic/include/ros_tutorials_topic/ros_tutorials_topic/msg/detail/msg_tutorial__struct.h
[4.349s] -- Up-to-date symlink: /home/ubuntu/turtlebot3_ws/install/ros_tutorials_topic/include/ros_tutorials_topic/ros_tutorials_topic/msg/detail/msg_tutorial__type_support.h
[4.357s] -- Up-to-date symlink: /home/ubuntu/turtlebot3_ws/install/ros_tutorials_topic/include/ros_tutorials_topic/ros_tutorials_topic/msg/msg_tutorial.h
[4.360s] -- Up-to-date symlink: /home/ubuntu/turtlebot3_ws/install/ros_tutorials_topic/include/ros_tutorials_topic/ros_tutorials_topic/msg/rosidl_generator_c__visibility_control.h
[4.363s] -- Up-to-date symlink: /home/ubuntu/turtlebot3_ws/install/ros_tutorials_topic/share/ros_tutorials_topic/environment/library_path.sh
[4.365s] -- Up-to-date symlink: /home/ubuntu/turtlebot3_ws/install/ros_tutorials_topic/share/ros_tutorials_topic/environment/library_path.dsv
[4.377s] -- Up-to-date symlink: /home/ubuntu/turtlebot3_ws/install/ros_tutorials_topic/include/ros_tutorials_topic/ros_tutorials_topic/msg/detail/msg_tutorial__rosidl_typesupport_fastrtps_c.h
[4.385s] -- Up-to-date symlink: /home/ubuntu/turtlebot3_ws/install/ros_tutorials_topic/include/ros_tutorials_topic/ros_tutorials_topic/msg/rosidl_typesupport_fastrtps_c__visibility_control.h
[4.392s] -- Up-to-date symlink: /home/ubuntu/turtlebot3_ws/install/ros_tutorials_topic/include/ros_tutorials_topic/ros_tutorials_topic/msg/detail/msg_tutorial__builder.hpp
[4.404s] -- Up-to-date symlink: /home/ubuntu/turtlebot3_ws/install/ros_tutorials_topic/include/ros_tutorials_topic/ros_tutorials_topic/msg/detail/msg_tutorial__struct.hpp
[4.407s] -- Up-to-date symlink: /home/ubuntu/turtlebot3_ws/install/ros_tutorials_topic/include/ros_tutorials_topic/ros_tutorials_topic/msg/detail/msg_tutorial__traits.hpp
[4.411s] -- Up-to-date symlink: /home/ubuntu/turtlebot3_ws/install/ros_tutorials_topic/include/ros_tutorials_topic/ros_tutorials_topic/msg/detail/msg_tutorial__type_support.hpp
[4.414s] -- Up-to-date symlink: /home/ubuntu/turtlebot3_ws/install/ros_tutorials_topic/include/ros_tutorials_topic/ros_tutorials_topic/msg/msg_tutorial.hpp
[4.419s] -- Up-to-date symlink: /home/ubuntu/turtlebot3_ws/install/ros_tutorials_topic/include/ros_tutorials_topic/ros_tutorials_topic/msg/rosidl_generator_cpp__visibility_control.hpp
[4.433s] -- Up-to-date symlink: /home/ubuntu/turtlebot3_ws/install/ros_tutorials_topic/include/ros_tutorials_topic/ros_tutorials_topic/msg/detail/msg_tutorial__rosidl_typesupport_fastrtps_cpp.hpp
[4.439s] -- Up-to-date symlink: /home/ubuntu/turtlebot3_ws/install/ros_tutorials_topic/include/ros_tutorials_topic/ros_tutorials_topic/msg/rosidl_typesupport_fastrtps_cpp__visibility_control.h
[4.444s] -- Up-to-date symlink: /home/ubuntu/turtlebot3_ws/install/ros_tutorials_topic/include/ros_tutorials_topic/ros_tutorials_topic/msg/detail/msg_tutorial__rosidl_typesupport_introspection_c.h
[4.447s] -- Up-to-date symlink: /home/ubuntu/turtlebot3_ws/install/ros_tutorials_topic/include/ros_tutorials_topic/ros_tutorials_topic/msg/rosidl_typesupport_introspection_c__visibility_control.h
[4.454s] -- Up-to-date symlink: /home/ubuntu/turtlebot3_ws/install/ros_tutorials_topic/include/ros_tutorials_topic/ros_tutorials_topic/msg/detail/msg_tutorial__rosidl_typesupport_introspection_cpp.hpp
[4.457s] -- Up-to-date symlink: /home/ubuntu/turtlebot3_ws/install/ros_tutorials_topic/share/ros_tutorials_topic/environment/pythonpath.sh
[4.459s] -- Up-to-date symlink: /home/ubuntu/turtlebot3_ws/install/ros_tutorials_topic/share/ros_tutorials_topic/environment/pythonpath.dsv
[4.464s] -- Up-to-date symlink: /home/ubuntu/turtlebot3_ws/install/ros_tutorials_topic/local/lib/python3.10/dist-packages/ros_tutorials_topic-0.1.0-py3.10.egg-info/PKG-INFO
[4.471s] -- Up-to-date symlink: /home/ubuntu/turtlebot3_ws/install/ros_tutorials_topic/local/lib/python3.10/dist-packages/ros_tutorials_topic-0.1.0-py3.10.egg-info/SOURCES.txt
[4.473s] -- Up-to-date symlink: /home/ubuntu/turtlebot3_ws/install/ros_tutorials_topic/local/lib/python3.10/dist-packages/ros_tutorials_topic-0.1.0-py3.10.egg-info/dependency_links.txt
[4.475s] -- Up-to-date symlink: /home/ubuntu/turtlebot3_ws/install/ros_tutorials_topic/local/lib/python3.10/dist-packages/ros_tutorials_topic-0.1.0-py3.10.egg-info/top_level.txt
[4.489s] -- Up-to-date symlink: /home/ubuntu/turtlebot3_ws/install/ros_tutorials_topic/local/lib/python3.10/dist-packages/ros_tutorials_topic/__init__.py
[4.492s] -- Up-to-date symlink: /home/ubuntu/turtlebot3_ws/install/ros_tutorials_topic/local/lib/python3.10/dist-packages/ros_tutorials_topic/_ros_tutorials_topic_s.ep.rosidl_typesupport_c.c
[4.494s] -- Up-to-date symlink: /home/ubuntu/turtlebot3_ws/install/ros_tutorials_topic/local/lib/python3.10/dist-packages/ros_tutorials_topic/_ros_tutorials_topic_s.ep.rosidl_typesupport_fastrtps_c.c
[4.497s] -- Up-to-date symlink: /home/ubuntu/turtlebot3_ws/install/ros_tutorials_topic/local/lib/python3.10/dist-packages/ros_tutorials_topic/_ros_tutorials_topic_s.ep.rosidl_typesupport_introspection_c.c
[4.499s] -- Up-to-date symlink: /home/ubuntu/turtlebot3_ws/install/ros_tutorials_topic/local/lib/python3.10/dist-packages/ros_tutorials_topic/libros_tutorials_topic__rosidl_generator_py.so
[4.502s] -- Up-to-date symlink: /home/ubuntu/turtlebot3_ws/install/ros_tutorials_topic/local/lib/python3.10/dist-packages/ros_tutorials_topic/msg/__init__.py
[4.510s] -- Up-to-date symlink: /home/ubuntu/turtlebot3_ws/install/ros_tutorials_topic/local/lib/python3.10/dist-packages/ros_tutorials_topic/msg/_msg_tutorial.py
[4.521s] -- Up-to-date symlink: /home/ubuntu/turtlebot3_ws/install/ros_tutorials_topic/local/lib/python3.10/dist-packages/ros_tutorials_topic/msg/_msg_tutorial_s.c
[4.522s] -- Up-to-date symlink: /home/ubuntu/turtlebot3_ws/install/ros_tutorials_topic/local/lib/python3.10/dist-packages/ros_tutorials_topic/ros_tutorials_topic_s__rosidl_typesupport_c.cpython-310-aarch64-linux-gnu.so
[4.523s] -- Up-to-date symlink: /home/ubuntu/turtlebot3_ws/install/ros_tutorials_topic/local/lib/python3.10/dist-packages/ros_tutorials_topic/ros_tutorials_topic_s__rosidl_typesupport_fastrtps_c.cpython-310-aarch64-linux-gnu.so
[4.525s] -- Up-to-date symlink: /home/ubuntu/turtlebot3_ws/install/ros_tutorials_topic/local/lib/python3.10/dist-packages/ros_tutorials_topic/ros_tutorials_topic_s__rosidl_typesupport_introspection_c.cpython-310-aarch64-linux-gnu.so
[4.537s] -- Up-to-date symlink: /home/ubuntu/turtlebot3_ws/install/ros_tutorials_topic/local/lib/python3.10/dist-packages/ros_tutorials_topic/ros_tutorials_topic_s__rosidl_typesupport_fastrtps_c.cpython-310-aarch64-linux-gnu.so
[4.544s] -- Up-to-date symlink: /home/ubuntu/turtlebot3_ws/install/ros_tutorials_topic/local/lib/python3.10/dist-packages/ros_tutorials_topic/ros_tutorials_topic_s__rosidl_typesupport_introspection_c.cpython-310-aarch64-linux-gnu.so
[4.559s] -- Up-to-date symlink: /home/ubuntu/turtlebot3_ws/install/ros_tutorials_topic/local/lib/python3.10/dist-packages/ros_tutorials_topic/ros_tutorials_topic_s__rosidl_typesupport_c.cpython-310-aarch64-linux-gnu.so
[4.564s] -- Up-to-date symlink: /home/ubuntu/turtlebot3_ws/install/ros_tutorials_topic/share/ros_tutorials_topic/msg/MsgTutorial.idl
[4.566s] -- Up-to-date symlink: /home/ubuntu/turtlebot3_ws/install/ros_tutorials_topic/share/ros_tutorials_topic/msg/MsgTutorial.msg
[4.570s] -- Up-to-date symlink: /home/ubuntu/turtlebot3_ws/install/ros_tutorials_topic/lib/ros_tutorials_topic/topic_publisher
[4.572s] -- Up-to-date symlink: /home/ubuntu/turtlebot3_ws/install/ros_tutorials_topic/lib/ros_tutorials_topic/topic_subscriber
[4.574s] -- Up-to-date symlink: /home/ubuntu/turtlebot3_ws/install/ros_tutorials_topic/share/ament_index/resource_index/package_run_dependencies/ros_tutorials_topic
[4.585s] -- Up-to-date symlink: /home/ubuntu/turtlebot3_ws/install/ros_tutorials_topic/share/ament_index/resource_index/parent_prefix_path/ros_tutorials_topic
[4.590s] -- Up-to-date symlink: /home/ubuntu/turtlebot3_ws/install/ros_tutorials_topic/share/ros_tutorials_topic/environment/ament_prefix_path.sh
[4.591s] -- Up-to-date symlink: /home/ubuntu/turtlebot3_ws/install/ros_tutorials_topic/share/ros_tutorials_topic/environment/ament_prefix_path.dsv
[4.596s] -- Up-to-date symlink: /home/ubuntu/turtlebot3_ws/install/ros_tutorials_topic/share/ros_tutorials_topic/environment/path.sh
[4.598s] -- Up-to-date symlink: /home/ubuntu/turtlebot3_ws/install/ros_tutorials_topic/share/ros_tutorials_topic/environment/path.dsv
[4.606s] -- Up-to-date symlink: /home/ubuntu/turtlebot3_ws/install/ros_tutorials_topic/share/ros_tutorials_topic/local_setup.bash
[4.610s] -- Up-to-date symlink: /home/ubuntu/turtlebot3_ws/install/ros_tutorials_topic/share/ros_tutorials_topic/local_setup.sh
[4.619s] -- Up-to-date symlink: /home/ubuntu/turtlebot3_ws/install/ros_tutorials_topic/share/ros_tutorials_topic/local_setup.zsh
[4.623s] -- Up-to-date symlink: /home/ubuntu/turtlebot3_ws/install/ros_tutorials_topic/share/ros_tutorials_topic/local_setup.dsv
[4.627s] -- Symlinking: /home/ubuntu/turtlebot3_ws/install/ros_tutorials_topic/share/ros_tutorials_topic/package.dsv
[4.741s] -- Up-to-date symlink: /home/ubuntu/turtlebot3_ws/install/ros_tutorials_topic/share/ament_index/resource_index/packages/ros_tutorials_topic
[4.747s] -- Up-to-date symlink: /home/ubuntu/turtlebot3_ws/install/ros_tutorials_topic/share/ros_tutorials_topic/cmake/rosidl_cmake-extras.cmake
[4.754s] -- Up-to-date symlink: /home/ubuntu/turtlebot3_ws/install/ros_tutorials_topic/share/ros_tutorials_topic/cmake/ament_cmake_export_dependencies-extras.cmake
[4.762s] -- Up-to-date symlink: /home/ubuntu/turtlebot3_ws/install/ros_tutorials_topic/share/ros_tutorials_topic/cmake/ament_cmake_export_include_directories-extras.cmake
[4.770s] -- Up-to-date symlink: /home/ubuntu/turtlebot3_ws/install/ros_tutorials_topic/share/ros_tutorials_topic/cmake/ament_cmake_export_libraries-extras.cmake
[4.778s] -- Up-to-date symlink: /home/ubuntu/turtlebot3_ws/install/ros_tutorials_topic/share/ros_tutorials_topic/cmake/ament_cmake_export_targets-extras.cmake
[4.785s] -- Up-to-date symlink: /home/ubuntu/turtlebot3_ws/install/ros_tutorials_topic/share/ros_tutorials_topic/cmake/rosidl_cmake_export_typesupport_targets-extras.cmake
[4.792s] -- Up-to-date symlink: /home/ubuntu/turtlebot3_ws/install/ros_tutorials_topic/share/ros_tutorials_topic/cmake/rosidl_cmake_export_typesupport_libraries-extras.cmake
[4.801s] -- Up-to-date symlink: /home/ubuntu/turtlebot3_ws/install/ros_tutorials_topic/share/ros_tutorials_topic/cmake/ros_tutorials_topicConfig.cmake
[4.812s] -- Up-to-date symlink: /home/ubuntu/turtlebot3_ws/install/ros_tutorials_topic/share/ros_tutorials_topic/cmake/ros_tutorials_topicConfig-version.cmake
[4.839s] -- Up-to-date symlink: /home/ubuntu/turtlebot3_ws/install/ros_tutorials_topic/share/ros_tutorials_topic/package.xml
[4.847s] -- Up-to-date: /home/ubuntu/turtlebot3_ws/install/ros_tutorials_topic/lib/libros_tutorials_topic__rosidl_generator_c.so
[4.848s] -- Up-to-date: /home/ubuntu/turtlebot3_ws/install/ros_tutorials_topic/lib/libros_tutorials_topic__rosidl_typesupport_fastrtps_c.so
[4.853s] -- Up-to-date: /home/ubuntu/turtlebot3_ws/install/ros_tutorials_topic/lib/libros_tutorials_topic__rosidl_typesupport_fastrtps_cpp.so
[4.858s] -- Up-to-date: /home/ubuntu/turtlebot3_ws/install/ros_tutorials_topic/lib/libros_tutorials_topic__rosidl_typesupport_introspection_c.so
[4.862s] -- Up-to-date: /home/ubuntu/turtlebot3_ws/install/ros_tutorials_topic/lib/libros_tutorials_topic__rosidl_typesupport_c.so
[4.871s] -- Up-to-date: /home/ubuntu/turtlebot3_ws/install/ros_tutorials_topic/lib/libros_tutorials_topic__rosidl_typesupport_introspection_cpp.so
[4.879s] -- Up-to-date: /home/ubuntu/turtlebot3_ws/install/ros_tutorials_topic/lib/libros_tutorials_topic__rosidl_typesupport_cpp.so
[5.254s] Listing '/home/ubuntu/turtlebot3_ws/install/ros_tutorials_topic/local/lib/python3.10/dist-packages/ros_tutorials_topic'...
[5.256s] Listing '/home/ubuntu/turtlebot3_ws/install/ros_tutorials_topic/local/lib/python3.10/dist-packages/ros_tutorials_topic/msg'...
[5.347s] -- Up-to-date: /home/ubuntu/turtlebot3_ws/install/ros_tutorials_topic/lib/libros_tutorials_topic__rosidl_generator_py.so
[5.350s] -- Up-to-date: /home/ubuntu/turtlebot3_ws/install/ros_tutorials_topic/share/ros_tutorials_topic/cmake/export_ros_tutorials_topic__rosidl_generator_cExport.cmake
[5.350s] -- Up-to-date: /home/ubuntu/turtlebot3_ws/install/ros_tutorials_topic/share/ros_tutorials_topic/cmake/export_ros_tutorials_topic__rosidl_generator_cExport-noconfig.cmake
[5.351s] -- Up-to-date: /home/ubuntu/turtlebot3_ws/install/ros_tutorials_topic/share/ros_tutorials_topic/cmake/export_ros_tutorials_topic__rosidl_typesupport_fastrtps_cExport.cmake
[5.353s] -- Up-to-date: /home/ubuntu/turtlebot3_ws/install/ros_tutorials_topic/share/ros_tutorials_topic/cmake/export_ros_tutorials_topic__rosidl_typesupport_fastrtps_cExport-noconfig.cmake
[5.365s] -- Up-to-date: /home/ubuntu/turtlebot3_ws/install/ros_tutorials_topic/share/ros_tutorials_topic/cmake/export_ros_tutorials_topic__rosidl_generator_cppExport.cmake
[5.370s] -- Up-to-date: /home/ubuntu/turtlebot3_ws/install/ros_tutorials_topic/share/ros_tutorials_topic/cmake/export_ros_tutorials_topic__rosidl_typesupport_fastrtps_cppExport.cmake
[5.371s] -- Up-to-date: /home/ubuntu/turtlebot3_ws/install/ros_tutorials_topic/share/ros_tutorials_topic/cmake/export_ros_tutorials_topic__rosidl_typesupport_fastrtps_cppExport-noconfig.cmake
[5.384s] -- Up-to-date: /home/ubuntu/turtlebot3_ws/install/ros_tutorials_topic/share/ros_tutorials_topic/cmake/ros_tutorials_topic__rosidl_typesupport_introspection_cExport.cmake
[5.386s] -- Up-to-date: /home/ubuntu/turtlebot3_ws/install/ros_tutorials_topic/share/ros_tutorials_topic/cmake/ros_tutorials_topic__rosidl_typesupport_introspection_cExport-noconfig.cmake
[5.390s] -- Up-to-date: /home/ubuntu/turtlebot3_ws/install/ros_tutorials_topic/share/ros_tutorials_topic/cmake/ros_tutorials_topic__rosidl_typesupport_cExport.cmake
[5.394s] -- Up-to-date: /home/ubuntu/turtlebot3_ws/install/ros_tutorials_topic/share/ros_tutorials_topic/cmake/ros_tutorials_topic__rosidl_typesupport_cExport-noconfig.cmake
[5.398s] -- Up-to-date: /home/ubuntu/turtlebot3_ws/install/ros_tutorials_topic/share/ros_tutorials_topic/cmake/ros_tutorials_topic__rosidl_typesupport_introspection_cppExport.cmake
[5.399s] -- Up-to-date: /home/ubuntu/turtlebot3_ws/install/ros_tutorials_topic/share/ros_tutorials_topic/cmake/ros_tutorials_topic__rosidl_typesupport_introspection_cppExport-noconfig.cmake
[5.400s] -- Up-to-date: /home/ubuntu/turtlebot3_ws/install/ros_tutorials_topic/share/ros_tutorials_topic/cmake/ros_tutorials_topic__rosidl_typesupport_cppExport.cmake
[5.401s] -- Up-to-date: /home/ubuntu/turtlebot3_ws/install/ros_tutorials_topic/share/ros_tutorials_topic/cmake/ros_tutorials_topic__rosidl_typesupport_cppExport-noconfig.cmake
[5.402s] -- Up-to-date: /home/ubuntu/turtlebot3_ws/install/ros_tutorials_topic/share/ros_tutorials_topic/cmake/export_ros_tutorials_topic__rosidl_generator_pyExport.cmake
[5.402s] -- Up-to-date: /home/ubuntu/turtlebot3_ws/install/ros_tutorials_topic/share/ros_tutorials_topic/cmake/export_ros_tutorials_topic__rosidl_generator_pyExport-noconfig.cmake
[5.521s] Invoked command in '/home/ubuntu/turtlebot3_ws/build/ros_tutorials_topic' returned '0': CMAKE_PREFIX_PATH=/home/ubuntu/turtlebot3_ws/install/turtlebot3:/home/ubuntu/turtlebot3_ws/install/turtlebot3_simulations:/home/ubuntu/turtlebot3_ws/install/turtlebot3_fake_node:/home/ubuntu/turtlebot3_ws/install/turtlebot3_manipulation_gazebo:/home/ubuntu/turtlebot3_ws/install/turtlebot3_gazebo:/home/ubuntu/turtlebot3_ws/install/turtlebot3_example:/home/ubuntu/turtlebot3_ws/src/install/turtlebot3_teleop:/home/ubuntu/turtlebot3_ws/src/install/turtlebot3_example:/home/ubuntu/turtlebot3_ws/install/turtlebot3_teleop:/opt/ros/humble:/home/ubuntu/turtlebot3_ws/install/simple_navigation_goals:/home/ubuntu/turtlebot3_ws/install/ros_tutorials_topic:/home/ubuntu/turtlebot3_ws/install/rescue_orchestrator:/home/ubuntu/turtlebot3_ws/install/dynamixel_sdk_examples:/home/ubuntu/turtlebot3_ws/install/cpp_talker_listener:/home/ubuntu/turtlebot3_ws/src/install/uart_bridge_cpp:/home/ubuntu/turtlebot3_ws/src/install/turtlebot3:/home/ubuntu/turtlebot3_ws/src/install/turtlebot3_simulations:/home/ubuntu/turtlebot3_ws/src/install/turtlebot3_bringup:/home/ubuntu/turtlebot3_ws/src/install/turtlebot3_node:/home/ubuntu/turtlebot3_ws/src/install/turtlebot3_navigation2:/home/ubuntu/turtlebot3_ws/src/install/turtlebot3_fake_node:/home/ubuntu/turtlebot3_ws/src/install/turtlebot3_msgs:/home/ubuntu/turtlebot3_ws/src/install/turtlebot3_manipulation_gazebo:/home/ubuntu/turtlebot3_ws/src/install/turtlebot3_gazebo:/home/ubuntu/turtlebot3_ws/src/install/turtlebot3_description:/home/ubuntu/turtlebot3_ws/src/install/turtlebot3_cartographer:/home/ubuntu/turtlebot3_ws/src/install/simple_navigation_goals:/home/ubuntu/turtlebot3_ws/src/install/ros_tutorials_topic:/home/ubuntu/turtlebot3_ws/src/install/ros_goal_client:/home/ubuntu/turtlebot3_ws/src/install/rescue_orchestrator:/home/ubuntu/turtlebot3_ws/src/install/dynamixel_sdk_examples:/home/ubuntu/turtlebot3_ws/src/install/dynamixel_sdk_custom_interfaces:/home/ubuntu/turtlebot3_ws/src/install/dynamixel_sdk:/home/ubuntu/turtlebot3_ws/src/install/cpp_talker_listener:/home/ubuntu/ros2_ws/install/uart_bridge_cpp:/home/ubuntu/turtlebot3_ws/install/uart_bridge_cpp:/home/ubuntu/turtlebot3_ws/install/turtlebot3_bringup:/home/ubuntu/turtlebot3_ws/install/turtlebot3_node:/home/ubuntu/turtlebot3_ws/install/turtlebot3_navigation2:/home/ubuntu/turtlebot3_ws/install/turtlebot3_msgs:/home/ubuntu/turtlebot3_ws/install/turtlebot3_description:/home/ubuntu/turtlebot3_ws/install/turtlebot3_cartographer:/home/ubuntu/turtlebot3_ws/install/ros_goal_client:/home/ubuntu/turtlebot3_ws/install/dynamixel_sdk_custom_interfaces:/home/ubuntu/turtlebot3_ws/install/dynamixel_sdk /usr/bin/cmake --install /home/ubuntu/turtlebot3_ws/build/ros_tutorials_topic
