[14.089s] Invoking command in '/home/ubuntu/turtlebot3_ws/build/turtlebot3_teleop': PYTHONPATH=/home/ubuntu/turtlebot3_ws/build/turtlebot3_teleop/prefix_override:/usr/lib/python3/dist-packages/colcon_core/task/python/colcon_distutils_commands:/home/ubuntu/turtlebot3_ws/install/turtlebot3_teleop/lib/python3.10/site-packages:${PYTHONPATH} /usr/bin/python3 -W ignore:setup.py install is deprecated -W ignore:easy_install command is deprecated setup.py develop --editable --build-directory /home/ubuntu/turtlebot3_ws/build/turtlebot3_teleop/build --no-deps symlink_data
[16.721s] running develop
[18.887s] running egg_info
[18.889s] creating turtlebot3_teleop.egg-info
[18.890s] writing turtlebot3_teleop.egg-info/PKG-INFO
[18.891s] writing dependency_links to turtlebot3_teleop.egg-info/dependency_links.txt
[18.892s] writing entry points to turtlebot3_teleop.egg-info/entry_points.txt
[18.892s] writing requirements to turtlebot3_teleop.egg-info/requires.txt
[18.900s] writing top-level names to turtlebot3_teleop.egg-info/top_level.txt
[18.902s] writing manifest file 'turtlebot3_teleop.egg-info/SOURCES.txt'
[18.923s] reading manifest file 'turtlebot3_teleop.egg-info/SOURCES.txt'
[18.926s] writing manifest file 'turtlebot3_teleop.egg-info/SOURCES.txt'
[18.933s] running build_ext
[18.934s] Creating /home/ubuntu/turtlebot3_ws/install/turtlebot3_teleop/lib/python3.10/site-packages/turtlebot3-teleop.egg-link (link to .)
[18.953s] Installing teleop_keyboard script to /home/ubuntu/turtlebot3_ws/install/turtlebot3_teleop/lib/turtlebot3_teleop
[18.955s] 
[18.955s] Installed /home/ubuntu/turtlebot3_ws/build/turtlebot3_teleop
[18.956s] running symlink_data
[18.957s] creating /home/ubuntu/turtlebot3_ws/install/turtlebot3_teleop/share/ament_index
[18.958s] creating /home/ubuntu/turtlebot3_ws/install/turtlebot3_teleop/share/ament_index/resource_index
[18.959s] creating /home/ubuntu/turtlebot3_ws/install/turtlebot3_teleop/share/ament_index/resource_index/packages
[18.960s] symbolically linking /home/ubuntu/turtlebot3_ws/build/turtlebot3_teleop/resource/turtlebot3_teleop -> /home/ubuntu/turtlebot3_ws/install/turtlebot3_teleop/share/ament_index/resource_index/packages
[18.961s] symbolically linking /home/ubuntu/turtlebot3_ws/build/turtlebot3_teleop/package.xml -> /home/ubuntu/turtlebot3_ws/install/turtlebot3_teleop/share/turtlebot3_teleop
[19.235s] Invoked command in '/home/ubuntu/turtlebot3_ws/build/turtlebot3_teleop' returned '0': PYTHONPATH=/home/ubuntu/turtlebot3_ws/build/turtlebot3_teleop/prefix_override:/usr/lib/python3/dist-packages/colcon_core/task/python/colcon_distutils_commands:/home/ubuntu/turtlebot3_ws/install/turtlebot3_teleop/lib/python3.10/site-packages:${PYTHONPATH} /usr/bin/python3 -W ignore:setup.py install is deprecated -W ignore:easy_install command is deprecated setup.py develop --editable --build-directory /home/ubuntu/turtlebot3_ws/build/turtlebot3_teleop/build --no-deps symlink_data
