[0.274s] Invoking command in '/home/ubuntu/turtlebot3_ws/build/uart_bridge_cpp': CMAKE_PREFIX_PATH=/home/ubuntu/turtlebot3_ws/install/uart_bridge_cpp:/home/ubuntu/turtlebot3_ws/install/turtlebot3:/home/ubuntu/turtlebot3_ws/install/turtlebot3_bringup:/home/ubuntu/turtlebot3_ws/install/turtlebot3_node:/home/ubuntu/turtlebot3_ws/install/turtlebot3_navigation2:/home/ubuntu/turtlebot3_ws/install/turtlebot3_fake_node:/home/ubuntu/turtlebot3_ws/install/turtlebot3_msgs:/home/ubuntu/turtlebot3_ws/install/turtlebot3_manipulation_gazebo:/home/ubuntu/turtlebot3_ws/install/turtlebot3_description:/home/ubuntu/turtlebot3_ws/install/turtlebot3_cartographer:/home/ubuntu/turtlebot3_ws/install/turtlebot3_teleop:/home/ubuntu/turtlebot3_ws/install/turtlebot3_example:/opt/ros/humble:/home/ubuntu/turtlebot3_ws/install/simple_navigation_goals:/home/ubuntu/turtlebot3_ws/install/ros_tutorials_topic:/home/ubuntu/turtlebot3_ws/install/ros_goal_client:/home/ubuntu/turtlebot3_ws/install/rescue_orchestrator:/home/ubuntu/turtlebot3_ws/install/dynamixel_sdk_examples:/home/ubuntu/turtlebot3_ws/install/dynamixel_sdk_custom_interfaces:/home/ubuntu/turtlebot3_ws/install/dynamixel_sdk:/home/ubuntu/turtlebot3_ws/install/cpp_talker_listener /usr/bin/cmake --build /home/ubuntu/turtlebot3_ws/build/uart_bridge_cpp -- -j4 -l4
[0.613s] [ 50%] [32mBuilding CXX object CMakeFiles/uart_bridge_ama1_node.dir/src/uart_bridge_ama1_node.cpp.o[0m
[0.614s] [ 75%] Built target uart_bridge_node
[33.155s] [100%] [32m[1mLinking CXX executable uart_bridge_ama1_node[0m
[34.988s] [100%] Built target uart_bridge_ama1_node
[35.035s] Invoked command in '/home/ubuntu/turtlebot3_ws/build/uart_bridge_cpp' returned '0': CMAKE_PREFIX_PATH=/home/ubuntu/turtlebot3_ws/install/uart_bridge_cpp:/home/ubuntu/turtlebot3_ws/install/turtlebot3:/home/ubuntu/turtlebot3_ws/install/turtlebot3_bringup:/home/ubuntu/turtlebot3_ws/install/turtlebot3_node:/home/ubuntu/turtlebot3_ws/install/turtlebot3_navigation2:/home/ubuntu/turtlebot3_ws/install/turtlebot3_fake_node:/home/ubuntu/turtlebot3_ws/install/turtlebot3_msgs:/home/ubuntu/turtlebot3_ws/install/turtlebot3_manipulation_gazebo:/home/ubuntu/turtlebot3_ws/install/turtlebot3_description:/home/ubuntu/turtlebot3_ws/install/turtlebot3_cartographer:/home/ubuntu/turtlebot3_ws/install/turtlebot3_teleop:/home/ubuntu/turtlebot3_ws/install/turtlebot3_example:/opt/ros/humble:/home/ubuntu/turtlebot3_ws/install/simple_navigation_goals:/home/ubuntu/turtlebot3_ws/install/ros_tutorials_topic:/home/ubuntu/turtlebot3_ws/install/ros_goal_client:/home/ubuntu/turtlebot3_ws/install/rescue_orchestrator:/home/ubuntu/turtlebot3_ws/install/dynamixel_sdk_examples:/home/ubuntu/turtlebot3_ws/install/dynamixel_sdk_custom_interfaces:/home/ubuntu/turtlebot3_ws/install/dynamixel_sdk:/home/ubuntu/turtlebot3_ws/install/cpp_talker_listener /usr/bin/cmake --build /home/ubuntu/turtlebot3_ws/build/uart_bridge_cpp -- -j4 -l4
[35.091s] Invoking command in '/home/ubuntu/turtlebot3_ws/build/uart_bridge_cpp': CMAKE_PREFIX_PATH=/home/ubuntu/turtlebot3_ws/install/uart_bridge_cpp:/home/ubuntu/turtlebot3_ws/install/turtlebot3:/home/ubuntu/turtlebot3_ws/install/turtlebot3_bringup:/home/ubuntu/turtlebot3_ws/install/turtlebot3_node:/home/ubuntu/turtlebot3_ws/install/turtlebot3_navigation2:/home/ubuntu/turtlebot3_ws/install/turtlebot3_fake_node:/home/ubuntu/turtlebot3_ws/install/turtlebot3_msgs:/home/ubuntu/turtlebot3_ws/install/turtlebot3_manipulation_gazebo:/home/ubuntu/turtlebot3_ws/install/turtlebot3_description:/home/ubuntu/turtlebot3_ws/install/turtlebot3_cartographer:/home/ubuntu/turtlebot3_ws/install/turtlebot3_teleop:/home/ubuntu/turtlebot3_ws/install/turtlebot3_example:/opt/ros/humble:/home/ubuntu/turtlebot3_ws/install/simple_navigation_goals:/home/ubuntu/turtlebot3_ws/install/ros_tutorials_topic:/home/ubuntu/turtlebot3_ws/install/ros_goal_client:/home/ubuntu/turtlebot3_ws/install/rescue_orchestrator:/home/ubuntu/turtlebot3_ws/install/dynamixel_sdk_examples:/home/ubuntu/turtlebot3_ws/install/dynamixel_sdk_custom_interfaces:/home/ubuntu/turtlebot3_ws/install/dynamixel_sdk:/home/ubuntu/turtlebot3_ws/install/cpp_talker_listener /usr/bin/cmake --install /home/ubuntu/turtlebot3_ws/build/uart_bridge_cpp
[35.126s] -- Install configuration: ""
[35.129s] -- Execute custom install script
[35.132s] -- Up-to-date symlink: /home/ubuntu/turtlebot3_ws/install/uart_bridge_cpp/lib/uart_bridge_cpp/uart_bridge_node
[35.133s] -- Up-to-date symlink: /home/ubuntu/turtlebot3_ws/install/uart_bridge_cpp/lib/uart_bridge_cpp/uart_bridge_ama1_node
[35.135s] -- Up-to-date symlink: /home/ubuntu/turtlebot3_ws/install/uart_bridge_cpp/share/uart_bridge_cpp/launch/multi_uart.launch.py
[35.136s] -- Up-to-date symlink: /home/ubuntu/turtlebot3_ws/install/uart_bridge_cpp/share/uart_bridge_cpp/launch/uart_bridge.launch.py
[35.137s] -- Up-to-date symlink: /home/ubuntu/turtlebot3_ws/install/uart_bridge_cpp/share/uart_bridge_cpp/launch/uart_bridge_ama1.launch.py
[35.139s] -- Up-to-date symlink: /home/ubuntu/turtlebot3_ws/install/uart_bridge_cpp/share/ament_index/resource_index/package_run_dependencies/uart_bridge_cpp
[35.144s] -- Up-to-date symlink: /home/ubuntu/turtlebot3_ws/install/uart_bridge_cpp/share/ament_index/resource_index/parent_prefix_path/uart_bridge_cpp
[35.144s] -- Up-to-date symlink: /home/ubuntu/turtlebot3_ws/install/uart_bridge_cpp/share/uart_bridge_cpp/environment/ament_prefix_path.sh
[35.146s] -- Up-to-date symlink: /home/ubuntu/turtlebot3_ws/install/uart_bridge_cpp/share/uart_bridge_cpp/environment/ament_prefix_path.dsv
[35.147s] -- Up-to-date symlink: /home/ubuntu/turtlebot3_ws/install/uart_bridge_cpp/share/uart_bridge_cpp/environment/path.sh
[35.148s] -- Up-to-date symlink: /home/ubuntu/turtlebot3_ws/install/uart_bridge_cpp/share/uart_bridge_cpp/environment/path.dsv
[35.149s] -- Up-to-date symlink: /home/ubuntu/turtlebot3_ws/install/uart_bridge_cpp/share/uart_bridge_cpp/local_setup.bash
[35.150s] -- Up-to-date symlink: /home/ubuntu/turtlebot3_ws/install/uart_bridge_cpp/share/uart_bridge_cpp/local_setup.sh
[35.151s] -- Up-to-date symlink: /home/ubuntu/turtlebot3_ws/install/uart_bridge_cpp/share/uart_bridge_cpp/local_setup.zsh
[35.152s] -- Up-to-date symlink: /home/ubuntu/turtlebot3_ws/install/uart_bridge_cpp/share/uart_bridge_cpp/local_setup.dsv
[35.153s] -- Symlinking: /home/ubuntu/turtlebot3_ws/install/uart_bridge_cpp/share/uart_bridge_cpp/package.dsv
[35.197s] -- Up-to-date symlink: /home/ubuntu/turtlebot3_ws/install/uart_bridge_cpp/share/ament_index/resource_index/packages/uart_bridge_cpp
[35.198s] -- Up-to-date symlink: /home/ubuntu/turtlebot3_ws/install/uart_bridge_cpp/share/uart_bridge_cpp/cmake/uart_bridge_cppConfig.cmake
[35.199s] -- Up-to-date symlink: /home/ubuntu/turtlebot3_ws/install/uart_bridge_cpp/share/uart_bridge_cpp/cmake/uart_bridge_cppConfig-version.cmake
[35.200s] -- Up-to-date symlink: /home/ubuntu/turtlebot3_ws/install/uart_bridge_cpp/share/uart_bridge_cpp/package.xml
[35.207s] Invoked command in '/home/ubuntu/turtlebot3_ws/build/uart_bridge_cpp' returned '0': CMAKE_PREFIX_PATH=/home/ubuntu/turtlebot3_ws/install/uart_bridge_cpp:/home/ubuntu/turtlebot3_ws/install/turtlebot3:/home/ubuntu/turtlebot3_ws/install/turtlebot3_bringup:/home/ubuntu/turtlebot3_ws/install/turtlebot3_node:/home/ubuntu/turtlebot3_ws/install/turtlebot3_navigation2:/home/ubuntu/turtlebot3_ws/install/turtlebot3_fake_node:/home/ubuntu/turtlebot3_ws/install/turtlebot3_msgs:/home/ubuntu/turtlebot3_ws/install/turtlebot3_manipulation_gazebo:/home/ubuntu/turtlebot3_ws/install/turtlebot3_description:/home/ubuntu/turtlebot3_ws/install/turtlebot3_cartographer:/home/ubuntu/turtlebot3_ws/install/turtlebot3_teleop:/home/ubuntu/turtlebot3_ws/install/turtlebot3_example:/opt/ros/humble:/home/ubuntu/turtlebot3_ws/install/simple_navigation_goals:/home/ubuntu/turtlebot3_ws/install/ros_tutorials_topic:/home/ubuntu/turtlebot3_ws/install/ros_goal_client:/home/ubuntu/turtlebot3_ws/install/rescue_orchestrator:/home/ubuntu/turtlebot3_ws/install/dynamixel_sdk_examples:/home/ubuntu/turtlebot3_ws/install/dynamixel_sdk_custom_interfaces:/home/ubuntu/turtlebot3_ws/install/dynamixel_sdk:/home/ubuntu/turtlebot3_ws/install/cpp_talker_listener /usr/bin/cmake --install /home/ubuntu/turtlebot3_ws/build/uart_bridge_cpp
