[01m[K/home/ubuntu/turtlebot3_ws/src/ros_goal_client/src/rosGoalServer.cpp:106:26:[m[K [01;31m[Kerror: [m[Kredefinition of ‘[01m[Kstd::atomic<bool> g_second_ready[m[K’
  106 | static std::atomic<bool> [01;31m[Kg_second_ready[m[K{false};
      |                          [01;31m[K^~~~~~~~~~~~~~[m[K
[01m[K/home/ubuntu/turtlebot3_ws/src/ros_goal_client/src/rosGoalServer.cpp:101:26:[m[K [01;36m[Knote: [m[K‘[01m[Kstd::atomic<bool> g_second_ready[m[K’ previously defined here
  101 | static std::atomic<bool> [01;36m[Kg_second_ready[m[K{false};
      |                          [01;36m[K^~~~~~~~~~~~~~[m[K
[01m[K/home/ubuntu/turtlebot3_ws/src/ros_goal_client/src/rosGoalServer.cpp:107:40:[m[K [01;31m[Kerror: [m[Kredefinition of ‘[01m[Kgeometry_msgs::msg::PoseStamped g_second_pose[m[K’
  107 | static geometry_msgs::msg::PoseStamped [01;31m[Kg_second_pose[m[K;
      |                                        [01;31m[K^~~~~~~~~~~~~[m[K
[01m[K/home/ubuntu/turtlebot3_ws/src/ros_goal_client/src/rosGoalServer.cpp:99:40:[m[K [01;36m[Knote: [m[K‘[01m[Kgeometry_msgs::msg::PoseStamped g_second_pose[m[K’ previously declared here
   99 | static geometry_msgs::msg::PoseStamped [01;36m[Kg_second_pose[m[K;
      |                                        [01;36m[K^~~~~~~~~~~~~[m[K
[01m[K/home/ubuntu/turtlebot3_ws/src/ros_goal_client/src/rosGoalServer.cpp:110:1:[m[K [01;31m[Kerror: [m[K‘[01m[Kg_home_pose[m[K’ does not name a type
  110 | [01;31m[Kg_home_pose[m[K.header.frame_id = "map";
      | [01;31m[K^~~~~~~~~~~[m[K
[01m[K/home/ubuntu/turtlebot3_ws/src/ros_goal_client/src/rosGoalServer.cpp:111:1:[m[K [01;31m[Kerror: [m[K‘[01m[Kg_home_pose[m[K’ does not name a type
  111 | [01;31m[Kg_home_pose[m[K.pose.position.x = 0.0;
      | [01;31m[K^~~~~~~~~~~[m[K
[01m[K/home/ubuntu/turtlebot3_ws/src/ros_goal_client/src/rosGoalServer.cpp:112:1:[m[K [01;31m[Kerror: [m[K‘[01m[Kg_home_pose[m[K’ does not name a type
  112 | [01;31m[Kg_home_pose[m[K.pose.position.y = 0.0;
      | [01;31m[K^~~~~~~~~~~[m[K
[01m[K/home/ubuntu/turtlebot3_ws/src/ros_goal_client/src/rosGoalServer.cpp:113:1:[m[K [01;31m[Kerror: [m[K‘[01m[Kg_home_pose[m[K’ does not name a type
  113 | [01;31m[Kg_home_pose[m[K.pose.position.z = 0.0;
      | [01;31m[K^~~~~~~~~~~[m[K
[01m[K/home/ubuntu/turtlebot3_ws/src/ros_goal_client/src/rosGoalServer.cpp:115:1:[m[K [01;31m[Kerror: [m[K‘[01m[Kq[m[K’ does not name a type
  115 | [01;31m[Kq[m[K.x = q.y = q.z = 0.0;
      | [01;31m[K^[m[K
[01m[K/home/ubuntu/turtlebot3_ws/src/ros_goal_client/src/rosGoalServer.cpp:116:1:[m[K [01;31m[Kerror: [m[K‘[01m[Kq[m[K’ does not name a type
  116 | [01;31m[Kq[m[K.w = 1.0;   // yaw 0
      | [01;31m[K^[m[K
[01m[K/home/ubuntu/turtlebot3_ws/src/ros_goal_client/src/rosGoalServer.cpp:117:1:[m[K [01;31m[Kerror: [m[K‘[01m[Kg_home_pose[m[K’ does not name a type
  117 | [01;31m[Kg_home_pose[m[K.pose.orientation = q;
      | [01;31m[K^~~~~~~~~~~[m[K
[01m[K/home/ubuntu/turtlebot3_ws/src/ros_goal_client/src/rosGoalServer.cpp:118:1:[m[K [01;31m[Kerror: [m[K‘[01m[Kg_home_ready[m[K’ does not name a type
  118 | [01;31m[Kg_home_ready[m[K.store(true);
      | [01;31m[K^~~~~~~~~~~~[m[K
[01m[K/home/ubuntu/turtlebot3_ws/src/ros_goal_client/src/rosGoalServer.cpp:121:1:[m[K [01;31m[Kerror: [m[K‘[01m[Kg_nav_client[m[K’ does not name a type
  121 | [01;31m[Kg_nav_client[m[K = rclcpp_action::create_client<NavigateToPose>(g_node, "navigate_to_pose");
      | [01;31m[K^~~~~~~~~~~~[m[K
[01m[K/home/ubuntu/turtlebot3_ws/src/ros_goal_client/src/rosGoalServer.cpp:123:1:[m[K [01;31m[Kerror: [m[K‘[01m[Kg_home_pose[m[K’ does not name a type
  123 | [01;31m[Kg_home_pose[m[K.header.frame_id = "map";
      | [01;31m[K^~~~~~~~~~~[m[K
[01m[K/home/ubuntu/turtlebot3_ws/src/ros_goal_client/src/rosGoalServer.cpp:124:1:[m[K [01;31m[Kerror: [m[K‘[01m[Kg_home_pose[m[K’ does not name a type
  124 | [01;31m[Kg_home_pose[m[K.pose.position.x = 0.0;
      | [01;31m[K^~~~~~~~~~~[m[K
[01m[K/home/ubuntu/turtlebot3_ws/src/ros_goal_client/src/rosGoalServer.cpp:125:1:[m[K [01;31m[Kerror: [m[K‘[01m[Kg_home_pose[m[K’ does not name a type
  125 | [01;31m[Kg_home_pose[m[K.pose.position.y = 0.0;
      | [01;31m[K^~~~~~~~~~~[m[K
[01m[K/home/ubuntu/turtlebot3_ws/src/ros_goal_client/src/rosGoalServer.cpp:126:1:[m[K [01;31m[Kerror: [m[K‘[01m[Kg_home_pose[m[K’ does not name a type
  126 | [01;31m[Kg_home_pose[m[K.pose.position.z = 0.0;
      | [01;31m[K^~~~~~~~~~~[m[K
[01m[K/home/ubuntu/turtlebot3_ws/src/ros_goal_client/src/rosGoalServer.cpp:127:1:[m[K [01;31m[Kerror: [m[K‘[01m[Kg_home_pose[m[K’ does not name a type
  127 | [01;31m[Kg_home_pose[m[K.pose.orientation.x = 0.0;
      | [01;31m[K^~~~~~~~~~~[m[K
[01m[K/home/ubuntu/turtlebot3_ws/src/ros_goal_client/src/rosGoalServer.cpp:128:1:[m[K [01;31m[Kerror: [m[K‘[01m[Kg_home_pose[m[K’ does not name a type
  128 | [01;31m[Kg_home_pose[m[K.pose.orientation.y = 0.0;
      | [01;31m[K^~~~~~~~~~~[m[K
[01m[K/home/ubuntu/turtlebot3_ws/src/ros_goal_client/src/rosGoalServer.cpp:129:1:[m[K [01;31m[Kerror: [m[K‘[01m[Kg_home_pose[m[K’ does not name a type
  129 | [01;31m[Kg_home_pose[m[K.pose.orientation.z = 0.0;
      | [01;31m[K^~~~~~~~~~~[m[K
[01m[K/home/ubuntu/turtlebot3_ws/src/ros_goal_client/src/rosGoalServer.cpp:130:1:[m[K [01;31m[Kerror: [m[K‘[01m[Kg_home_pose[m[K’ does not name a type
  130 | [01;31m[Kg_home_pose[m[K.pose.orientation.w = 1.0;
      | [01;31m[K^~~~~~~~~~~[m[K
[01m[K/home/ubuntu/turtlebot3_ws/src/ros_goal_client/src/rosGoalServer.cpp:131:1:[m[K [01;31m[Kerror: [m[K‘[01m[Kg_home_ready[m[K’ does not name a type
  131 | [01;31m[Kg_home_ready[m[K.store(true);
      | [01;31m[K^~~~~~~~~~~~[m[K
[01m[K/home/ubuntu/turtlebot3_ws/src/ros_goal_client/src/rosGoalServer.cpp:133:1:[m[K [01;31m[Kerror: [m[K‘[01m[Kg_second_ready[m[K’ does not name a type
  133 | [01;31m[Kg_second_ready[m[K.store(false);
      | [01;31m[K^~~~~~~~~~~~~~[m[K
[01m[K/home/ubuntu/turtlebot3_ws/src/ros_goal_client/src/rosGoalServer.cpp:[m[K In function ‘[01m[Kvoid* recv_msg(void*)[m[K’:
[01m[K/home/ubuntu/turtlebot3_ws/src/ros_goal_client/src/rosGoalServer.cpp:525:10:[m[K [01;35m[Kwarning: [m[Kunused variable ‘[01m[KdSeqVal[m[K’ [[01;35m[K-Wunused-variable[m[K]
  525 |   double [01;35m[KdSeqVal[m[K[GOALCNT][3] = {
      |          [01;35m[K^~~~~~~[m[K
gmake[2]: *** [CMakeFiles/rosGoalServer.dir/build.make:76: CMakeFiles/rosGoalServer.dir/src/rosGoalServer.cpp.o] Error 1
gmake[1]: *** [CMakeFiles/Makefile2:595: CMakeFiles/rosGoalServer.dir/all] Error 2
gmake: *** [Makefile:146: all] Error 2
