[35m[1mConsolidate compiler generated dependencies of target ros_goal_client__rosidl_generator_c[0m
[  8%] Built target ros_goal_client__rosidl_generator_c
[ 11%] Built target ros_goal_client__cpp
[35m[1mConsolidate compiler generated dependencies of target ros_goal_client__rosidl_typesupport_fastrtps_c[0m
[ 11%] Built target ament_cmake_python_symlink_ros_goal_client
[35m[1mConsolidate compiler generated dependencies of target ros_goal_client__rosidl_typesupport_c[0m
[35m[1mConsolidate compiler generated dependencies of target ros_goal_client__rosidl_typesupport_introspection_c[0m
[35m[1mConsolidate compiler generated dependencies of target ros_goal_client__rosidl_typesupport_introspection_cpp[0m
[ 20%] Built target ros_goal_client__rosidl_typesupport_fastrtps_c
[ 28%] Built target ros_goal_client__rosidl_typesupport_c
[ 37%] Built target ros_goal_client__rosidl_typesupport_introspection_c
[ 45%] Built target ros_goal_client__rosidl_typesupport_introspection_cpp
[35m[1mConsolidate compiler generated dependencies of target ros_goal_client__rosidl_typesupport_cpp[0m
[35m[1mConsolidate compiler generated dependencies of target ros_goal_client__rosidl_typesupport_fastrtps_cpp[0m
[ 54%] Built target ros_goal_client__rosidl_typesupport_cpp
[ 62%] Built target ros_goal_client__rosidl_typesupport_fastrtps_cpp
[35m[1mConsolidate compiler generated dependencies of target rosGoalClient[0m
[35m[1mConsolidate compiler generated dependencies of target rosGoalServer[0m
[ 68%] Built target rosGoalClient
[ 68%] Built target ros_goal_client
[ 71%] [32mBuilding CXX object CMakeFiles/rosGoalServer.dir/src/rosGoalServer.cpp.o[0m
[ 74%] [34m[1mGenerating Python code for ROS interfaces[0m
running egg_info
writing ros_goal_client.egg-info/PKG-INFO
writing dependency_links to ros_goal_client.egg-info/dependency_links.txt
writing top-level names to ros_goal_client.egg-info/top_level.txt
reading manifest file 'ros_goal_client.egg-info/SOURCES.txt'
writing manifest file 'ros_goal_client.egg-info/SOURCES.txt'
[ 74%] Built target ament_cmake_python_build_ros_goal_client_egg
[ 74%] Built target ros_goal_client__py
[ 77%] [32mBuilding C object CMakeFiles/ros_goal_client__rosidl_generator_py.dir/rosidl_generator_py/ros_goal_client/srv/_bot3_gpio_s.c.o[0m
[ 80%] [32m[1mLinking C shared library rosidl_generator_py/ros_goal_client/libros_goal_client__rosidl_generator_py.so[0m
[ 80%] Built target ros_goal_client__rosidl_generator_py
[ 82%] [32mBuilding C object CMakeFiles/ros_goal_client__rosidl_typesupport_fastrtps_c__pyext.dir/rosidl_generator_py/ros_goal_client/_ros_goal_client_s.ep.rosidl_typesupport_fastrtps_c.c.o[0m
[ 85%] [32mBuilding C object CMakeFiles/ros_goal_client__rosidl_typesupport_c__pyext.dir/rosidl_generator_py/ros_goal_client/_ros_goal_client_s.ep.rosidl_typesupport_c.c.o[0m
[ 88%] [32mBuilding C object CMakeFiles/ros_goal_client__rosidl_typesupport_introspection_c__pyext.dir/rosidl_generator_py/ros_goal_client/_ros_goal_client_s.ep.rosidl_typesupport_introspection_c.c.o[0m
[ 91%] [32m[1mLinking C shared library rosidl_generator_py/ros_goal_client/ros_goal_client_s__rosidl_typesupport_fastrtps_c.cpython-310-aarch64-linux-gnu.so[0m
[ 94%] [32m[1mLinking C shared library rosidl_generator_py/ros_goal_client/ros_goal_client_s__rosidl_typesupport_c.cpython-310-aarch64-linux-gnu.so[0m
[ 97%] [32m[1mLinking C shared library rosidl_generator_py/ros_goal_client/ros_goal_client_s__rosidl_typesupport_introspection_c.cpython-310-aarch64-linux-gnu.so[0m
[ 97%] Built target ros_goal_client__rosidl_typesupport_fastrtps_c__pyext
[ 97%] Built target ros_goal_client__rosidl_typesupport_c__pyext
[ 97%] Built target ros_goal_client__rosidl_typesupport_introspection_c__pyext
