-- Found ament_cmake: 1.3.12 (/opt/ros/humble/share/ament_cmake/cmake)
-- Override CMake install command with custom implementation using symlinks instead of copying resources
-- Found rclcpp: 16.0.15 (/opt/ros/humble/share/rclcpp/cmake)
-- Found rosidl_generator_c: 3.1.7 (/opt/ros/humble/share/rosidl_generator_c/cmake)
-- Found rosidl_adapter: 3.1.7 (/opt/ros/humble/share/rosidl_adapter/cmake)
-- Found rosidl_generator_cpp: 3.1.7 (/opt/ros/humble/share/rosidl_generator_cpp/cmake)
-- Using all available rosidl_typesupport_c: rosidl_typesupport_fastrtps_c;rosidl_typesupport_introspection_c
-- Using all available rosidl_typesupport_cpp: rosidl_typesupport_fastrtps_cpp;rosidl_typesupport_introspection_cpp
-- Found rmw_implementation_cmake: 6.1.2 (/opt/ros/humble/share/rmw_implementation_cmake/cmake)
-- Found rmw_fastrtps_cpp: 6.2.8 (/opt/ros/humble/share/rmw_fastrtps_cpp/cmake)
-- Using RMW implementation 'rmw_fastrtps_cpp' as default
-- Configuring done
-- Generating done
-- Build files have been written to: /home/ubuntu/ros2_ws/build/socket_server_pkg
[35m[1mConsolidate compiler generated dependencies of target socket_server_node[0m
[ 50%] [32mBuilding CXX object CMakeFiles/socket_server_node.dir/src/socket_server_node.cpp.o[0m
[100%] [32m[1mLinking CXX executable socket_server_node[0m
[100%] Built target socket_server_node
-- Install configuration: ""
-- Execute custom install script
-- Symlinking: /home/ubuntu/ros2_ws/install/socket_server_pkg/lib/socket_server_pkg/socket_server_node
-- Symlinking: /home/ubuntu/ros2_ws/install/socket_server_pkg/include/socket_server_pkg/socket_server_node.hpp
-- Symlinking: /home/ubuntu/ros2_ws/install/socket_server_pkg/share/socket_server_pkg/launch/socket_server.launch.py
-- Symlinking: /home/ubuntu/ros2_ws/install/socket_server_pkg/share/ament_index/resource_index/package_run_dependencies/socket_server_pkg
-- Symlinking: /home/ubuntu/ros2_ws/install/socket_server_pkg/share/ament_index/resource_index/parent_prefix_path/socket_server_pkg
-- Symlinking: /home/ubuntu/ros2_ws/install/socket_server_pkg/share/socket_server_pkg/environment/ament_prefix_path.sh
-- Symlinking: /home/ubuntu/ros2_ws/install/socket_server_pkg/share/socket_server_pkg/environment/ament_prefix_path.dsv
-- Symlinking: /home/ubuntu/ros2_ws/install/socket_server_pkg/share/socket_server_pkg/environment/path.sh
-- Symlinking: /home/ubuntu/ros2_ws/install/socket_server_pkg/share/socket_server_pkg/environment/path.dsv
-- Symlinking: /home/ubuntu/ros2_ws/install/socket_server_pkg/share/socket_server_pkg/local_setup.bash
-- Symlinking: /home/ubuntu/ros2_ws/install/socket_server_pkg/share/socket_server_pkg/local_setup.sh
-- Symlinking: /home/ubuntu/ros2_ws/install/socket_server_pkg/share/socket_server_pkg/local_setup.zsh
-- Symlinking: /home/ubuntu/ros2_ws/install/socket_server_pkg/share/socket_server_pkg/local_setup.dsv
-- Symlinking: /home/ubuntu/ros2_ws/install/socket_server_pkg/share/socket_server_pkg/package.dsv
-- Symlinking: /home/ubuntu/ros2_ws/install/socket_server_pkg/share/ament_index/resource_index/packages/socket_server_pkg
-- Symlinking: /home/ubuntu/ros2_ws/install/socket_server_pkg/share/socket_server_pkg/cmake/socket_server_pkgConfig.cmake
-- Symlinking: /home/ubuntu/ros2_ws/install/socket_server_pkg/share/socket_server_pkg/cmake/socket_server_pkgConfig-version.cmake
-- Symlinking: /home/ubuntu/ros2_ws/install/socket_server_pkg/share/socket_server_pkg/package.xml
