[0.094s] Invoking command in '/home/ubuntu/ros2_ws/build/socket_server_pkg': CMAKE_PREFIX_PATH=/opt/ros/humble /usr/bin/cmake /home/ubuntu/ros2_ws/src/socket_server_pkg -DAMENT_CMAKE_SYMLINK_INSTALL=1 -DCMAKE_INSTALL_PREFIX=/home/ubuntu/ros2_ws/install/socket_server_pkg
[0.487s] -- Found ament_cmake: 1.3.12 (/opt/ros/humble/share/ament_cmake/cmake)
[1.163s] -- Override CMake install command with custom implementation using symlinks instead of copying resources
[1.280s] -- Found rclcpp: 16.0.15 (/opt/ros/humble/share/rclcpp/cmake)
[1.513s] -- Found rosidl_generator_c: 3.1.7 (/opt/ros/humble/share/rosidl_generator_c/cmake)
[1.530s] -- Found rosidl_adapter: 3.1.7 (/opt/ros/humble/share/rosidl_adapter/cmake)
[1.568s] -- Found rosidl_generator_cpp: 3.1.7 (/opt/ros/humble/share/rosidl_generator_cpp/cmake)
[1.632s] -- Using all available rosidl_typesupport_c: rosidl_typesupport_fastrtps_c;rosidl_typesupport_introspection_c
[1.712s] -- Using all available rosidl_typesupport_cpp: rosidl_typesupport_fastrtps_cpp;rosidl_typesupport_introspection_cpp
[1.906s] -- Found rmw_implementation_cmake: 6.1.2 (/opt/ros/humble/share/rmw_implementation_cmake/cmake)
[1.917s] -- Found rmw_fastrtps_cpp: 6.2.8 (/opt/ros/humble/share/rmw_fastrtps_cpp/cmake)
[2.886s] -- Using RMW implementation 'rmw_fastrtps_cpp' as default
[3.481s] -- Configuring done
[3.574s] -- Generating done
[3.594s] -- Build files have been written to: /home/ubuntu/ros2_ws/build/socket_server_pkg
[3.621s] Invoked command in '/home/ubuntu/ros2_ws/build/socket_server_pkg' returned '0': CMAKE_PREFIX_PATH=/opt/ros/humble /usr/bin/cmake /home/ubuntu/ros2_ws/src/socket_server_pkg -DAMENT_CMAKE_SYMLINK_INSTALL=1 -DCMAKE_INSTALL_PREFIX=/home/ubuntu/ros2_ws/install/socket_server_pkg
[3.629s] Invoking command in '/home/ubuntu/ros2_ws/build/socket_server_pkg': CMAKE_PREFIX_PATH=/opt/ros/humble /usr/bin/cmake --build /home/ubuntu/ros2_ws/build/socket_server_pkg -- -j4 -l4
[3.794s] [35m[1mConsolidate compiler generated dependencies of target socket_server_node[0m
[3.894s] [ 50%] [32mBuilding CXX object CMakeFiles/socket_server_node.dir/src/socket_server_node.cpp.o[0m
[37.507s] [100%] [32m[1mLinking CXX executable socket_server_node[0m
[39.462s] [100%] Built target socket_server_node
[39.505s] Invoked command in '/home/ubuntu/ros2_ws/build/socket_server_pkg' returned '0': CMAKE_PREFIX_PATH=/opt/ros/humble /usr/bin/cmake --build /home/ubuntu/ros2_ws/build/socket_server_pkg -- -j4 -l4
[39.515s] Invoking command in '/home/ubuntu/ros2_ws/build/socket_server_pkg': CMAKE_PREFIX_PATH=/opt/ros/humble /usr/bin/cmake --install /home/ubuntu/ros2_ws/build/socket_server_pkg
[39.542s] -- Install configuration: ""
[39.544s] -- Execute custom install script
[39.549s] -- Symlinking: /home/ubuntu/ros2_ws/install/socket_server_pkg/lib/socket_server_pkg/socket_server_node
[39.586s] -- Symlinking: /home/ubuntu/ros2_ws/install/socket_server_pkg/include/socket_server_pkg/socket_server_node.hpp
[39.626s] -- Symlinking: /home/ubuntu/ros2_ws/install/socket_server_pkg/share/socket_server_pkg/launch/socket_server.launch.py
[39.662s] -- Symlinking: /home/ubuntu/ros2_ws/install/socket_server_pkg/share/ament_index/resource_index/package_run_dependencies/socket_server_pkg
[39.698s] -- Symlinking: /home/ubuntu/ros2_ws/install/socket_server_pkg/share/ament_index/resource_index/parent_prefix_path/socket_server_pkg
[39.733s] -- Symlinking: /home/ubuntu/ros2_ws/install/socket_server_pkg/share/socket_server_pkg/environment/ament_prefix_path.sh
[39.766s] -- Symlinking: /home/ubuntu/ros2_ws/install/socket_server_pkg/share/socket_server_pkg/environment/ament_prefix_path.dsv
[39.798s] -- Symlinking: /home/ubuntu/ros2_ws/install/socket_server_pkg/share/socket_server_pkg/environment/path.sh
[39.830s] -- Symlinking: /home/ubuntu/ros2_ws/install/socket_server_pkg/share/socket_server_pkg/environment/path.dsv
[39.863s] -- Symlinking: /home/ubuntu/ros2_ws/install/socket_server_pkg/share/socket_server_pkg/local_setup.bash
[39.895s] -- Symlinking: /home/ubuntu/ros2_ws/install/socket_server_pkg/share/socket_server_pkg/local_setup.sh
[39.925s] -- Symlinking: /home/ubuntu/ros2_ws/install/socket_server_pkg/share/socket_server_pkg/local_setup.zsh
[39.959s] -- Symlinking: /home/ubuntu/ros2_ws/install/socket_server_pkg/share/socket_server_pkg/local_setup.dsv
[39.993s] -- Symlinking: /home/ubuntu/ros2_ws/install/socket_server_pkg/share/socket_server_pkg/package.dsv
[40.027s] -- Symlinking: /home/ubuntu/ros2_ws/install/socket_server_pkg/share/ament_index/resource_index/packages/socket_server_pkg
[40.063s] -- Symlinking: /home/ubuntu/ros2_ws/install/socket_server_pkg/share/socket_server_pkg/cmake/socket_server_pkgConfig.cmake
[40.094s] -- Symlinking: /home/ubuntu/ros2_ws/install/socket_server_pkg/share/socket_server_pkg/cmake/socket_server_pkgConfig-version.cmake
[40.127s] -- Symlinking: /home/ubuntu/ros2_ws/install/socket_server_pkg/share/socket_server_pkg/package.xml
[40.166s] Invoked command in '/home/ubuntu/ros2_ws/build/socket_server_pkg' returned '0': CMAKE_PREFIX_PATH=/opt/ros/humble /usr/bin/cmake --install /home/ubuntu/ros2_ws/build/socket_server_pkg
