[0.039s] Invoking command in '/home/ubuntu/turtlebot3_ws/build/ros_goal_client': /usr/bin/cmake --build /home/ubuntu/turtlebot3_ws/build/ros_goal_client -- -j4 -l4
[0.232s] [  2%] Built target ros_goal_client__cpp
[0.241s] [ 11%] Built target ros_goal_client__rosidl_generator_c
[0.263s] [ 11%] Built target ament_cmake_python_symlink_ros_goal_client
[0.324s] [ 20%] Built target ros_goal_client__rosidl_typesupport_cpp
[0.333s] [ 28%] Built target ros_goal_client__rosidl_typesupport_fastrtps_cpp
[0.347s] [ 37%] Built target ros_goal_client__rosidl_typesupport_introspection_cpp
[0.363s] [ 45%] Built target ros_goal_client__rosidl_typesupport_fastrtps_c
[0.418s] [ 54%] Built target ros_goal_client__rosidl_typesupport_introspection_c
[0.421s] [ 62%] Built target ros_goal_client__rosidl_typesupport_c
[0.427s] [35m[1mConsolidate compiler generated dependencies of target rosGoalServer[0m
[0.506s] [ 62%] Built target ros_goal_client
[0.541s] [ 71%] [32mBuilding CXX object CMakeFiles/rosGoalServer.dir/src/rosGoalServer.cpp.o[0m
[0.542s] [ 71%] Built target rosGoalClient
[0.591s] [ 74%] Built target ros_goal_client__py
[0.673s] [ 80%] Built target ros_goal_client__rosidl_generator_py
[0.764s] [ 85%] Built target ros_goal_client__rosidl_typesupport_fastrtps_c__pyext
[0.768s] [ 91%] Built target ros_goal_client__rosidl_typesupport_introspection_c__pyext
[0.850s] [ 97%] Built target ros_goal_client__rosidl_typesupport_c__pyext
[1.260s] running egg_info
[1.263s] writing ros_goal_client.egg-info/PKG-INFO
[1.264s] writing dependency_links to ros_goal_client.egg-info/dependency_links.txt
[1.265s] writing top-level names to ros_goal_client.egg-info/top_level.txt
[1.274s] reading manifest file 'ros_goal_client.egg-info/SOURCES.txt'
[1.277s] writing manifest file 'ros_goal_client.egg-info/SOURCES.txt'
[1.402s] [ 97%] Built target ament_cmake_python_build_ros_goal_client_egg
[11.666s] [01m[K/home/ubuntu/turtlebot3_ws/src/ros_goal_client/src/rosGoalServer.cpp:[m[K In function ‘[01m[Kvoid on_stm_rx(std_msgs::msg::String_<std::allocator<void> >::SharedPtr)[m[K’:
[11.666s] [01m[K/home/ubuntu/turtlebot3_ws/src/ros_goal_client/src/rosGoalServer.cpp:268:15:[m[K [01;31m[Kerror: [m[Ktoo many arguments to function ‘[01m[Kvoid go_to_pose(const PoseStamped&, const string&, const string&)[m[K’
[11.667s]   268 |     [01;31m[Kgo_to_pose(g_home_pose, "", "", &g_home_reached)[m[K;
[11.667s]       |     [01;31m[K~~~~~~~~~~^~~~~~~~~~~~~~~~~~~~~~~~~~~~~~~~~~~~~~[m[K
[11.667s] [01m[K/home/ubuntu/turtlebot3_ws/src/ros_goal_client/src/rosGoalServer.cpp:95:13:[m[K [01;36m[Knote: [m[Kdeclared here
[11.668s]    95 | static void [01;36m[Kgo_to_pose[m[K(const geometry_msgs::msg::PoseStamped &pose,
[11.668s]       |             [01;36m[K^~~~~~~~~~[m[K
[11.671s] [01m[K/home/ubuntu/turtlebot3_ws/src/ros_goal_client/src/rosGoalServer.cpp:[m[K In function ‘[01m[Kvoid go_to_pose(const PoseStamped&, const string&, const string&)[m[K’:
[11.671s] [01m[K/home/ubuntu/turtlebot3_ws/src/ros_goal_client/src/rosGoalServer.cpp:281:63:[m[K [01;35m[Kwarning: [m[Kunused parameter ‘[01m[Kpose[m[K’ [[01;35m[K-Wunused-parameter[m[K]
[11.672s]   281 | static void go_to_pose([01;35m[Kconst geometry_msgs::msg::PoseStamped &pose[m[K,
[11.672s]       |                        [01;35m[K~~~~~~~~~~~~~~~~~~~~~~~~~~~~~~~~~~~~~~~^~~~[m[K
[11.673s] [01m[K/home/ubuntu/turtlebot3_ws/src/ros_goal_client/src/rosGoalServer.cpp:282:43:[m[K [01;35m[Kwarning: [m[Kunused parameter ‘[01m[Kpost_command[m[K’ [[01;35m[K-Wunused-parameter[m[K]
[11.673s]   282 |                        [01;35m[Kconst std::string &post_command[m[K,
[11.674s]       |                        [01;35m[K~~~~~~~~~~~~~~~~~~~^~~~~~~~~~~~[m[K
[11.675s] [01m[K/home/ubuntu/turtlebot3_ws/src/ros_goal_client/src/rosGoalServer.cpp:283:43:[m[K [01;35m[Kwarning: [m[Kunused parameter ‘[01m[Knotify_jetson_msg[m[K’ [[01;35m[K-Wunused-parameter[m[K]
[11.675s]   283 |                        [01;35m[Kconst std::string &notify_jetson_msg[m[K)
[11.676s]       |                        [01;35m[K~~~~~~~~~~~~~~~~~~~^~~~~~~~~~~~~~~~~[m[K
[11.677s] [01m[K/home/ubuntu/turtlebot3_ws/src/ros_goal_client/src/rosGoalServer.cpp:[m[K At global scope:
[11.678s] [01m[K/home/ubuntu/turtlebot3_ws/src/ros_goal_client/src/rosGoalServer.cpp:293:3:[m[K [01;31m[Kerror: [m[K‘[01m[Kgoal[m[K’ does not name a type
[11.679s]   293 |   [01;31m[Kgoal[m[K.pose = pose;
[11.680s]       |   [01;31m[K^~~~[m[K
[11.680s] [01m[K/home/ubuntu/turtlebot3_ws/src/ros_goal_client/src/rosGoalServer.cpp:294:3:[m[K [01;31m[Kerror: [m[K‘[01m[Kgoal[m[K’ does not name a type
[11.681s]   294 |   [01;31m[Kgoal[m[K.pose.header.stamp = g_node->now();
[11.681s]       |   [01;31m[K^~~~[m[K
[11.703s] [01m[K/home/ubuntu/turtlebot3_ws/src/ros_goal_client/src/rosGoalServer.cpp:299:3:[m[K [01;31m[Kerror: [m[Kexpected unqualified-id before ‘[01m[Kif[m[K’
[11.703s]   299 |   [01;31m[Kif[m[K (gh_rc != rclcpp::FutureReturnCode::SUCCESS) return;
[11.704s]       |   [01;31m[K^~[m[K
[11.705s] [01m[K/home/ubuntu/turtlebot3_ws/src/ros_goal_client/src/rosGoalServer.cpp:301:3:[m[K [01;31m[Kerror: [m[Kexpected unqualified-id before ‘[01m[Kif[m[K’
[11.705s]   301 |   [01;31m[Kif[m[K (!gh) return;
[11.706s]       |   [01;31m[K^~[m[K
[11.711s] [01m[K/home/ubuntu/turtlebot3_ws/src/ros_goal_client/src/rosGoalServer.cpp:305:3:[m[K [01;31m[Kerror: [m[Kexpected unqualified-id before ‘[01m[Kif[m[K’
[11.712s]   305 |   [01;31m[Kif[m[K (res_rc == rclcpp::FutureReturnCode::SUCCESS) {
[11.712s]       |   [01;31m[K^~[m[K
[14.988s] [01m[K/home/ubuntu/turtlebot3_ws/src/ros_goal_client/src/rosGoalServer.cpp:257:13:[m[K [01;35m[Kwarning: [m[K‘[01m[Kvoid on_stm_rx(std_msgs::msg::String_<std::allocator<void> >::SharedPtr)[m[K’ defined but not used [[01;35m[K-Wunused-function[m[K]
[14.989s]   257 | static void [01;35m[Kon_stm_rx[m[K(const std_msgs::msg::String::SharedPtr msg)
[14.990s]       |             [01;35m[K^~~~~~~~~[m[K
[14.992s] [01m[K/home/ubuntu/turtlebot3_ws/src/ros_goal_client/src/rosGoalServer.cpp:214:13:[m[K [01;35m[Kwarning: [m[K‘[01m[Kvoid on_uart_rx(std_msgs::msg::String_<std::allocator<void> >::SharedPtr)[m[K’ defined but not used [[01;35m[K-Wunused-function[m[K]
[14.993s]   214 | static void [01;35m[Kon_uart_rx[m[K(const std_msgs::msg::String::SharedPtr msg)
[14.994s]       |             [01;35m[K^~~~~~~~~~[m[K
[14.995s] [01m[K/home/ubuntu/turtlebot3_ws/src/ros_goal_client/src/rosGoalServer.cpp:99:13:[m[K [01;35m[Kwarning: [m[K‘[01m[Kvoid map_cb(nav_msgs::msg::OccupancyGrid_<std::allocator<void> >::SharedPtr)[m[K’ defined but not used [[01;35m[K-Wunused-function[m[K]
[14.996s]    99 | static void [01;35m[Kmap_cb[m[K(const nav_msgs::msg::OccupancyGrid::SharedPtr msg)
[14.997s]       |             [01;35m[K^~~~~~[m[K
[15.076s] gmake[2]: *** [CMakeFiles/rosGoalServer.dir/build.make:76: CMakeFiles/rosGoalServer.dir/src/rosGoalServer.cpp.o] Error 1
[15.077s] gmake[1]: *** [CMakeFiles/Makefile2:595: CMakeFiles/rosGoalServer.dir/all] Error 2
[15.078s] gmake: *** [Makefile:146: all] Error 2
[15.085s] Invoked command in '/home/ubuntu/turtlebot3_ws/build/ros_goal_client' returned '2': /usr/bin/cmake --build /home/ubuntu/turtlebot3_ws/build/ros_goal_client -- -j4 -l4
