[0.053s] Invoking command in '/home/ubuntu/ros2_ws/build/uart_bridge_cpp': CMAKE_PREFIX_PATH=${CMAKE_PREFIX_PATH}:/home/ubuntu/turtlebot3_ws/install/turtlebot3_teleop:/opt/ros/humble /usr/bin/cmake /home/ubuntu/ros2_ws/src/uart_bridge_cpp -DCMAKE_INSTALL_PREFIX=/home/ubuntu/ros2_ws/install/uart_bridge_cpp
[0.113s] -- Found ament_cmake: 1.3.12 (/opt/ros/humble/share/ament_cmake/cmake)
[0.672s] -- Override CMake install command with custom implementation using symlinks instead of copying resources
[0.708s] -- Found rclcpp: 16.0.15 (/opt/ros/humble/share/rclcpp/cmake)
[0.873s] -- Found rosidl_generator_c: 3.1.7 (/opt/ros/humble/share/rosidl_generator_c/cmake)
[0.884s] -- Found rosidl_adapter: 3.1.7 (/opt/ros/humble/share/rosidl_adapter/cmake)
[0.907s] -- Found rosidl_generator_cpp: 3.1.7 (/opt/ros/humble/share/rosidl_generator_cpp/cmake)
[0.946s] -- Using all available rosidl_typesupport_c: rosidl_typesupport_fastrtps_c;rosidl_typesupport_introspection_c
[0.997s] -- Using all available rosidl_typesupport_cpp: rosidl_typesupport_fastrtps_cpp;rosidl_typesupport_introspection_cpp
[1.127s] -- Found rmw_implementation_cmake: 6.1.2 (/opt/ros/humble/share/rmw_implementation_cmake/cmake)
[1.134s] -- Found rmw_fastrtps_cpp: 6.2.8 (/opt/ros/humble/share/rmw_fastrtps_cpp/cmake)
[2.095s] -- Using RMW implementation 'rmw_fastrtps_cpp' as default
[2.587s] -- Configuring done
[2.653s] -- Generating done
[2.672s] -- Build files have been written to: /home/ubuntu/ros2_ws/build/uart_bridge_cpp
[2.699s] Invoked command in '/home/ubuntu/ros2_ws/build/uart_bridge_cpp' returned '0': CMAKE_PREFIX_PATH=${CMAKE_PREFIX_PATH}:/home/ubuntu/turtlebot3_ws/install/turtlebot3_teleop:/opt/ros/humble /usr/bin/cmake /home/ubuntu/ros2_ws/src/uart_bridge_cpp -DCMAKE_INSTALL_PREFIX=/home/ubuntu/ros2_ws/install/uart_bridge_cpp
[2.708s] Invoking command in '/home/ubuntu/ros2_ws/build/uart_bridge_cpp': CMAKE_PREFIX_PATH=${CMAKE_PREFIX_PATH}:/home/ubuntu/turtlebot3_ws/install/turtlebot3_teleop:/opt/ros/humble /usr/bin/cmake --build /home/ubuntu/ros2_ws/build/uart_bridge_cpp -- -j4 -l4
[2.894s] [35m[1mConsolidate compiler generated dependencies of target uart_bridge_node[0m
[2.896s] [35m[1mConsolidate compiler generated dependencies of target uart_bridge_ama1_node[0m
[2.992s] [ 50%] Built target uart_bridge_node
[2.993s] [100%] Built target uart_bridge_ama1_node
[3.038s] Invoked command in '/home/ubuntu/ros2_ws/build/uart_bridge_cpp' returned '0': CMAKE_PREFIX_PATH=${CMAKE_PREFIX_PATH}:/home/ubuntu/turtlebot3_ws/install/turtlebot3_teleop:/opt/ros/humble /usr/bin/cmake --build /home/ubuntu/ros2_ws/build/uart_bridge_cpp -- -j4 -l4
[3.083s] Invoking command in '/home/ubuntu/ros2_ws/build/uart_bridge_cpp': CMAKE_PREFIX_PATH=${CMAKE_PREFIX_PATH}:/home/ubuntu/turtlebot3_ws/install/turtlebot3_teleop:/opt/ros/humble /usr/bin/cmake --install /home/ubuntu/ros2_ws/build/uart_bridge_cpp
[3.113s] -- Install configuration: ""
[3.115s] -- Execute custom install script
[3.117s] -- Up-to-date symlink: /home/ubuntu/ros2_ws/install/uart_bridge_cpp/lib/uart_bridge_cpp/uart_bridge_node
[3.118s] -- Up-to-date symlink: /home/ubuntu/ros2_ws/install/uart_bridge_cpp/lib/uart_bridge_cpp/uart_bridge_ama1_node
[3.119s] -- Up-to-date symlink: /home/ubuntu/ros2_ws/install/uart_bridge_cpp/share/uart_bridge_cpp/launch/multi_uart.launch.py
[3.120s] -- Up-to-date symlink: /home/ubuntu/ros2_ws/install/uart_bridge_cpp/share/uart_bridge_cpp/launch/uart_bridge.launch.py
[3.121s] -- Up-to-date symlink: /home/ubuntu/ros2_ws/install/uart_bridge_cpp/share/uart_bridge_cpp/launch/uart_bridge_ama1.launch.py
[3.122s] -- Up-to-date symlink: /home/ubuntu/ros2_ws/install/uart_bridge_cpp/share/ament_index/resource_index/package_run_dependencies/uart_bridge_cpp
[3.123s] -- Up-to-date symlink: /home/ubuntu/ros2_ws/install/uart_bridge_cpp/share/ament_index/resource_index/parent_prefix_path/uart_bridge_cpp
[3.124s] -- Up-to-date symlink: /home/ubuntu/ros2_ws/install/uart_bridge_cpp/share/uart_bridge_cpp/environment/ament_prefix_path.sh
[3.125s] -- Up-to-date symlink: /home/ubuntu/ros2_ws/install/uart_bridge_cpp/share/uart_bridge_cpp/environment/ament_prefix_path.dsv
[3.126s] -- Up-to-date symlink: /home/ubuntu/ros2_ws/install/uart_bridge_cpp/share/uart_bridge_cpp/environment/path.sh
[3.127s] -- Up-to-date symlink: /home/ubuntu/ros2_ws/install/uart_bridge_cpp/share/uart_bridge_cpp/environment/path.dsv
[3.127s] -- Up-to-date symlink: /home/ubuntu/ros2_ws/install/uart_bridge_cpp/share/uart_bridge_cpp/local_setup.bash
[3.128s] -- Up-to-date symlink: /home/ubuntu/ros2_ws/install/uart_bridge_cpp/share/uart_bridge_cpp/local_setup.sh
[3.129s] -- Up-to-date symlink: /home/ubuntu/ros2_ws/install/uart_bridge_cpp/share/uart_bridge_cpp/local_setup.zsh
[3.130s] -- Up-to-date symlink: /home/ubuntu/ros2_ws/install/uart_bridge_cpp/share/uart_bridge_cpp/local_setup.dsv
[3.130s] -- Symlinking: /home/ubuntu/ros2_ws/install/uart_bridge_cpp/share/uart_bridge_cpp/package.dsv
[3.169s] -- Up-to-date symlink: /home/ubuntu/ros2_ws/install/uart_bridge_cpp/share/ament_index/resource_index/packages/uart_bridge_cpp
[3.170s] -- Up-to-date symlink: /home/ubuntu/ros2_ws/install/uart_bridge_cpp/share/uart_bridge_cpp/cmake/uart_bridge_cppConfig.cmake
[3.171s] -- Up-to-date symlink: /home/ubuntu/ros2_ws/install/uart_bridge_cpp/share/uart_bridge_cpp/cmake/uart_bridge_cppConfig-version.cmake
[3.171s] -- Up-to-date symlink: /home/ubuntu/ros2_ws/install/uart_bridge_cpp/share/uart_bridge_cpp/package.xml
[3.178s] Invoked command in '/home/ubuntu/ros2_ws/build/uart_bridge_cpp' returned '0': CMAKE_PREFIX_PATH=${CMAKE_PREFIX_PATH}:/home/ubuntu/turtlebot3_ws/install/turtlebot3_teleop:/opt/ros/humble /usr/bin/cmake --install /home/ubuntu/ros2_ws/build/uart_bridge_cpp
