[0.095s] Invoking command in '/home/ubuntu/turtlebot3_ws/build/ros_goal_client': CMAKE_PREFIX_PATH=/home/ubuntu/turtlebot3_ws/install/uart_bridge_cpp:/home/ubuntu/turtlebot3_ws/install/turtlebot3:/home/ubuntu/turtlebot3_ws/install/turtlebot3_bringup:/home/ubuntu/turtlebot3_ws/install/turtlebot3_node:/home/ubuntu/turtlebot3_ws/install/turtlebot3_navigation2:/home/ubuntu/turtlebot3_ws/install/turtlebot3_fake_node:/home/ubuntu/turtlebot3_ws/install/turtlebot3_msgs:/home/ubuntu/turtlebot3_ws/install/turtlebot3_manipulation_gazebo:/home/ubuntu/turtlebot3_ws/install/turtlebot3_description:/home/ubuntu/turtlebot3_ws/install/turtlebot3_cartographer:/home/ubuntu/turtlebot3_ws/install/turtlebot3_teleop:/home/ubuntu/turtlebot3_ws/install/turtlebot3_example:/opt/ros/humble:/home/ubuntu/turtlebot3_ws/install/simple_navigation_goals:/home/ubuntu/turtlebot3_ws/install/ros_tutorials_topic:/home/ubuntu/turtlebot3_ws/install/ros_goal_client:/home/ubuntu/turtlebot3_ws/install/rescue_orchestrator:/home/ubuntu/turtlebot3_ws/install/dynamixel_sdk_examples:/home/ubuntu/turtlebot3_ws/install/dynamixel_sdk_custom_interfaces:/home/ubuntu/turtlebot3_ws/install/dynamixel_sdk:/home/ubuntu/turtlebot3_ws/install/cpp_talker_listener /usr/bin/cmake --build /home/ubuntu/turtlebot3_ws/build/ros_goal_client -- -j4 -l4
[0.830s] [  2%] Built target ros_goal_client__cpp
[0.874s] [  2%] Built target ament_cmake_python_symlink_ros_goal_client
[0.910s] [ 11%] Built target ros_goal_client__rosidl_generator_c
[1.040s] [ 20%] Built target ros_goal_client__rosidl_typesupport_fastrtps_cpp
[1.042s] [ 28%] Built target ros_goal_client__rosidl_typesupport_cpp
[1.077s] [ 37%] Built target ros_goal_client__rosidl_typesupport_introspection_cpp
[1.255s] [ 45%] Built target ros_goal_client__rosidl_typesupport_fastrtps_c
[1.261s] [ 54%] Built target ros_goal_client__rosidl_typesupport_introspection_c
[1.265s] [ 62%] Built target ros_goal_client__rosidl_typesupport_c
[1.357s] [35m[1mConsolidate compiler generated dependencies of target rosGoalServer[0m
[1.531s] [ 68%] Built target rosGoalClient
[1.539s] [ 71%] [32mBuilding CXX object CMakeFiles/rosGoalServer.dir/src/rosGoalServer.cpp.o[0m
[1.665s] [ 71%] Built target ros_goal_client
[1.825s] [ 74%] Built target ros_goal_client__py
[1.974s] [ 80%] Built target ros_goal_client__rosidl_generator_py
[2.179s] [ 85%] Built target ros_goal_client__rosidl_typesupport_fastrtps_c__pyext
[2.190s] [ 91%] Built target ros_goal_client__rosidl_typesupport_introspection_c__pyext
[2.340s] [ 97%] Built target ros_goal_client__rosidl_typesupport_c__pyext
[2.557s] running egg_info
[2.561s] writing ros_goal_client.egg-info/PKG-INFO
[2.563s] writing dependency_links to ros_goal_client.egg-info/dependency_links.txt
[2.564s] writing top-level names to ros_goal_client.egg-info/top_level.txt
[2.586s] reading manifest file 'ros_goal_client.egg-info/SOURCES.txt'
[2.591s] writing manifest file 'ros_goal_client.egg-info/SOURCES.txt'
[2.749s] [ 97%] Built target ament_cmake_python_build_ros_goal_client_egg
[64.797s] [100%] [32m[1mLinking CXX executable rosGoalServer[0m
[69.357s] [100%] Built target rosGoalServer
[69.411s] Invoked command in '/home/ubuntu/turtlebot3_ws/build/ros_goal_client' returned '0': CMAKE_PREFIX_PATH=/home/ubuntu/turtlebot3_ws/install/uart_bridge_cpp:/home/ubuntu/turtlebot3_ws/install/turtlebot3:/home/ubuntu/turtlebot3_ws/install/turtlebot3_bringup:/home/ubuntu/turtlebot3_ws/install/turtlebot3_node:/home/ubuntu/turtlebot3_ws/install/turtlebot3_navigation2:/home/ubuntu/turtlebot3_ws/install/turtlebot3_fake_node:/home/ubuntu/turtlebot3_ws/install/turtlebot3_msgs:/home/ubuntu/turtlebot3_ws/install/turtlebot3_manipulation_gazebo:/home/ubuntu/turtlebot3_ws/install/turtlebot3_description:/home/ubuntu/turtlebot3_ws/install/turtlebot3_cartographer:/home/ubuntu/turtlebot3_ws/install/turtlebot3_teleop:/home/ubuntu/turtlebot3_ws/install/turtlebot3_example:/opt/ros/humble:/home/ubuntu/turtlebot3_ws/install/simple_navigation_goals:/home/ubuntu/turtlebot3_ws/install/ros_tutorials_topic:/home/ubuntu/turtlebot3_ws/install/ros_goal_client:/home/ubuntu/turtlebot3_ws/install/rescue_orchestrator:/home/ubuntu/turtlebot3_ws/install/dynamixel_sdk_examples:/home/ubuntu/turtlebot3_ws/install/dynamixel_sdk_custom_interfaces:/home/ubuntu/turtlebot3_ws/install/dynamixel_sdk:/home/ubuntu/turtlebot3_ws/install/cpp_talker_listener /usr/bin/cmake --build /home/ubuntu/turtlebot3_ws/build/ros_goal_client -- -j4 -l4
[69.466s] Invoking command in '/home/ubuntu/turtlebot3_ws/build/ros_goal_client': CMAKE_PREFIX_PATH=/home/ubuntu/turtlebot3_ws/install/uart_bridge_cpp:/home/ubuntu/turtlebot3_ws/install/turtlebot3:/home/ubuntu/turtlebot3_ws/install/turtlebot3_bringup:/home/ubuntu/turtlebot3_ws/install/turtlebot3_node:/home/ubuntu/turtlebot3_ws/install/turtlebot3_navigation2:/home/ubuntu/turtlebot3_ws/install/turtlebot3_fake_node:/home/ubuntu/turtlebot3_ws/install/turtlebot3_msgs:/home/ubuntu/turtlebot3_ws/install/turtlebot3_manipulation_gazebo:/home/ubuntu/turtlebot3_ws/install/turtlebot3_description:/home/ubuntu/turtlebot3_ws/install/turtlebot3_cartographer:/home/ubuntu/turtlebot3_ws/install/turtlebot3_teleop:/home/ubuntu/turtlebot3_ws/install/turtlebot3_example:/opt/ros/humble:/home/ubuntu/turtlebot3_ws/install/simple_navigation_goals:/home/ubuntu/turtlebot3_ws/install/ros_tutorials_topic:/home/ubuntu/turtlebot3_ws/install/ros_goal_client:/home/ubuntu/turtlebot3_ws/install/rescue_orchestrator:/home/ubuntu/turtlebot3_ws/install/dynamixel_sdk_examples:/home/ubuntu/turtlebot3_ws/install/dynamixel_sdk_custom_interfaces:/home/ubuntu/turtlebot3_ws/install/dynamixel_sdk:/home/ubuntu/turtlebot3_ws/install/cpp_talker_listener /usr/bin/cmake --install /home/ubuntu/turtlebot3_ws/build/ros_goal_client
[69.503s] -- Install configuration: ""
[69.508s] -- Execute custom install script
[69.512s] -- Up-to-date symlink: /home/ubuntu/turtlebot3_ws/install/ros_goal_client/share/ament_index/resource_index/rosidl_interfaces/ros_goal_client
[69.524s] -- Up-to-date symlink: /home/ubuntu/turtlebot3_ws/install/ros_goal_client/include/ros_goal_client/ros_goal_client/msg/rosidl_generator_c__visibility_control.h
[69.526s] -- Up-to-date symlink: /home/ubuntu/turtlebot3_ws/install/ros_goal_client/include/ros_goal_client/ros_goal_client/srv/bot3_gpio.h
[69.529s] -- Up-to-date symlink: /home/ubuntu/turtlebot3_ws/install/ros_goal_client/include/ros_goal_client/ros_goal_client/srv/detail/bot3_gpio__functions.h
[69.531s] -- Up-to-date symlink: /home/ubuntu/turtlebot3_ws/install/ros_goal_client/include/ros_goal_client/ros_goal_client/srv/detail/bot3_gpio__struct.h
[69.532s] -- Up-to-date symlink: /home/ubuntu/turtlebot3_ws/install/ros_goal_client/include/ros_goal_client/ros_goal_client/srv/detail/bot3_gpio__type_support.h
[69.534s] -- Up-to-date symlink: /home/ubuntu/turtlebot3_ws/install/ros_goal_client/share/ros_goal_client/environment/library_path.sh
[69.535s] -- Up-to-date symlink: /home/ubuntu/turtlebot3_ws/install/ros_goal_client/share/ros_goal_client/environment/library_path.dsv
[69.539s] -- Up-to-date symlink: /home/ubuntu/turtlebot3_ws/install/ros_goal_client/include/ros_goal_client/ros_goal_client/msg/rosidl_typesupport_fastrtps_c__visibility_control.h
[69.541s] -- Up-to-date symlink: /home/ubuntu/turtlebot3_ws/install/ros_goal_client/include/ros_goal_client/ros_goal_client/srv/detail/bot3_gpio__rosidl_typesupport_fastrtps_c.h
[69.544s] -- Up-to-date symlink: /home/ubuntu/turtlebot3_ws/install/ros_goal_client/include/ros_goal_client/ros_goal_client/msg/rosidl_generator_cpp__visibility_control.hpp
[69.546s] -- Up-to-date symlink: /home/ubuntu/turtlebot3_ws/install/ros_goal_client/include/ros_goal_client/ros_goal_client/srv/bot3_gpio.hpp
[69.547s] -- Up-to-date symlink: /home/ubuntu/turtlebot3_ws/install/ros_goal_client/include/ros_goal_client/ros_goal_client/srv/detail/bot3_gpio__builder.hpp
[69.549s] -- Up-to-date symlink: /home/ubuntu/turtlebot3_ws/install/ros_goal_client/include/ros_goal_client/ros_goal_client/srv/detail/bot3_gpio__struct.hpp
[69.550s] -- Up-to-date symlink: /home/ubuntu/turtlebot3_ws/install/ros_goal_client/include/ros_goal_client/ros_goal_client/srv/detail/bot3_gpio__traits.hpp
[69.552s] -- Up-to-date symlink: /home/ubuntu/turtlebot3_ws/install/ros_goal_client/include/ros_goal_client/ros_goal_client/srv/detail/bot3_gpio__type_support.hpp
[69.556s] -- Up-to-date symlink: /home/ubuntu/turtlebot3_ws/install/ros_goal_client/include/ros_goal_client/ros_goal_client/msg/rosidl_typesupport_fastrtps_cpp__visibility_control.h
[69.558s] -- Up-to-date symlink: /home/ubuntu/turtlebot3_ws/install/ros_goal_client/include/ros_goal_client/ros_goal_client/srv/detail/bot3_gpio__rosidl_typesupport_fastrtps_cpp.hpp
[69.561s] -- Up-to-date symlink: /home/ubuntu/turtlebot3_ws/install/ros_goal_client/include/ros_goal_client/ros_goal_client/msg/rosidl_typesupport_introspection_c__visibility_control.h
[69.563s] -- Up-to-date symlink: /home/ubuntu/turtlebot3_ws/install/ros_goal_client/include/ros_goal_client/ros_goal_client/srv/detail/bot3_gpio__rosidl_typesupport_introspection_c.h
[69.566s] -- Up-to-date symlink: /home/ubuntu/turtlebot3_ws/install/ros_goal_client/include/ros_goal_client/ros_goal_client/srv/detail/bot3_gpio__rosidl_typesupport_introspection_cpp.hpp
[69.567s] -- Up-to-date symlink: /home/ubuntu/turtlebot3_ws/install/ros_goal_client/share/ros_goal_client/environment/pythonpath.sh
[69.568s] -- Up-to-date symlink: /home/ubuntu/turtlebot3_ws/install/ros_goal_client/share/ros_goal_client/environment/pythonpath.dsv
[69.570s] -- Up-to-date symlink: /home/ubuntu/turtlebot3_ws/install/ros_goal_client/local/lib/python3.10/dist-packages/ros_goal_client-0.0.0-py3.10.egg-info/PKG-INFO
[69.572s] -- Up-to-date symlink: /home/ubuntu/turtlebot3_ws/install/ros_goal_client/local/lib/python3.10/dist-packages/ros_goal_client-0.0.0-py3.10.egg-info/SOURCES.txt
[69.574s] -- Up-to-date symlink: /home/ubuntu/turtlebot3_ws/install/ros_goal_client/local/lib/python3.10/dist-packages/ros_goal_client-0.0.0-py3.10.egg-info/dependency_links.txt
[69.575s] -- Up-to-date symlink: /home/ubuntu/turtlebot3_ws/install/ros_goal_client/local/lib/python3.10/dist-packages/ros_goal_client-0.0.0-py3.10.egg-info/top_level.txt
[69.581s] -- Up-to-date symlink: /home/ubuntu/turtlebot3_ws/install/ros_goal_client/local/lib/python3.10/dist-packages/ros_goal_client/__init__.py
[69.583s] -- Up-to-date symlink: /home/ubuntu/turtlebot3_ws/install/ros_goal_client/local/lib/python3.10/dist-packages/ros_goal_client/_ros_goal_client_s.ep.rosidl_typesupport_c.c
[69.584s] -- Up-to-date symlink: /home/ubuntu/turtlebot3_ws/install/ros_goal_client/local/lib/python3.10/dist-packages/ros_goal_client/_ros_goal_client_s.ep.rosidl_typesupport_fastrtps_c.c
[69.586s] -- Up-to-date symlink: /home/ubuntu/turtlebot3_ws/install/ros_goal_client/local/lib/python3.10/dist-packages/ros_goal_client/_ros_goal_client_s.ep.rosidl_typesupport_introspection_c.c
[69.587s] -- Up-to-date symlink: /home/ubuntu/turtlebot3_ws/install/ros_goal_client/local/lib/python3.10/dist-packages/ros_goal_client/libros_goal_client__rosidl_generator_py.so
[69.589s] -- Up-to-date symlink: /home/ubuntu/turtlebot3_ws/install/ros_goal_client/local/lib/python3.10/dist-packages/ros_goal_client/ros_goal_client_s__rosidl_typesupport_c.cpython-310-aarch64-linux-gnu.so
[69.591s] -- Up-to-date symlink: /home/ubuntu/turtlebot3_ws/install/ros_goal_client/local/lib/python3.10/dist-packages/ros_goal_client/ros_goal_client_s__rosidl_typesupport_fastrtps_c.cpython-310-aarch64-linux-gnu.so
[69.592s] -- Up-to-date symlink: /home/ubuntu/turtlebot3_ws/install/ros_goal_client/local/lib/python3.10/dist-packages/ros_goal_client/ros_goal_client_s__rosidl_typesupport_introspection_c.cpython-310-aarch64-linux-gnu.so
[69.594s] -- Up-to-date symlink: /home/ubuntu/turtlebot3_ws/install/ros_goal_client/local/lib/python3.10/dist-packages/ros_goal_client/srv/__init__.py
[69.596s] -- Up-to-date symlink: /home/ubuntu/turtlebot3_ws/install/ros_goal_client/local/lib/python3.10/dist-packages/ros_goal_client/srv/_bot3_gpio.py
[69.597s] -- Up-to-date symlink: /home/ubuntu/turtlebot3_ws/install/ros_goal_client/local/lib/python3.10/dist-packages/ros_goal_client/srv/_bot3_gpio_s.c
[69.600s] -- Up-to-date symlink: /home/ubuntu/turtlebot3_ws/install/ros_goal_client/local/lib/python3.10/dist-packages/ros_goal_client/ros_goal_client_s__rosidl_typesupport_fastrtps_c.cpython-310-aarch64-linux-gnu.so
[69.602s] -- Up-to-date symlink: /home/ubuntu/turtlebot3_ws/install/ros_goal_client/local/lib/python3.10/dist-packages/ros_goal_client/ros_goal_client_s__rosidl_typesupport_introspection_c.cpython-310-aarch64-linux-gnu.so
[69.604s] -- Up-to-date symlink: /home/ubuntu/turtlebot3_ws/install/ros_goal_client/local/lib/python3.10/dist-packages/ros_goal_client/ros_goal_client_s__rosidl_typesupport_c.cpython-310-aarch64-linux-gnu.so
[69.607s] -- Up-to-date symlink: /home/ubuntu/turtlebot3_ws/install/ros_goal_client/share/ros_goal_client/srv/Bot3Gpio.idl
[69.608s] -- Up-to-date symlink: /home/ubuntu/turtlebot3_ws/install/ros_goal_client/share/ros_goal_client/srv/Bot3Gpio.srv
[69.610s] -- Up-to-date symlink: /home/ubuntu/turtlebot3_ws/install/ros_goal_client/share/ros_goal_client/srv/Bot3Gpio_Request.msg
[69.612s] -- Up-to-date symlink: /home/ubuntu/turtlebot3_ws/install/ros_goal_client/share/ros_goal_client/srv/Bot3Gpio_Response.msg
[69.615s] -- Up-to-date symlink: /home/ubuntu/turtlebot3_ws/install/ros_goal_client/lib/ros_goal_client/rosGoalServer
[69.617s] -- Up-to-date symlink: /home/ubuntu/turtlebot3_ws/install/ros_goal_client/lib/ros_goal_client/rosGoalClient
[69.618s] -- Up-to-date symlink: /home/ubuntu/turtlebot3_ws/install/ros_goal_client/share/ament_index/resource_index/package_run_dependencies/ros_goal_client
[69.620s] -- Up-to-date symlink: /home/ubuntu/turtlebot3_ws/install/ros_goal_client/share/ament_index/resource_index/parent_prefix_path/ros_goal_client
[69.622s] -- Up-to-date symlink: /home/ubuntu/turtlebot3_ws/install/ros_goal_client/share/ros_goal_client/environment/ament_prefix_path.sh
[69.623s] -- Up-to-date symlink: /home/ubuntu/turtlebot3_ws/install/ros_goal_client/share/ros_goal_client/environment/ament_prefix_path.dsv
[69.625s] -- Up-to-date symlink: /home/ubuntu/turtlebot3_ws/install/ros_goal_client/share/ros_goal_client/environment/path.sh
[69.626s] -- Up-to-date symlink: /home/ubuntu/turtlebot3_ws/install/ros_goal_client/share/ros_goal_client/environment/path.dsv
[69.628s] -- Up-to-date symlink: /home/ubuntu/turtlebot3_ws/install/ros_goal_client/share/ros_goal_client/local_setup.bash
[69.629s] -- Up-to-date symlink: /home/ubuntu/turtlebot3_ws/install/ros_goal_client/share/ros_goal_client/local_setup.sh
[69.631s] -- Up-to-date symlink: /home/ubuntu/turtlebot3_ws/install/ros_goal_client/share/ros_goal_client/local_setup.zsh
[69.632s] -- Up-to-date symlink: /home/ubuntu/turtlebot3_ws/install/ros_goal_client/share/ros_goal_client/local_setup.dsv
[69.633s] -- Symlinking: /home/ubuntu/turtlebot3_ws/install/ros_goal_client/share/ros_goal_client/package.dsv
[69.676s] -- Up-to-date symlink: /home/ubuntu/turtlebot3_ws/install/ros_goal_client/share/ament_index/resource_index/packages/ros_goal_client
[69.678s] -- Up-to-date symlink: /home/ubuntu/turtlebot3_ws/install/ros_goal_client/share/ros_goal_client/cmake/rosidl_cmake-extras.cmake
[69.680s] -- Up-to-date symlink: /home/ubuntu/turtlebot3_ws/install/ros_goal_client/share/ros_goal_client/cmake/ament_cmake_export_dependencies-extras.cmake
[69.682s] -- Up-to-date symlink: /home/ubuntu/turtlebot3_ws/install/ros_goal_client/share/ros_goal_client/cmake/ament_cmake_export_include_directories-extras.cmake
[69.684s] -- Up-to-date symlink: /home/ubuntu/turtlebot3_ws/install/ros_goal_client/share/ros_goal_client/cmake/ament_cmake_export_libraries-extras.cmake
[69.686s] -- Up-to-date symlink: /home/ubuntu/turtlebot3_ws/install/ros_goal_client/share/ros_goal_client/cmake/ament_cmake_export_targets-extras.cmake
[69.688s] -- Up-to-date symlink: /home/ubuntu/turtlebot3_ws/install/ros_goal_client/share/ros_goal_client/cmake/rosidl_cmake_export_typesupport_targets-extras.cmake
[69.690s] -- Up-to-date symlink: /home/ubuntu/turtlebot3_ws/install/ros_goal_client/share/ros_goal_client/cmake/rosidl_cmake_export_typesupport_libraries-extras.cmake
[69.692s] -- Up-to-date symlink: /home/ubuntu/turtlebot3_ws/install/ros_goal_client/share/ros_goal_client/cmake/ros_goal_clientConfig.cmake
[69.693s] -- Up-to-date symlink: /home/ubuntu/turtlebot3_ws/install/ros_goal_client/share/ros_goal_client/cmake/ros_goal_clientConfig-version.cmake
[69.694s] -- Up-to-date symlink: /home/ubuntu/turtlebot3_ws/install/ros_goal_client/share/ros_goal_client/package.xml
[69.697s] -- Up-to-date: /home/ubuntu/turtlebot3_ws/install/ros_goal_client/lib/libros_goal_client__rosidl_generator_c.so
[69.701s] -- Up-to-date: /home/ubuntu/turtlebot3_ws/install/ros_goal_client/lib/libros_goal_client__rosidl_typesupport_fastrtps_c.so
[69.705s] -- Up-to-date: /home/ubuntu/turtlebot3_ws/install/ros_goal_client/lib/libros_goal_client__rosidl_typesupport_fastrtps_cpp.so
[69.708s] -- Up-to-date: /home/ubuntu/turtlebot3_ws/install/ros_goal_client/lib/libros_goal_client__rosidl_typesupport_introspection_c.so
[69.711s] -- Up-to-date: /home/ubuntu/turtlebot3_ws/install/ros_goal_client/lib/libros_goal_client__rosidl_typesupport_c.so
[69.715s] -- Up-to-date: /home/ubuntu/turtlebot3_ws/install/ros_goal_client/lib/libros_goal_client__rosidl_typesupport_introspection_cpp.so
[69.718s] -- Up-to-date: /home/ubuntu/turtlebot3_ws/install/ros_goal_client/lib/libros_goal_client__rosidl_typesupport_cpp.so
[69.901s] Listing '/home/ubuntu/turtlebot3_ws/install/ros_goal_client/local/lib/python3.10/dist-packages/ros_goal_client'...
[69.903s] Listing '/home/ubuntu/turtlebot3_ws/install/ros_goal_client/local/lib/python3.10/dist-packages/ros_goal_client/srv'...
[69.930s] -- Up-to-date: /home/ubuntu/turtlebot3_ws/install/ros_goal_client/lib/libros_goal_client__rosidl_generator_py.so
[69.935s] -- Up-to-date: /home/ubuntu/turtlebot3_ws/install/ros_goal_client/share/ros_goal_client/cmake/export_ros_goal_client__rosidl_generator_cExport.cmake
[69.936s] -- Up-to-date: /home/ubuntu/turtlebot3_ws/install/ros_goal_client/share/ros_goal_client/cmake/export_ros_goal_client__rosidl_generator_cExport-noconfig.cmake
[69.939s] -- Up-to-date: /home/ubuntu/turtlebot3_ws/install/ros_goal_client/share/ros_goal_client/cmake/export_ros_goal_client__rosidl_typesupport_fastrtps_cExport.cmake
[69.940s] -- Up-to-date: /home/ubuntu/turtlebot3_ws/install/ros_goal_client/share/ros_goal_client/cmake/export_ros_goal_client__rosidl_typesupport_fastrtps_cExport-noconfig.cmake
[69.942s] -- Up-to-date: /home/ubuntu/turtlebot3_ws/install/ros_goal_client/share/ros_goal_client/cmake/export_ros_goal_client__rosidl_generator_cppExport.cmake
[69.945s] -- Up-to-date: /home/ubuntu/turtlebot3_ws/install/ros_goal_client/share/ros_goal_client/cmake/export_ros_goal_client__rosidl_typesupport_fastrtps_cppExport.cmake
[69.946s] -- Up-to-date: /home/ubuntu/turtlebot3_ws/install/ros_goal_client/share/ros_goal_client/cmake/export_ros_goal_client__rosidl_typesupport_fastrtps_cppExport-noconfig.cmake
[69.949s] -- Up-to-date: /home/ubuntu/turtlebot3_ws/install/ros_goal_client/share/ros_goal_client/cmake/ros_goal_client__rosidl_typesupport_introspection_cExport.cmake
[69.949s] -- Up-to-date: /home/ubuntu/turtlebot3_ws/install/ros_goal_client/share/ros_goal_client/cmake/ros_goal_client__rosidl_typesupport_introspection_cExport-noconfig.cmake
[69.952s] -- Up-to-date: /home/ubuntu/turtlebot3_ws/install/ros_goal_client/share/ros_goal_client/cmake/ros_goal_client__rosidl_typesupport_cExport.cmake
[69.952s] -- Up-to-date: /home/ubuntu/turtlebot3_ws/install/ros_goal_client/share/ros_goal_client/cmake/ros_goal_client__rosidl_typesupport_cExport-noconfig.cmake
[69.955s] -- Up-to-date: /home/ubuntu/turtlebot3_ws/install/ros_goal_client/share/ros_goal_client/cmake/ros_goal_client__rosidl_typesupport_introspection_cppExport.cmake
[69.956s] -- Up-to-date: /home/ubuntu/turtlebot3_ws/install/ros_goal_client/share/ros_goal_client/cmake/ros_goal_client__rosidl_typesupport_introspection_cppExport-noconfig.cmake
[69.958s] -- Up-to-date: /home/ubuntu/turtlebot3_ws/install/ros_goal_client/share/ros_goal_client/cmake/ros_goal_client__rosidl_typesupport_cppExport.cmake
[69.959s] -- Up-to-date: /home/ubuntu/turtlebot3_ws/install/ros_goal_client/share/ros_goal_client/cmake/ros_goal_client__rosidl_typesupport_cppExport-noconfig.cmake
[69.961s] -- Up-to-date: /home/ubuntu/turtlebot3_ws/install/ros_goal_client/share/ros_goal_client/cmake/export_ros_goal_client__rosidl_generator_pyExport.cmake
[69.962s] -- Up-to-date: /home/ubuntu/turtlebot3_ws/install/ros_goal_client/share/ros_goal_client/cmake/export_ros_goal_client__rosidl_generator_pyExport-noconfig.cmake
[69.972s] Invoked command in '/home/ubuntu/turtlebot3_ws/build/ros_goal_client' returned '0': CMAKE_PREFIX_PATH=/home/ubuntu/turtlebot3_ws/install/uart_bridge_cpp:/home/ubuntu/turtlebot3_ws/install/turtlebot3:/home/ubuntu/turtlebot3_ws/install/turtlebot3_bringup:/home/ubuntu/turtlebot3_ws/install/turtlebot3_node:/home/ubuntu/turtlebot3_ws/install/turtlebot3_navigation2:/home/ubuntu/turtlebot3_ws/install/turtlebot3_fake_node:/home/ubuntu/turtlebot3_ws/install/turtlebot3_msgs:/home/ubuntu/turtlebot3_ws/install/turtlebot3_manipulation_gazebo:/home/ubuntu/turtlebot3_ws/install/turtlebot3_description:/home/ubuntu/turtlebot3_ws/install/turtlebot3_cartographer:/home/ubuntu/turtlebot3_ws/install/turtlebot3_teleop:/home/ubuntu/turtlebot3_ws/install/turtlebot3_example:/opt/ros/humble:/home/ubuntu/turtlebot3_ws/install/simple_navigation_goals:/home/ubuntu/turtlebot3_ws/install/ros_tutorials_topic:/home/ubuntu/turtlebot3_ws/install/ros_goal_client:/home/ubuntu/turtlebot3_ws/install/rescue_orchestrator:/home/ubuntu/turtlebot3_ws/install/dynamixel_sdk_examples:/home/ubuntu/turtlebot3_ws/install/dynamixel_sdk_custom_interfaces:/home/ubuntu/turtlebot3_ws/install/dynamixel_sdk:/home/ubuntu/turtlebot3_ws/install/cpp_talker_listener /usr/bin/cmake --install /home/ubuntu/turtlebot3_ws/build/ros_goal_client
