[0.070s] Invoking command in '/home/ubuntu/turtlebot3_ws/build/ros_goal_client': CMAKE_PREFIX_PATH=/home/ubuntu/turtlebot3_ws/install/uart_bridge_cpp:/home/ubuntu/turtlebot3_ws/install/turtlebot3:/home/ubuntu/turtlebot3_ws/install/turtlebot3_bringup:/home/ubuntu/turtlebot3_ws/install/turtlebot3_node:/home/ubuntu/turtlebot3_ws/install/turtlebot3_navigation2:/home/ubuntu/turtlebot3_ws/install/turtlebot3_fake_node:/home/ubuntu/turtlebot3_ws/install/turtlebot3_msgs:/home/ubuntu/turtlebot3_ws/install/turtlebot3_manipulation_gazebo:/home/ubuntu/turtlebot3_ws/install/turtlebot3_description:/home/ubuntu/turtlebot3_ws/install/turtlebot3_cartographer:/home/ubuntu/turtlebot3_ws/install/turtlebot3_teleop:/home/ubuntu/turtlebot3_ws/install/turtlebot3_example:/opt/ros/humble:/home/ubuntu/turtlebot3_ws/install/simple_navigation_goals:/home/ubuntu/turtlebot3_ws/install/ros_tutorials_topic:/home/ubuntu/turtlebot3_ws/install/ros_goal_client:/home/ubuntu/turtlebot3_ws/install/rescue_orchestrator:/home/ubuntu/turtlebot3_ws/install/dynamixel_sdk_examples:/home/ubuntu/turtlebot3_ws/install/dynamixel_sdk_custom_interfaces:/home/ubuntu/turtlebot3_ws/install/dynamixel_sdk:/home/ubuntu/turtlebot3_ws/install/cpp_talker_listener /usr/bin/cmake --build /home/ubuntu/turtlebot3_ws/build/ros_goal_client -- -j4 -l4
[0.353s] [  2%] Built target ros_goal_client__cpp
[0.389s] [ 11%] Built target ros_goal_client__rosidl_generator_c
[0.401s] [ 11%] Built target ament_cmake_python_symlink_ros_goal_client
[0.528s] [ 20%] Built target ros_goal_client__rosidl_typesupport_fastrtps_c
[0.535s] [ 28%] Built target ros_goal_client__rosidl_typesupport_fastrtps_cpp
[0.541s] [ 37%] Built target ros_goal_client__rosidl_typesupport_introspection_cpp
[0.555s] [ 45%] Built target ros_goal_client__rosidl_typesupport_cpp
[0.640s] [35m[1mConsolidate compiler generated dependencies of target rosGoalServer[0m
[0.680s] [ 54%] Built target ros_goal_client__rosidl_typesupport_c
[0.716s] [ 62%] Built target ros_goal_client__rosidl_typesupport_introspection_c
[0.768s] [ 65%] [32mBuilding CXX object CMakeFiles/rosGoalServer.dir/src/rosGoalServer.cpp.o[0m
[0.847s] [ 65%] Built target ros_goal_client
[0.894s] [ 71%] Built target rosGoalClient
[1.014s] [ 74%] Built target ros_goal_client__py
[1.185s] [ 80%] Built target ros_goal_client__rosidl_generator_py
[1.328s] [ 85%] Built target ros_goal_client__rosidl_typesupport_introspection_c__pyext
[1.359s] [ 91%] Built target ros_goal_client__rosidl_typesupport_fastrtps_c__pyext
[1.456s] [ 97%] Built target ros_goal_client__rosidl_typesupport_c__pyext
[2.129s] running egg_info
[2.133s] writing ros_goal_client.egg-info/PKG-INFO
[2.134s] writing dependency_links to ros_goal_client.egg-info/dependency_links.txt
[2.135s] writing top-level names to ros_goal_client.egg-info/top_level.txt
[2.146s] reading manifest file 'ros_goal_client.egg-info/SOURCES.txt'
[2.149s] writing manifest file 'ros_goal_client.egg-info/SOURCES.txt'
[2.299s] [ 97%] Built target ament_cmake_python_build_ros_goal_client_egg
[13.436s] [01m[K/home/ubuntu/turtlebot3_ws/src/ros_goal_client/src/rosGoalServer.cpp:[m[K In function ‘[01m[Kvoid on_stm_rx(std_msgs::msg::String_<std::allocator<void> >::SharedPtr)[m[K’:
[13.437s] [01m[K/home/ubuntu/turtlebot3_ws/src/ros_goal_client/src/rosGoalServer.cpp:253:16:[m[K [01;31m[Kerror: [m[Kpassing ‘[01m[Kconst string[m[K’ {aka ‘[01m[Kconst std::__cxx11::basic_string<char>[m[K’} as ‘[01m[Kthis[m[K’ argument discards qualifiers [[01;31m[K-fpermissive[m[K]
[13.437s]   253 |   [01;31m[Kpayload.erase(payload.find_last_not_of("\r\n") + 1)[m[K;
[13.437s]       |   [01;31m[K~~~~~~~~~~~~~^~~~~~~~~~~~~~~~~~~~~~~~~~~~~~~~~~~~~~[m[K
[13.442s] In file included from [01m[K/usr/include/c++/11/string:55[m[K,
[13.442s]                  from [01m[K/home/ubuntu/turtlebot3_ws/src/ros_goal_client/src/rosGoalServer.cpp:16[m[K:
[13.443s] [01m[K/usr/include/c++/11/bits/basic_string.h:1827:7:[m[K [01;36m[Knote: [m[K  in call to ‘[01m[Kstd::__cxx11::basic_string<_CharT, _Traits, _Alloc>& std::__cxx11::basic_string<_CharT, _Traits, _Alloc>::erase(std::__cxx11::basic_string<_CharT, _Traits, _Alloc>::size_type, std::__cxx11::basic_string<_CharT, _Traits, _Alloc>::size_type) [with _CharT = char; _Traits = std::char_traits<char>; _Alloc = std::allocator<char>; std::__cxx11::basic_string<_CharT, _Traits, _Alloc>::size_type = long unsigned int][m[K’
[13.444s]  1827 |       [01;36m[Kerase[m[K(size_type __pos = 0, size_type __n = npos)
[13.444s]       |       [01;36m[K^~~~~[m[K
[29.218s] gmake[2]: *** [CMakeFiles/rosGoalServer.dir/build.make:76: CMakeFiles/rosGoalServer.dir/src/rosGoalServer.cpp.o] Error 1
[29.219s] gmake[1]: *** [CMakeFiles/Makefile2:595: CMakeFiles/rosGoalServer.dir/all] Error 2
[29.220s] gmake: *** [Makefile:146: all] Error 2
[29.229s] Invoked command in '/home/ubuntu/turtlebot3_ws/build/ros_goal_client' returned '2': CMAKE_PREFIX_PATH=/home/ubuntu/turtlebot3_ws/install/uart_bridge_cpp:/home/ubuntu/turtlebot3_ws/install/turtlebot3:/home/ubuntu/turtlebot3_ws/install/turtlebot3_bringup:/home/ubuntu/turtlebot3_ws/install/turtlebot3_node:/home/ubuntu/turtlebot3_ws/install/turtlebot3_navigation2:/home/ubuntu/turtlebot3_ws/install/turtlebot3_fake_node:/home/ubuntu/turtlebot3_ws/install/turtlebot3_msgs:/home/ubuntu/turtlebot3_ws/install/turtlebot3_manipulation_gazebo:/home/ubuntu/turtlebot3_ws/install/turtlebot3_description:/home/ubuntu/turtlebot3_ws/install/turtlebot3_cartographer:/home/ubuntu/turtlebot3_ws/install/turtlebot3_teleop:/home/ubuntu/turtlebot3_ws/install/turtlebot3_example:/opt/ros/humble:/home/ubuntu/turtlebot3_ws/install/simple_navigation_goals:/home/ubuntu/turtlebot3_ws/install/ros_tutorials_topic:/home/ubuntu/turtlebot3_ws/install/ros_goal_client:/home/ubuntu/turtlebot3_ws/install/rescue_orchestrator:/home/ubuntu/turtlebot3_ws/install/dynamixel_sdk_examples:/home/ubuntu/turtlebot3_ws/install/dynamixel_sdk_custom_interfaces:/home/ubuntu/turtlebot3_ws/install/dynamixel_sdk:/home/ubuntu/turtlebot3_ws/install/cpp_talker_listener /usr/bin/cmake --build /home/ubuntu/turtlebot3_ws/build/ros_goal_client -- -j4 -l4
