-- The C compiler identification is GNU 11.4.0
-- The CXX compiler identification is GNU 11.4.0
-- Detecting C compiler ABI info
-- Detecting C compiler ABI info - done
-- Check for working C compiler: /usr/bin/cc - skipped
-- Detecting C compile features
-- Detecting C compile features - done
-- Detecting CXX compiler ABI info
-- Detecting CXX compiler ABI info - done
-- Check for working CXX compiler: /usr/bin/c++ - skipped
-- Detecting CXX compile features
-- Detecting CXX compile features - done
-- Found ament_cmake: 1.3.12 (/opt/ros/humble/share/ament_cmake/cmake)
-- Found Python3: /usr/bin/python3 (found version "3.10.12") found components: Interpreter 
-- Override CMake install command with custom implementation using symlinks instead of copying resources
-- Found rclcpp: 16.0.15 (/opt/ros/humble/share/rclcpp/cmake)
-- Found rosidl_generator_c: 3.1.7 (/opt/ros/humble/share/rosidl_generator_c/cmake)
-- Found rosidl_adapter: 3.1.7 (/opt/ros/humble/share/rosidl_adapter/cmake)
-- Found rosidl_generator_cpp: 3.1.7 (/opt/ros/humble/share/rosidl_generator_cpp/cmake)
-- Using all available rosidl_typesupport_c: rosidl_typesupport_fastrtps_c;rosidl_typesupport_introspection_c
-- Using all available rosidl_typesupport_cpp: rosidl_typesupport_fastrtps_cpp;rosidl_typesupport_introspection_cpp
-- Found rmw_implementation_cmake: 6.1.2 (/opt/ros/humble/share/rmw_implementation_cmake/cmake)
-- Found rmw_fastrtps_cpp: 6.2.8 (/opt/ros/humble/share/rmw_fastrtps_cpp/cmake)
-- Found OpenSSL: /usr/lib/aarch64-linux-gnu/libcrypto.so (found version "3.0.2")  
-- Found FastRTPS: /opt/ros/humble/include  
-- Using RMW implementation 'rmw_fastrtps_cpp' as default
-- Looking for pthread.h
-- Looking for pthread.h - found
-- Performing Test CMAKE_HAVE_LIBC_PTHREAD
-- Performing Test CMAKE_HAVE_LIBC_PTHREAD - Success
-- Found Threads: TRUE  
-- Found rclcpp_action: 16.0.15 (/opt/ros/humble/share/rclcpp_action/cmake)
-- Found nav2_msgs: 1.1.18 (/opt/ros/humble/share/nav2_msgs/cmake)
-- Found std_srvs: 4.9.0 (/opt/ros/humble/share/std_srvs/cmake)
-- Found tf2: 0.25.16 (/opt/ros/humble/share/tf2/cmake)
-- Found tf2_ros: 0.25.16 (/opt/ros/humble/share/tf2_ros/cmake)
-- Found tf2_geometry_msgs: 0.25.16 (/opt/ros/humble/share/tf2_geometry_msgs/cmake)
-- Found eigen3_cmake_module: 0.1.1 (/opt/ros/humble/share/eigen3_cmake_module/cmake)
-- Found Eigen3: TRUE (found version "3.4.0") 
-- Ensuring Eigen3 include directory is part of orocos-kdl CMake target
-- Configuring done
-- Generating done
-- Build files have been written to: /home/ubuntu/turtlebot3_ws/build/rescue_orchestrator
[ 50%] [32mBuilding CXX object CMakeFiles/rescue_orchestrator_node.dir/src/rescue_orchestrator_node.cpp.o[0m
[100%] [32m[1mLinking CXX executable rescue_orchestrator_node[0m
[100%] Built target rescue_orchestrator_node
-- Install configuration: ""
-- Execute custom install script
-- Symlinking: /home/ubuntu/turtlebot3_ws/install/rescue_orchestrator/lib/rescue_orchestrator/rescue_orchestrator_node
-- Symlinking: /home/ubuntu/turtlebot3_ws/install/rescue_orchestrator/share/rescue_orchestrator//launch/rescue_orchestrator.launch.py
-- Symlinking: /home/ubuntu/turtlebot3_ws/install/rescue_orchestrator/share/ament_index/resource_index/package_run_dependencies/rescue_orchestrator
-- Symlinking: /home/ubuntu/turtlebot3_ws/install/rescue_orchestrator/share/ament_index/resource_index/parent_prefix_path/rescue_orchestrator
-- Symlinking: /home/ubuntu/turtlebot3_ws/install/rescue_orchestrator/share/rescue_orchestrator/environment/ament_prefix_path.sh
-- Symlinking: /home/ubuntu/turtlebot3_ws/install/rescue_orchestrator/share/rescue_orchestrator/environment/ament_prefix_path.dsv
-- Symlinking: /home/ubuntu/turtlebot3_ws/install/rescue_orchestrator/share/rescue_orchestrator/environment/path.sh
-- Symlinking: /home/ubuntu/turtlebot3_ws/install/rescue_orchestrator/share/rescue_orchestrator/environment/path.dsv
-- Symlinking: /home/ubuntu/turtlebot3_ws/install/rescue_orchestrator/share/rescue_orchestrator/local_setup.bash
-- Symlinking: /home/ubuntu/turtlebot3_ws/install/rescue_orchestrator/share/rescue_orchestrator/local_setup.sh
-- Symlinking: /home/ubuntu/turtlebot3_ws/install/rescue_orchestrator/share/rescue_orchestrator/local_setup.zsh
-- Symlinking: /home/ubuntu/turtlebot3_ws/install/rescue_orchestrator/share/rescue_orchestrator/local_setup.dsv
-- Symlinking: /home/ubuntu/turtlebot3_ws/install/rescue_orchestrator/share/rescue_orchestrator/package.dsv
-- Symlinking: /home/ubuntu/turtlebot3_ws/install/rescue_orchestrator/share/ament_index/resource_index/packages/rescue_orchestrator
-- Symlinking: /home/ubuntu/turtlebot3_ws/install/rescue_orchestrator/share/rescue_orchestrator/cmake/rescue_orchestratorConfig.cmake
-- Symlinking: /home/ubuntu/turtlebot3_ws/install/rescue_orchestrator/share/rescue_orchestrator/cmake/rescue_orchestratorConfig-version.cmake
-- Symlinking: /home/ubuntu/turtlebot3_ws/install/rescue_orchestrator/share/rescue_orchestrator/package.xml
