[0.055s] Invoking command in '/home/ubuntu/ros2_ws/build/uart_bridge_cpp': CMAKE_PREFIX_PATH=${CMAKE_PREFIX_PATH}:/home/ubuntu/turtlebot3_ws/install/turtlebot3_teleop:/opt/ros/humble /usr/bin/cmake --build /home/ubuntu/ros2_ws/build/uart_bridge_cpp -- -j4 -l4
[0.327s] [ 50%] Built target uart_bridge_ama1_node
[0.328s] [100%] Built target uart_bridge_node
[0.372s] Invoked command in '/home/ubuntu/ros2_ws/build/uart_bridge_cpp' returned '0': CMAKE_PREFIX_PATH=${CMAKE_PREFIX_PATH}:/home/ubuntu/turtlebot3_ws/install/turtlebot3_teleop:/opt/ros/humble /usr/bin/cmake --build /home/ubuntu/ros2_ws/build/uart_bridge_cpp -- -j4 -l4
[0.419s] Invoking command in '/home/ubuntu/ros2_ws/build/uart_bridge_cpp': CMAKE_PREFIX_PATH=${CMAKE_PREFIX_PATH}:/home/ubuntu/turtlebot3_ws/install/turtlebot3_teleop:/opt/ros/humble /usr/bin/cmake --install /home/ubuntu/ros2_ws/build/uart_bridge_cpp
[0.451s] -- Install configuration: ""
[0.452s] -- Execute custom install script
[0.454s] -- Up-to-date symlink: /home/ubuntu/ros2_ws/install/uart_bridge_cpp/lib/uart_bridge_cpp/uart_bridge_node
[0.455s] -- Up-to-date symlink: /home/ubuntu/ros2_ws/install/uart_bridge_cpp/lib/uart_bridge_cpp/uart_bridge_ama1_node
[0.456s] -- Up-to-date symlink: /home/ubuntu/ros2_ws/install/uart_bridge_cpp/share/uart_bridge_cpp/launch/multi_uart.launch.py
[0.457s] -- Up-to-date symlink: /home/ubuntu/ros2_ws/install/uart_bridge_cpp/share/uart_bridge_cpp/launch/uart_bridge.launch.py
[0.458s] -- Up-to-date symlink: /home/ubuntu/ros2_ws/install/uart_bridge_cpp/share/uart_bridge_cpp/launch/uart_bridge_ama1.launch.py
[0.459s] -- Up-to-date symlink: /home/ubuntu/ros2_ws/install/uart_bridge_cpp/share/ament_index/resource_index/package_run_dependencies/uart_bridge_cpp
[0.460s] -- Up-to-date symlink: /home/ubuntu/ros2_ws/install/uart_bridge_cpp/share/ament_index/resource_index/parent_prefix_path/uart_bridge_cpp
[0.461s] -- Up-to-date symlink: /home/ubuntu/ros2_ws/install/uart_bridge_cpp/share/uart_bridge_cpp/environment/ament_prefix_path.sh
[0.462s] -- Up-to-date symlink: /home/ubuntu/ros2_ws/install/uart_bridge_cpp/share/uart_bridge_cpp/environment/ament_prefix_path.dsv
[0.463s] -- Up-to-date symlink: /home/ubuntu/ros2_ws/install/uart_bridge_cpp/share/uart_bridge_cpp/environment/path.sh
[0.464s] -- Up-to-date symlink: /home/ubuntu/ros2_ws/install/uart_bridge_cpp/share/uart_bridge_cpp/environment/path.dsv
[0.464s] -- Up-to-date symlink: /home/ubuntu/ros2_ws/install/uart_bridge_cpp/share/uart_bridge_cpp/local_setup.bash
[0.465s] -- Up-to-date symlink: /home/ubuntu/ros2_ws/install/uart_bridge_cpp/share/uart_bridge_cpp/local_setup.sh
[0.466s] -- Up-to-date symlink: /home/ubuntu/ros2_ws/install/uart_bridge_cpp/share/uart_bridge_cpp/local_setup.zsh
[0.467s] -- Up-to-date symlink: /home/ubuntu/ros2_ws/install/uart_bridge_cpp/share/uart_bridge_cpp/local_setup.dsv
[0.467s] -- Symlinking: /home/ubuntu/ros2_ws/install/uart_bridge_cpp/share/uart_bridge_cpp/package.dsv
[0.505s] -- Up-to-date symlink: /home/ubuntu/ros2_ws/install/uart_bridge_cpp/share/ament_index/resource_index/packages/uart_bridge_cpp
[0.506s] -- Up-to-date symlink: /home/ubuntu/ros2_ws/install/uart_bridge_cpp/share/uart_bridge_cpp/cmake/uart_bridge_cppConfig.cmake
[0.507s] -- Up-to-date symlink: /home/ubuntu/ros2_ws/install/uart_bridge_cpp/share/uart_bridge_cpp/cmake/uart_bridge_cppConfig-version.cmake
[0.508s] -- Up-to-date symlink: /home/ubuntu/ros2_ws/install/uart_bridge_cpp/share/uart_bridge_cpp/package.xml
[0.514s] Invoked command in '/home/ubuntu/ros2_ws/build/uart_bridge_cpp' returned '0': CMAKE_PREFIX_PATH=${CMAKE_PREFIX_PATH}:/home/ubuntu/turtlebot3_ws/install/turtlebot3_teleop:/opt/ros/humble /usr/bin/cmake --install /home/ubuntu/ros2_ws/build/uart_bridge_cpp
