[0.287s] Invoking command in '/home/ubuntu/turtlebot3_ws/build/ros_goal_client': CMAKE_PREFIX_PATH=/home/ubuntu/turtlebot3_ws/install/uart_bridge_cpp:/home/ubuntu/turtlebot3_ws/install/turtlebot3:/home/ubuntu/turtlebot3_ws/install/turtlebot3_bringup:/home/ubuntu/turtlebot3_ws/install/turtlebot3_node:/home/ubuntu/turtlebot3_ws/install/turtlebot3_navigation2:/home/ubuntu/turtlebot3_ws/install/turtlebot3_fake_node:/home/ubuntu/turtlebot3_ws/install/turtlebot3_msgs:/home/ubuntu/turtlebot3_ws/install/turtlebot3_manipulation_gazebo:/home/ubuntu/turtlebot3_ws/install/turtlebot3_description:/home/ubuntu/turtlebot3_ws/install/turtlebot3_cartographer:/home/ubuntu/turtlebot3_ws/install/turtlebot3_teleop:/home/ubuntu/turtlebot3_ws/install/turtlebot3_example:/opt/ros/humble:/home/ubuntu/turtlebot3_ws/install/simple_navigation_goals:/home/ubuntu/turtlebot3_ws/install/ros_tutorials_topic:/home/ubuntu/turtlebot3_ws/install/ros_goal_client:/home/ubuntu/turtlebot3_ws/install/rescue_orchestrator:/home/ubuntu/turtlebot3_ws/install/dynamixel_sdk_examples:/home/ubuntu/turtlebot3_ws/install/dynamixel_sdk_custom_interfaces:/home/ubuntu/turtlebot3_ws/install/dynamixel_sdk:/home/ubuntu/turtlebot3_ws/install/cpp_talker_listener /usr/bin/cmake --build /home/ubuntu/turtlebot3_ws/build/ros_goal_client -- -j4 -l4
[1.075s] [  2%] Built target ros_goal_client__cpp
[1.109s] [  2%] Built target ament_cmake_python_symlink_ros_goal_client
[1.152s] [ 11%] Built target ros_goal_client__rosidl_generator_c
[1.284s] [ 28%] Built target ros_goal_client__rosidl_typesupport_fastrtps_cpp
[1.288s] [ 28%] Built target ros_goal_client__rosidl_typesupport_cpp
[1.333s] [ 37%] Built target ros_goal_client__rosidl_typesupport_introspection_cpp
[1.466s] [ 45%] Built target ros_goal_client__rosidl_typesupport_fastrtps_c
[1.488s] [ 54%] Built target ros_goal_client__rosidl_typesupport_introspection_c
[1.539s] [ 62%] Built target ros_goal_client__rosidl_typesupport_c
[1.617s] [35m[1mConsolidate compiler generated dependencies of target rosGoalServer[0m
[1.707s] [ 62%] Built target ros_goal_client
[1.790s] [ 68%] Built target rosGoalClient
[1.814s] [ 71%] [32mBuilding CXX object CMakeFiles/rosGoalServer.dir/src/rosGoalServer.cpp.o[0m
[1.901s] [ 74%] Built target ros_goal_client__py
[2.078s] [ 80%] Built target ros_goal_client__rosidl_generator_py
[2.245s] [ 85%] Built target ros_goal_client__rosidl_typesupport_fastrtps_c__pyext
[2.252s] [ 91%] Built target ros_goal_client__rosidl_typesupport_introspection_c__pyext
[2.400s] [ 97%] Built target ros_goal_client__rosidl_typesupport_c__pyext
[2.641s] running egg_info
[2.644s] writing ros_goal_client.egg-info/PKG-INFO
[2.645s] writing dependency_links to ros_goal_client.egg-info/dependency_links.txt
[2.647s] writing top-level names to ros_goal_client.egg-info/top_level.txt
[2.660s] reading manifest file 'ros_goal_client.egg-info/SOURCES.txt'
[2.664s] writing manifest file 'ros_goal_client.egg-info/SOURCES.txt'
[2.804s] [ 97%] Built target ament_cmake_python_build_ros_goal_client_egg
[15.974s] [01m[K/home/ubuntu/turtlebot3_ws/src/ros_goal_client/src/rosGoalServer.cpp:[m[K In function ‘[01m[Kvoid on_uart_rx(std_msgs::msg::String_<std::allocator<void> >::SharedPtr)[m[K’:
[15.975s] [01m[K/home/ubuntu/turtlebot3_ws/src/ros_goal_client/src/rosGoalServer.cpp:253:23:[m[K [01;31m[Kerror: [m[K‘[01m[Kchrono[m[K’ has not been declared
[15.975s]   253 |     rclcpp::sleep_for([01;31m[Kchrono[m[K::milliseconds( (int)(0.03 / 0.05 * 1000) ));
[15.976s]       |                       [01;31m[K^~~~~~[m[K
[35.786s] gmake[2]: *** [CMakeFiles/rosGoalServer.dir/build.make:76: CMakeFiles/rosGoalServer.dir/src/rosGoalServer.cpp.o] Error 1
[35.787s] gmake[1]: *** [CMakeFiles/Makefile2:595: CMakeFiles/rosGoalServer.dir/all] Error 2
[35.788s] gmake: *** [Makefile:146: all] Error 2
[35.795s] Invoked command in '/home/ubuntu/turtlebot3_ws/build/ros_goal_client' returned '2': CMAKE_PREFIX_PATH=/home/ubuntu/turtlebot3_ws/install/uart_bridge_cpp:/home/ubuntu/turtlebot3_ws/install/turtlebot3:/home/ubuntu/turtlebot3_ws/install/turtlebot3_bringup:/home/ubuntu/turtlebot3_ws/install/turtlebot3_node:/home/ubuntu/turtlebot3_ws/install/turtlebot3_navigation2:/home/ubuntu/turtlebot3_ws/install/turtlebot3_fake_node:/home/ubuntu/turtlebot3_ws/install/turtlebot3_msgs:/home/ubuntu/turtlebot3_ws/install/turtlebot3_manipulation_gazebo:/home/ubuntu/turtlebot3_ws/install/turtlebot3_description:/home/ubuntu/turtlebot3_ws/install/turtlebot3_cartographer:/home/ubuntu/turtlebot3_ws/install/turtlebot3_teleop:/home/ubuntu/turtlebot3_ws/install/turtlebot3_example:/opt/ros/humble:/home/ubuntu/turtlebot3_ws/install/simple_navigation_goals:/home/ubuntu/turtlebot3_ws/install/ros_tutorials_topic:/home/ubuntu/turtlebot3_ws/install/ros_goal_client:/home/ubuntu/turtlebot3_ws/install/rescue_orchestrator:/home/ubuntu/turtlebot3_ws/install/dynamixel_sdk_examples:/home/ubuntu/turtlebot3_ws/install/dynamixel_sdk_custom_interfaces:/home/ubuntu/turtlebot3_ws/install/dynamixel_sdk:/home/ubuntu/turtlebot3_ws/install/cpp_talker_listener /usr/bin/cmake --build /home/ubuntu/turtlebot3_ws/build/ros_goal_client -- -j4 -l4
