[0.122s] Invoking command in '/home/ubuntu/ros2_ws/build/dynamixel_sdk': CMAKE_PREFIX_PATH=${CMAKE_PREFIX_PATH}:/home/ubuntu/turtlebot3_ws/install/turtlebot3_teleop:/opt/ros/humble /usr/bin/cmake /home/ubuntu/ros2_ws/src/turtlebot3/src/DynamixelSDK/ros/dynamixel_sdk -DAMENT_CMAKE_SYMLINK_INSTALL=1 -DCMAKE_INSTALL_PREFIX=/home/ubuntu/ros2_ws/install/dynamixel_sdk
[0.463s] -- The C compiler identification is GNU 11.4.0
[0.801s] -- The CXX compiler identification is GNU 11.4.0
[0.851s] -- Detecting C compiler ABI info
[1.390s] -- Detecting C compiler ABI info - done
[1.431s] -- Check for working C compiler: /usr/bin/cc - skipped
[1.434s] -- Detecting C compile features
[1.437s] -- Detecting C compile features - done
[1.458s] -- Detecting CXX compiler ABI info
[1.995s] -- Detecting CXX compiler ABI info - done
[2.025s] -- Check for working CXX compiler: /usr/bin/c++ - skipped
[2.027s] -- Detecting CXX compile features
[2.029s] -- Detecting CXX compile features - done
[2.082s] -- Found ament_cmake: 1.3.12 (/opt/ros/humble/share/ament_cmake/cmake)
[3.440s] -- Found Python3: /usr/bin/python3 (found version "3.10.12") found components: Interpreter 
[4.229s] -- Override CMake install command with custom implementation using symlinks instead of copying resources
[5.934s] -- Configuring done
[5.980s] -- Generating done
[5.994s] -- Build files have been written to: /home/ubuntu/ros2_ws/build/dynamixel_sdk
[6.018s] Invoked command in '/home/ubuntu/ros2_ws/build/dynamixel_sdk' returned '0': CMAKE_PREFIX_PATH=${CMAKE_PREFIX_PATH}:/home/ubuntu/turtlebot3_ws/install/turtlebot3_teleop:/opt/ros/humble /usr/bin/cmake /home/ubuntu/ros2_ws/src/turtlebot3/src/DynamixelSDK/ros/dynamixel_sdk -DAMENT_CMAKE_SYMLINK_INSTALL=1 -DCMAKE_INSTALL_PREFIX=/home/ubuntu/ros2_ws/install/dynamixel_sdk
[6.020s] Invoking command in '/home/ubuntu/ros2_ws/build/dynamixel_sdk': CMAKE_PREFIX_PATH=${CMAKE_PREFIX_PATH}:/home/ubuntu/turtlebot3_ws/install/turtlebot3_teleop:/opt/ros/humble /usr/bin/cmake --build /home/ubuntu/ros2_ws/build/dynamixel_sdk -- -j4 -l4
[6.315s] [  7%] [32mBuilding CXX object CMakeFiles/dynamixel_sdk.dir/src/dynamixel_sdk/protocol1_packet_handler.cpp.o[0m
[6.338s] [ 15%] [32mBuilding CXX object CMakeFiles/dynamixel_sdk.dir/src/dynamixel_sdk/packet_handler.cpp.o[0m
[6.375s] [ 23%] [32mBuilding CXX object CMakeFiles/dynamixel_sdk.dir/src/dynamixel_sdk/protocol2_packet_handler.cpp.o[0m
[6.491s] [ 23%] Built target ament_cmake_python_symlink_dynamixel_sdk
[7.689s] [ 30%] [32mBuilding CXX object CMakeFiles/dynamixel_sdk.dir/src/dynamixel_sdk/group_sync_read.cpp.o[0m
[7.773s] [ 38%] [32mBuilding CXX object CMakeFiles/dynamixel_sdk.dir/src/dynamixel_sdk/group_sync_write.cpp.o[0m
[8.305s] [ 46%] [32mBuilding CXX object CMakeFiles/dynamixel_sdk.dir/src/dynamixel_sdk/group_bulk_read.cpp.o[0m
[10.636s] running egg_info
[10.641s] creating dynamixel_sdk.egg-info
[10.658s] writing dynamixel_sdk.egg-info/PKG-INFO
[10.659s] writing dependency_links to dynamixel_sdk.egg-info/dependency_links.txt
[10.660s] writing top-level names to dynamixel_sdk.egg-info/top_level.txt
[10.662s] writing manifest file 'dynamixel_sdk.egg-info/SOURCES.txt'
[10.738s] reading manifest file 'dynamixel_sdk.egg-info/SOURCES.txt'
[10.744s] writing manifest file 'dynamixel_sdk.egg-info/SOURCES.txt'
[11.201s] [ 46%] Built target ament_cmake_python_build_dynamixel_sdk_egg
[11.327s] [ 53%] [32mBuilding CXX object CMakeFiles/dynamixel_sdk.dir/src/dynamixel_sdk/group_bulk_write.cpp.o[0m
[12.223s] [ 61%] [32mBuilding CXX object CMakeFiles/dynamixel_sdk.dir/src/dynamixel_sdk/group_fast_bulk_read.cpp.o[0m
[12.415s] [ 69%] [32mBuilding CXX object CMakeFiles/dynamixel_sdk.dir/src/dynamixel_sdk/group_fast_sync_read.cpp.o[0m
[13.521s] [ 76%] [32mBuilding CXX object CMakeFiles/dynamixel_sdk.dir/src/dynamixel_sdk/group_handler.cpp.o[0m
[15.410s] [ 84%] [32mBuilding CXX object CMakeFiles/dynamixel_sdk.dir/src/dynamixel_sdk/port_handler.cpp.o[0m
[15.541s] [ 92%] [32mBuilding CXX object CMakeFiles/dynamixel_sdk.dir/src/dynamixel_sdk/port_handler_linux.cpp.o[0m
[16.553s] [100%] [32m[1mLinking CXX shared library libdynamixel_sdk.so[0m
[17.092s] [100%] Built target dynamixel_sdk
[17.164s] Invoked command in '/home/ubuntu/ros2_ws/build/dynamixel_sdk' returned '0': CMAKE_PREFIX_PATH=${CMAKE_PREFIX_PATH}:/home/ubuntu/turtlebot3_ws/install/turtlebot3_teleop:/opt/ros/humble /usr/bin/cmake --build /home/ubuntu/ros2_ws/build/dynamixel_sdk -- -j4 -l4
[17.168s] Invoking command in '/home/ubuntu/ros2_ws/build/dynamixel_sdk': CMAKE_PREFIX_PATH=${CMAKE_PREFIX_PATH}:/home/ubuntu/turtlebot3_ws/install/turtlebot3_teleop:/opt/ros/humble /usr/bin/cmake --install /home/ubuntu/ros2_ws/build/dynamixel_sdk
[17.210s] -- Install configuration: ""
[17.212s] -- Execute custom install script
[17.216s] -- Symlinking: /home/ubuntu/ros2_ws/install/dynamixel_sdk/include//dynamixel_sdk/dynamixel_sdk.h
[17.277s] -- Symlinking: /home/ubuntu/ros2_ws/install/dynamixel_sdk/include//dynamixel_sdk/group_bulk_read.h
[17.321s] -- Symlinking: /home/ubuntu/ros2_ws/install/dynamixel_sdk/include//dynamixel_sdk/group_bulk_write.h
[17.362s] -- Symlinking: /home/ubuntu/ros2_ws/install/dynamixel_sdk/include//dynamixel_sdk/group_fast_bulk_read.h
[17.402s] -- Symlinking: /home/ubuntu/ros2_ws/install/dynamixel_sdk/include//dynamixel_sdk/group_fast_sync_read.h
[17.446s] -- Symlinking: /home/ubuntu/ros2_ws/install/dynamixel_sdk/include//dynamixel_sdk/group_handler.h
[17.486s] -- Symlinking: /home/ubuntu/ros2_ws/install/dynamixel_sdk/include//dynamixel_sdk/group_sync_read.h
[17.527s] -- Symlinking: /home/ubuntu/ros2_ws/install/dynamixel_sdk/include//dynamixel_sdk/group_sync_write.h
[17.569s] -- Symlinking: /home/ubuntu/ros2_ws/install/dynamixel_sdk/include//dynamixel_sdk/packet_handler.h
[17.612s] -- Symlinking: /home/ubuntu/ros2_ws/install/dynamixel_sdk/include//dynamixel_sdk/port_handler.h
[17.662s] -- Symlinking: /home/ubuntu/ros2_ws/install/dynamixel_sdk/include//dynamixel_sdk/port_handler_arduino.h
[17.720s] -- Symlinking: /home/ubuntu/ros2_ws/install/dynamixel_sdk/include//dynamixel_sdk/port_handler_linux.h
[17.769s] -- Symlinking: /home/ubuntu/ros2_ws/install/dynamixel_sdk/include//dynamixel_sdk/port_handler_mac.h
[17.820s] -- Symlinking: /home/ubuntu/ros2_ws/install/dynamixel_sdk/include//dynamixel_sdk/port_handler_windows.h
[17.863s] -- Symlinking: /home/ubuntu/ros2_ws/install/dynamixel_sdk/include//dynamixel_sdk/protocol1_packet_handler.h
[17.920s] -- Symlinking: /home/ubuntu/ros2_ws/install/dynamixel_sdk/include//dynamixel_sdk/protocol2_packet_handler.h
[17.968s] -- Symlinking: /home/ubuntu/ros2_ws/install/dynamixel_sdk/share/dynamixel_sdk/environment/pythonpath.sh
[18.032s] -- Symlinking: /home/ubuntu/ros2_ws/install/dynamixel_sdk/share/dynamixel_sdk/environment/pythonpath.dsv
[18.127s] -- Symlinking: /home/ubuntu/ros2_ws/install/dynamixel_sdk/local/lib/python3.10/dist-packages/dynamixel_sdk-3.8.4-py3.10.egg-info/PKG-INFO
[18.196s] -- Symlinking: /home/ubuntu/ros2_ws/install/dynamixel_sdk/local/lib/python3.10/dist-packages/dynamixel_sdk-3.8.4-py3.10.egg-info/SOURCES.txt
[18.321s] -- Symlinking: /home/ubuntu/ros2_ws/install/dynamixel_sdk/local/lib/python3.10/dist-packages/dynamixel_sdk-3.8.4-py3.10.egg-info/dependency_links.txt
[18.422s] -- Symlinking: /home/ubuntu/ros2_ws/install/dynamixel_sdk/local/lib/python3.10/dist-packages/dynamixel_sdk-3.8.4-py3.10.egg-info/top_level.txt
[18.521s] -- Symlinking: /home/ubuntu/ros2_ws/install/dynamixel_sdk/local/lib/python3.10/dist-packages/dynamixel_sdk/__init__.py
[18.638s] -- Symlinking: /home/ubuntu/ros2_ws/install/dynamixel_sdk/local/lib/python3.10/dist-packages/dynamixel_sdk/group_bulk_read.cpp
[18.720s] -- Symlinking: /home/ubuntu/ros2_ws/install/dynamixel_sdk/local/lib/python3.10/dist-packages/dynamixel_sdk/group_bulk_read.py
[18.815s] -- Symlinking: /home/ubuntu/ros2_ws/install/dynamixel_sdk/local/lib/python3.10/dist-packages/dynamixel_sdk/group_bulk_write.cpp
[18.905s] -- Symlinking: /home/ubuntu/ros2_ws/install/dynamixel_sdk/local/lib/python3.10/dist-packages/dynamixel_sdk/group_bulk_write.py
[18.999s] -- Symlinking: /home/ubuntu/ros2_ws/install/dynamixel_sdk/local/lib/python3.10/dist-packages/dynamixel_sdk/group_fast_bulk_read.cpp
[19.109s] -- Symlinking: /home/ubuntu/ros2_ws/install/dynamixel_sdk/local/lib/python3.10/dist-packages/dynamixel_sdk/group_fast_sync_read.cpp
[19.226s] -- Symlinking: /home/ubuntu/ros2_ws/install/dynamixel_sdk/local/lib/python3.10/dist-packages/dynamixel_sdk/group_handler.cpp
[19.322s] -- Symlinking: /home/ubuntu/ros2_ws/install/dynamixel_sdk/local/lib/python3.10/dist-packages/dynamixel_sdk/group_sync_read.cpp
[19.415s] -- Symlinking: /home/ubuntu/ros2_ws/install/dynamixel_sdk/local/lib/python3.10/dist-packages/dynamixel_sdk/group_sync_read.py
[19.508s] -- Symlinking: /home/ubuntu/ros2_ws/install/dynamixel_sdk/local/lib/python3.10/dist-packages/dynamixel_sdk/group_sync_write.cpp
[19.640s] -- Symlinking: /home/ubuntu/ros2_ws/install/dynamixel_sdk/local/lib/python3.10/dist-packages/dynamixel_sdk/group_sync_write.py
[19.718s] -- Symlinking: /home/ubuntu/ros2_ws/install/dynamixel_sdk/local/lib/python3.10/dist-packages/dynamixel_sdk/packet_handler.cpp
[19.807s] -- Symlinking: /home/ubuntu/ros2_ws/install/dynamixel_sdk/local/lib/python3.10/dist-packages/dynamixel_sdk/packet_handler.py
[19.875s] -- Symlinking: /home/ubuntu/ros2_ws/install/dynamixel_sdk/local/lib/python3.10/dist-packages/dynamixel_sdk/port_handler.cpp
[19.968s] -- Symlinking: /home/ubuntu/ros2_ws/install/dynamixel_sdk/local/lib/python3.10/dist-packages/dynamixel_sdk/port_handler.py
[20.098s] -- Symlinking: /home/ubuntu/ros2_ws/install/dynamixel_sdk/local/lib/python3.10/dist-packages/dynamixel_sdk/port_handler_arduino.cpp
[20.173s] -- Symlinking: /home/ubuntu/ros2_ws/install/dynamixel_sdk/local/lib/python3.10/dist-packages/dynamixel_sdk/port_handler_linux.cpp
[20.228s] -- Symlinking: /home/ubuntu/ros2_ws/install/dynamixel_sdk/local/lib/python3.10/dist-packages/dynamixel_sdk/port_handler_mac.cpp
[20.280s] -- Symlinking: /home/ubuntu/ros2_ws/install/dynamixel_sdk/local/lib/python3.10/dist-packages/dynamixel_sdk/port_handler_windows.cpp
[20.323s] -- Symlinking: /home/ubuntu/ros2_ws/install/dynamixel_sdk/local/lib/python3.10/dist-packages/dynamixel_sdk/protocol1_packet_handler.cpp
[20.394s] -- Symlinking: /home/ubuntu/ros2_ws/install/dynamixel_sdk/local/lib/python3.10/dist-packages/dynamixel_sdk/protocol1_packet_handler.py
[20.446s] -- Symlinking: /home/ubuntu/ros2_ws/install/dynamixel_sdk/local/lib/python3.10/dist-packages/dynamixel_sdk/protocol2_packet_handler.cpp
[20.488s] -- Symlinking: /home/ubuntu/ros2_ws/install/dynamixel_sdk/local/lib/python3.10/dist-packages/dynamixel_sdk/protocol2_packet_handler.py
[20.543s] -- Symlinking: /home/ubuntu/ros2_ws/install/dynamixel_sdk/local/lib/python3.10/dist-packages/dynamixel_sdk/robotis_def.py
[20.617s] -- Symlinking: /home/ubuntu/ros2_ws/install/dynamixel_sdk/share/dynamixel_sdk/environment/library_path.sh
[20.783s] -- Symlinking: /home/ubuntu/ros2_ws/install/dynamixel_sdk/share/dynamixel_sdk/environment/library_path.dsv
[20.857s] -- Symlinking: /home/ubuntu/ros2_ws/install/dynamixel_sdk/share/ament_index/resource_index/package_run_dependencies/dynamixel_sdk
[20.917s] -- Symlinking: /home/ubuntu/ros2_ws/install/dynamixel_sdk/share/ament_index/resource_index/parent_prefix_path/dynamixel_sdk
[20.996s] -- Symlinking: /home/ubuntu/ros2_ws/install/dynamixel_sdk/share/dynamixel_sdk/environment/ament_prefix_path.sh
[21.104s] -- Symlinking: /home/ubuntu/ros2_ws/install/dynamixel_sdk/share/dynamixel_sdk/environment/ament_prefix_path.dsv
[21.167s] -- Symlinking: /home/ubuntu/ros2_ws/install/dynamixel_sdk/share/dynamixel_sdk/environment/path.sh
[21.247s] -- Symlinking: /home/ubuntu/ros2_ws/install/dynamixel_sdk/share/dynamixel_sdk/environment/path.dsv
[21.347s] -- Symlinking: /home/ubuntu/ros2_ws/install/dynamixel_sdk/share/dynamixel_sdk/local_setup.bash
[21.441s] -- Symlinking: /home/ubuntu/ros2_ws/install/dynamixel_sdk/share/dynamixel_sdk/local_setup.sh
[21.535s] -- Symlinking: /home/ubuntu/ros2_ws/install/dynamixel_sdk/share/dynamixel_sdk/local_setup.zsh
[21.621s] -- Symlinking: /home/ubuntu/ros2_ws/install/dynamixel_sdk/share/dynamixel_sdk/local_setup.dsv
[21.829s] -- Symlinking: /home/ubuntu/ros2_ws/install/dynamixel_sdk/share/dynamixel_sdk/package.dsv
[21.893s] -- Symlinking: /home/ubuntu/ros2_ws/install/dynamixel_sdk/share/ament_index/resource_index/packages/dynamixel_sdk
[21.982s] -- Symlinking: /home/ubuntu/ros2_ws/install/dynamixel_sdk/share/dynamixel_sdk/cmake/ament_cmake_export_targets-extras.cmake
[22.099s] -- Symlinking: /home/ubuntu/ros2_ws/install/dynamixel_sdk/share/dynamixel_sdk/cmake/ament_cmake_export_include_directories-extras.cmake
[22.221s] -- Symlinking: /home/ubuntu/ros2_ws/install/dynamixel_sdk/share/dynamixel_sdk/cmake/ament_cmake_export_libraries-extras.cmake
[22.479s] -- Symlinking: /home/ubuntu/ros2_ws/install/dynamixel_sdk/share/dynamixel_sdk/cmake/dynamixel_sdkConfig.cmake
[22.649s] -- Symlinking: /home/ubuntu/ros2_ws/install/dynamixel_sdk/share/dynamixel_sdk/cmake/dynamixel_sdkConfig-version.cmake
[22.775s] -- Symlinking: /home/ubuntu/ros2_ws/install/dynamixel_sdk/share/dynamixel_sdk/package.xml
[22.969s] -- Installing: /home/ubuntu/ros2_ws/install/dynamixel_sdk/lib/libdynamixel_sdk.so
[24.097s] Listing '/home/ubuntu/ros2_ws/install/dynamixel_sdk/local/lib/python3.10/dist-packages/dynamixel_sdk'...
[24.099s] Compiling '/home/ubuntu/ros2_ws/install/dynamixel_sdk/local/lib/python3.10/dist-packages/dynamixel_sdk/__init__.py'...
[24.100s] Compiling '/home/ubuntu/ros2_ws/install/dynamixel_sdk/local/lib/python3.10/dist-packages/dynamixel_sdk/group_bulk_read.py'...
[24.101s] Compiling '/home/ubuntu/ros2_ws/install/dynamixel_sdk/local/lib/python3.10/dist-packages/dynamixel_sdk/group_bulk_write.py'...
[24.102s] Compiling '/home/ubuntu/ros2_ws/install/dynamixel_sdk/local/lib/python3.10/dist-packages/dynamixel_sdk/group_sync_read.py'...
[24.102s] Compiling '/home/ubuntu/ros2_ws/install/dynamixel_sdk/local/lib/python3.10/dist-packages/dynamixel_sdk/group_sync_write.py'...
[24.103s] Compiling '/home/ubuntu/ros2_ws/install/dynamixel_sdk/local/lib/python3.10/dist-packages/dynamixel_sdk/packet_handler.py'...
[24.103s] Compiling '/home/ubuntu/ros2_ws/install/dynamixel_sdk/local/lib/python3.10/dist-packages/dynamixel_sdk/port_handler.py'...
[24.104s] Compiling '/home/ubuntu/ros2_ws/install/dynamixel_sdk/local/lib/python3.10/dist-packages/dynamixel_sdk/protocol1_packet_handler.py'...
[24.104s] Compiling '/home/ubuntu/ros2_ws/install/dynamixel_sdk/local/lib/python3.10/dist-packages/dynamixel_sdk/protocol2_packet_handler.py'...
[24.105s] Compiling '/home/ubuntu/ros2_ws/install/dynamixel_sdk/local/lib/python3.10/dist-packages/dynamixel_sdk/robotis_def.py'...
[24.350s] -- Installing: /home/ubuntu/ros2_ws/install/dynamixel_sdk/share/dynamixel_sdk/cmake/dynamixel_sdkExport.cmake
[24.353s] -- Installing: /home/ubuntu/ros2_ws/install/dynamixel_sdk/share/dynamixel_sdk/cmake/dynamixel_sdkExport-noconfig.cmake
[24.366s] Invoked command in '/home/ubuntu/ros2_ws/build/dynamixel_sdk' returned '0': CMAKE_PREFIX_PATH=${CMAKE_PREFIX_PATH}:/home/ubuntu/turtlebot3_ws/install/turtlebot3_teleop:/opt/ros/humble /usr/bin/cmake --install /home/ubuntu/ros2_ws/build/dynamixel_sdk
