[0.719s] DEBUG:colcon:Command line arguments: ['/usr/bin/colcon', 'build', '--symlink-install']
[0.719s] DEBUG:colcon:Parsed command line arguments: Namespace(log_base=None, log_level=None, verb_name='build', build_base='build', install_base='install', merge_install=False, symlink_install=True, test_result_base=None, continue_on_error=False, executor='parallel', parallel_workers=4, event_handlers=None, ignore_user_meta=False, metas=['./colcon.meta'], base_paths=['.'], packages_ignore=None, packages_ignore_regex=None, paths=None, packages_up_to=None, packages_up_to_regex=None, packages_above=None, packages_above_and_dependencies=None, packages_above_depth=None, packages_select_by_dep=None, packages_skip_by_dep=None, packages_skip_up_to=None, packages_select_build_failed=False, packages_skip_build_finished=False, packages_select_test_failures=False, packages_skip_test_passed=False, packages_select=None, packages_skip=None, packages_select_regex=None, packages_skip_regex=None, packages_start=None, packages_end=None, allow_overriding=[], cmake_args=None, cmake_target=None, cmake_target_skip_unavailable=False, cmake_clean_cache=False, cmake_clean_first=False, cmake_force_configure=False, ament_cmake_args=None, catkin_cmake_args=None, catkin_skip_building_tests=False, verb_parser=<colcon_defaults.argument_parser.defaults.DefaultArgumentsDecorator object at 0xffffab7f3430>, verb_extension=<colcon_core.verb.build.BuildVerb object at 0xffffab9388e0>, main=<bound method BuildVerb.main of <colcon_core.verb.build.BuildVerb object at 0xffffab9388e0>>)
[1.910s] Level 1:colcon.colcon_core.package_discovery:discover_packages(colcon_meta) check parameters
[1.911s] Level 1:colcon.colcon_core.package_discovery:discover_packages(recursive) check parameters
[1.911s] Level 1:colcon.colcon_core.package_discovery:discover_packages(ignore) check parameters
[1.911s] Level 1:colcon.colcon_core.package_discovery:discover_packages(path) check parameters
[1.911s] Level 1:colcon.colcon_core.package_discovery:discover_packages(colcon_meta) discover
[1.911s] Level 1:colcon.colcon_core.package_discovery:discover_packages(recursive) discover
[1.912s] INFO:colcon.colcon_core.package_discovery:Crawling recursively for packages in '/home/ubuntu/ros2_ws'
[1.912s] Level 1:colcon.colcon_core.package_identification:_identify(.) by extensions ['ignore', 'ignore_ament_install']
[1.912s] Level 1:colcon.colcon_core.package_identification:_identify(.) by extension 'ignore'
[1.913s] Level 1:colcon.colcon_core.package_identification:_identify(.) by extension 'ignore_ament_install'
[1.913s] Level 1:colcon.colcon_core.package_identification:_identify(.) by extensions ['colcon_pkg']
[1.913s] Level 1:colcon.colcon_core.package_identification:_identify(.) by extension 'colcon_pkg'
[1.913s] Level 1:colcon.colcon_core.package_identification:_identify(.) by extensions ['colcon_meta']
[1.913s] Level 1:colcon.colcon_core.package_identification:_identify(.) by extension 'colcon_meta'
[1.914s] Level 1:colcon.colcon_core.package_identification:_identify(.) by extensions ['ros']
[1.914s] Level 1:colcon.colcon_core.package_identification:_identify(.) by extension 'ros'
[2.003s] Level 1:colcon.colcon_core.package_identification:_identify(.) by extensions ['cmake', 'python']
[2.004s] Level 1:colcon.colcon_core.package_identification:_identify(.) by extension 'cmake'
[2.004s] Level 1:colcon.colcon_core.package_identification:_identify(.) by extension 'python'
[2.004s] Level 1:colcon.colcon_core.package_identification:_identify(.) by extensions ['python_setup_py']
[2.004s] Level 1:colcon.colcon_core.package_identification:_identify(.) by extension 'python_setup_py'
[2.005s] Level 1:colcon.colcon_core.package_identification:_identify(build) by extensions ['ignore', 'ignore_ament_install']
[2.005s] Level 1:colcon.colcon_core.package_identification:_identify(build) by extension 'ignore'
[2.005s] Level 1:colcon.colcon_core.package_identification:_identify(build) ignored
[2.006s] Level 1:colcon.colcon_core.package_identification:_identify(install) by extensions ['ignore', 'ignore_ament_install']
[2.006s] Level 1:colcon.colcon_core.package_identification:_identify(install) by extension 'ignore'
[2.006s] Level 1:colcon.colcon_core.package_identification:_identify(install) ignored
[2.007s] Level 1:colcon.colcon_core.package_identification:_identify(log) by extensions ['ignore', 'ignore_ament_install']
[2.007s] Level 1:colcon.colcon_core.package_identification:_identify(log) by extension 'ignore'
[2.007s] Level 1:colcon.colcon_core.package_identification:_identify(log) ignored
[2.008s] Level 1:colcon.colcon_core.package_identification:_identify(src) by extensions ['ignore', 'ignore_ament_install']
[2.008s] Level 1:colcon.colcon_core.package_identification:_identify(src) by extension 'ignore'
[2.008s] Level 1:colcon.colcon_core.package_identification:_identify(src) by extension 'ignore_ament_install'
[2.008s] Level 1:colcon.colcon_core.package_identification:_identify(src) by extensions ['colcon_pkg']
[2.009s] Level 1:colcon.colcon_core.package_identification:_identify(src) by extension 'colcon_pkg'
[2.009s] Level 1:colcon.colcon_core.package_identification:_identify(src) by extensions ['colcon_meta']
[2.009s] Level 1:colcon.colcon_core.package_identification:_identify(src) by extension 'colcon_meta'
[2.009s] Level 1:colcon.colcon_core.package_identification:_identify(src) by extensions ['ros']
[2.009s] Level 1:colcon.colcon_core.package_identification:_identify(src) by extension 'ros'
[2.009s] Level 1:colcon.colcon_core.package_identification:_identify(src) by extensions ['cmake', 'python']
[2.010s] Level 1:colcon.colcon_core.package_identification:_identify(src) by extension 'cmake'
[2.010s] Level 1:colcon.colcon_core.package_identification:_identify(src) by extension 'python'
[2.010s] Level 1:colcon.colcon_core.package_identification:_identify(src) by extensions ['python_setup_py']
[2.010s] Level 1:colcon.colcon_core.package_identification:_identify(src) by extension 'python_setup_py'
[2.013s] Level 1:colcon.colcon_core.package_identification:_identify(src/socket_server_pkg) by extensions ['ignore', 'ignore_ament_install']
[2.014s] Level 1:colcon.colcon_core.package_identification:_identify(src/socket_server_pkg) by extension 'ignore'
[2.014s] Level 1:colcon.colcon_core.package_identification:_identify(src/socket_server_pkg) by extension 'ignore_ament_install'
[2.014s] Level 1:colcon.colcon_core.package_identification:_identify(src/socket_server_pkg) by extensions ['colcon_pkg']
[2.014s] Level 1:colcon.colcon_core.package_identification:_identify(src/socket_server_pkg) by extension 'colcon_pkg'
[2.014s] Level 1:colcon.colcon_core.package_identification:_identify(src/socket_server_pkg) by extensions ['colcon_meta']
[2.014s] Level 1:colcon.colcon_core.package_identification:_identify(src/socket_server_pkg) by extension 'colcon_meta'
[2.015s] Level 1:colcon.colcon_core.package_identification:_identify(src/socket_server_pkg) by extensions ['ros']
[2.015s] Level 1:colcon.colcon_core.package_identification:_identify(src/socket_server_pkg) by extension 'ros'
[2.029s] DEBUG:colcon.colcon_core.package_identification:Package 'src/socket_server_pkg' with type 'ros.ament_cmake' and name 'socket_server_pkg'
[2.030s] Level 1:colcon.colcon_core.package_identification:_identify(src/uart_bridge) by extensions ['ignore', 'ignore_ament_install']
[2.030s] Level 1:colcon.colcon_core.package_identification:_identify(src/uart_bridge) by extension 'ignore'
[2.031s] Level 1:colcon.colcon_core.package_identification:_identify(src/uart_bridge) by extension 'ignore_ament_install'
[2.031s] Level 1:colcon.colcon_core.package_identification:_identify(src/uart_bridge) by extensions ['colcon_pkg']
[2.031s] Level 1:colcon.colcon_core.package_identification:_identify(src/uart_bridge) by extension 'colcon_pkg'
[2.031s] Level 1:colcon.colcon_core.package_identification:_identify(src/uart_bridge) by extensions ['colcon_meta']
[2.031s] Level 1:colcon.colcon_core.package_identification:_identify(src/uart_bridge) by extension 'colcon_meta'
[2.032s] Level 1:colcon.colcon_core.package_identification:_identify(src/uart_bridge) by extensions ['ros']
[2.032s] Level 1:colcon.colcon_core.package_identification:_identify(src/uart_bridge) by extension 'ros'
[2.038s] DEBUG:colcon.colcon_core.package_identification:Package 'src/uart_bridge' with type 'ros.ament_cmake' and name 'uart_bridge'
[2.038s] Level 1:colcon.colcon_core.package_discovery:discover_packages(recursive) using defaults
[2.038s] Level 1:colcon.colcon_core.package_discovery:discover_packages(ignore) discover
[2.038s] Level 1:colcon.colcon_core.package_discovery:discover_packages(ignore) using defaults
[2.039s] Level 1:colcon.colcon_core.package_discovery:discover_packages(path) discover
[2.039s] Level 1:colcon.colcon_core.package_discovery:discover_packages(path) using defaults
[2.154s] Level 1:colcon.colcon_core.package_discovery:discover_packages(prefix_path) check parameters
[2.154s] Level 1:colcon.colcon_core.package_discovery:discover_packages(prefix_path) discover
[2.170s] DEBUG:colcon.colcon_installed_package_information.package_discovery:Found 0 installed packages in /home/ubuntu/turtlebot3_ws/install
[2.183s] DEBUG:colcon.colcon_installed_package_information.package_discovery:Found 356 installed packages in /opt/ros/humble
[2.231s] Level 1:colcon.colcon_core.package_discovery:discover_packages(prefix_path) using defaults
[2.435s] Level 5:colcon.colcon_core.verb:set package 'socket_server_pkg' build argument 'cmake_args' from command line to 'None'
[2.435s] Level 5:colcon.colcon_core.verb:set package 'socket_server_pkg' build argument 'cmake_target' from command line to 'None'
[2.435s] Level 5:colcon.colcon_core.verb:set package 'socket_server_pkg' build argument 'cmake_target_skip_unavailable' from command line to 'False'
[2.435s] Level 5:colcon.colcon_core.verb:set package 'socket_server_pkg' build argument 'cmake_clean_cache' from command line to 'False'
[2.435s] Level 5:colcon.colcon_core.verb:set package 'socket_server_pkg' build argument 'cmake_clean_first' from command line to 'False'
[2.435s] Level 5:colcon.colcon_core.verb:set package 'socket_server_pkg' build argument 'cmake_force_configure' from command line to 'False'
[2.436s] Level 5:colcon.colcon_core.verb:set package 'socket_server_pkg' build argument 'ament_cmake_args' from command line to 'None'
[2.436s] Level 5:colcon.colcon_core.verb:set package 'socket_server_pkg' build argument 'catkin_cmake_args' from command line to 'None'
[2.436s] Level 5:colcon.colcon_core.verb:set package 'socket_server_pkg' build argument 'catkin_skip_building_tests' from command line to 'False'
[2.436s] DEBUG:colcon.colcon_core.verb:Building package 'socket_server_pkg' with the following arguments: {'ament_cmake_args': None, 'build_base': '/home/ubuntu/ros2_ws/build/socket_server_pkg', 'catkin_cmake_args': None, 'catkin_skip_building_tests': False, 'cmake_args': None, 'cmake_clean_cache': False, 'cmake_clean_first': False, 'cmake_force_configure': False, 'cmake_target': None, 'cmake_target_skip_unavailable': False, 'install_base': '/home/ubuntu/ros2_ws/install/socket_server_pkg', 'merge_install': False, 'path': '/home/ubuntu/ros2_ws/src/socket_server_pkg', 'symlink_install': True, 'test_result_base': None}
[2.437s] Level 5:colcon.colcon_core.verb:set package 'uart_bridge' build argument 'cmake_args' from command line to 'None'
[2.437s] Level 5:colcon.colcon_core.verb:set package 'uart_bridge' build argument 'cmake_target' from command line to 'None'
[2.438s] Level 5:colcon.colcon_core.verb:set package 'uart_bridge' build argument 'cmake_target_skip_unavailable' from command line to 'False'
[2.438s] Level 5:colcon.colcon_core.verb:set package 'uart_bridge' build argument 'cmake_clean_cache' from command line to 'False'
[2.438s] Level 5:colcon.colcon_core.verb:set package 'uart_bridge' build argument 'cmake_clean_first' from command line to 'False'
[2.438s] Level 5:colcon.colcon_core.verb:set package 'uart_bridge' build argument 'cmake_force_configure' from command line to 'False'
[2.438s] Level 5:colcon.colcon_core.verb:set package 'uart_bridge' build argument 'ament_cmake_args' from command line to 'None'
[2.438s] Level 5:colcon.colcon_core.verb:set package 'uart_bridge' build argument 'catkin_cmake_args' from command line to 'None'
[2.438s] Level 5:colcon.colcon_core.verb:set package 'uart_bridge' build argument 'catkin_skip_building_tests' from command line to 'False'
[2.438s] DEBUG:colcon.colcon_core.verb:Building package 'uart_bridge' with the following arguments: {'ament_cmake_args': None, 'build_base': '/home/ubuntu/ros2_ws/build/uart_bridge', 'catkin_cmake_args': None, 'catkin_skip_building_tests': False, 'cmake_args': None, 'cmake_clean_cache': False, 'cmake_clean_first': False, 'cmake_force_configure': False, 'cmake_target': None, 'cmake_target_skip_unavailable': False, 'install_base': '/home/ubuntu/ros2_ws/install/uart_bridge', 'merge_install': False, 'path': '/home/ubuntu/ros2_ws/src/uart_bridge', 'symlink_install': True, 'test_result_base': None}
[2.439s] INFO:colcon.colcon_core.executor:Executing jobs using 'parallel' executor
[2.442s] DEBUG:colcon.colcon_parallel_executor.executor.parallel:run_until_complete
[2.443s] INFO:colcon.colcon_ros.task.ament_cmake.build:Building ROS package in '/home/ubuntu/ros2_ws/src/socket_server_pkg' with build type 'ament_cmake'
[2.443s] INFO:colcon.colcon_cmake.task.cmake.build:Building CMake package in '/home/ubuntu/ros2_ws/src/socket_server_pkg'
[2.467s] INFO:colcon.colcon_core.plugin_system:Skipping extension 'colcon_core.shell.bat': Not used on non-Windows systems
[2.468s] INFO:colcon.colcon_core.shell:Skip shell extension 'powershell' for command environment: Not usable outside of PowerShell
[2.468s] DEBUG:colcon.colcon_core.shell:Skip shell extension 'dsv' for command environment
[2.493s] INFO:colcon.colcon_ros.task.ament_cmake.build:Building ROS package in '/home/ubuntu/ros2_ws/src/uart_bridge' with build type 'ament_cmake'
[2.494s] INFO:colcon.colcon_cmake.task.cmake.build:Building CMake package in '/home/ubuntu/ros2_ws/src/uart_bridge'
[2.495s] INFO:colcon.colcon_core.shell:Skip shell extension 'powershell' for command environment: Not usable outside of PowerShell
[2.496s] DEBUG:colcon.colcon_core.shell:Skip shell extension 'dsv' for command environment
[2.539s] DEBUG:colcon.colcon_core.event_handler.log_command:Invoking command in '/home/ubuntu/ros2_ws/build/socket_server_pkg': CMAKE_PREFIX_PATH=/opt/ros/humble /usr/bin/cmake /home/ubuntu/ros2_ws/src/socket_server_pkg -DAMENT_CMAKE_SYMLINK_INSTALL=1 -DCMAKE_INSTALL_PREFIX=/home/ubuntu/ros2_ws/install/socket_server_pkg
[2.581s] DEBUG:colcon.colcon_core.event_handler.log_command:Invoking command in '/home/ubuntu/ros2_ws/build/uart_bridge': CMAKE_PREFIX_PATH=/opt/ros/humble /usr/bin/cmake --build /home/ubuntu/ros2_ws/build/uart_bridge -- -j4 -l4
[3.400s] DEBUG:colcon.colcon_core.event_handler.log_command:Invoked command in '/home/ubuntu/ros2_ws/build/uart_bridge' returned '0': CMAKE_PREFIX_PATH=/opt/ros/humble /usr/bin/cmake --build /home/ubuntu/ros2_ws/build/uart_bridge -- -j4 -l4
[3.447s] DEBUG:colcon.colcon_core.event_handler.log_command:Invoking command in '/home/ubuntu/ros2_ws/build/uart_bridge': CMAKE_PREFIX_PATH=/opt/ros/humble /usr/bin/cmake --install /home/ubuntu/ros2_ws/build/uart_bridge
[3.568s] Level 1:colcon.colcon_core.environment:create_environment_scripts_only(uart_bridge)
[3.572s] DEBUG:colcon.colcon_core.event_handler.log_command:Invoked command in '/home/ubuntu/ros2_ws/build/uart_bridge' returned '0': CMAKE_PREFIX_PATH=/opt/ros/humble /usr/bin/cmake --install /home/ubuntu/ros2_ws/build/uart_bridge
[3.611s] Level 1:colcon.colcon_core.environment:checking '/home/ubuntu/ros2_ws/install/uart_bridge' for CMake module files
[3.615s] Level 1:colcon.colcon_core.environment:checking '/home/ubuntu/ros2_ws/install/uart_bridge' for CMake config files
[3.619s] Level 1:colcon.colcon_core.shell:create_environment_hook('uart_bridge', 'cmake_prefix_path')
[3.620s] INFO:colcon.colcon_core.shell:Creating environment hook '/home/ubuntu/ros2_ws/install/uart_bridge/share/uart_bridge/hook/cmake_prefix_path.ps1'
[3.626s] INFO:colcon.colcon_core.shell:Creating environment descriptor '/home/ubuntu/ros2_ws/install/uart_bridge/share/uart_bridge/hook/cmake_prefix_path.dsv'
[3.630s] INFO:colcon.colcon_core.shell:Creating environment hook '/home/ubuntu/ros2_ws/install/uart_bridge/share/uart_bridge/hook/cmake_prefix_path.sh'
[3.637s] Level 1:colcon.colcon_core.environment:checking '/home/ubuntu/ros2_ws/install/uart_bridge/lib'
[3.638s] Level 1:colcon.colcon_core.environment:checking '/home/ubuntu/ros2_ws/install/uart_bridge/bin'
[3.638s] Level 1:colcon.colcon_core.environment:checking '/home/ubuntu/ros2_ws/install/uart_bridge/lib/pkgconfig/uart_bridge.pc'
[3.639s] Level 1:colcon.colcon_core.environment:checking '/home/ubuntu/ros2_ws/install/uart_bridge/lib/python3.10/site-packages'
[3.641s] Level 1:colcon.colcon_core.environment:checking '/home/ubuntu/ros2_ws/install/uart_bridge/bin'
[3.642s] INFO:colcon.colcon_core.shell:Creating package script '/home/ubuntu/ros2_ws/install/uart_bridge/share/uart_bridge/package.ps1'
[3.647s] INFO:colcon.colcon_core.shell:Creating package descriptor '/home/ubuntu/ros2_ws/install/uart_bridge/share/uart_bridge/package.dsv'
[3.651s] INFO:colcon.colcon_core.shell:Creating package script '/home/ubuntu/ros2_ws/install/uart_bridge/share/uart_bridge/package.sh'
[3.656s] INFO:colcon.colcon_core.shell:Creating package script '/home/ubuntu/ros2_ws/install/uart_bridge/share/uart_bridge/package.bash'
[3.662s] INFO:colcon.colcon_core.shell:Creating package script '/home/ubuntu/ros2_ws/install/uart_bridge/share/uart_bridge/package.zsh'
[3.668s] Level 1:colcon.colcon_core.environment:create_file_with_runtime_dependencies(/home/ubuntu/ros2_ws/install/uart_bridge/share/colcon-core/packages/uart_bridge)
[3.672s] Level 1:colcon.colcon_core.environment:create_environment_scripts_only(uart_bridge)
[3.673s] Level 1:colcon.colcon_core.environment:checking '/home/ubuntu/ros2_ws/install/uart_bridge' for CMake module files
[3.676s] Level 1:colcon.colcon_core.environment:checking '/home/ubuntu/ros2_ws/install/uart_bridge' for CMake config files
[3.678s] Level 1:colcon.colcon_core.shell:create_environment_hook('uart_bridge', 'cmake_prefix_path')
[3.679s] INFO:colcon.colcon_core.shell:Creating environment hook '/home/ubuntu/ros2_ws/install/uart_bridge/share/uart_bridge/hook/cmake_prefix_path.ps1'
[3.681s] INFO:colcon.colcon_core.shell:Creating environment descriptor '/home/ubuntu/ros2_ws/install/uart_bridge/share/uart_bridge/hook/cmake_prefix_path.dsv'
[3.683s] INFO:colcon.colcon_core.shell:Creating environment hook '/home/ubuntu/ros2_ws/install/uart_bridge/share/uart_bridge/hook/cmake_prefix_path.sh'
[3.687s] Level 1:colcon.colcon_core.environment:checking '/home/ubuntu/ros2_ws/install/uart_bridge/lib'
[3.687s] Level 1:colcon.colcon_core.environment:checking '/home/ubuntu/ros2_ws/install/uart_bridge/bin'
[3.688s] Level 1:colcon.colcon_core.environment:checking '/home/ubuntu/ros2_ws/install/uart_bridge/lib/pkgconfig/uart_bridge.pc'
[3.689s] Level 1:colcon.colcon_core.environment:checking '/home/ubuntu/ros2_ws/install/uart_bridge/lib/python3.10/site-packages'
[3.690s] Level 1:colcon.colcon_core.environment:checking '/home/ubuntu/ros2_ws/install/uart_bridge/bin'
[3.691s] INFO:colcon.colcon_core.shell:Creating package script '/home/ubuntu/ros2_ws/install/uart_bridge/share/uart_bridge/package.ps1'
[3.693s] INFO:colcon.colcon_core.shell:Creating package descriptor '/home/ubuntu/ros2_ws/install/uart_bridge/share/uart_bridge/package.dsv'
[3.696s] INFO:colcon.colcon_core.shell:Creating package script '/home/ubuntu/ros2_ws/install/uart_bridge/share/uart_bridge/package.sh'
[3.698s] INFO:colcon.colcon_core.shell:Creating package script '/home/ubuntu/ros2_ws/install/uart_bridge/share/uart_bridge/package.bash'
[3.700s] INFO:colcon.colcon_core.shell:Creating package script '/home/ubuntu/ros2_ws/install/uart_bridge/share/uart_bridge/package.zsh'
[3.702s] Level 1:colcon.colcon_core.environment:create_file_with_runtime_dependencies(/home/ubuntu/ros2_ws/install/uart_bridge/share/colcon-core/packages/uart_bridge)
[6.066s] DEBUG:colcon.colcon_core.event_handler.log_command:Invoked command in '/home/ubuntu/ros2_ws/build/socket_server_pkg' returned '0': CMAKE_PREFIX_PATH=/opt/ros/humble /usr/bin/cmake /home/ubuntu/ros2_ws/src/socket_server_pkg -DAMENT_CMAKE_SYMLINK_INSTALL=1 -DCMAKE_INSTALL_PREFIX=/home/ubuntu/ros2_ws/install/socket_server_pkg
[6.074s] DEBUG:colcon.colcon_core.event_handler.log_command:Invoking command in '/home/ubuntu/ros2_ws/build/socket_server_pkg': CMAKE_PREFIX_PATH=/opt/ros/humble /usr/bin/cmake --build /home/ubuntu/ros2_ws/build/socket_server_pkg -- -j4 -l4
[41.950s] DEBUG:colcon.colcon_core.event_handler.log_command:Invoked command in '/home/ubuntu/ros2_ws/build/socket_server_pkg' returned '0': CMAKE_PREFIX_PATH=/opt/ros/humble /usr/bin/cmake --build /home/ubuntu/ros2_ws/build/socket_server_pkg -- -j4 -l4
[41.960s] DEBUG:colcon.colcon_core.event_handler.log_command:Invoking command in '/home/ubuntu/ros2_ws/build/socket_server_pkg': CMAKE_PREFIX_PATH=/opt/ros/humble /usr/bin/cmake --install /home/ubuntu/ros2_ws/build/socket_server_pkg
[42.607s] Level 1:colcon.colcon_core.environment:create_environment_scripts_only(socket_server_pkg)
[42.609s] Level 1:colcon.colcon_core.environment:checking '/home/ubuntu/ros2_ws/install/socket_server_pkg' for CMake module files
[42.611s] DEBUG:colcon.colcon_core.event_handler.log_command:Invoked command in '/home/ubuntu/ros2_ws/build/socket_server_pkg' returned '0': CMAKE_PREFIX_PATH=/opt/ros/humble /usr/bin/cmake --install /home/ubuntu/ros2_ws/build/socket_server_pkg
[42.614s] Level 1:colcon.colcon_core.environment:checking '/home/ubuntu/ros2_ws/install/socket_server_pkg' for CMake config files
[42.620s] Level 1:colcon.colcon_core.shell:create_environment_hook('socket_server_pkg', 'cmake_prefix_path')
[42.621s] INFO:colcon.colcon_core.shell:Creating environment hook '/home/ubuntu/ros2_ws/install/socket_server_pkg/share/socket_server_pkg/hook/cmake_prefix_path.ps1'
[42.624s] INFO:colcon.colcon_core.shell:Creating environment descriptor '/home/ubuntu/ros2_ws/install/socket_server_pkg/share/socket_server_pkg/hook/cmake_prefix_path.dsv'
[42.626s] INFO:colcon.colcon_core.shell:Creating environment hook '/home/ubuntu/ros2_ws/install/socket_server_pkg/share/socket_server_pkg/hook/cmake_prefix_path.sh'
[42.629s] Level 1:colcon.colcon_core.environment:checking '/home/ubuntu/ros2_ws/install/socket_server_pkg/lib'
[42.630s] Level 1:colcon.colcon_core.environment:checking '/home/ubuntu/ros2_ws/install/socket_server_pkg/bin'
[42.630s] Level 1:colcon.colcon_core.environment:checking '/home/ubuntu/ros2_ws/install/socket_server_pkg/lib/pkgconfig/socket_server_pkg.pc'
[42.631s] Level 1:colcon.colcon_core.environment:checking '/home/ubuntu/ros2_ws/install/socket_server_pkg/lib/python3.10/site-packages'
[42.632s] Level 1:colcon.colcon_core.environment:checking '/home/ubuntu/ros2_ws/install/socket_server_pkg/bin'
[42.633s] INFO:colcon.colcon_core.shell:Creating package script '/home/ubuntu/ros2_ws/install/socket_server_pkg/share/socket_server_pkg/package.ps1'
[42.636s] INFO:colcon.colcon_core.shell:Creating package descriptor '/home/ubuntu/ros2_ws/install/socket_server_pkg/share/socket_server_pkg/package.dsv'
[42.638s] INFO:colcon.colcon_core.shell:Creating package script '/home/ubuntu/ros2_ws/install/socket_server_pkg/share/socket_server_pkg/package.sh'
[42.640s] INFO:colcon.colcon_core.shell:Creating package script '/home/ubuntu/ros2_ws/install/socket_server_pkg/share/socket_server_pkg/package.bash'
[42.642s] INFO:colcon.colcon_core.shell:Creating package script '/home/ubuntu/ros2_ws/install/socket_server_pkg/share/socket_server_pkg/package.zsh'
[42.644s] Level 1:colcon.colcon_core.environment:create_file_with_runtime_dependencies(/home/ubuntu/ros2_ws/install/socket_server_pkg/share/colcon-core/packages/socket_server_pkg)
[42.647s] Level 1:colcon.colcon_core.environment:create_environment_scripts_only(socket_server_pkg)
[42.648s] Level 1:colcon.colcon_core.environment:checking '/home/ubuntu/ros2_ws/install/socket_server_pkg' for CMake module files
[42.650s] Level 1:colcon.colcon_core.environment:checking '/home/ubuntu/ros2_ws/install/socket_server_pkg' for CMake config files
[42.652s] Level 1:colcon.colcon_core.shell:create_environment_hook('socket_server_pkg', 'cmake_prefix_path')
[42.653s] INFO:colcon.colcon_core.shell:Creating environment hook '/home/ubuntu/ros2_ws/install/socket_server_pkg/share/socket_server_pkg/hook/cmake_prefix_path.ps1'
[42.655s] INFO:colcon.colcon_core.shell:Creating environment descriptor '/home/ubuntu/ros2_ws/install/socket_server_pkg/share/socket_server_pkg/hook/cmake_prefix_path.dsv'
[42.657s] INFO:colcon.colcon_core.shell:Creating environment hook '/home/ubuntu/ros2_ws/install/socket_server_pkg/share/socket_server_pkg/hook/cmake_prefix_path.sh'
[42.660s] Level 1:colcon.colcon_core.environment:checking '/home/ubuntu/ros2_ws/install/socket_server_pkg/lib'
[42.661s] Level 1:colcon.colcon_core.environment:checking '/home/ubuntu/ros2_ws/install/socket_server_pkg/bin'
[42.661s] Level 1:colcon.colcon_core.environment:checking '/home/ubuntu/ros2_ws/install/socket_server_pkg/lib/pkgconfig/socket_server_pkg.pc'
[42.662s] Level 1:colcon.colcon_core.environment:checking '/home/ubuntu/ros2_ws/install/socket_server_pkg/lib/python3.10/site-packages'
[42.663s] Level 1:colcon.colcon_core.environment:checking '/home/ubuntu/ros2_ws/install/socket_server_pkg/bin'
[42.665s] INFO:colcon.colcon_core.shell:Creating package script '/home/ubuntu/ros2_ws/install/socket_server_pkg/share/socket_server_pkg/package.ps1'
[42.667s] INFO:colcon.colcon_core.shell:Creating package descriptor '/home/ubuntu/ros2_ws/install/socket_server_pkg/share/socket_server_pkg/package.dsv'
[42.670s] INFO:colcon.colcon_core.shell:Creating package script '/home/ubuntu/ros2_ws/install/socket_server_pkg/share/socket_server_pkg/package.sh'
[42.672s] INFO:colcon.colcon_core.shell:Creating package script '/home/ubuntu/ros2_ws/install/socket_server_pkg/share/socket_server_pkg/package.bash'
[42.675s] INFO:colcon.colcon_core.shell:Creating package script '/home/ubuntu/ros2_ws/install/socket_server_pkg/share/socket_server_pkg/package.zsh'
[42.677s] Level 1:colcon.colcon_core.environment:create_file_with_runtime_dependencies(/home/ubuntu/ros2_ws/install/socket_server_pkg/share/colcon-core/packages/socket_server_pkg)
[42.678s] DEBUG:colcon.colcon_parallel_executor.executor.parallel:closing loop
[42.680s] DEBUG:colcon.colcon_parallel_executor.executor.parallel:loop closed
[42.681s] DEBUG:colcon.colcon_parallel_executor.executor.parallel:run_until_complete finished with '0'
[42.681s] DEBUG:colcon.colcon_core.event_reactor:joining thread
[42.710s] INFO:colcon.colcon_core.plugin_system:Skipping extension 'colcon_notification.desktop_notification.notify_send': Could not find 'notify-send'
[42.710s] INFO:colcon.colcon_core.plugin_system:Skipping extension 'colcon_notification.desktop_notification.terminal_notifier': Not used on non-Darwin systems
[42.728s] INFO:colcon.colcon_core.plugin_system:Skipping extension 'colcon_notification.desktop_notification.win32': Not used on non-Windows systems
[42.728s] INFO:colcon.colcon_notification.desktop_notification:Sending desktop notification using 'notify2'
[42.977s] DEBUG:colcon.colcon_notification.desktop_notification.notify2:Failed to initialize notify2: org.freedesktop.DBus.Error.ServiceUnknown: The name org.freedesktop.Notifications was not provided by any .service files
[42.978s] DEBUG:colcon.colcon_core.event_reactor:joined thread
[42.979s] INFO:colcon.colcon_core.shell:Creating prefix script '/home/ubuntu/ros2_ws/install/local_setup.ps1'
[43.002s] INFO:colcon.colcon_core.shell:Creating prefix util module '/home/ubuntu/ros2_ws/install/_local_setup_util_ps1.py'
[43.021s] INFO:colcon.colcon_core.shell:Creating prefix chain script '/home/ubuntu/ros2_ws/install/setup.ps1'
[43.028s] INFO:colcon.colcon_core.shell:Creating prefix script '/home/ubuntu/ros2_ws/install/local_setup.sh'
[43.038s] INFO:colcon.colcon_core.shell:Creating prefix util module '/home/ubuntu/ros2_ws/install/_local_setup_util_sh.py'
[43.041s] INFO:colcon.colcon_core.shell:Creating prefix chain script '/home/ubuntu/ros2_ws/install/setup.sh'
[43.050s] INFO:colcon.colcon_core.shell:Creating prefix script '/home/ubuntu/ros2_ws/install/local_setup.bash'
[43.059s] INFO:colcon.colcon_core.shell:Creating prefix chain script '/home/ubuntu/ros2_ws/install/setup.bash'
[43.069s] INFO:colcon.colcon_core.shell:Creating prefix script '/home/ubuntu/ros2_ws/install/local_setup.zsh'
[43.077s] INFO:colcon.colcon_core.shell:Creating prefix chain script '/home/ubuntu/ros2_ws/install/setup.zsh'
