[0.072s] Invoking command in '/home/ubuntu/turtlebot3_ws/build/ros_tutorials_topic': CMAKE_PREFIX_PATH=/home/ubuntu/turtlebot3_ws/install/turtlebot3:/home/ubuntu/turtlebot3_ws/install/turtlebot3_simulations:/home/ubuntu/turtlebot3_ws/install/turtlebot3_fake_node:/home/ubuntu/turtlebot3_ws/install/turtlebot3_manipulation_gazebo:/home/ubuntu/turtlebot3_ws/install/turtlebot3_gazebo:/home/ubuntu/turtlebot3_ws/install/turtlebot3_example:/home/ubuntu/turtlebot3_ws/src/install/turtlebot3_teleop:/home/ubuntu/turtlebot3_ws/src/install/turtlebot3_example:/home/ubuntu/turtlebot3_ws/install/turtlebot3_teleop:/opt/ros/humble:/home/ubuntu/turtlebot3_ws/install/simple_navigation_goals:/home/ubuntu/turtlebot3_ws/install/ros_tutorials_topic:/home/ubuntu/turtlebot3_ws/install/rescue_orchestrator:/home/ubuntu/turtlebot3_ws/install/dynamixel_sdk_examples:/home/ubuntu/turtlebot3_ws/install/cpp_talker_listener:/home/ubuntu/turtlebot3_ws/src/install/uart_bridge_cpp:/home/ubuntu/turtlebot3_ws/src/install/turtlebot3:/home/ubuntu/turtlebot3_ws/src/install/turtlebot3_simulations:/home/ubuntu/turtlebot3_ws/src/install/turtlebot3_bringup:/home/ubuntu/turtlebot3_ws/src/install/turtlebot3_node:/home/ubuntu/turtlebot3_ws/src/install/turtlebot3_navigation2:/home/ubuntu/turtlebot3_ws/src/install/turtlebot3_fake_node:/home/ubuntu/turtlebot3_ws/src/install/turtlebot3_msgs:/home/ubuntu/turtlebot3_ws/src/install/turtlebot3_manipulation_gazebo:/home/ubuntu/turtlebot3_ws/src/install/turtlebot3_gazebo:/home/ubuntu/turtlebot3_ws/src/install/turtlebot3_description:/home/ubuntu/turtlebot3_ws/src/install/turtlebot3_cartographer:/home/ubuntu/turtlebot3_ws/src/install/simple_navigation_goals:/home/ubuntu/turtlebot3_ws/src/install/ros_tutorials_topic:/home/ubuntu/turtlebot3_ws/src/install/ros_goal_client:/home/ubuntu/turtlebot3_ws/src/install/rescue_orchestrator:/home/ubuntu/turtlebot3_ws/src/install/dynamixel_sdk_examples:/home/ubuntu/turtlebot3_ws/src/install/dynamixel_sdk_custom_interfaces:/home/ubuntu/turtlebot3_ws/src/install/dynamixel_sdk:/home/ubuntu/turtlebot3_ws/src/install/cpp_talker_listener:/home/ubuntu/ros2_ws/install/uart_bridge_cpp:/home/ubuntu/turtlebot3_ws/install/uart_bridge_cpp:/home/ubuntu/turtlebot3_ws/install/turtlebot3_bringup:/home/ubuntu/turtlebot3_ws/install/turtlebot3_node:/home/ubuntu/turtlebot3_ws/install/turtlebot3_navigation2:/home/ubuntu/turtlebot3_ws/install/turtlebot3_msgs:/home/ubuntu/turtlebot3_ws/install/turtlebot3_description:/home/ubuntu/turtlebot3_ws/install/turtlebot3_cartographer:/home/ubuntu/turtlebot3_ws/install/ros_goal_client:/home/ubuntu/turtlebot3_ws/install/dynamixel_sdk_custom_interfaces:/home/ubuntu/turtlebot3_ws/install/dynamixel_sdk /usr/bin/cmake --build /home/ubuntu/turtlebot3_ws/build/ros_tutorials_topic -- -j4 -l4
[0.617s] [35m[1mConsolidate compiler generated dependencies of target ros_tutorials_topic__rosidl_generator_c[0m
[0.760s] [  2%] Built target ros_tutorials_topic__cpp
[0.827s] [  2%] Built target ament_cmake_python_symlink_ros_tutorials_topic
[0.832s] [ 11%] Built target ros_tutorials_topic__rosidl_generator_c
[0.943s] [35m[1mConsolidate compiler generated dependencies of target ros_tutorials_topic__rosidl_typesupport_fastrtps_cpp[0m
[0.969s] [35m[1mConsolidate compiler generated dependencies of target ros_tutorials_topic__rosidl_typesupport_cpp[0m
[1.005s] [35m[1mConsolidate compiler generated dependencies of target ros_tutorials_topic__rosidl_typesupport_introspection_cpp[0m
[1.055s] [ 20%] Built target ros_tutorials_topic__rosidl_typesupport_cpp
[1.058s] [35m[1mConsolidate compiler generated dependencies of target ros_tutorials_topic__rosidl_typesupport_fastrtps_c[0m
[1.163s] [ 28%] Built target ros_tutorials_topic__rosidl_typesupport_fastrtps_cpp
[1.211s] [35m[1mConsolidate compiler generated dependencies of target ros_tutorials_topic__rosidl_typesupport_introspection_c[0m
[1.220s] [ 37%] Built target ros_tutorials_topic__rosidl_typesupport_fastrtps_c
[1.239s] [ 45%] Built target ros_tutorials_topic__rosidl_typesupport_introspection_cpp
[1.280s] [35m[1mConsolidate compiler generated dependencies of target ros_tutorials_topic__rosidl_typesupport_c[0m
[1.448s] [ 54%] Built target ros_tutorials_topic__rosidl_typesupport_c
[1.455s] [ 62%] Built target ros_tutorials_topic__rosidl_typesupport_introspection_c
[1.754s] [ 62%] Built target ros_tutorials_topic
[1.932s] [35m[1mConsolidate compiler generated dependencies of target topic_publisher[0m
[1.992s] [35m[1mConsolidate compiler generated dependencies of target topic_subscriber[0m
[2.119s] [ 65%] Built target ros_tutorials_topic__py
[2.210s] [ 71%] Built target topic_publisher
[2.300s] [35m[1mConsolidate compiler generated dependencies of target ros_tutorials_topic__rosidl_generator_py[0m
[2.301s] [ 77%] Built target topic_subscriber
[2.506s] [ 82%] Built target ros_tutorials_topic__rosidl_generator_py
[2.681s] [35m[1mConsolidate compiler generated dependencies of target ros_tutorials_topic__rosidl_typesupport_c__pyext[0m
[2.690s] [35m[1mConsolidate compiler generated dependencies of target ros_tutorials_topic__rosidl_typesupport_fastrtps_c__pyext[0m
[2.834s] [35m[1mConsolidate compiler generated dependencies of target ros_tutorials_topic__rosidl_typesupport_introspection_c__pyext[0m
[2.885s] [ 88%] Built target ros_tutorials_topic__rosidl_typesupport_c__pyext
[2.909s] [ 94%] Built target ros_tutorials_topic__rosidl_typesupport_fastrtps_c__pyext
[3.113s] [100%] Built target ros_tutorials_topic__rosidl_typesupport_introspection_c__pyext
[5.255s] running egg_info
[5.260s] writing ros_tutorials_topic.egg-info/PKG-INFO
[5.279s] writing dependency_links to ros_tutorials_topic.egg-info/dependency_links.txt
[5.280s] writing top-level names to ros_tutorials_topic.egg-info/top_level.txt
[5.318s] reading manifest file 'ros_tutorials_topic.egg-info/SOURCES.txt'
[5.322s] writing manifest file 'ros_tutorials_topic.egg-info/SOURCES.txt'
[5.711s] [100%] Built target ament_cmake_python_build_ros_tutorials_topic_egg
[6.124s] Invoked command in '/home/ubuntu/turtlebot3_ws/build/ros_tutorials_topic' returned '0': CMAKE_PREFIX_PATH=/home/ubuntu/turtlebot3_ws/install/turtlebot3:/home/ubuntu/turtlebot3_ws/install/turtlebot3_simulations:/home/ubuntu/turtlebot3_ws/install/turtlebot3_fake_node:/home/ubuntu/turtlebot3_ws/install/turtlebot3_manipulation_gazebo:/home/ubuntu/turtlebot3_ws/install/turtlebot3_gazebo:/home/ubuntu/turtlebot3_ws/install/turtlebot3_example:/home/ubuntu/turtlebot3_ws/src/install/turtlebot3_teleop:/home/ubuntu/turtlebot3_ws/src/install/turtlebot3_example:/home/ubuntu/turtlebot3_ws/install/turtlebot3_teleop:/opt/ros/humble:/home/ubuntu/turtlebot3_ws/install/simple_navigation_goals:/home/ubuntu/turtlebot3_ws/install/ros_tutorials_topic:/home/ubuntu/turtlebot3_ws/install/rescue_orchestrator:/home/ubuntu/turtlebot3_ws/install/dynamixel_sdk_examples:/home/ubuntu/turtlebot3_ws/install/cpp_talker_listener:/home/ubuntu/turtlebot3_ws/src/install/uart_bridge_cpp:/home/ubuntu/turtlebot3_ws/src/install/turtlebot3:/home/ubuntu/turtlebot3_ws/src/install/turtlebot3_simulations:/home/ubuntu/turtlebot3_ws/src/install/turtlebot3_bringup:/home/ubuntu/turtlebot3_ws/src/install/turtlebot3_node:/home/ubuntu/turtlebot3_ws/src/install/turtlebot3_navigation2:/home/ubuntu/turtlebot3_ws/src/install/turtlebot3_fake_node:/home/ubuntu/turtlebot3_ws/src/install/turtlebot3_msgs:/home/ubuntu/turtlebot3_ws/src/install/turtlebot3_manipulation_gazebo:/home/ubuntu/turtlebot3_ws/src/install/turtlebot3_gazebo:/home/ubuntu/turtlebot3_ws/src/install/turtlebot3_description:/home/ubuntu/turtlebot3_ws/src/install/turtlebot3_cartographer:/home/ubuntu/turtlebot3_ws/src/install/simple_navigation_goals:/home/ubuntu/turtlebot3_ws/src/install/ros_tutorials_topic:/home/ubuntu/turtlebot3_ws/src/install/ros_goal_client:/home/ubuntu/turtlebot3_ws/src/install/rescue_orchestrator:/home/ubuntu/turtlebot3_ws/src/install/dynamixel_sdk_examples:/home/ubuntu/turtlebot3_ws/src/install/dynamixel_sdk_custom_interfaces:/home/ubuntu/turtlebot3_ws/src/install/dynamixel_sdk:/home/ubuntu/turtlebot3_ws/src/install/cpp_talker_listener:/home/ubuntu/ros2_ws/install/uart_bridge_cpp:/home/ubuntu/turtlebot3_ws/install/uart_bridge_cpp:/home/ubuntu/turtlebot3_ws/install/turtlebot3_bringup:/home/ubuntu/turtlebot3_ws/install/turtlebot3_node:/home/ubuntu/turtlebot3_ws/install/turtlebot3_navigation2:/home/ubuntu/turtlebot3_ws/install/turtlebot3_msgs:/home/ubuntu/turtlebot3_ws/install/turtlebot3_description:/home/ubuntu/turtlebot3_ws/install/turtlebot3_cartographer:/home/ubuntu/turtlebot3_ws/install/ros_goal_client:/home/ubuntu/turtlebot3_ws/install/dynamixel_sdk_custom_interfaces:/home/ubuntu/turtlebot3_ws/install/dynamixel_sdk /usr/bin/cmake --build /home/ubuntu/turtlebot3_ws/build/ros_tutorials_topic -- -j4 -l4
[6.144s] Invoking command in '/home/ubuntu/turtlebot3_ws/build/ros_tutorials_topic': CMAKE_PREFIX_PATH=/home/ubuntu/turtlebot3_ws/install/turtlebot3:/home/ubuntu/turtlebot3_ws/install/turtlebot3_simulations:/home/ubuntu/turtlebot3_ws/install/turtlebot3_fake_node:/home/ubuntu/turtlebot3_ws/install/turtlebot3_manipulation_gazebo:/home/ubuntu/turtlebot3_ws/install/turtlebot3_gazebo:/home/ubuntu/turtlebot3_ws/install/turtlebot3_example:/home/ubuntu/turtlebot3_ws/src/install/turtlebot3_teleop:/home/ubuntu/turtlebot3_ws/src/install/turtlebot3_example:/home/ubuntu/turtlebot3_ws/install/turtlebot3_teleop:/opt/ros/humble:/home/ubuntu/turtlebot3_ws/install/simple_navigation_goals:/home/ubuntu/turtlebot3_ws/install/ros_tutorials_topic:/home/ubuntu/turtlebot3_ws/install/rescue_orchestrator:/home/ubuntu/turtlebot3_ws/install/dynamixel_sdk_examples:/home/ubuntu/turtlebot3_ws/install/cpp_talker_listener:/home/ubuntu/turtlebot3_ws/src/install/uart_bridge_cpp:/home/ubuntu/turtlebot3_ws/src/install/turtlebot3:/home/ubuntu/turtlebot3_ws/src/install/turtlebot3_simulations:/home/ubuntu/turtlebot3_ws/src/install/turtlebot3_bringup:/home/ubuntu/turtlebot3_ws/src/install/turtlebot3_node:/home/ubuntu/turtlebot3_ws/src/install/turtlebot3_navigation2:/home/ubuntu/turtlebot3_ws/src/install/turtlebot3_fake_node:/home/ubuntu/turtlebot3_ws/src/install/turtlebot3_msgs:/home/ubuntu/turtlebot3_ws/src/install/turtlebot3_manipulation_gazebo:/home/ubuntu/turtlebot3_ws/src/install/turtlebot3_gazebo:/home/ubuntu/turtlebot3_ws/src/install/turtlebot3_description:/home/ubuntu/turtlebot3_ws/src/install/turtlebot3_cartographer:/home/ubuntu/turtlebot3_ws/src/install/simple_navigation_goals:/home/ubuntu/turtlebot3_ws/src/install/ros_tutorials_topic:/home/ubuntu/turtlebot3_ws/src/install/ros_goal_client:/home/ubuntu/turtlebot3_ws/src/install/rescue_orchestrator:/home/ubuntu/turtlebot3_ws/src/install/dynamixel_sdk_examples:/home/ubuntu/turtlebot3_ws/src/install/dynamixel_sdk_custom_interfaces:/home/ubuntu/turtlebot3_ws/src/install/dynamixel_sdk:/home/ubuntu/turtlebot3_ws/src/install/cpp_talker_listener:/home/ubuntu/ros2_ws/install/uart_bridge_cpp:/home/ubuntu/turtlebot3_ws/install/uart_bridge_cpp:/home/ubuntu/turtlebot3_ws/install/turtlebot3_bringup:/home/ubuntu/turtlebot3_ws/install/turtlebot3_node:/home/ubuntu/turtlebot3_ws/install/turtlebot3_navigation2:/home/ubuntu/turtlebot3_ws/install/turtlebot3_msgs:/home/ubuntu/turtlebot3_ws/install/turtlebot3_description:/home/ubuntu/turtlebot3_ws/install/turtlebot3_cartographer:/home/ubuntu/turtlebot3_ws/install/ros_goal_client:/home/ubuntu/turtlebot3_ws/install/dynamixel_sdk_custom_interfaces:/home/ubuntu/turtlebot3_ws/install/dynamixel_sdk /usr/bin/cmake --install /home/ubuntu/turtlebot3_ws/build/ros_tutorials_topic
[6.254s] -- Install configuration: ""
[6.258s] -- Execute custom install script
[6.261s] -- Symlinking: /home/ubuntu/turtlebot3_ws/install/ros_tutorials_topic/share/ament_index/resource_index/rosidl_interfaces/ros_tutorials_topic
[6.556s] -- Symlinking: /home/ubuntu/turtlebot3_ws/install/ros_tutorials_topic/include/ros_tutorials_topic/ros_tutorials_topic/msg/detail/msg_tutorial__functions.h
[6.776s] -- Symlinking: /home/ubuntu/turtlebot3_ws/install/ros_tutorials_topic/include/ros_tutorials_topic/ros_tutorials_topic/msg/detail/msg_tutorial__struct.h
[6.880s] -- Symlinking: /home/ubuntu/turtlebot3_ws/install/ros_tutorials_topic/include/ros_tutorials_topic/ros_tutorials_topic/msg/detail/msg_tutorial__type_support.h
[7.000s] -- Symlinking: /home/ubuntu/turtlebot3_ws/install/ros_tutorials_topic/include/ros_tutorials_topic/ros_tutorials_topic/msg/msg_tutorial.h
[7.132s] -- Symlinking: /home/ubuntu/turtlebot3_ws/install/ros_tutorials_topic/include/ros_tutorials_topic/ros_tutorials_topic/msg/rosidl_generator_c__visibility_control.h
[7.346s] -- Symlinking: /home/ubuntu/turtlebot3_ws/install/ros_tutorials_topic/share/ros_tutorials_topic/environment/library_path.sh
[7.453s] -- Symlinking: /home/ubuntu/turtlebot3_ws/install/ros_tutorials_topic/share/ros_tutorials_topic/environment/library_path.dsv
[7.529s] -- Symlinking: /home/ubuntu/turtlebot3_ws/install/ros_tutorials_topic/include/ros_tutorials_topic/ros_tutorials_topic/msg/detail/msg_tutorial__rosidl_typesupport_fastrtps_c.h
[7.617s] -- Symlinking: /home/ubuntu/turtlebot3_ws/install/ros_tutorials_topic/include/ros_tutorials_topic/ros_tutorials_topic/msg/rosidl_typesupport_fastrtps_c__visibility_control.h
[7.727s] -- Symlinking: /home/ubuntu/turtlebot3_ws/install/ros_tutorials_topic/include/ros_tutorials_topic/ros_tutorials_topic/msg/detail/msg_tutorial__builder.hpp
[7.823s] -- Symlinking: /home/ubuntu/turtlebot3_ws/install/ros_tutorials_topic/include/ros_tutorials_topic/ros_tutorials_topic/msg/detail/msg_tutorial__struct.hpp
[7.935s] -- Symlinking: /home/ubuntu/turtlebot3_ws/install/ros_tutorials_topic/include/ros_tutorials_topic/ros_tutorials_topic/msg/detail/msg_tutorial__traits.hpp
[8.075s] -- Symlinking: /home/ubuntu/turtlebot3_ws/install/ros_tutorials_topic/include/ros_tutorials_topic/ros_tutorials_topic/msg/detail/msg_tutorial__type_support.hpp
[8.174s] -- Symlinking: /home/ubuntu/turtlebot3_ws/install/ros_tutorials_topic/include/ros_tutorials_topic/ros_tutorials_topic/msg/msg_tutorial.hpp
[8.284s] -- Symlinking: /home/ubuntu/turtlebot3_ws/install/ros_tutorials_topic/include/ros_tutorials_topic/ros_tutorials_topic/msg/rosidl_generator_cpp__visibility_control.hpp
[8.383s] -- Symlinking: /home/ubuntu/turtlebot3_ws/install/ros_tutorials_topic/include/ros_tutorials_topic/ros_tutorials_topic/msg/detail/msg_tutorial__rosidl_typesupport_fastrtps_cpp.hpp
[8.496s] -- Symlinking: /home/ubuntu/turtlebot3_ws/install/ros_tutorials_topic/include/ros_tutorials_topic/ros_tutorials_topic/msg/rosidl_typesupport_fastrtps_cpp__visibility_control.h
[8.614s] -- Symlinking: /home/ubuntu/turtlebot3_ws/install/ros_tutorials_topic/include/ros_tutorials_topic/ros_tutorials_topic/msg/detail/msg_tutorial__rosidl_typesupport_introspection_c.h
[8.665s] -- Symlinking: /home/ubuntu/turtlebot3_ws/install/ros_tutorials_topic/include/ros_tutorials_topic/ros_tutorials_topic/msg/rosidl_typesupport_introspection_c__visibility_control.h
[8.718s] -- Symlinking: /home/ubuntu/turtlebot3_ws/install/ros_tutorials_topic/include/ros_tutorials_topic/ros_tutorials_topic/msg/detail/msg_tutorial__rosidl_typesupport_introspection_cpp.hpp
[8.825s] -- Symlinking: /home/ubuntu/turtlebot3_ws/install/ros_tutorials_topic/share/ros_tutorials_topic/environment/pythonpath.sh
[8.893s] -- Symlinking: /home/ubuntu/turtlebot3_ws/install/ros_tutorials_topic/share/ros_tutorials_topic/environment/pythonpath.dsv
[8.991s] -- Symlinking: /home/ubuntu/turtlebot3_ws/install/ros_tutorials_topic/local/lib/python3.10/dist-packages/ros_tutorials_topic-0.1.0-py3.10.egg-info/PKG-INFO
[9.100s] -- Symlinking: /home/ubuntu/turtlebot3_ws/install/ros_tutorials_topic/local/lib/python3.10/dist-packages/ros_tutorials_topic-0.1.0-py3.10.egg-info/SOURCES.txt
[9.148s] -- Symlinking: /home/ubuntu/turtlebot3_ws/install/ros_tutorials_topic/local/lib/python3.10/dist-packages/ros_tutorials_topic-0.1.0-py3.10.egg-info/dependency_links.txt
[9.200s] -- Symlinking: /home/ubuntu/turtlebot3_ws/install/ros_tutorials_topic/local/lib/python3.10/dist-packages/ros_tutorials_topic-0.1.0-py3.10.egg-info/top_level.txt
[9.322s] -- Symlinking: /home/ubuntu/turtlebot3_ws/install/ros_tutorials_topic/local/lib/python3.10/dist-packages/ros_tutorials_topic/__init__.py
[9.420s] -- Symlinking: /home/ubuntu/turtlebot3_ws/install/ros_tutorials_topic/local/lib/python3.10/dist-packages/ros_tutorials_topic/_ros_tutorials_topic_s.ep.rosidl_typesupport_c.c
[9.524s] -- Symlinking: /home/ubuntu/turtlebot3_ws/install/ros_tutorials_topic/local/lib/python3.10/dist-packages/ros_tutorials_topic/_ros_tutorials_topic_s.ep.rosidl_typesupport_fastrtps_c.c
[9.639s] -- Symlinking: /home/ubuntu/turtlebot3_ws/install/ros_tutorials_topic/local/lib/python3.10/dist-packages/ros_tutorials_topic/_ros_tutorials_topic_s.ep.rosidl_typesupport_introspection_c.c
[9.699s] -- Symlinking: /home/ubuntu/turtlebot3_ws/install/ros_tutorials_topic/local/lib/python3.10/dist-packages/ros_tutorials_topic/libros_tutorials_topic__rosidl_generator_py.so
[9.805s] -- Symlinking: /home/ubuntu/turtlebot3_ws/install/ros_tutorials_topic/local/lib/python3.10/dist-packages/ros_tutorials_topic/msg/__init__.py
[9.903s] -- Symlinking: /home/ubuntu/turtlebot3_ws/install/ros_tutorials_topic/local/lib/python3.10/dist-packages/ros_tutorials_topic/msg/_msg_tutorial.py
[10.004s] -- Symlinking: /home/ubuntu/turtlebot3_ws/install/ros_tutorials_topic/local/lib/python3.10/dist-packages/ros_tutorials_topic/msg/_msg_tutorial_s.c
[10.056s] -- Symlinking: /home/ubuntu/turtlebot3_ws/install/ros_tutorials_topic/local/lib/python3.10/dist-packages/ros_tutorials_topic/ros_tutorials_topic_s__rosidl_typesupport_c.cpython-310-aarch64-linux-gnu.so
[10.109s] -- Symlinking: /home/ubuntu/turtlebot3_ws/install/ros_tutorials_topic/local/lib/python3.10/dist-packages/ros_tutorials_topic/ros_tutorials_topic_s__rosidl_typesupport_fastrtps_c.cpython-310-aarch64-linux-gnu.so
[10.168s] -- Symlinking: /home/ubuntu/turtlebot3_ws/install/ros_tutorials_topic/local/lib/python3.10/dist-packages/ros_tutorials_topic/ros_tutorials_topic_s__rosidl_typesupport_introspection_c.cpython-310-aarch64-linux-gnu.so
[10.227s] -- Up-to-date symlink: /home/ubuntu/turtlebot3_ws/install/ros_tutorials_topic/local/lib/python3.10/dist-packages/ros_tutorials_topic/ros_tutorials_topic_s__rosidl_typesupport_fastrtps_c.cpython-310-aarch64-linux-gnu.so
[10.230s] -- Up-to-date symlink: /home/ubuntu/turtlebot3_ws/install/ros_tutorials_topic/local/lib/python3.10/dist-packages/ros_tutorials_topic/ros_tutorials_topic_s__rosidl_typesupport_introspection_c.cpython-310-aarch64-linux-gnu.so
[10.234s] -- Up-to-date symlink: /home/ubuntu/turtlebot3_ws/install/ros_tutorials_topic/local/lib/python3.10/dist-packages/ros_tutorials_topic/ros_tutorials_topic_s__rosidl_typesupport_c.cpython-310-aarch64-linux-gnu.so
[10.237s] -- Symlinking: /home/ubuntu/turtlebot3_ws/install/ros_tutorials_topic/share/ros_tutorials_topic/msg/MsgTutorial.idl
[10.298s] -- Symlinking: /home/ubuntu/turtlebot3_ws/install/ros_tutorials_topic/share/ros_tutorials_topic/msg/MsgTutorial.msg
[10.402s] -- Symlinking: /home/ubuntu/turtlebot3_ws/install/ros_tutorials_topic/lib/ros_tutorials_topic/topic_publisher
[10.471s] -- Symlinking: /home/ubuntu/turtlebot3_ws/install/ros_tutorials_topic/lib/ros_tutorials_topic/topic_subscriber
[10.594s] -- Symlinking: /home/ubuntu/turtlebot3_ws/install/ros_tutorials_topic/share/ament_index/resource_index/package_run_dependencies/ros_tutorials_topic
[10.681s] -- Symlinking: /home/ubuntu/turtlebot3_ws/install/ros_tutorials_topic/share/ament_index/resource_index/parent_prefix_path/ros_tutorials_topic
[10.789s] -- Symlinking: /home/ubuntu/turtlebot3_ws/install/ros_tutorials_topic/share/ros_tutorials_topic/environment/ament_prefix_path.sh
[10.905s] -- Symlinking: /home/ubuntu/turtlebot3_ws/install/ros_tutorials_topic/share/ros_tutorials_topic/environment/ament_prefix_path.dsv
[11.018s] -- Symlinking: /home/ubuntu/turtlebot3_ws/install/ros_tutorials_topic/share/ros_tutorials_topic/environment/path.sh
[11.099s] -- Symlinking: /home/ubuntu/turtlebot3_ws/install/ros_tutorials_topic/share/ros_tutorials_topic/environment/path.dsv
[11.150s] -- Symlinking: /home/ubuntu/turtlebot3_ws/install/ros_tutorials_topic/share/ros_tutorials_topic/local_setup.bash
[11.210s] -- Symlinking: /home/ubuntu/turtlebot3_ws/install/ros_tutorials_topic/share/ros_tutorials_topic/local_setup.sh
[11.324s] -- Symlinking: /home/ubuntu/turtlebot3_ws/install/ros_tutorials_topic/share/ros_tutorials_topic/local_setup.zsh
[11.442s] -- Symlinking: /home/ubuntu/turtlebot3_ws/install/ros_tutorials_topic/share/ros_tutorials_topic/local_setup.dsv
[11.528s] -- Symlinking: /home/ubuntu/turtlebot3_ws/install/ros_tutorials_topic/share/ros_tutorials_topic/package.dsv
[11.597s] -- Symlinking: /home/ubuntu/turtlebot3_ws/install/ros_tutorials_topic/share/ament_index/resource_index/packages/ros_tutorials_topic
[11.701s] -- Symlinking: /home/ubuntu/turtlebot3_ws/install/ros_tutorials_topic/share/ros_tutorials_topic/cmake/rosidl_cmake-extras.cmake
[11.775s] -- Symlinking: /home/ubuntu/turtlebot3_ws/install/ros_tutorials_topic/share/ros_tutorials_topic/cmake/ament_cmake_export_dependencies-extras.cmake
[11.844s] -- Symlinking: /home/ubuntu/turtlebot3_ws/install/ros_tutorials_topic/share/ros_tutorials_topic/cmake/ament_cmake_export_include_directories-extras.cmake
[11.916s] -- Symlinking: /home/ubuntu/turtlebot3_ws/install/ros_tutorials_topic/share/ros_tutorials_topic/cmake/ament_cmake_export_libraries-extras.cmake
[12.021s] -- Symlinking: /home/ubuntu/turtlebot3_ws/install/ros_tutorials_topic/share/ros_tutorials_topic/cmake/ament_cmake_export_targets-extras.cmake
[12.124s] -- Symlinking: /home/ubuntu/turtlebot3_ws/install/ros_tutorials_topic/share/ros_tutorials_topic/cmake/rosidl_cmake_export_typesupport_targets-extras.cmake
[12.241s] -- Symlinking: /home/ubuntu/turtlebot3_ws/install/ros_tutorials_topic/share/ros_tutorials_topic/cmake/rosidl_cmake_export_typesupport_libraries-extras.cmake
[12.375s] -- Symlinking: /home/ubuntu/turtlebot3_ws/install/ros_tutorials_topic/share/ros_tutorials_topic/cmake/ros_tutorials_topicConfig.cmake
[12.460s] -- Symlinking: /home/ubuntu/turtlebot3_ws/install/ros_tutorials_topic/share/ros_tutorials_topic/cmake/ros_tutorials_topicConfig-version.cmake
[12.616s] -- Symlinking: /home/ubuntu/turtlebot3_ws/install/ros_tutorials_topic/share/ros_tutorials_topic/package.xml
[12.732s] -- Installing: /home/ubuntu/turtlebot3_ws/install/ros_tutorials_topic/lib/libros_tutorials_topic__rosidl_generator_c.so
[12.736s] -- Set runtime path of "/home/ubuntu/turtlebot3_ws/install/ros_tutorials_topic/lib/libros_tutorials_topic__rosidl_generator_c.so" to ""
[12.738s] -- Installing: /home/ubuntu/turtlebot3_ws/install/ros_tutorials_topic/lib/libros_tutorials_topic__rosidl_typesupport_fastrtps_c.so
[12.742s] -- Set runtime path of "/home/ubuntu/turtlebot3_ws/install/ros_tutorials_topic/lib/libros_tutorials_topic__rosidl_typesupport_fastrtps_c.so" to ""
[12.744s] -- Installing: /home/ubuntu/turtlebot3_ws/install/ros_tutorials_topic/lib/libros_tutorials_topic__rosidl_typesupport_fastrtps_cpp.so
[12.749s] -- Set runtime path of "/home/ubuntu/turtlebot3_ws/install/ros_tutorials_topic/lib/libros_tutorials_topic__rosidl_typesupport_fastrtps_cpp.so" to ""
[12.759s] -- Installing: /home/ubuntu/turtlebot3_ws/install/ros_tutorials_topic/lib/libros_tutorials_topic__rosidl_typesupport_introspection_c.so
[12.763s] -- Set runtime path of "/home/ubuntu/turtlebot3_ws/install/ros_tutorials_topic/lib/libros_tutorials_topic__rosidl_typesupport_introspection_c.so" to ""
[12.768s] -- Installing: /home/ubuntu/turtlebot3_ws/install/ros_tutorials_topic/lib/libros_tutorials_topic__rosidl_typesupport_c.so
[12.780s] -- Set runtime path of "/home/ubuntu/turtlebot3_ws/install/ros_tutorials_topic/lib/libros_tutorials_topic__rosidl_typesupport_c.so" to ""
[12.782s] -- Installing: /home/ubuntu/turtlebot3_ws/install/ros_tutorials_topic/lib/libros_tutorials_topic__rosidl_typesupport_introspection_cpp.so
[12.794s] -- Set runtime path of "/home/ubuntu/turtlebot3_ws/install/ros_tutorials_topic/lib/libros_tutorials_topic__rosidl_typesupport_introspection_cpp.so" to ""
[12.796s] -- Installing: /home/ubuntu/turtlebot3_ws/install/ros_tutorials_topic/lib/libros_tutorials_topic__rosidl_typesupport_cpp.so
[12.800s] -- Set runtime path of "/home/ubuntu/turtlebot3_ws/install/ros_tutorials_topic/lib/libros_tutorials_topic__rosidl_typesupport_cpp.so" to ""
[13.519s] Listing '/home/ubuntu/turtlebot3_ws/install/ros_tutorials_topic/local/lib/python3.10/dist-packages/ros_tutorials_topic'...
[13.520s] Compiling '/home/ubuntu/turtlebot3_ws/install/ros_tutorials_topic/local/lib/python3.10/dist-packages/ros_tutorials_topic/__init__.py'...
[13.520s] Listing '/home/ubuntu/turtlebot3_ws/install/ros_tutorials_topic/local/lib/python3.10/dist-packages/ros_tutorials_topic/msg'...
[13.521s] Compiling '/home/ubuntu/turtlebot3_ws/install/ros_tutorials_topic/local/lib/python3.10/dist-packages/ros_tutorials_topic/msg/__init__.py'...
[13.521s] Compiling '/home/ubuntu/turtlebot3_ws/install/ros_tutorials_topic/local/lib/python3.10/dist-packages/ros_tutorials_topic/msg/_msg_tutorial.py'...
[13.560s] -- Installing: /home/ubuntu/turtlebot3_ws/install/ros_tutorials_topic/lib/libros_tutorials_topic__rosidl_generator_py.so
[13.564s] -- Set runtime path of "/home/ubuntu/turtlebot3_ws/install/ros_tutorials_topic/lib/libros_tutorials_topic__rosidl_generator_py.so" to ""
[13.566s] -- Installing: /home/ubuntu/turtlebot3_ws/install/ros_tutorials_topic/share/ros_tutorials_topic/cmake/export_ros_tutorials_topic__rosidl_generator_cExport.cmake
[13.570s] -- Installing: /home/ubuntu/turtlebot3_ws/install/ros_tutorials_topic/share/ros_tutorials_topic/cmake/export_ros_tutorials_topic__rosidl_generator_cExport-noconfig.cmake
[13.573s] -- Installing: /home/ubuntu/turtlebot3_ws/install/ros_tutorials_topic/share/ros_tutorials_topic/cmake/export_ros_tutorials_topic__rosidl_typesupport_fastrtps_cExport.cmake
[13.577s] -- Installing: /home/ubuntu/turtlebot3_ws/install/ros_tutorials_topic/share/ros_tutorials_topic/cmake/export_ros_tutorials_topic__rosidl_typesupport_fastrtps_cExport-noconfig.cmake
[13.580s] -- Installing: /home/ubuntu/turtlebot3_ws/install/ros_tutorials_topic/share/ros_tutorials_topic/cmake/export_ros_tutorials_topic__rosidl_generator_cppExport.cmake
[13.583s] -- Installing: /home/ubuntu/turtlebot3_ws/install/ros_tutorials_topic/share/ros_tutorials_topic/cmake/export_ros_tutorials_topic__rosidl_typesupport_fastrtps_cppExport.cmake
[13.586s] -- Installing: /home/ubuntu/turtlebot3_ws/install/ros_tutorials_topic/share/ros_tutorials_topic/cmake/export_ros_tutorials_topic__rosidl_typesupport_fastrtps_cppExport-noconfig.cmake
[13.589s] -- Installing: /home/ubuntu/turtlebot3_ws/install/ros_tutorials_topic/share/ros_tutorials_topic/cmake/ros_tutorials_topic__rosidl_typesupport_introspection_cExport.cmake
[13.592s] -- Installing: /home/ubuntu/turtlebot3_ws/install/ros_tutorials_topic/share/ros_tutorials_topic/cmake/ros_tutorials_topic__rosidl_typesupport_introspection_cExport-noconfig.cmake
[13.596s] -- Installing: /home/ubuntu/turtlebot3_ws/install/ros_tutorials_topic/share/ros_tutorials_topic/cmake/ros_tutorials_topic__rosidl_typesupport_cExport.cmake
[13.600s] -- Installing: /home/ubuntu/turtlebot3_ws/install/ros_tutorials_topic/share/ros_tutorials_topic/cmake/ros_tutorials_topic__rosidl_typesupport_cExport-noconfig.cmake
[13.604s] -- Installing: /home/ubuntu/turtlebot3_ws/install/ros_tutorials_topic/share/ros_tutorials_topic/cmake/ros_tutorials_topic__rosidl_typesupport_introspection_cppExport.cmake
[13.608s] -- Installing: /home/ubuntu/turtlebot3_ws/install/ros_tutorials_topic/share/ros_tutorials_topic/cmake/ros_tutorials_topic__rosidl_typesupport_introspection_cppExport-noconfig.cmake
[13.611s] -- Installing: /home/ubuntu/turtlebot3_ws/install/ros_tutorials_topic/share/ros_tutorials_topic/cmake/ros_tutorials_topic__rosidl_typesupport_cppExport.cmake
[13.614s] -- Installing: /home/ubuntu/turtlebot3_ws/install/ros_tutorials_topic/share/ros_tutorials_topic/cmake/ros_tutorials_topic__rosidl_typesupport_cppExport-noconfig.cmake
[13.617s] -- Installing: /home/ubuntu/turtlebot3_ws/install/ros_tutorials_topic/share/ros_tutorials_topic/cmake/export_ros_tutorials_topic__rosidl_generator_pyExport.cmake
[13.624s] -- Installing: /home/ubuntu/turtlebot3_ws/install/ros_tutorials_topic/share/ros_tutorials_topic/cmake/export_ros_tutorials_topic__rosidl_generator_pyExport-noconfig.cmake
[13.639s] Invoked command in '/home/ubuntu/turtlebot3_ws/build/ros_tutorials_topic' returned '0': CMAKE_PREFIX_PATH=/home/ubuntu/turtlebot3_ws/install/turtlebot3:/home/ubuntu/turtlebot3_ws/install/turtlebot3_simulations:/home/ubuntu/turtlebot3_ws/install/turtlebot3_fake_node:/home/ubuntu/turtlebot3_ws/install/turtlebot3_manipulation_gazebo:/home/ubuntu/turtlebot3_ws/install/turtlebot3_gazebo:/home/ubuntu/turtlebot3_ws/install/turtlebot3_example:/home/ubuntu/turtlebot3_ws/src/install/turtlebot3_teleop:/home/ubuntu/turtlebot3_ws/src/install/turtlebot3_example:/home/ubuntu/turtlebot3_ws/install/turtlebot3_teleop:/opt/ros/humble:/home/ubuntu/turtlebot3_ws/install/simple_navigation_goals:/home/ubuntu/turtlebot3_ws/install/ros_tutorials_topic:/home/ubuntu/turtlebot3_ws/install/rescue_orchestrator:/home/ubuntu/turtlebot3_ws/install/dynamixel_sdk_examples:/home/ubuntu/turtlebot3_ws/install/cpp_talker_listener:/home/ubuntu/turtlebot3_ws/src/install/uart_bridge_cpp:/home/ubuntu/turtlebot3_ws/src/install/turtlebot3:/home/ubuntu/turtlebot3_ws/src/install/turtlebot3_simulations:/home/ubuntu/turtlebot3_ws/src/install/turtlebot3_bringup:/home/ubuntu/turtlebot3_ws/src/install/turtlebot3_node:/home/ubuntu/turtlebot3_ws/src/install/turtlebot3_navigation2:/home/ubuntu/turtlebot3_ws/src/install/turtlebot3_fake_node:/home/ubuntu/turtlebot3_ws/src/install/turtlebot3_msgs:/home/ubuntu/turtlebot3_ws/src/install/turtlebot3_manipulation_gazebo:/home/ubuntu/turtlebot3_ws/src/install/turtlebot3_gazebo:/home/ubuntu/turtlebot3_ws/src/install/turtlebot3_description:/home/ubuntu/turtlebot3_ws/src/install/turtlebot3_cartographer:/home/ubuntu/turtlebot3_ws/src/install/simple_navigation_goals:/home/ubuntu/turtlebot3_ws/src/install/ros_tutorials_topic:/home/ubuntu/turtlebot3_ws/src/install/ros_goal_client:/home/ubuntu/turtlebot3_ws/src/install/rescue_orchestrator:/home/ubuntu/turtlebot3_ws/src/install/dynamixel_sdk_examples:/home/ubuntu/turtlebot3_ws/src/install/dynamixel_sdk_custom_interfaces:/home/ubuntu/turtlebot3_ws/src/install/dynamixel_sdk:/home/ubuntu/turtlebot3_ws/src/install/cpp_talker_listener:/home/ubuntu/ros2_ws/install/uart_bridge_cpp:/home/ubuntu/turtlebot3_ws/install/uart_bridge_cpp:/home/ubuntu/turtlebot3_ws/install/turtlebot3_bringup:/home/ubuntu/turtlebot3_ws/install/turtlebot3_node:/home/ubuntu/turtlebot3_ws/install/turtlebot3_navigation2:/home/ubuntu/turtlebot3_ws/install/turtlebot3_msgs:/home/ubuntu/turtlebot3_ws/install/turtlebot3_description:/home/ubuntu/turtlebot3_ws/install/turtlebot3_cartographer:/home/ubuntu/turtlebot3_ws/install/ros_goal_client:/home/ubuntu/turtlebot3_ws/install/dynamixel_sdk_custom_interfaces:/home/ubuntu/turtlebot3_ws/install/dynamixel_sdk /usr/bin/cmake --install /home/ubuntu/turtlebot3_ws/build/ros_tutorials_topic
