[35m[1mConsolidate compiler generated dependencies of target uart_bridge_ama1_node[0m
[35m[1mConsolidate compiler generated dependencies of target uart_bridge_node[0m
[ 50%] Built target uart_bridge_node
[100%] Built target uart_bridge_ama1_node
-- Install configuration: ""
-- Execute custom install script
-- Symlinking: /home/ubuntu/turtlebot3_ws/install/uart_bridge_cpp/lib/uart_bridge_cpp/uart_bridge_node
-- Symlinking: /home/ubuntu/turtlebot3_ws/install/uart_bridge_cpp/lib/uart_bridge_cpp/uart_bridge_ama1_node
-- Symlinking: /home/ubuntu/turtlebot3_ws/install/uart_bridge_cpp/share/uart_bridge_cpp/launch/multi_uart.launch.py
-- Symlinking: /home/ubuntu/turtlebot3_ws/install/uart_bridge_cpp/share/uart_bridge_cpp/launch/uart_bridge.launch.py
-- Symlinking: /home/ubuntu/turtlebot3_ws/install/uart_bridge_cpp/share/uart_bridge_cpp/launch/uart_bridge_ama1.launch.py
-- Symlinking: /home/ubuntu/turtlebot3_ws/install/uart_bridge_cpp/share/ament_index/resource_index/package_run_dependencies/uart_bridge_cpp
-- Symlinking: /home/ubuntu/turtlebot3_ws/install/uart_bridge_cpp/share/ament_index/resource_index/parent_prefix_path/uart_bridge_cpp
-- Symlinking: /home/ubuntu/turtlebot3_ws/install/uart_bridge_cpp/share/uart_bridge_cpp/environment/ament_prefix_path.sh
-- Symlinking: /home/ubuntu/turtlebot3_ws/install/uart_bridge_cpp/share/uart_bridge_cpp/environment/ament_prefix_path.dsv
-- Symlinking: /home/ubuntu/turtlebot3_ws/install/uart_bridge_cpp/share/uart_bridge_cpp/environment/path.sh
-- Symlinking: /home/ubuntu/turtlebot3_ws/install/uart_bridge_cpp/share/uart_bridge_cpp/environment/path.dsv
-- Symlinking: /home/ubuntu/turtlebot3_ws/install/uart_bridge_cpp/share/uart_bridge_cpp/local_setup.bash
-- Symlinking: /home/ubuntu/turtlebot3_ws/install/uart_bridge_cpp/share/uart_bridge_cpp/local_setup.sh
-- Symlinking: /home/ubuntu/turtlebot3_ws/install/uart_bridge_cpp/share/uart_bridge_cpp/local_setup.zsh
-- Symlinking: /home/ubuntu/turtlebot3_ws/install/uart_bridge_cpp/share/uart_bridge_cpp/local_setup.dsv
-- Symlinking: /home/ubuntu/turtlebot3_ws/install/uart_bridge_cpp/share/uart_bridge_cpp/package.dsv
-- Symlinking: /home/ubuntu/turtlebot3_ws/install/uart_bridge_cpp/share/ament_index/resource_index/packages/uart_bridge_cpp
-- Symlinking: /home/ubuntu/turtlebot3_ws/install/uart_bridge_cpp/share/uart_bridge_cpp/cmake/uart_bridge_cppConfig.cmake
-- Symlinking: /home/ubuntu/turtlebot3_ws/install/uart_bridge_cpp/share/uart_bridge_cpp/cmake/uart_bridge_cppConfig-version.cmake
-- Symlinking: /home/ubuntu/turtlebot3_ws/install/uart_bridge_cpp/share/uart_bridge_cpp/package.xml
