[0.106s] Invoking command in '/home/ubuntu/ros2_ws/build/turtlebot3_description': CMAKE_PREFIX_PATH=${CMAKE_PREFIX_PATH}:/home/ubuntu/turtlebot3_ws/install/turtlebot3_teleop:/opt/ros/humble /usr/bin/cmake /home/ubuntu/ros2_ws/src/turtlebot3/src/turtlebot3/turtlebot3_description -DAMENT_CMAKE_SYMLINK_INSTALL=1 -DCMAKE_INSTALL_PREFIX=/home/ubuntu/ros2_ws/install/turtlebot3_description
[0.496s] -- The C compiler identification is GNU 11.4.0
[0.899s] -- The CXX compiler identification is GNU 11.4.0
[0.960s] -- Detecting C compiler ABI info
[1.655s] -- Detecting C compiler ABI info - done
[1.693s] -- Check for working C compiler: /usr/bin/cc - skipped
[1.697s] -- Detecting C compile features
[1.700s] -- Detecting C compile features - done
[1.722s] -- Detecting CXX compiler ABI info
[2.356s] -- Detecting CXX compiler ABI info - done
[2.437s] -- Check for working CXX compiler: /usr/bin/c++ - skipped
[2.439s] -- Detecting CXX compile features
[2.439s] -- Detecting CXX compile features - done
[2.494s] -- Found ament_cmake: 1.3.12 (/opt/ros/humble/share/ament_cmake/cmake)
[3.883s] -- Found Python3: /usr/bin/python3 (found version "3.10.12") found components: Interpreter 
[4.396s] -- Override CMake install command with custom implementation using symlinks instead of copying resources
[5.048s] -- Found urdf: 2.6.1 (/opt/ros/humble/share/urdf/cmake)
[6.779s] -- Configuring done
[6.819s] -- Generating done
[6.864s] -- Build files have been written to: /home/ubuntu/ros2_ws/build/turtlebot3_description
[6.927s] Invoked command in '/home/ubuntu/ros2_ws/build/turtlebot3_description' returned '0': CMAKE_PREFIX_PATH=${CMAKE_PREFIX_PATH}:/home/ubuntu/turtlebot3_ws/install/turtlebot3_teleop:/opt/ros/humble /usr/bin/cmake /home/ubuntu/ros2_ws/src/turtlebot3/src/turtlebot3/turtlebot3_description -DAMENT_CMAKE_SYMLINK_INSTALL=1 -DCMAKE_INSTALL_PREFIX=/home/ubuntu/ros2_ws/install/turtlebot3_description
[6.929s] Invoking command in '/home/ubuntu/ros2_ws/build/turtlebot3_description': CMAKE_PREFIX_PATH=${CMAKE_PREFIX_PATH}:/home/ubuntu/turtlebot3_ws/install/turtlebot3_teleop:/opt/ros/humble /usr/bin/cmake --build /home/ubuntu/ros2_ws/build/turtlebot3_description -- -j4 -l4
[7.384s] Invoked command in '/home/ubuntu/ros2_ws/build/turtlebot3_description' returned '0': CMAKE_PREFIX_PATH=${CMAKE_PREFIX_PATH}:/home/ubuntu/turtlebot3_ws/install/turtlebot3_teleop:/opt/ros/humble /usr/bin/cmake --build /home/ubuntu/ros2_ws/build/turtlebot3_description -- -j4 -l4
[7.527s] Invoking command in '/home/ubuntu/ros2_ws/build/turtlebot3_description': CMAKE_PREFIX_PATH=${CMAKE_PREFIX_PATH}:/home/ubuntu/turtlebot3_ws/install/turtlebot3_teleop:/opt/ros/humble /usr/bin/cmake --install /home/ubuntu/ros2_ws/build/turtlebot3_description
[7.624s] -- Install configuration: ""
[7.628s] -- Execute custom install script
[7.649s] -- Symlinking: /home/ubuntu/ros2_ws/install/turtlebot3_description/share/turtlebot3_description/meshes/bases/burger_base.stl
[7.796s] -- Symlinking: /home/ubuntu/ros2_ws/install/turtlebot3_description/share/turtlebot3_description/meshes/bases/waffle_base.stl
[7.937s] -- Symlinking: /home/ubuntu/ros2_ws/install/turtlebot3_description/share/turtlebot3_description/meshes/bases/waffle_pi_base.stl
[8.062s] -- Symlinking: /home/ubuntu/ros2_ws/install/turtlebot3_description/share/turtlebot3_description/meshes/sensors/astra.dae
[8.183s] -- Symlinking: /home/ubuntu/ros2_ws/install/turtlebot3_description/share/turtlebot3_description/meshes/sensors/astra.jpg
[8.287s] -- Symlinking: /home/ubuntu/ros2_ws/install/turtlebot3_description/share/turtlebot3_description/meshes/sensors/lds.stl
[8.406s] -- Symlinking: /home/ubuntu/ros2_ws/install/turtlebot3_description/share/turtlebot3_description/meshes/sensors/r200.dae
[8.536s] -- Symlinking: /home/ubuntu/ros2_ws/install/turtlebot3_description/share/turtlebot3_description/meshes/sensors/r200.jpg
[8.646s] -- Symlinking: /home/ubuntu/ros2_ws/install/turtlebot3_description/share/turtlebot3_description/meshes/wheels/left_tire.stl
[8.742s] -- Symlinking: /home/ubuntu/ros2_ws/install/turtlebot3_description/share/turtlebot3_description/meshes/wheels/right_tire.stl
[8.879s] -- Symlinking: /home/ubuntu/ros2_ws/install/turtlebot3_description/share/turtlebot3_description/rviz/model.rviz
[9.008s] -- Symlinking: /home/ubuntu/ros2_ws/install/turtlebot3_description/share/turtlebot3_description/urdf/common_properties.urdf
[9.127s] -- Symlinking: /home/ubuntu/ros2_ws/install/turtlebot3_description/share/turtlebot3_description/urdf/turtlebot3_burger.urdf
[9.209s] -- Symlinking: /home/ubuntu/ros2_ws/install/turtlebot3_description/share/turtlebot3_description/urdf/turtlebot3_waffle.urdf
[9.306s] -- Symlinking: /home/ubuntu/ros2_ws/install/turtlebot3_description/share/turtlebot3_description/urdf/turtlebot3_waffle_pi.urdf
[9.361s] -- Symlinking: /home/ubuntu/ros2_ws/install/turtlebot3_description/share/ament_index/resource_index/package_run_dependencies/turtlebot3_description
[9.416s] -- Symlinking: /home/ubuntu/ros2_ws/install/turtlebot3_description/share/ament_index/resource_index/parent_prefix_path/turtlebot3_description
[9.474s] -- Symlinking: /home/ubuntu/ros2_ws/install/turtlebot3_description/share/turtlebot3_description/environment/ament_prefix_path.sh
[9.526s] -- Symlinking: /home/ubuntu/ros2_ws/install/turtlebot3_description/share/turtlebot3_description/environment/ament_prefix_path.dsv
[9.586s] -- Symlinking: /home/ubuntu/ros2_ws/install/turtlebot3_description/share/turtlebot3_description/environment/path.sh
[9.704s] -- Symlinking: /home/ubuntu/ros2_ws/install/turtlebot3_description/share/turtlebot3_description/environment/path.dsv
[9.818s] -- Symlinking: /home/ubuntu/ros2_ws/install/turtlebot3_description/share/turtlebot3_description/local_setup.bash
[9.934s] -- Symlinking: /home/ubuntu/ros2_ws/install/turtlebot3_description/share/turtlebot3_description/local_setup.sh
[10.067s] -- Symlinking: /home/ubuntu/ros2_ws/install/turtlebot3_description/share/turtlebot3_description/local_setup.zsh
[10.162s] -- Symlinking: /home/ubuntu/ros2_ws/install/turtlebot3_description/share/turtlebot3_description/local_setup.dsv
[10.250s] -- Symlinking: /home/ubuntu/ros2_ws/install/turtlebot3_description/share/turtlebot3_description/package.dsv
[10.362s] -- Symlinking: /home/ubuntu/ros2_ws/install/turtlebot3_description/share/ament_index/resource_index/packages/turtlebot3_description
[10.482s] -- Symlinking: /home/ubuntu/ros2_ws/install/turtlebot3_description/share/turtlebot3_description/cmake/turtlebot3_descriptionConfig.cmake
[10.551s] -- Symlinking: /home/ubuntu/ros2_ws/install/turtlebot3_description/share/turtlebot3_description/cmake/turtlebot3_descriptionConfig-version.cmake
[10.613s] -- Symlinking: /home/ubuntu/ros2_ws/install/turtlebot3_description/share/turtlebot3_description/package.xml
[10.680s] Invoked command in '/home/ubuntu/ros2_ws/build/turtlebot3_description' returned '0': CMAKE_PREFIX_PATH=${CMAKE_PREFIX_PATH}:/home/ubuntu/turtlebot3_ws/install/turtlebot3_teleop:/opt/ros/humble /usr/bin/cmake --install /home/ubuntu/ros2_ws/build/turtlebot3_description
